Start testing: Nov 21 15:09 +07
----------------------------------------------------------
1/134 Testing: MyArrTest.Branch_CapacityAndShrink
1/134 Test: MyArrTest.Branch_CapacityAndShrink
Command: "/home/alex/labs3/build/arr_test" "--gtest_filter=MyArrTest.Branch_CapacityAndShrink" "--gtest_also_run_disabled_tests"
Directory: /home/alex/labs3/build
"MyArrTest.Branch_CapacityAndShrink" start time: Nov 21 15:09 +07
Output:
----------------------------------------------------------
Running main() from /home/alex/labs3/build/_deps/googletest-src/googletest/src/gtest_main.cc
Note: Google Test filter = MyArrTest.Branch_CapacityAndShrink
[==========] Running 1 test from 1 test suite.
[----------] Global test environment set-up.
[----------] 1 test from MyArrTest
[ RUN      ] MyArrTest.Branch_CapacityAndShrink
[       OK ] MyArrTest.Branch_CapacityAndShrink (0 ms)
[----------] 1 test from MyArrTest (0 ms total)

[----------] Global test environment tear-down
[==========] 1 test from 1 test suite ran. (0 ms total)
[  PASSED  ] 1 test.
<end of output>
Test time =   0.01 sec
----------------------------------------------------------
Test Passed.
"MyArrTest.Branch_CapacityAndShrink" end time: Nov 21 15:09 +07
"MyArrTest.Branch_CapacityAndShrink" time elapsed: 00:00:00
----------------------------------------------------------

2/134 Testing: MyArrTest.Branch_EdgeCases
2/134 Test: MyArrTest.Branch_EdgeCases
Command: "/home/alex/labs3/build/arr_test" "--gtest_filter=MyArrTest.Branch_EdgeCases" "--gtest_also_run_disabled_tests"
Directory: /home/alex/labs3/build
"MyArrTest.Branch_EdgeCases" start time: Nov 21 15:09 +07
Output:
----------------------------------------------------------
Running main() from /home/alex/labs3/build/_deps/googletest-src/googletest/src/gtest_main.cc
Note: Google Test filter = MyArrTest.Branch_EdgeCases
[==========] Running 1 test from 1 test suite.
[----------] Global test environment set-up.
[----------] 1 test from MyArrTest
[ RUN      ] MyArrTest.Branch_EdgeCases
[       OK ] MyArrTest.Branch_EdgeCases (0 ms)
[----------] 1 test from MyArrTest (0 ms total)

[----------] Global test environment tear-down
[==========] 1 test from 1 test suite ran. (0 ms total)
[  PASSED  ] 1 test.
<end of output>
Test time =   0.01 sec
----------------------------------------------------------
Test Passed.
"MyArrTest.Branch_EdgeCases" end time: Nov 21 15:09 +07
"MyArrTest.Branch_EdgeCases" time elapsed: 00:00:00
----------------------------------------------------------

3/134 Testing: MyArrTest.FullCoverage
3/134 Test: MyArrTest.FullCoverage
Command: "/home/alex/labs3/build/arr_test" "--gtest_filter=MyArrTest.FullCoverage" "--gtest_also_run_disabled_tests"
Directory: /home/alex/labs3/build
"MyArrTest.FullCoverage" start time: Nov 21 15:09 +07
Output:
----------------------------------------------------------
Running main() from /home/alex/labs3/build/_deps/googletest-src/googletest/src/gtest_main.cc
Note: Google Test filter = MyArrTest.FullCoverage
[==========] Running 1 test from 1 test suite.
[----------] Global test environment set-up.
[----------] 1 test from MyArrTest
[ RUN      ] MyArrTest.FullCoverage
[       OK ] MyArrTest.FullCoverage (0 ms)
[----------] 1 test from MyArrTest (0 ms total)

[----------] Global test environment tear-down
[==========] 1 test from 1 test suite ran. (0 ms total)
[  PASSED  ] 1 test.
<end of output>
Test time =   0.01 sec
----------------------------------------------------------
Test Passed.
"MyArrTest.FullCoverage" end time: Nov 21 15:09 +07
"MyArrTest.FullCoverage" time elapsed: 00:00:00
----------------------------------------------------------

4/134 Testing: MyArrTest.SaveAndLoadFile
4/134 Test: MyArrTest.SaveAndLoadFile
Command: "/home/alex/labs3/build/arr_test" "--gtest_filter=MyArrTest.SaveAndLoadFile" "--gtest_also_run_disabled_tests"
Directory: /home/alex/labs3/build
"MyArrTest.SaveAndLoadFile" start time: Nov 21 15:09 +07
Output:
----------------------------------------------------------
Running main() from /home/alex/labs3/build/_deps/googletest-src/googletest/src/gtest_main.cc
Note: Google Test filter = MyArrTest.SaveAndLoadFile
[==========] Running 1 test from 1 test suite.
[----------] Global test environment set-up.
[----------] 1 test from MyArrTest
[ RUN      ] MyArrTest.SaveAndLoadFile
[       OK ] MyArrTest.SaveAndLoadFile (0 ms)
[----------] 1 test from MyArrTest (0 ms total)

[----------] Global test environment tear-down
[==========] 1 test from 1 test suite ran. (0 ms total)
[  PASSED  ] 1 test.
<end of output>
Test time =   0.01 sec
----------------------------------------------------------
Test Passed.
"MyArrTest.SaveAndLoadFile" end time: Nov 21 15:09 +07
"MyArrTest.SaveAndLoadFile" time elapsed: 00:00:00
----------------------------------------------------------

5/134 Testing: SerializeTest.FailSafe
5/134 Test: SerializeTest.FailSafe
Command: "/home/alex/labs3/build/arr_test" "--gtest_filter=SerializeTest.FailSafe" "--gtest_also_run_disabled_tests"
Directory: /home/alex/labs3/build
"SerializeTest.FailSafe" start time: Nov 21 15:09 +07
Output:
----------------------------------------------------------
Running main() from /home/alex/labs3/build/_deps/googletest-src/googletest/src/gtest_main.cc
Note: Google Test filter = SerializeTest.FailSafe
[==========] Running 1 test from 1 test suite.
[----------] Global test environment set-up.
[----------] 1 test from SerializeTest
[ RUN      ] SerializeTest.FailSafe
[       OK ] SerializeTest.FailSafe (0 ms)
[----------] 1 test from SerializeTest (0 ms total)

[----------] Global test environment tear-down
[==========] 1 test from 1 test suite ran. (0 ms total)
[  PASSED  ] 1 test.
<end of output>
Test time =   0.01 sec
----------------------------------------------------------
Test Passed.
"SerializeTest.FailSafe" end time: Nov 21 15:09 +07
"SerializeTest.FailSafe" time elapsed: 00:00:00
----------------------------------------------------------

6/134 Testing: TreeTest.EmptySearchPrintRemove
6/134 Test: TreeTest.EmptySearchPrintRemove
Command: "/home/alex/labs3/build/compl_test" "--gtest_filter=TreeTest.EmptySearchPrintRemove" "--gtest_also_run_disabled_tests"
Directory: /home/alex/labs3/build
"TreeTest.EmptySearchPrintRemove" start time: Nov 21 15:09 +07
Output:
----------------------------------------------------------
Running main() from /home/alex/labs3/build/_deps/googletest-src/googletest/src/gtest_main.cc
Note: Google Test filter = TreeTest.EmptySearchPrintRemove
[==========] Running 1 test from 1 test suite.
[----------] Global test environment set-up.
[----------] 1 test from TreeTest
[ RUN      ] TreeTest.EmptySearchPrintRemove
Нельзя удалить из пустого дерева.
Дерево пустое.
[       OK ] TreeTest.EmptySearchPrintRemove (0 ms)
[----------] 1 test from TreeTest (0 ms total)

[----------] Global test environment tear-down
[==========] 1 test from 1 test suite ran. (0 ms total)
[  PASSED  ] 1 test.
<end of output>
Test time =   0.01 sec
----------------------------------------------------------
Test Passed.
"TreeTest.EmptySearchPrintRemove" end time: Nov 21 15:09 +07
"TreeTest.EmptySearchPrintRemove" time elapsed: 00:00:00
----------------------------------------------------------

7/134 Testing: TreeTest.InsertRootAndDuplicate
7/134 Test: TreeTest.InsertRootAndDuplicate
Command: "/home/alex/labs3/build/compl_test" "--gtest_filter=TreeTest.InsertRootAndDuplicate" "--gtest_also_run_disabled_tests"
Directory: /home/alex/labs3/build
"TreeTest.InsertRootAndDuplicate" start time: Nov 21 15:09 +07
Output:
----------------------------------------------------------
Running main() from /home/alex/labs3/build/_deps/googletest-src/googletest/src/gtest_main.cc
Note: Google Test filter = TreeTest.InsertRootAndDuplicate
[==========] Running 1 test from 1 test suite.
[----------] Global test environment set-up.
[----------] 1 test from TreeTest
[ RUN      ] TreeTest.InsertRootAndDuplicate
[       OK ] TreeTest.InsertRootAndDuplicate (0 ms)
[----------] 1 test from TreeTest (0 ms total)

[----------] Global test environment tear-down
[==========] 1 test from 1 test suite ran. (0 ms total)
[  PASSED  ] 1 test.
<end of output>
Test time =   0.01 sec
----------------------------------------------------------
Test Passed.
"TreeTest.InsertRootAndDuplicate" end time: Nov 21 15:09 +07
"TreeTest.InsertRootAndDuplicate" time elapsed: 00:00:00
----------------------------------------------------------

8/134 Testing: TreeTest.InsertLeftRightSearch
8/134 Test: TreeTest.InsertLeftRightSearch
Command: "/home/alex/labs3/build/compl_test" "--gtest_filter=TreeTest.InsertLeftRightSearch" "--gtest_also_run_disabled_tests"
Directory: /home/alex/labs3/build
"TreeTest.InsertLeftRightSearch" start time: Nov 21 15:09 +07
Output:
----------------------------------------------------------
Running main() from /home/alex/labs3/build/_deps/googletest-src/googletest/src/gtest_main.cc
Note: Google Test filter = TreeTest.InsertLeftRightSearch
[==========] Running 1 test from 1 test suite.
[----------] Global test environment set-up.
[----------] 1 test from TreeTest
[ RUN      ] TreeTest.InsertLeftRightSearch
[       OK ] TreeTest.InsertLeftRightSearch (0 ms)
[----------] 1 test from TreeTest (0 ms total)

[----------] Global test environment tear-down
[==========] 1 test from 1 test suite ran. (0 ms total)
[  PASSED  ] 1 test.
<end of output>
Test time =   0.01 sec
----------------------------------------------------------
Test Passed.
"TreeTest.InsertLeftRightSearch" end time: Nov 21 15:09 +07
"TreeTest.InsertLeftRightSearch" time elapsed: 00:00:00
----------------------------------------------------------

9/134 Testing: TreeTest.DeleteLeaf
9/134 Test: TreeTest.DeleteLeaf
Command: "/home/alex/labs3/build/compl_test" "--gtest_filter=TreeTest.DeleteLeaf" "--gtest_also_run_disabled_tests"
Directory: /home/alex/labs3/build
"TreeTest.DeleteLeaf" start time: Nov 21 15:09 +07
Output:
----------------------------------------------------------
Running main() from /home/alex/labs3/build/_deps/googletest-src/googletest/src/gtest_main.cc
Note: Google Test filter = TreeTest.DeleteLeaf
[==========] Running 1 test from 1 test suite.
[----------] Global test environment set-up.
[----------] 1 test from TreeTest
[ RUN      ] TreeTest.DeleteLeaf
Элемент 5 удален.
[       OK ] TreeTest.DeleteLeaf (0 ms)
[----------] 1 test from TreeTest (0 ms total)

[----------] Global test environment tear-down
[==========] 1 test from 1 test suite ran. (0 ms total)
[  PASSED  ] 1 test.
<end of output>
Test time =   0.01 sec
----------------------------------------------------------
Test Passed.
"TreeTest.DeleteLeaf" end time: Nov 21 15:09 +07
"TreeTest.DeleteLeaf" time elapsed: 00:00:00
----------------------------------------------------------

10/134 Testing: TreeTest.DeleteNodeOneChild_LeftOnly
10/134 Test: TreeTest.DeleteNodeOneChild_LeftOnly
Command: "/home/alex/labs3/build/compl_test" "--gtest_filter=TreeTest.DeleteNodeOneChild_LeftOnly" "--gtest_also_run_disabled_tests"
Directory: /home/alex/labs3/build
"TreeTest.DeleteNodeOneChild_LeftOnly" start time: Nov 21 15:09 +07
Output:
----------------------------------------------------------
Running main() from /home/alex/labs3/build/_deps/googletest-src/googletest/src/gtest_main.cc
Note: Google Test filter = TreeTest.DeleteNodeOneChild_LeftOnly
[==========] Running 1 test from 1 test suite.
[----------] Global test environment set-up.
[----------] 1 test from TreeTest
[ RUN      ] TreeTest.DeleteNodeOneChild_LeftOnly
Элемент 5 удален.
[       OK ] TreeTest.DeleteNodeOneChild_LeftOnly (0 ms)
[----------] 1 test from TreeTest (0 ms total)

[----------] Global test environment tear-down
[==========] 1 test from 1 test suite ran. (0 ms total)
[  PASSED  ] 1 test.
<end of output>
Test time =   0.00 sec
----------------------------------------------------------
Test Passed.
"TreeTest.DeleteNodeOneChild_LeftOnly" end time: Nov 21 15:09 +07
"TreeTest.DeleteNodeOneChild_LeftOnly" time elapsed: 00:00:00
----------------------------------------------------------

11/134 Testing: TreeTest.DeleteNodeOneChild_RightOnly
11/134 Test: TreeTest.DeleteNodeOneChild_RightOnly
Command: "/home/alex/labs3/build/compl_test" "--gtest_filter=TreeTest.DeleteNodeOneChild_RightOnly" "--gtest_also_run_disabled_tests"
Directory: /home/alex/labs3/build
"TreeTest.DeleteNodeOneChild_RightOnly" start time: Nov 21 15:09 +07
Output:
----------------------------------------------------------
Running main() from /home/alex/labs3/build/_deps/googletest-src/googletest/src/gtest_main.cc
Note: Google Test filter = TreeTest.DeleteNodeOneChild_RightOnly
[==========] Running 1 test from 1 test suite.
[----------] Global test environment set-up.
[----------] 1 test from TreeTest
[ RUN      ] TreeTest.DeleteNodeOneChild_RightOnly
Элемент 5 удален.
[       OK ] TreeTest.DeleteNodeOneChild_RightOnly (0 ms)
[----------] 1 test from TreeTest (0 ms total)

[----------] Global test environment tear-down
[==========] 1 test from 1 test suite ran. (0 ms total)
[  PASSED  ] 1 test.
<end of output>
Test time =   0.01 sec
----------------------------------------------------------
Test Passed.
"TreeTest.DeleteNodeOneChild_RightOnly" end time: Nov 21 15:09 +07
"TreeTest.DeleteNodeOneChild_RightOnly" time elapsed: 00:00:00
----------------------------------------------------------

12/134 Testing: TreeTest.DeleteNodeTwoChildren
12/134 Test: TreeTest.DeleteNodeTwoChildren
Command: "/home/alex/labs3/build/compl_test" "--gtest_filter=TreeTest.DeleteNodeTwoChildren" "--gtest_also_run_disabled_tests"
Directory: /home/alex/labs3/build
"TreeTest.DeleteNodeTwoChildren" start time: Nov 21 15:09 +07
Output:
----------------------------------------------------------
Running main() from /home/alex/labs3/build/_deps/googletest-src/googletest/src/gtest_main.cc
Note: Google Test filter = TreeTest.DeleteNodeTwoChildren
[==========] Running 1 test from 1 test suite.
[----------] Global test environment set-up.
[----------] 1 test from TreeTest
[ RUN      ] TreeTest.DeleteNodeTwoChildren
Элемент 10 удален.
[       OK ] TreeTest.DeleteNodeTwoChildren (0 ms)
[----------] 1 test from TreeTest (0 ms total)

[----------] Global test environment tear-down
[==========] 1 test from 1 test suite ran. (0 ms total)
[  PASSED  ] 1 test.
<end of output>
Test time =   0.01 sec
----------------------------------------------------------
Test Passed.
"TreeTest.DeleteNodeTwoChildren" end time: Nov 21 15:09 +07
"TreeTest.DeleteNodeTwoChildren" time elapsed: 00:00:00
----------------------------------------------------------

13/134 Testing: TreeTest.RemoveMissing
13/134 Test: TreeTest.RemoveMissing
Command: "/home/alex/labs3/build/compl_test" "--gtest_filter=TreeTest.RemoveMissing" "--gtest_also_run_disabled_tests"
Directory: /home/alex/labs3/build
"TreeTest.RemoveMissing" start time: Nov 21 15:09 +07
Output:
----------------------------------------------------------
Running main() from /home/alex/labs3/build/_deps/googletest-src/googletest/src/gtest_main.cc
Note: Google Test filter = TreeTest.RemoveMissing
[==========] Running 1 test from 1 test suite.
[----------] Global test environment set-up.
[----------] 1 test from TreeTest
[ RUN      ] TreeTest.RemoveMissing
Элемент 99 не найден.
[       OK ] TreeTest.RemoveMissing (0 ms)
[----------] 1 test from TreeTest (0 ms total)

[----------] Global test environment tear-down
[==========] 1 test from 1 test suite ran. (0 ms total)
[  PASSED  ] 1 test.
<end of output>
Test time =   0.01 sec
----------------------------------------------------------
Test Passed.
"TreeTest.RemoveMissing" end time: Nov 21 15:09 +07
"TreeTest.RemoveMissing" time elapsed: 00:00:00
----------------------------------------------------------

14/134 Testing: TreeTest.ClearTree
14/134 Test: TreeTest.ClearTree
Command: "/home/alex/labs3/build/compl_test" "--gtest_filter=TreeTest.ClearTree" "--gtest_also_run_disabled_tests"
Directory: /home/alex/labs3/build
"TreeTest.ClearTree" start time: Nov 21 15:09 +07
Output:
----------------------------------------------------------
Running main() from /home/alex/labs3/build/_deps/googletest-src/googletest/src/gtest_main.cc
Note: Google Test filter = TreeTest.ClearTree
[==========] Running 1 test from 1 test suite.
[----------] Global test environment set-up.
[----------] 1 test from TreeTest
[ RUN      ] TreeTest.ClearTree
[       OK ] TreeTest.ClearTree (0 ms)
[----------] 1 test from TreeTest (0 ms total)

[----------] Global test environment tear-down
[==========] 1 test from 1 test suite ran. (0 ms total)
[  PASSED  ] 1 test.
<end of output>
Test time =   0.01 sec
----------------------------------------------------------
Test Passed.
"TreeTest.ClearTree" end time: Nov 21 15:09 +07
"TreeTest.ClearTree" time elapsed: 00:00:00
----------------------------------------------------------

15/134 Testing: TreeTest.PrintNonEmpty
15/134 Test: TreeTest.PrintNonEmpty
Command: "/home/alex/labs3/build/compl_test" "--gtest_filter=TreeTest.PrintNonEmpty" "--gtest_also_run_disabled_tests"
Directory: /home/alex/labs3/build
"TreeTest.PrintNonEmpty" start time: Nov 21 15:09 +07
Output:
----------------------------------------------------------
Running main() from /home/alex/labs3/build/_deps/googletest-src/googletest/src/gtest_main.cc
Note: Google Test filter = TreeTest.PrintNonEmpty
[==========] Running 1 test from 1 test suite.
[----------] Global test environment set-up.
[----------] 1 test from TreeTest
[ RUN      ] TreeTest.PrintNonEmpty
------------------------------------------
Дерево (размер: 2):
10
└──5
------------------------------------------
[       OK ] TreeTest.PrintNonEmpty (0 ms)
[----------] 1 test from TreeTest (0 ms total)

[----------] Global test environment tear-down
[==========] 1 test from 1 test suite ran. (0 ms total)
[  PASSED  ] 1 test.
<end of output>
Test time =   0.01 sec
----------------------------------------------------------
Test Passed.
"TreeTest.PrintNonEmpty" end time: Nov 21 15:09 +07
"TreeTest.PrintNonEmpty" time elapsed: 00:00:00
----------------------------------------------------------

16/134 Testing: TreeTest.SaveLoadTextFile
16/134 Test: TreeTest.SaveLoadTextFile
Command: "/home/alex/labs3/build/compl_test" "--gtest_filter=TreeTest.SaveLoadTextFile" "--gtest_also_run_disabled_tests"
Directory: /home/alex/labs3/build
"TreeTest.SaveLoadTextFile" start time: Nov 21 15:09 +07
Output:
----------------------------------------------------------
Running main() from /home/alex/labs3/build/_deps/googletest-src/googletest/src/gtest_main.cc
Note: Google Test filter = TreeTest.SaveLoadTextFile
[==========] Running 1 test from 1 test suite.
[----------] Global test environment set-up.
[----------] 1 test from TreeTest
[ RUN      ] TreeTest.SaveLoadTextFile
[       OK ] TreeTest.SaveLoadTextFile (0 ms)
[----------] 1 test from TreeTest (0 ms total)

[----------] Global test environment tear-down
[==========] 1 test from 1 test suite ran. (0 ms total)
[  PASSED  ] 1 test.
<end of output>
Test time =   0.01 sec
----------------------------------------------------------
Test Passed.
"TreeTest.SaveLoadTextFile" end time: Nov 21 15:09 +07
"TreeTest.SaveLoadTextFile" time elapsed: 00:00:00
----------------------------------------------------------

17/134 Testing: TreeTest.SaveLoadBinaryFile
17/134 Test: TreeTest.SaveLoadBinaryFile
Command: "/home/alex/labs3/build/compl_test" "--gtest_filter=TreeTest.SaveLoadBinaryFile" "--gtest_also_run_disabled_tests"
Directory: /home/alex/labs3/build
"TreeTest.SaveLoadBinaryFile" start time: Nov 21 15:09 +07
Output:
----------------------------------------------------------
Running main() from /home/alex/labs3/build/_deps/googletest-src/googletest/src/gtest_main.cc
Note: Google Test filter = TreeTest.SaveLoadBinaryFile
[==========] Running 1 test from 1 test suite.
[----------] Global test environment set-up.
[----------] 1 test from TreeTest
[ RUN      ] TreeTest.SaveLoadBinaryFile
[       OK ] TreeTest.SaveLoadBinaryFile (0 ms)
[----------] 1 test from TreeTest (0 ms total)

[----------] Global test environment tear-down
[==========] 1 test from 1 test suite ran. (0 ms total)
[  PASSED  ] 1 test.
<end of output>
Test time =   0.01 sec
----------------------------------------------------------
Test Passed.
"TreeTest.SaveLoadBinaryFile" end time: Nov 21 15:09 +07
"TreeTest.SaveLoadBinaryFile" time elapsed: 00:00:00
----------------------------------------------------------

18/134 Testing: TreeTest.LoadFromEmptyFiles
18/134 Test: TreeTest.LoadFromEmptyFiles
Command: "/home/alex/labs3/build/compl_test" "--gtest_filter=TreeTest.LoadFromEmptyFiles" "--gtest_also_run_disabled_tests"
Directory: /home/alex/labs3/build
"TreeTest.LoadFromEmptyFiles" start time: Nov 21 15:09 +07
Output:
----------------------------------------------------------
Running main() from /home/alex/labs3/build/_deps/googletest-src/googletest/src/gtest_main.cc
Note: Google Test filter = TreeTest.LoadFromEmptyFiles
[==========] Running 1 test from 1 test suite.
[----------] Global test environment set-up.
[----------] 1 test from TreeTest
[ RUN      ] TreeTest.LoadFromEmptyFiles
[       OK ] TreeTest.LoadFromEmptyFiles (0 ms)
[----------] 1 test from TreeTest (0 ms total)

[----------] Global test environment tear-down
[==========] 1 test from 1 test suite ran. (0 ms total)
[  PASSED  ] 1 test.
<end of output>
Test time =   0.01 sec
----------------------------------------------------------
Test Passed.
"TreeTest.LoadFromEmptyFiles" end time: Nov 21 15:09 +07
"TreeTest.LoadFromEmptyFiles" time elapsed: 00:00:00
----------------------------------------------------------

19/134 Testing: DListTest.Branch_AllCases
19/134 Test: DListTest.Branch_AllCases
Command: "/home/alex/labs3/build/dlist_test" "--gtest_filter=DListTest.Branch_AllCases" "--gtest_also_run_disabled_tests"
Directory: /home/alex/labs3/build
"DListTest.Branch_AllCases" start time: Nov 21 15:09 +07
Output:
----------------------------------------------------------
Running main() from /home/alex/labs3/build/_deps/googletest-src/googletest/src/gtest_main.cc
Note: Google Test filter = DListTest.Branch_AllCases
[==========] Running 1 test from 1 test suite.
[----------] Global test environment set-up.
[----------] 1 test from DListTest
[ RUN      ] DListTest.Branch_AllCases
[       OK ] DListTest.Branch_AllCases (0 ms)
[----------] 1 test from DListTest (0 ms total)

[----------] Global test environment tear-down
[==========] 1 test from 1 test suite ran. (0 ms total)
[  PASSED  ] 1 test.
<end of output>
Test time =   0.01 sec
----------------------------------------------------------
Test Passed.
"DListTest.Branch_AllCases" end time: Nov 21 15:09 +07
"DListTest.Branch_AllCases" time elapsed: 00:00:00
----------------------------------------------------------

20/134 Testing: DListTest.BranchBooster_Conditions
20/134 Test: DListTest.BranchBooster_Conditions
Command: "/home/alex/labs3/build/dlist_test" "--gtest_filter=DListTest.BranchBooster_Conditions" "--gtest_also_run_disabled_tests"
Directory: /home/alex/labs3/build
"DListTest.BranchBooster_Conditions" start time: Nov 21 15:09 +07
Output:
----------------------------------------------------------
Running main() from /home/alex/labs3/build/_deps/googletest-src/googletest/src/gtest_main.cc
Note: Google Test filter = DListTest.BranchBooster_Conditions
[==========] Running 1 test from 1 test suite.
[----------] Global test environment set-up.
[----------] 1 test from DListTest
[ RUN      ] DListTest.BranchBooster_Conditions
[       OK ] DListTest.BranchBooster_Conditions (0 ms)
[----------] 1 test from DListTest (0 ms total)

[----------] Global test environment tear-down
[==========] 1 test from 1 test suite ran. (0 ms total)
[  PASSED  ] 1 test.
<end of output>
Test time =   0.01 sec
----------------------------------------------------------
Test Passed.
"DListTest.BranchBooster_Conditions" end time: Nov 21 15:09 +07
"DListTest.BranchBooster_Conditions" time elapsed: 00:00:00
----------------------------------------------------------

21/134 Testing: DListTest.Branch_InsertSpecifics
21/134 Test: DListTest.Branch_InsertSpecifics
Command: "/home/alex/labs3/build/dlist_test" "--gtest_filter=DListTest.Branch_InsertSpecifics" "--gtest_also_run_disabled_tests"
Directory: /home/alex/labs3/build
"DListTest.Branch_InsertSpecifics" start time: Nov 21 15:09 +07
Output:
----------------------------------------------------------
Running main() from /home/alex/labs3/build/_deps/googletest-src/googletest/src/gtest_main.cc
Note: Google Test filter = DListTest.Branch_InsertSpecifics
[==========] Running 1 test from 1 test suite.
[----------] Global test environment set-up.
[----------] 1 test from DListTest
[ RUN      ] DListTest.Branch_InsertSpecifics
[       OK ] DListTest.Branch_InsertSpecifics (0 ms)
[----------] 1 test from DListTest (0 ms total)

[----------] Global test environment tear-down
[==========] 1 test from 1 test suite ran. (0 ms total)
[  PASSED  ] 1 test.
<end of output>
Test time =   0.00 sec
----------------------------------------------------------
Test Passed.
"DListTest.Branch_InsertSpecifics" end time: Nov 21 15:09 +07
"DListTest.Branch_InsertSpecifics" time elapsed: 00:00:00
----------------------------------------------------------

22/134 Testing: DListTest.Branch_Killer
22/134 Test: DListTest.Branch_Killer
Command: "/home/alex/labs3/build/dlist_test" "--gtest_filter=DListTest.Branch_Killer" "--gtest_also_run_disabled_tests"
Directory: /home/alex/labs3/build
"DListTest.Branch_Killer" start time: Nov 21 15:09 +07
Output:
----------------------------------------------------------
Running main() from /home/alex/labs3/build/_deps/googletest-src/googletest/src/gtest_main.cc
Note: Google Test filter = DListTest.Branch_Killer
[==========] Running 1 test from 1 test suite.
[----------] Global test environment set-up.
[----------] 1 test from DListTest
[ RUN      ] DListTest.Branch_Killer
Список пуст
Список пуст
[       OK ] DListTest.Branch_Killer (0 ms)
[----------] 1 test from DListTest (0 ms total)

[----------] Global test environment tear-down
[==========] 1 test from 1 test suite ran. (0 ms total)
[  PASSED  ] 1 test.
<end of output>
Test time =   0.00 sec
----------------------------------------------------------
Test Passed.
"DListTest.Branch_Killer" end time: Nov 21 15:09 +07
"DListTest.Branch_Killer" time elapsed: 00:00:00
----------------------------------------------------------

23/134 Testing: DListTest.SaveAndLoadFile
23/134 Test: DListTest.SaveAndLoadFile
Command: "/home/alex/labs3/build/dlist_test" "--gtest_filter=DListTest.SaveAndLoadFile" "--gtest_also_run_disabled_tests"
Directory: /home/alex/labs3/build
"DListTest.SaveAndLoadFile" start time: Nov 21 15:09 +07
Output:
----------------------------------------------------------
Running main() from /home/alex/labs3/build/_deps/googletest-src/googletest/src/gtest_main.cc
Note: Google Test filter = DListTest.SaveAndLoadFile
[==========] Running 1 test from 1 test suite.
[----------] Global test environment set-up.
[----------] 1 test from DListTest
[ RUN      ] DListTest.SaveAndLoadFile
[       OK ] DListTest.SaveAndLoadFile (0 ms)
[----------] 1 test from DListTest (0 ms total)

[----------] Global test environment tear-down
[==========] 1 test from 1 test suite ran. (0 ms total)
[  PASSED  ] 1 test.
<end of output>
Test time =   0.01 sec
----------------------------------------------------------
Test Passed.
"DListTest.SaveAndLoadFile" end time: Nov 21 15:09 +07
"DListTest.SaveAndLoadFile" time elapsed: 00:00:00
----------------------------------------------------------

24/134 Testing: HashTest.OpenHash_Insert_Update_DeletedSlot
24/134 Test: HashTest.OpenHash_Insert_Update_DeletedSlot
Command: "/home/alex/labs3/build/hash_test" "--gtest_filter=HashTest.OpenHash_Insert_Update_DeletedSlot" "--gtest_also_run_disabled_tests"
Directory: /home/alex/labs3/build
"HashTest.OpenHash_Insert_Update_DeletedSlot" start time: Nov 21 15:09 +07
Output:
----------------------------------------------------------
Running main() from /home/alex/labs3/build/_deps/googletest-src/googletest/src/gtest_main.cc
Note: Google Test filter = HashTest.OpenHash_Insert_Update_DeletedSlot
[==========] Running 1 test from 1 test suite.
[----------] Global test environment set-up.
[----------] 1 test from HashTest
[ RUN      ] HashTest.OpenHash_Insert_Update_DeletedSlot
[       OK ] HashTest.OpenHash_Insert_Update_DeletedSlot (0 ms)
[----------] 1 test from HashTest (0 ms total)

[----------] Global test environment tear-down
[==========] 1 test from 1 test suite ran. (0 ms total)
[  PASSED  ] 1 test.
<end of output>
Test time =   0.01 sec
----------------------------------------------------------
Test Passed.
"HashTest.OpenHash_Insert_Update_DeletedSlot" end time: Nov 21 15:09 +07
"HashTest.OpenHash_Insert_Update_DeletedSlot" time elapsed: 00:00:00
----------------------------------------------------------

25/134 Testing: HashTest.OpenHash_FindErase_NotFound
25/134 Test: HashTest.OpenHash_FindErase_NotFound
Command: "/home/alex/labs3/build/hash_test" "--gtest_filter=HashTest.OpenHash_FindErase_NotFound" "--gtest_also_run_disabled_tests"
Directory: /home/alex/labs3/build
"HashTest.OpenHash_FindErase_NotFound" start time: Nov 21 15:09 +07
Output:
----------------------------------------------------------
Running main() from /home/alex/labs3/build/_deps/googletest-src/googletest/src/gtest_main.cc
Note: Google Test filter = HashTest.OpenHash_FindErase_NotFound
[==========] Running 1 test from 1 test suite.
[----------] Global test environment set-up.
[----------] 1 test from HashTest
[ RUN      ] HashTest.OpenHash_FindErase_NotFound
[       OK ] HashTest.OpenHash_FindErase_NotFound (0 ms)
[----------] 1 test from HashTest (0 ms total)

[----------] Global test environment tear-down
[==========] 1 test from 1 test suite ran. (0 ms total)
[  PASSED  ] 1 test.
<end of output>
Test time =   0.01 sec
----------------------------------------------------------
Test Passed.
"HashTest.OpenHash_FindErase_NotFound" end time: Nov 21 15:09 +07
"HashTest.OpenHash_FindErase_NotFound" time elapsed: 00:00:00
----------------------------------------------------------

26/134 Testing: HashTest.OpenHash_FullTable
26/134 Test: HashTest.OpenHash_FullTable
Command: "/home/alex/labs3/build/hash_test" "--gtest_filter=HashTest.OpenHash_FullTable" "--gtest_also_run_disabled_tests"
Directory: /home/alex/labs3/build
"HashTest.OpenHash_FullTable" start time: Nov 21 15:09 +07
Output:
----------------------------------------------------------
Running main() from /home/alex/labs3/build/_deps/googletest-src/googletest/src/gtest_main.cc
Note: Google Test filter = HashTest.OpenHash_FullTable
[==========] Running 1 test from 1 test suite.
[----------] Global test environment set-up.
[----------] 1 test from HashTest
[ RUN      ] HashTest.OpenHash_FullTable
Таблица переполнена
[       OK ] HashTest.OpenHash_FullTable (0 ms)
[----------] 1 test from HashTest (0 ms total)

[----------] Global test environment tear-down
[==========] 1 test from 1 test suite ran. (0 ms total)
[  PASSED  ] 1 test.
<end of output>
Test time =   0.00 sec
----------------------------------------------------------
Test Passed.
"HashTest.OpenHash_FullTable" end time: Nov 21 15:09 +07
"HashTest.OpenHash_FullTable" time elapsed: 00:00:00
----------------------------------------------------------

27/134 Testing: HashTest.ChainHash_InsertUpdate
27/134 Test: HashTest.ChainHash_InsertUpdate
Command: "/home/alex/labs3/build/hash_test" "--gtest_filter=HashTest.ChainHash_InsertUpdate" "--gtest_also_run_disabled_tests"
Directory: /home/alex/labs3/build
"HashTest.ChainHash_InsertUpdate" start time: Nov 21 15:09 +07
Output:
----------------------------------------------------------
Running main() from /home/alex/labs3/build/_deps/googletest-src/googletest/src/gtest_main.cc
Note: Google Test filter = HashTest.ChainHash_InsertUpdate
[==========] Running 1 test from 1 test suite.
[----------] Global test environment set-up.
[----------] 1 test from HashTest
[ RUN      ] HashTest.ChainHash_InsertUpdate
[       OK ] HashTest.ChainHash_InsertUpdate (0 ms)
[----------] 1 test from HashTest (0 ms total)

[----------] Global test environment tear-down
[==========] 1 test from 1 test suite ran. (0 ms total)
[  PASSED  ] 1 test.
<end of output>
Test time =   0.01 sec
----------------------------------------------------------
Test Passed.
"HashTest.ChainHash_InsertUpdate" end time: Nov 21 15:09 +07
"HashTest.ChainHash_InsertUpdate" time elapsed: 00:00:00
----------------------------------------------------------

28/134 Testing: HashTest.ChainHash_CollisionsAndErase
28/134 Test: HashTest.ChainHash_CollisionsAndErase
Command: "/home/alex/labs3/build/hash_test" "--gtest_filter=HashTest.ChainHash_CollisionsAndErase" "--gtest_also_run_disabled_tests"
Directory: /home/alex/labs3/build
"HashTest.ChainHash_CollisionsAndErase" start time: Nov 21 15:09 +07
Output:
----------------------------------------------------------
Running main() from /home/alex/labs3/build/_deps/googletest-src/googletest/src/gtest_main.cc
Note: Google Test filter = HashTest.ChainHash_CollisionsAndErase
[==========] Running 1 test from 1 test suite.
[----------] Global test environment set-up.
[----------] 1 test from HashTest
[ RUN      ] HashTest.ChainHash_CollisionsAndErase
[       OK ] HashTest.ChainHash_CollisionsAndErase (0 ms)
[----------] 1 test from HashTest (0 ms total)

[----------] Global test environment tear-down
[==========] 1 test from 1 test suite ran. (0 ms total)
[  PASSED  ] 1 test.
<end of output>
Test time =   0.01 sec
----------------------------------------------------------
Test Passed.
"HashTest.ChainHash_CollisionsAndErase" end time: Nov 21 15:09 +07
"HashTest.ChainHash_CollisionsAndErase" time elapsed: 00:00:00
----------------------------------------------------------

29/134 Testing: HashTest.ChainHash_ShowEmpty
29/134 Test: HashTest.ChainHash_ShowEmpty
Command: "/home/alex/labs3/build/hash_test" "--gtest_filter=HashTest.ChainHash_ShowEmpty" "--gtest_also_run_disabled_tests"
Directory: /home/alex/labs3/build
"HashTest.ChainHash_ShowEmpty" start time: Nov 21 15:09 +07
Output:
----------------------------------------------------------
Running main() from /home/alex/labs3/build/_deps/googletest-src/googletest/src/gtest_main.cc
Note: Google Test filter = HashTest.ChainHash_ShowEmpty
[==========] Running 1 test from 1 test suite.
[----------] Global test environment set-up.
[----------] 1 test from HashTest
[ RUN      ] HashTest.ChainHash_ShowEmpty
цепочки: пусто
[       OK ] HashTest.ChainHash_ShowEmpty (0 ms)
[----------] 1 test from HashTest (0 ms total)

[----------] Global test environment tear-down
[==========] 1 test from 1 test suite ran. (0 ms total)
[  PASSED  ] 1 test.
<end of output>
Test time =   0.00 sec
----------------------------------------------------------
Test Passed.
"HashTest.ChainHash_ShowEmpty" end time: Nov 21 15:09 +07
"HashTest.ChainHash_ShowEmpty" time elapsed: 00:00:00
----------------------------------------------------------

30/134 Testing: HashTest.ChainHash_SaveLoad
30/134 Test: HashTest.ChainHash_SaveLoad
Command: "/home/alex/labs3/build/hash_test" "--gtest_filter=HashTest.ChainHash_SaveLoad" "--gtest_also_run_disabled_tests"
Directory: /home/alex/labs3/build
"HashTest.ChainHash_SaveLoad" start time: Nov 21 15:09 +07
Output:
----------------------------------------------------------
Running main() from /home/alex/labs3/build/_deps/googletest-src/googletest/src/gtest_main.cc
Note: Google Test filter = HashTest.ChainHash_SaveLoad
[==========] Running 1 test from 1 test suite.
[----------] Global test environment set-up.
[----------] 1 test from HashTest
[ RUN      ] HashTest.ChainHash_SaveLoad
[       OK ] HashTest.ChainHash_SaveLoad (0 ms)
[----------] 1 test from HashTest (0 ms total)

[----------] Global test environment tear-down
[==========] 1 test from 1 test suite ran. (0 ms total)
[  PASSED  ] 1 test.
<end of output>
Test time =   0.01 sec
----------------------------------------------------------
Test Passed.
"HashTest.ChainHash_SaveLoad" end time: Nov 21 15:09 +07
"HashTest.ChainHash_SaveLoad" time elapsed: 00:00:00
----------------------------------------------------------

31/134 Testing: HashTest.OpenHash_SaveLoad
31/134 Test: HashTest.OpenHash_SaveLoad
Command: "/home/alex/labs3/build/hash_test" "--gtest_filter=HashTest.OpenHash_SaveLoad" "--gtest_also_run_disabled_tests"
Directory: /home/alex/labs3/build
"HashTest.OpenHash_SaveLoad" start time: Nov 21 15:09 +07
Output:
----------------------------------------------------------
Running main() from /home/alex/labs3/build/_deps/googletest-src/googletest/src/gtest_main.cc
Note: Google Test filter = HashTest.OpenHash_SaveLoad
[==========] Running 1 test from 1 test suite.
[----------] Global test environment set-up.
[----------] 1 test from HashTest
[ RUN      ] HashTest.OpenHash_SaveLoad
[       OK ] HashTest.OpenHash_SaveLoad (0 ms)
[----------] 1 test from HashTest (0 ms total)

[----------] Global test environment tear-down
[==========] 1 test from 1 test suite ran. (0 ms total)
[  PASSED  ] 1 test.
<end of output>
Test time =   0.01 sec
----------------------------------------------------------
Test Passed.
"HashTest.OpenHash_SaveLoad" end time: Nov 21 15:09 +07
"HashTest.OpenHash_SaveLoad" time elapsed: 00:00:00
----------------------------------------------------------

32/134 Testing: HashTest.LoadFromBadFile
32/134 Test: HashTest.LoadFromBadFile
Command: "/home/alex/labs3/build/hash_test" "--gtest_filter=HashTest.LoadFromBadFile" "--gtest_also_run_disabled_tests"
Directory: /home/alex/labs3/build
"HashTest.LoadFromBadFile" start time: Nov 21 15:09 +07
Output:
----------------------------------------------------------
Running main() from /home/alex/labs3/build/_deps/googletest-src/googletest/src/gtest_main.cc
Note: Google Test filter = HashTest.LoadFromBadFile
[==========] Running 1 test from 1 test suite.
[----------] Global test environment set-up.
[----------] 1 test from HashTest
[ RUN      ] HashTest.LoadFromBadFile
[       OK ] HashTest.LoadFromBadFile (0 ms)
[----------] 1 test from HashTest (0 ms total)

[----------] Global test environment tear-down
[==========] 1 test from 1 test suite ran. (0 ms total)
[  PASSED  ] 1 test.
<end of output>
Test time =   0.01 sec
----------------------------------------------------------
Test Passed.
"HashTest.LoadFromBadFile" end time: Nov 21 15:09 +07
"HashTest.LoadFromBadFile" time elapsed: 00:00:00
----------------------------------------------------------

33/134 Testing: HashTest.parse_cmd_CorrectSplits
33/134 Test: HashTest.parse_cmd_CorrectSplits
Command: "/home/alex/labs3/build/hash_test" "--gtest_filter=HashTest.parse_cmd_CorrectSplits" "--gtest_also_run_disabled_tests"
Directory: /home/alex/labs3/build
"HashTest.parse_cmd_CorrectSplits" start time: Nov 21 15:09 +07
Output:
----------------------------------------------------------
Running main() from /home/alex/labs3/build/_deps/googletest-src/googletest/src/gtest_main.cc
Note: Google Test filter = HashTest.parse_cmd_CorrectSplits
[==========] Running 1 test from 1 test suite.
[----------] Global test environment set-up.
[----------] 1 test from HashTest
[ RUN      ] HashTest.parse_cmd_CorrectSplits
[       OK ] HashTest.parse_cmd_CorrectSplits (0 ms)
[----------] 1 test from HashTest (0 ms total)

[----------] Global test environment tear-down
[==========] 1 test from 1 test suite ran. (0 ms total)
[  PASSED  ] 1 test.
<end of output>
Test time =   0.01 sec
----------------------------------------------------------
Test Passed.
"HashTest.parse_cmd_CorrectSplits" end time: Nov 21 15:09 +07
"HashTest.parse_cmd_CorrectSplits" time elapsed: 00:00:00
----------------------------------------------------------

34/134 Testing: HashTest.parse_cmd_LeadingSpaces
34/134 Test: HashTest.parse_cmd_LeadingSpaces
Command: "/home/alex/labs3/build/hash_test" "--gtest_filter=HashTest.parse_cmd_LeadingSpaces" "--gtest_also_run_disabled_tests"
Directory: /home/alex/labs3/build
"HashTest.parse_cmd_LeadingSpaces" start time: Nov 21 15:09 +07
Output:
----------------------------------------------------------
Running main() from /home/alex/labs3/build/_deps/googletest-src/googletest/src/gtest_main.cc
Note: Google Test filter = HashTest.parse_cmd_LeadingSpaces
[==========] Running 1 test from 1 test suite.
[----------] Global test environment set-up.
[----------] 1 test from HashTest
[ RUN      ] HashTest.parse_cmd_LeadingSpaces
[       OK ] HashTest.parse_cmd_LeadingSpaces (0 ms)
[----------] 1 test from HashTest (0 ms total)

[----------] Global test environment tear-down
[==========] 1 test from 1 test suite ran. (0 ms total)
[  PASSED  ] 1 test.
<end of output>
Test time =   0.01 sec
----------------------------------------------------------
Test Passed.
"HashTest.parse_cmd_LeadingSpaces" end time: Nov 21 15:09 +07
"HashTest.parse_cmd_LeadingSpaces" time elapsed: 00:00:00
----------------------------------------------------------

35/134 Testing: HashTest.hash_man_scripted
35/134 Test: HashTest.hash_man_scripted
Command: "/home/alex/labs3/build/hash_test" "--gtest_filter=HashTest.hash_man_scripted" "--gtest_also_run_disabled_tests"
Directory: /home/alex/labs3/build
"HashTest.hash_man_scripted" start time: Nov 21 15:09 +07
Output:
----------------------------------------------------------
Running main() from /home/alex/labs3/build/_deps/googletest-src/googletest/src/gtest_main.cc
Note: Google Test filter = HashTest.hash_man_scripted
[==========] Running 1 test from 1 test suite.
[----------] Global test environment set-up.
[----------] 1 test from HashTest
[ RUN      ] HashTest.hash_man_scripted
[       OK ] HashTest.hash_man_scripted (0 ms)
[----------] 1 test from HashTest (0 ms total)

[----------] Global test environment tear-down
[==========] 1 test from 1 test suite ran. (0 ms total)
[  PASSED  ] 1 test.
<end of output>
Test time =   0.01 sec
----------------------------------------------------------
Test Passed.
"HashTest.hash_man_scripted" end time: Nov 21 15:09 +07
"HashTest.hash_man_scripted" time elapsed: 00:00:00
----------------------------------------------------------

36/134 Testing: MyListTest.Branch_Deletions
36/134 Test: MyListTest.Branch_Deletions
Command: "/home/alex/labs3/build/list_test" "--gtest_filter=MyListTest.Branch_Deletions" "--gtest_also_run_disabled_tests"
Directory: /home/alex/labs3/build
"MyListTest.Branch_Deletions" start time: Nov 21 15:09 +07
Output:
----------------------------------------------------------
Running main() from /home/alex/labs3/build/_deps/googletest-src/googletest/src/gtest_main.cc
Note: Google Test filter = MyListTest.Branch_Deletions
[==========] Running 1 test from 1 test suite.
[----------] Global test environment set-up.
[----------] 1 test from MyListTest
[ RUN      ] MyListTest.Branch_Deletions
[       OK ] MyListTest.Branch_Deletions (0 ms)
[----------] 1 test from MyListTest (0 ms total)

[----------] Global test environment tear-down
[==========] 1 test from 1 test suite ran. (0 ms total)
[  PASSED  ] 1 test.
<end of output>
Test time =   0.01 sec
----------------------------------------------------------
Test Passed.
"MyListTest.Branch_Deletions" end time: Nov 21 15:09 +07
"MyListTest.Branch_Deletions" time elapsed: 00:00:00
----------------------------------------------------------

37/134 Testing: MyListTest.Branch_AdvancedOps
37/134 Test: MyListTest.Branch_AdvancedOps
Command: "/home/alex/labs3/build/list_test" "--gtest_filter=MyListTest.Branch_AdvancedOps" "--gtest_also_run_disabled_tests"
Directory: /home/alex/labs3/build
"MyListTest.Branch_AdvancedOps" start time: Nov 21 15:09 +07
Output:
----------------------------------------------------------
Running main() from /home/alex/labs3/build/_deps/googletest-src/googletest/src/gtest_main.cc
Note: Google Test filter = MyListTest.Branch_AdvancedOps
[==========] Running 1 test from 1 test suite.
[----------] Global test environment set-up.
[----------] 1 test from MyListTest
[ RUN      ] MyListTest.Branch_AdvancedOps
[       OK ] MyListTest.Branch_AdvancedOps (0 ms)
[----------] 1 test from MyListTest (0 ms total)

[----------] Global test environment tear-down
[==========] 1 test from 1 test suite ran. (0 ms total)
[  PASSED  ] 1 test.
<end of output>
Test time =   0.01 sec
----------------------------------------------------------
Test Passed.
"MyListTest.Branch_AdvancedOps" end time: Nov 21 15:09 +07
"MyListTest.Branch_AdvancedOps" time elapsed: 00:00:00
----------------------------------------------------------

38/134 Testing: MyListTest.AddBeforeHeadValue
38/134 Test: MyListTest.AddBeforeHeadValue
Command: "/home/alex/labs3/build/list_test" "--gtest_filter=MyListTest.AddBeforeHeadValue" "--gtest_also_run_disabled_tests"
Directory: /home/alex/labs3/build
"MyListTest.AddBeforeHeadValue" start time: Nov 21 15:09 +07
Output:
----------------------------------------------------------
Running main() from /home/alex/labs3/build/_deps/googletest-src/googletest/src/gtest_main.cc
Note: Google Test filter = MyListTest.AddBeforeHeadValue
[==========] Running 1 test from 1 test suite.
[----------] Global test environment set-up.
[----------] 1 test from MyListTest
[ RUN      ] MyListTest.AddBeforeHeadValue
[       OK ] MyListTest.AddBeforeHeadValue (0 ms)
[----------] 1 test from MyListTest (0 ms total)

[----------] Global test environment tear-down
[==========] 1 test from 1 test suite ran. (0 ms total)
[  PASSED  ] 1 test.
<end of output>
Test time =   0.01 sec
----------------------------------------------------------
Test Passed.
"MyListTest.AddBeforeHeadValue" end time: Nov 21 15:09 +07
"MyListTest.AddBeforeHeadValue" time elapsed: 00:00:00
----------------------------------------------------------

39/134 Testing: MyListTest.AddAfterNotFound
39/134 Test: MyListTest.AddAfterNotFound
Command: "/home/alex/labs3/build/list_test" "--gtest_filter=MyListTest.AddAfterNotFound" "--gtest_also_run_disabled_tests"
Directory: /home/alex/labs3/build
"MyListTest.AddAfterNotFound" start time: Nov 21 15:09 +07
Output:
----------------------------------------------------------
Running main() from /home/alex/labs3/build/_deps/googletest-src/googletest/src/gtest_main.cc
Note: Google Test filter = MyListTest.AddAfterNotFound
[==========] Running 1 test from 1 test suite.
[----------] Global test environment set-up.
[----------] 1 test from MyListTest
[ RUN      ] MyListTest.AddAfterNotFound
[       OK ] MyListTest.AddAfterNotFound (0 ms)
[----------] 1 test from MyListTest (0 ms total)

[----------] Global test environment tear-down
[==========] 1 test from 1 test suite ran. (0 ms total)
[  PASSED  ] 1 test.
<end of output>
Test time =   0.01 sec
----------------------------------------------------------
Test Passed.
"MyListTest.AddAfterNotFound" end time: Nov 21 15:09 +07
"MyListTest.AddAfterNotFound" time elapsed: 00:00:00
----------------------------------------------------------

40/134 Testing: MyListTest.DelByValueEmpty
40/134 Test: MyListTest.DelByValueEmpty
Command: "/home/alex/labs3/build/list_test" "--gtest_filter=MyListTest.DelByValueEmpty" "--gtest_also_run_disabled_tests"
Directory: /home/alex/labs3/build
"MyListTest.DelByValueEmpty" start time: Nov 21 15:09 +07
Output:
----------------------------------------------------------
Running main() from /home/alex/labs3/build/_deps/googletest-src/googletest/src/gtest_main.cc
Note: Google Test filter = MyListTest.DelByValueEmpty
[==========] Running 1 test from 1 test suite.
[----------] Global test environment set-up.
[----------] 1 test from MyListTest
[ RUN      ] MyListTest.DelByValueEmpty
[       OK ] MyListTest.DelByValueEmpty (0 ms)
[----------] 1 test from MyListTest (0 ms total)

[----------] Global test environment tear-down
[==========] 1 test from 1 test suite ran. (0 ms total)
[  PASSED  ] 1 test.
<end of output>
Test time =   0.01 sec
----------------------------------------------------------
Test Passed.
"MyListTest.DelByValueEmpty" end time: Nov 21 15:09 +07
"MyListTest.DelByValueEmpty" time elapsed: 00:00:00
----------------------------------------------------------

41/134 Testing: MyListTest.DelTailMultiple
41/134 Test: MyListTest.DelTailMultiple
Command: "/home/alex/labs3/build/list_test" "--gtest_filter=MyListTest.DelTailMultiple" "--gtest_also_run_disabled_tests"
Directory: /home/alex/labs3/build
"MyListTest.DelTailMultiple" start time: Nov 21 15:09 +07
Output:
----------------------------------------------------------
Running main() from /home/alex/labs3/build/_deps/googletest-src/googletest/src/gtest_main.cc
Note: Google Test filter = MyListTest.DelTailMultiple
[==========] Running 1 test from 1 test suite.
[----------] Global test environment set-up.
[----------] 1 test from MyListTest
[ RUN      ] MyListTest.DelTailMultiple
[       OK ] MyListTest.DelTailMultiple (0 ms)
[----------] 1 test from MyListTest (0 ms total)

[----------] Global test environment tear-down
[==========] 1 test from 1 test suite ran. (0 ms total)
[  PASSED  ] 1 test.
<end of output>
Test time =   0.01 sec
----------------------------------------------------------
Test Passed.
"MyListTest.DelTailMultiple" end time: Nov 21 15:09 +07
"MyListTest.DelTailMultiple" time elapsed: 00:00:00
----------------------------------------------------------

42/134 Testing: MyListTest.Coverage_EmptyPrints
42/134 Test: MyListTest.Coverage_EmptyPrints
Command: "/home/alex/labs3/build/list_test" "--gtest_filter=MyListTest.Coverage_EmptyPrints" "--gtest_also_run_disabled_tests"
Directory: /home/alex/labs3/build
"MyListTest.Coverage_EmptyPrints" start time: Nov 21 15:09 +07
Output:
----------------------------------------------------------
Running main() from /home/alex/labs3/build/_deps/googletest-src/googletest/src/gtest_main.cc
Note: Google Test filter = MyListTest.Coverage_EmptyPrints
[==========] Running 1 test from 1 test suite.
[----------] Global test environment set-up.
[----------] 1 test from MyListTest
[ RUN      ] MyListTest.Coverage_EmptyPrints
[       OK ] MyListTest.Coverage_EmptyPrints (0 ms)
[----------] 1 test from MyListTest (0 ms total)

[----------] Global test environment tear-down
[==========] 1 test from 1 test suite ran. (0 ms total)
[  PASSED  ] 1 test.
<end of output>
Test time =   0.01 sec
----------------------------------------------------------
Test Passed.
"MyListTest.Coverage_EmptyPrints" end time: Nov 21 15:09 +07
"MyListTest.Coverage_EmptyPrints" time elapsed: 00:00:00
----------------------------------------------------------

43/134 Testing: MyListTest.Coverage_DelHeadEmpty
43/134 Test: MyListTest.Coverage_DelHeadEmpty
Command: "/home/alex/labs3/build/list_test" "--gtest_filter=MyListTest.Coverage_DelHeadEmpty" "--gtest_also_run_disabled_tests"
Directory: /home/alex/labs3/build
"MyListTest.Coverage_DelHeadEmpty" start time: Nov 21 15:09 +07
Output:
----------------------------------------------------------
Running main() from /home/alex/labs3/build/_deps/googletest-src/googletest/src/gtest_main.cc
Note: Google Test filter = MyListTest.Coverage_DelHeadEmpty
[==========] Running 1 test from 1 test suite.
[----------] Global test environment set-up.
[----------] 1 test from MyListTest
[ RUN      ] MyListTest.Coverage_DelHeadEmpty
[       OK ] MyListTest.Coverage_DelHeadEmpty (0 ms)
[----------] 1 test from MyListTest (0 ms total)

[----------] Global test environment tear-down
[==========] 1 test from 1 test suite ran. (0 ms total)
[  PASSED  ] 1 test.
<end of output>
Test time =   0.01 sec
----------------------------------------------------------
Test Passed.
"MyListTest.Coverage_DelHeadEmpty" end time: Nov 21 15:09 +07
"MyListTest.Coverage_DelHeadEmpty" time elapsed: 00:00:00
----------------------------------------------------------

44/134 Testing: MyListTest.Coverage_Serialization_Fail
44/134 Test: MyListTest.Coverage_Serialization_Fail
Command: "/home/alex/labs3/build/list_test" "--gtest_filter=MyListTest.Coverage_Serialization_Fail" "--gtest_also_run_disabled_tests"
Directory: /home/alex/labs3/build
"MyListTest.Coverage_Serialization_Fail" start time: Nov 21 15:09 +07
Output:
----------------------------------------------------------
Running main() from /home/alex/labs3/build/_deps/googletest-src/googletest/src/gtest_main.cc
Note: Google Test filter = MyListTest.Coverage_Serialization_Fail
[==========] Running 1 test from 1 test suite.
[----------] Global test environment set-up.
[----------] 1 test from MyListTest
[ RUN      ] MyListTest.Coverage_Serialization_Fail
[       OK ] MyListTest.Coverage_Serialization_Fail (0 ms)
[----------] 1 test from MyListTest (0 ms total)

[----------] Global test environment tear-down
[==========] 1 test from 1 test suite ran. (0 ms total)
[  PASSED  ] 1 test.
<end of output>
Test time =   0.01 sec
----------------------------------------------------------
Test Passed.
"MyListTest.Coverage_Serialization_Fail" end time: Nov 21 15:09 +07
"MyListTest.Coverage_Serialization_Fail" time elapsed: 00:00:00
----------------------------------------------------------

45/134 Testing: MyListTest.Coverage_Load_Corrupted
45/134 Test: MyListTest.Coverage_Load_Corrupted
Command: "/home/alex/labs3/build/list_test" "--gtest_filter=MyListTest.Coverage_Load_Corrupted" "--gtest_also_run_disabled_tests"
Directory: /home/alex/labs3/build
"MyListTest.Coverage_Load_Corrupted" start time: Nov 21 15:09 +07
Output:
----------------------------------------------------------
Running main() from /home/alex/labs3/build/_deps/googletest-src/googletest/src/gtest_main.cc
Note: Google Test filter = MyListTest.Coverage_Load_Corrupted
[==========] Running 1 test from 1 test suite.
[----------] Global test environment set-up.
[----------] 1 test from MyListTest
[ RUN      ] MyListTest.Coverage_Load_Corrupted
[       OK ] MyListTest.Coverage_Load_Corrupted (0 ms)
[----------] 1 test from MyListTest (0 ms total)

[----------] Global test environment tear-down
[==========] 1 test from 1 test suite ran. (0 ms total)
[  PASSED  ] 1 test.
<end of output>
Test time =   0.01 sec
----------------------------------------------------------
Test Passed.
"MyListTest.Coverage_Load_Corrupted" end time: Nov 21 15:09 +07
"MyListTest.Coverage_Load_Corrupted" time elapsed: 00:00:00
----------------------------------------------------------

46/134 Testing: MyListTest.Coverage_Load_Overwrite
46/134 Test: MyListTest.Coverage_Load_Overwrite
Command: "/home/alex/labs3/build/list_test" "--gtest_filter=MyListTest.Coverage_Load_Overwrite" "--gtest_also_run_disabled_tests"
Directory: /home/alex/labs3/build
"MyListTest.Coverage_Load_Overwrite" start time: Nov 21 15:09 +07
Output:
----------------------------------------------------------
Running main() from /home/alex/labs3/build/_deps/googletest-src/googletest/src/gtest_main.cc
Note: Google Test filter = MyListTest.Coverage_Load_Overwrite
[==========] Running 1 test from 1 test suite.
[----------] Global test environment set-up.
[----------] 1 test from MyListTest
[ RUN      ] MyListTest.Coverage_Load_Overwrite
[       OK ] MyListTest.Coverage_Load_Overwrite (0 ms)
[----------] 1 test from MyListTest (0 ms total)

[----------] Global test environment tear-down
[==========] 1 test from 1 test suite ran. (0 ms total)
[  PASSED  ] 1 test.
<end of output>
Test time =   0.01 sec
----------------------------------------------------------
Test Passed.
"MyListTest.Coverage_Load_Overwrite" end time: Nov 21 15:09 +07
"MyListTest.Coverage_Load_Overwrite" time elapsed: 00:00:00
----------------------------------------------------------

47/134 Testing: ListTest.BranchBooster_ComplexConditions
47/134 Test: ListTest.BranchBooster_ComplexConditions
Command: "/home/alex/labs3/build/list_test" "--gtest_filter=ListTest.BranchBooster_ComplexConditions" "--gtest_also_run_disabled_tests"
Directory: /home/alex/labs3/build
"ListTest.BranchBooster_ComplexConditions" start time: Nov 21 15:09 +07
Output:
----------------------------------------------------------
Running main() from /home/alex/labs3/build/_deps/googletest-src/googletest/src/gtest_main.cc
Note: Google Test filter = ListTest.BranchBooster_ComplexConditions
[==========] Running 1 test from 1 test suite.
[----------] Global test environment set-up.
[----------] 1 test from ListTest
[ RUN      ] ListTest.BranchBooster_ComplexConditions
[       OK ] ListTest.BranchBooster_ComplexConditions (0 ms)
[----------] 1 test from ListTest (0 ms total)

[----------] Global test environment tear-down
[==========] 1 test from 1 test suite ran. (0 ms total)
[  PASSED  ] 1 test.
<end of output>
Test time =   0.01 sec
----------------------------------------------------------
Test Passed.
"ListTest.BranchBooster_ComplexConditions" end time: Nov 21 15:09 +07
"ListTest.BranchBooster_ComplexConditions" time elapsed: 00:00:00
----------------------------------------------------------

48/134 Testing: DestructorTest.MyListCleanup
48/134 Test: DestructorTest.MyListCleanup
Command: "/home/alex/labs3/build/list_test" "--gtest_filter=DestructorTest.MyListCleanup" "--gtest_also_run_disabled_tests"
Directory: /home/alex/labs3/build
"DestructorTest.MyListCleanup" start time: Nov 21 15:09 +07
Output:
----------------------------------------------------------
Running main() from /home/alex/labs3/build/_deps/googletest-src/googletest/src/gtest_main.cc
Note: Google Test filter = DestructorTest.MyListCleanup
[==========] Running 1 test from 1 test suite.
[----------] Global test environment set-up.
[----------] 1 test from DestructorTest
[ RUN      ] DestructorTest.MyListCleanup
[       OK ] DestructorTest.MyListCleanup (0 ms)
[----------] 1 test from DestructorTest (0 ms total)

[----------] Global test environment tear-down
[==========] 1 test from 1 test suite ran. (0 ms total)
[  PASSED  ] 1 test.
<end of output>
Test time =   0.01 sec
----------------------------------------------------------
Test Passed.
"DestructorTest.MyListCleanup" end time: Nov 21 15:09 +07
"DestructorTest.MyListCleanup" time elapsed: 00:00:00
----------------------------------------------------------

49/134 Testing: QueueTest.Branch_Coverage
49/134 Test: QueueTest.Branch_Coverage
Command: "/home/alex/labs3/build/queue_test" "--gtest_filter=QueueTest.Branch_Coverage" "--gtest_also_run_disabled_tests"
Directory: /home/alex/labs3/build
"QueueTest.Branch_Coverage" start time: Nov 21 15:09 +07
Output:
----------------------------------------------------------
Running main() from /home/alex/labs3/build/_deps/googletest-src/googletest/src/gtest_main.cc
Note: Google Test filter = QueueTest.Branch_Coverage
[==========] Running 1 test from 1 test suite.
[----------] Global test environment set-up.
[----------] 1 test from QueueTest
[ RUN      ] QueueTest.Branch_Coverage
[       OK ] QueueTest.Branch_Coverage (0 ms)
[----------] 1 test from QueueTest (0 ms total)

[----------] Global test environment tear-down
[==========] 1 test from 1 test suite ran. (0 ms total)
[  PASSED  ] 1 test.
<end of output>
Test time =   0.01 sec
----------------------------------------------------------
Test Passed.
"QueueTest.Branch_Coverage" end time: Nov 21 15:09 +07
"QueueTest.Branch_Coverage" time elapsed: 00:00:00
----------------------------------------------------------

50/134 Testing: QueueTest.BranchBooster_PopEmpty
50/134 Test: QueueTest.BranchBooster_PopEmpty
Command: "/home/alex/labs3/build/queue_test" "--gtest_filter=QueueTest.BranchBooster_PopEmpty" "--gtest_also_run_disabled_tests"
Directory: /home/alex/labs3/build
"QueueTest.BranchBooster_PopEmpty" start time: Nov 21 15:09 +07
Output:
----------------------------------------------------------
Running main() from /home/alex/labs3/build/_deps/googletest-src/googletest/src/gtest_main.cc
Note: Google Test filter = QueueTest.BranchBooster_PopEmpty
[==========] Running 1 test from 1 test suite.
[----------] Global test environment set-up.
[----------] 1 test from QueueTest
[ RUN      ] QueueTest.BranchBooster_PopEmpty
[       OK ] QueueTest.BranchBooster_PopEmpty (0 ms)
[----------] 1 test from QueueTest (0 ms total)

[----------] Global test environment tear-down
[==========] 1 test from 1 test suite ran. (0 ms total)
[  PASSED  ] 1 test.
<end of output>
Test time =   0.01 sec
----------------------------------------------------------
Test Passed.
"QueueTest.BranchBooster_PopEmpty" end time: Nov 21 15:09 +07
"QueueTest.BranchBooster_PopEmpty" time elapsed: 00:00:00
----------------------------------------------------------

51/134 Testing: QueueTest.SaveAndLoadFile
51/134 Test: QueueTest.SaveAndLoadFile
Command: "/home/alex/labs3/build/queue_test" "--gtest_filter=QueueTest.SaveAndLoadFile" "--gtest_also_run_disabled_tests"
Directory: /home/alex/labs3/build
"QueueTest.SaveAndLoadFile" start time: Nov 21 15:09 +07
Output:
----------------------------------------------------------
Running main() from /home/alex/labs3/build/_deps/googletest-src/googletest/src/gtest_main.cc
Note: Google Test filter = QueueTest.SaveAndLoadFile
[==========] Running 1 test from 1 test suite.
[----------] Global test environment set-up.
[----------] 1 test from QueueTest
[ RUN      ] QueueTest.SaveAndLoadFile
[       OK ] QueueTest.SaveAndLoadFile (0 ms)
[----------] 1 test from QueueTest (0 ms total)

[----------] Global test environment tear-down
[==========] 1 test from 1 test suite ran. (0 ms total)
[  PASSED  ] 1 test.
<end of output>
Test time =   0.01 sec
----------------------------------------------------------
Test Passed.
"QueueTest.SaveAndLoadFile" end time: Nov 21 15:09 +07
"QueueTest.SaveAndLoadFile" time elapsed: 00:00:00
----------------------------------------------------------

52/134 Testing: QueueTest.LoadFromBadFile
52/134 Test: QueueTest.LoadFromBadFile
Command: "/home/alex/labs3/build/queue_test" "--gtest_filter=QueueTest.LoadFromBadFile" "--gtest_also_run_disabled_tests"
Directory: /home/alex/labs3/build
"QueueTest.LoadFromBadFile" start time: Nov 21 15:09 +07
Output:
----------------------------------------------------------
Running main() from /home/alex/labs3/build/_deps/googletest-src/googletest/src/gtest_main.cc
Note: Google Test filter = QueueTest.LoadFromBadFile
[==========] Running 1 test from 1 test suite.
[----------] Global test environment set-up.
[----------] 1 test from QueueTest
[ RUN      ] QueueTest.LoadFromBadFile
[       OK ] QueueTest.LoadFromBadFile (0 ms)
[----------] 1 test from QueueTest (0 ms total)

[----------] Global test environment tear-down
[==========] 1 test from 1 test suite ran. (0 ms total)
[  PASSED  ] 1 test.
<end of output>
Test time =   0.01 sec
----------------------------------------------------------
Test Passed.
"QueueTest.LoadFromBadFile" end time: Nov 21 15:09 +07
"QueueTest.LoadFromBadFile" time elapsed: 00:00:00
----------------------------------------------------------

53/134 Testing: QueueTest.TruncatedFile
53/134 Test: QueueTest.TruncatedFile
Command: "/home/alex/labs3/build/queue_test" "--gtest_filter=QueueTest.TruncatedFile" "--gtest_also_run_disabled_tests"
Directory: /home/alex/labs3/build
"QueueTest.TruncatedFile" start time: Nov 21 15:09 +07
Output:
----------------------------------------------------------
Running main() from /home/alex/labs3/build/_deps/googletest-src/googletest/src/gtest_main.cc
Note: Google Test filter = QueueTest.TruncatedFile
[==========] Running 1 test from 1 test suite.
[----------] Global test environment set-up.
[----------] 1 test from QueueTest
[ RUN      ] QueueTest.TruncatedFile
[       OK ] QueueTest.TruncatedFile (0 ms)
[----------] 1 test from QueueTest (0 ms total)

[----------] Global test environment tear-down
[==========] 1 test from 1 test suite ran. (0 ms total)
[  PASSED  ] 1 test.
<end of output>
Test time =   0.01 sec
----------------------------------------------------------
Test Passed.
"QueueTest.TruncatedFile" end time: Nov 21 15:09 +07
"QueueTest.TruncatedFile" time elapsed: 00:00:00
----------------------------------------------------------

54/134 Testing: DestructorTest.QueueCleanup
54/134 Test: DestructorTest.QueueCleanup
Command: "/home/alex/labs3/build/queue_test" "--gtest_filter=DestructorTest.QueueCleanup" "--gtest_also_run_disabled_tests"
Directory: /home/alex/labs3/build
"DestructorTest.QueueCleanup" start time: Nov 21 15:09 +07
Output:
----------------------------------------------------------
Running main() from /home/alex/labs3/build/_deps/googletest-src/googletest/src/gtest_main.cc
Note: Google Test filter = DestructorTest.QueueCleanup
[==========] Running 1 test from 1 test suite.
[----------] Global test environment set-up.
[----------] 1 test from DestructorTest
[ RUN      ] DestructorTest.QueueCleanup
[       OK ] DestructorTest.QueueCleanup (0 ms)
[----------] 1 test from DestructorTest (0 ms total)

[----------] Global test environment tear-down
[==========] 1 test from 1 test suite ran. (0 ms total)
[  PASSED  ] 1 test.
<end of output>
Test time =   0.01 sec
----------------------------------------------------------
Test Passed.
"DestructorTest.QueueCleanup" end time: Nov 21 15:09 +07
"DestructorTest.QueueCleanup" time elapsed: 00:00:00
----------------------------------------------------------

55/134 Testing: StackTest.Branch_Coverage
55/134 Test: StackTest.Branch_Coverage
Command: "/home/alex/labs3/build/stack_test" "--gtest_filter=StackTest.Branch_Coverage" "--gtest_also_run_disabled_tests"
Directory: /home/alex/labs3/build
"StackTest.Branch_Coverage" start time: Nov 21 15:09 +07
Output:
----------------------------------------------------------
Running main() from /home/alex/labs3/build/_deps/googletest-src/googletest/src/gtest_main.cc
Note: Google Test filter = StackTest.Branch_Coverage
[==========] Running 1 test from 1 test suite.
[----------] Global test environment set-up.
[----------] 1 test from StackTest
[ RUN      ] StackTest.Branch_Coverage
Стек очищен
[       OK ] StackTest.Branch_Coverage (0 ms)
[----------] 1 test from StackTest (0 ms total)

[----------] Global test environment tear-down
[==========] 1 test from 1 test suite ran. (0 ms total)
[  PASSED  ] 1 test.
<end of output>
Test time =   0.01 sec
----------------------------------------------------------
Test Passed.
"StackTest.Branch_Coverage" end time: Nov 21 15:09 +07
"StackTest.Branch_Coverage" time elapsed: 00:00:00
----------------------------------------------------------

56/134 Testing: StackTest.Branch_Killer_And_Extras
56/134 Test: StackTest.Branch_Killer_And_Extras
Command: "/home/alex/labs3/build/stack_test" "--gtest_filter=StackTest.Branch_Killer_And_Extras" "--gtest_also_run_disabled_tests"
Directory: /home/alex/labs3/build
"StackTest.Branch_Killer_And_Extras" start time: Nov 21 15:09 +07
Output:
----------------------------------------------------------
Running main() from /home/alex/labs3/build/_deps/googletest-src/googletest/src/gtest_main.cc
Note: Google Test filter = StackTest.Branch_Killer_And_Extras
[==========] Running 1 test from 1 test suite.
[----------] Global test environment set-up.
[----------] 1 test from StackTest
[ RUN      ] StackTest.Branch_Killer_And_Extras
Стек очищен
[       OK ] StackTest.Branch_Killer_And_Extras (0 ms)
[----------] 1 test from StackTest (0 ms total)

[----------] Global test environment tear-down
[==========] 1 test from 1 test suite ran. (0 ms total)
[  PASSED  ] 1 test.
<end of output>
Test time =   0.01 sec
----------------------------------------------------------
Test Passed.
"StackTest.Branch_Killer_And_Extras" end time: Nov 21 15:09 +07
"StackTest.Branch_Killer_And_Extras" time elapsed: 00:00:00
----------------------------------------------------------

57/134 Testing: StackTest.SaveAndLoadFile
57/134 Test: StackTest.SaveAndLoadFile
Command: "/home/alex/labs3/build/stack_test" "--gtest_filter=StackTest.SaveAndLoadFile" "--gtest_also_run_disabled_tests"
Directory: /home/alex/labs3/build
"StackTest.SaveAndLoadFile" start time: Nov 21 15:09 +07
Output:
----------------------------------------------------------
Running main() from /home/alex/labs3/build/_deps/googletest-src/googletest/src/gtest_main.cc
Note: Google Test filter = StackTest.SaveAndLoadFile
[==========] Running 1 test from 1 test suite.
[----------] Global test environment set-up.
[----------] 1 test from StackTest
[ RUN      ] StackTest.SaveAndLoadFile
[       OK ] StackTest.SaveAndLoadFile (0 ms)
[----------] 1 test from StackTest (0 ms total)

[----------] Global test environment tear-down
[==========] 1 test from 1 test suite ran. (0 ms total)
[  PASSED  ] 1 test.
<end of output>
Test time =   0.01 sec
----------------------------------------------------------
Test Passed.
"StackTest.SaveAndLoadFile" end time: Nov 21 15:09 +07
"StackTest.SaveAndLoadFile" time elapsed: 00:00:00
----------------------------------------------------------

58/134 Testing: StackTest.LoadFromBadFile
58/134 Test: StackTest.LoadFromBadFile
Command: "/home/alex/labs3/build/stack_test" "--gtest_filter=StackTest.LoadFromBadFile" "--gtest_also_run_disabled_tests"
Directory: /home/alex/labs3/build
"StackTest.LoadFromBadFile" start time: Nov 21 15:09 +07
Output:
----------------------------------------------------------
Running main() from /home/alex/labs3/build/_deps/googletest-src/googletest/src/gtest_main.cc
Note: Google Test filter = StackTest.LoadFromBadFile
[==========] Running 1 test from 1 test suite.
[----------] Global test environment set-up.
[----------] 1 test from StackTest
[ RUN      ] StackTest.LoadFromBadFile
[       OK ] StackTest.LoadFromBadFile (0 ms)
[----------] 1 test from StackTest (0 ms total)

[----------] Global test environment tear-down
[==========] 1 test from 1 test suite ran. (0 ms total)
[  PASSED  ] 1 test.
<end of output>
Test time =   0.01 sec
----------------------------------------------------------
Test Passed.
"StackTest.LoadFromBadFile" end time: Nov 21 15:09 +07
"StackTest.LoadFromBadFile" time elapsed: 00:00:00
----------------------------------------------------------

59/134 Testing: DestructorTest.StackCleanup
59/134 Test: DestructorTest.StackCleanup
Command: "/home/alex/labs3/build/stack_test" "--gtest_filter=DestructorTest.StackCleanup" "--gtest_also_run_disabled_tests"
Directory: /home/alex/labs3/build
"DestructorTest.StackCleanup" start time: Nov 21 15:09 +07
Output:
----------------------------------------------------------
Running main() from /home/alex/labs3/build/_deps/googletest-src/googletest/src/gtest_main.cc
Note: Google Test filter = DestructorTest.StackCleanup
[==========] Running 1 test from 1 test suite.
[----------] Global test environment set-up.
[----------] 1 test from DestructorTest
[ RUN      ] DestructorTest.StackCleanup
[       OK ] DestructorTest.StackCleanup (0 ms)
[----------] 1 test from DestructorTest (0 ms total)

[----------] Global test environment tear-down
[==========] 1 test from 1 test suite ran. (0 ms total)
[  PASSED  ] 1 test.
<end of output>
Test time =   0.01 sec
----------------------------------------------------------
Test Passed.
"DestructorTest.StackCleanup" end time: Nov 21 15:09 +07
"DestructorTest.StackCleanup" time elapsed: 00:00:00
----------------------------------------------------------

60/134 Testing: benchmark
60/134 Test: benchmark
Command: "/home/alex/labs3/build/_deps/googlebenchmark-build/test/benchmark_test" "--benchmark_min_time=0.01s"
Directory: /home/alex/labs3/build/_deps/googlebenchmark-build/test
"benchmark" start time: Nov 21 15:09 +07
Output:
----------------------------------------------------------
2025-11-21T15:09:35+07:00
Running /home/alex/labs3/build/_deps/googlebenchmark-build/test/benchmark_test
Run on (18 X 4500 MHz CPU s)
CPU Caches:
  L1 Data 48 KiB (x9)
  L1 Instruction 64 KiB (x9)
  L2 Unified 2048 KiB (x9)
  L3 Unified 18432 KiB (x1)
Load Average: 0.92, 1.53, 1.38
***WARNING*** CPU scaling is enabled, the benchmark real time measurements may be noisy and will incur extra overhead.
***WARNING*** Library was built as DEBUG. Timings may be affected.
-----------------------------------------------------------------------------------
Benchmark                                         Time             CPU   Iterations
-----------------------------------------------------------------------------------
BM_Factorial                                   32.5 ns         32.5 ns       396895 40320
BM_Factorial/real_time                         32.8 ns         32.7 ns       420756 40320
BM_CalculatePiRange/1                          15.5 ns         15.5 ns       903852 0
BM_CalculatePiRange/8                          44.4 ns         44.3 ns       285275 3.28374
BM_CalculatePiRange/64                          228 ns          228 ns        62694 3.15746
BM_CalculatePiRange/512                        1721 ns         1721 ns         7699 3.14355
BM_CalculatePiRange/4096                      13345 ns        13345 ns         1054 3.14184
BM_CalculatePiRange/32768                    105930 ns       105932 ns          132 3.14162
BM_CalculatePiRange/262144                   867450 ns       867414 ns           16 3.1416
BM_CalculatePiRange/1048576                 3382378 ns      3379082 ns            4 3.14159
BM_CalculatePi/threads:8                       7901 ns        63158 ns          272
BM_CalculatePi/threads:1                       4294 ns         4294 ns         3307
BM_CalculatePi/threads:2                       5095 ns        10181 ns         1250
BM_CalculatePi/threads:4                       7227 ns        28827 ns          404
BM_CalculatePi/threads:8                       6942 ns        55531 ns          336
BM_CalculatePi/threads:16                     11284 ns       179653 ns          112
BM_CalculatePi/threads:32                      3031 ns        95675 ns          160
BM_CalculatePi/threads:18                      9652 ns       172926 ns          126
BM_SetInsert/1024/128                         67145 ns        67103 ns          177 bytes_per_second=7.2766Mi/s items_per_second=1.90752M/s
BM_SetInsert/4096/128                         70783 ns        70679 ns          198 bytes_per_second=6.9084Mi/s items_per_second=1.811M/s
BM_SetInsert/8192/128                         72460 ns        72370 ns          189 bytes_per_second=6.74703Mi/s items_per_second=1.76869M/s
BM_SetInsert/1024/512                        244984 ns       244981 ns           57 bytes_per_second=7.97255Mi/s items_per_second=2.08996M/s
BM_SetInsert/4096/512                        275801 ns       275740 ns           51 bytes_per_second=7.08321Mi/s items_per_second=1.85682M/s
BM_SetInsert/8192/512                        292539 ns       292469 ns           49 bytes_per_second=6.67805Mi/s items_per_second=1.75061M/s
BM_Sequential<std::vector<int>,int>/1          30.1 ns         30.1 ns       470993 bytes_per_second=126.922Mi/s items_per_second=33.2719M/s
BM_Sequential<std::vector<int>,int>/8           621 ns          621 ns        22686 bytes_per_second=49.1512Mi/s items_per_second=12.8847M/s
BM_Sequential<std::vector<int>,int>/64         1584 ns         1584 ns         8562 bytes_per_second=154.176Mi/s items_per_second=40.4164M/s
BM_Sequential<std::vector<int>,int>/512        6531 ns         6531 ns         2140 bytes_per_second=299.075Mi/s items_per_second=78.4006M/s
BM_Sequential<std::vector<int>,int>/1024      11713 ns        11713 ns         1190 bytes_per_second=333.496Mi/s items_per_second=87.424M/s
BM_Sequential<std::list<int>>/1                26.4 ns         26.4 ns       533024 bytes_per_second=144.512Mi/s items_per_second=37.8829M/s
BM_Sequential<std::list<int>>/8                 545 ns          545 ns        26625 bytes_per_second=56.0153Mi/s items_per_second=14.6841M/s
BM_Sequential<std::list<int>>/64               5599 ns         5598 ns         2478 bytes_per_second=43.6096Mi/s items_per_second=11.432M/s
BM_Sequential<std::list<int>>/512             46272 ns        46270 ns          302 bytes_per_second=42.2113Mi/s items_per_second=11.0654M/s
BM_Sequential<std::list<int>>/1024            92613 ns        92611 ns          150 bytes_per_second=42.1792Mi/s items_per_second=11.057M/s
BM_Sequential<std::vector<int>, int>/512       6500 ns         6500 ns         2144 bytes_per_second=300.477Mi/s items_per_second=78.7683M/s
BM_StringCompare/1                             5.83 ns         5.83 ns      2399936
BM_StringCompare/8                             6.50 ns         6.50 ns      2298881
BM_StringCompare/64                            6.15 ns         6.15 ns      2319418
BM_StringCompare/512                           16.5 ns         16.5 ns       774216
BM_StringCompare/4096                          88.1 ns         88.1 ns       157692
BM_StringCompare/32768                          748 ns          748 ns        18712
BM_StringCompare/262144                        7765 ns         7765 ns         1801
BM_StringCompare/1048576                      35710 ns        35710 ns          390
BM_SetupTeardown/threads:18                     588 ns         7578 ns         3042
BM_LongTest/65536                            489915 ns       488229 ns           28
BM_LongTest/262144                          1930405 ns      1930416 ns            7
BM_LongTest/2097152                        15684324 ns     15684435 ns            1
BM_LongTest/16777216                       98839740 ns     98826894 ns            1
BM_LongTest/134217728                     803594817 ns    802992623 ns            1
BM_LongTest/268435456                    1575667010 ns   1575370985 ns            1
BM_ParallelMemset/10485760/threads:1       28013703 ns     28010310 ns            1
BM_ParallelMemset/10485760/threads:2      281047159 ns    562005850 ns            2
BM_ParallelMemset/10485760/threads:4      115747870 ns    462918689 ns            4
BM_ManualTiming/1/real_time                   55560 ns         3566 ns          253 items_per_second=17.9986k/s
BM_ManualTiming/8/real_time                   62726 ns         3820 ns          224 items_per_second=127.54k/s
BM_ManualTiming/64/real_time                 117577 ns         3959 ns          118 items_per_second=544.326k/s
BM_ManualTiming/512/real_time                578170 ns         9315 ns           24 items_per_second=885.553k/s
BM_ManualTiming/4096/real_time              4254845 ns        78448 ns            3 items_per_second=962.667k/s
BM_ManualTiming/16384/real_time            16542608 ns        81834 ns            1 items_per_second=990.412k/s
BM_ManualTiming/1/manual_time                 55420 ns         4015 ns          254 items_per_second=18.044k/s
BM_ManualTiming/8/manual_time                 62368 ns         4068 ns          226 items_per_second=128.271k/s
BM_ManualTiming/64/manual_time               117392 ns         4137 ns          117 items_per_second=545.18k/s
BM_ManualTiming/512/manual_time              602251 ns        11418 ns           25 items_per_second=850.144k/s
BM_ManualTiming/4096/manual_time            4373305 ns        78930 ns            3 items_per_second=936.591k/s
BM_ManualTiming/16384/manual_time          16748960 ns        85942 ns            1 items_per_second=978.21k/s
BM_with_args/int_test                          3.44 ns         3.44 ns      3930522
BM_with_args/string_and_pair_test              3.27 ns         3.27 ns      4155274
BM_non_template_args/basic_test                4.53 ns         4.53 ns      3127402
BM_DenseThreadRanges/1/threads:1               3.57 ns         3.57 ns      3768815
BM_DenseThreadRanges/1/threads:2               76.2 ns          152 ns       105294
BM_DenseThreadRanges/1/threads:3               41.6 ns          125 ns       167166
BM_DenseThreadRanges/2/threads:1               3.58 ns         3.58 ns      3884291
BM_DenseThreadRanges/2/threads:3               27.9 ns         83.4 ns       167715
BM_DenseThreadRanges/2/threads:4               45.0 ns          180 ns        74812
BM_DenseThreadRanges/3/threads:5               44.1 ns          220 ns        70035
[...]
----------------------------------------------------------
Test Passed.
"complexity_benchmark" end time: Nov 21 15:10 +07
"complexity_benchmark" time elapsed: 00:00:01
----------------------------------------------------------

126/134 Testing: benchmark_gtest
126/134 Test: benchmark_gtest
Command: "/home/alex/labs3/build/_deps/googlebenchmark-build/test/benchmark_gtest"
Directory: /home/alex/labs3/build/_deps/googlebenchmark-build/test
"benchmark_gtest" start time: Nov 21 15:10 +07
Output:
----------------------------------------------------------
Running main() from gmock_main.cc
[==========] Running 20 tests from 2 test suites.
[----------] Global test environment set-up.
[----------] 18 tests from AddRangeTest
[ RUN      ] AddRangeTest.Simple
[       OK ] AddRangeTest.Simple (0 ms)
[ RUN      ] AddRangeTest.Simple64
[       OK ] AddRangeTest.Simple64 (0 ms)
[ RUN      ] AddRangeTest.Advanced
[       OK ] AddRangeTest.Advanced (0 ms)
[ RUN      ] AddRangeTest.Advanced64
[       OK ] AddRangeTest.Advanced64 (0 ms)
[ RUN      ] AddRangeTest.FullRange8
[       OK ] AddRangeTest.FullRange8 (0 ms)
[ RUN      ] AddRangeTest.FullRange64
[       OK ] AddRangeTest.FullRange64 (0 ms)
[ RUN      ] AddRangeTest.NegativeRanges
[       OK ] AddRangeTest.NegativeRanges (0 ms)
[ RUN      ] AddRangeTest.StrictlyNegative
[       OK ] AddRangeTest.StrictlyNegative (0 ms)
[ RUN      ] AddRangeTest.SymmetricNegativeRanges
[       OK ] AddRangeTest.SymmetricNegativeRanges (0 ms)
[ RUN      ] AddRangeTest.SymmetricNegativeRangesOddMult
[       OK ] AddRangeTest.SymmetricNegativeRangesOddMult (0 ms)
[ RUN      ] AddRangeTest.NegativeRangesAsymmetric
[       OK ] AddRangeTest.NegativeRangesAsymmetric (0 ms)
[ RUN      ] AddRangeTest.NegativeRangesLargeStep
[       OK ] AddRangeTest.NegativeRangesLargeStep (0 ms)
[ RUN      ] AddRangeTest.ZeroOnlyRange
[       OK ] AddRangeTest.ZeroOnlyRange (0 ms)
[ RUN      ] AddRangeTest.ZeroStartingRange
[       OK ] AddRangeTest.ZeroStartingRange (0 ms)
[ RUN      ] AddRangeTest.NegativeRange64
[       OK ] AddRangeTest.NegativeRange64 (0 ms)
[ RUN      ] AddRangeTest.NegativeRangePreservesExistingOrder
[       OK ] AddRangeTest.NegativeRangePreservesExistingOrder (0 ms)
[ RUN      ] AddRangeTest.FullNegativeRange64
[       OK ] AddRangeTest.FullNegativeRange64 (0 ms)
[ RUN      ] AddRangeTest.Simple8
[       OK ] AddRangeTest.Simple8 (0 ms)
[----------] 18 tests from AddRangeTest (0 ms total)

[----------] 2 tests from AddCustomContext
[ RUN      ] AddCustomContext.Simple
[       OK ] AddCustomContext.Simple (0 ms)
[ RUN      ] AddCustomContext.DuplicateKey
Failed to add custom context "foo" as it already exists with value "qux"
[       OK ] AddCustomContext.DuplicateKey (0 ms)
[----------] 2 tests from AddCustomContext (0 ms total)

[----------] Global test environment tear-down
[==========] 20 tests from 2 test suites ran. (0 ms total)
[  PASSED  ] 20 tests.
<end of output>
Test time =   0.01 sec
----------------------------------------------------------
Test Passed.
"benchmark_gtest" end time: Nov 21 15:10 +07
"benchmark_gtest" time elapsed: 00:00:00
----------------------------------------------------------

127/134 Testing: benchmark_name_gtest
127/134 Test: benchmark_name_gtest
Command: "/home/alex/labs3/build/_deps/googlebenchmark-build/test/benchmark_name_gtest"
Directory: /home/alex/labs3/build/_deps/googlebenchmark-build/test
"benchmark_name_gtest" start time: Nov 21 15:10 +07
Output:
----------------------------------------------------------
Running main() from gmock_main.cc
[==========] Running 10 tests from 1 test suite.
[----------] Global test environment set-up.
[----------] 10 tests from BenchmarkNameTest
[ RUN      ] BenchmarkNameTest.Empty
[       OK ] BenchmarkNameTest.Empty (0 ms)
[ RUN      ] BenchmarkNameTest.FunctionName
[       OK ] BenchmarkNameTest.FunctionName (0 ms)
[ RUN      ] BenchmarkNameTest.FunctionNameAndArgs
[       OK ] BenchmarkNameTest.FunctionNameAndArgs (0 ms)
[ RUN      ] BenchmarkNameTest.MinTime
[       OK ] BenchmarkNameTest.MinTime (0 ms)
[ RUN      ] BenchmarkNameTest.MinWarmUpTime
[       OK ] BenchmarkNameTest.MinWarmUpTime (0 ms)
[ RUN      ] BenchmarkNameTest.Iterations
[       OK ] BenchmarkNameTest.Iterations (0 ms)
[ RUN      ] BenchmarkNameTest.Repetitions
[       OK ] BenchmarkNameTest.Repetitions (0 ms)
[ RUN      ] BenchmarkNameTest.TimeType
[       OK ] BenchmarkNameTest.TimeType (0 ms)
[ RUN      ] BenchmarkNameTest.Threads
[       OK ] BenchmarkNameTest.Threads (0 ms)
[ RUN      ] BenchmarkNameTest.TestEmptyFunctionName
[       OK ] BenchmarkNameTest.TestEmptyFunctionName (0 ms)
[----------] 10 tests from BenchmarkNameTest (0 ms total)

[----------] Global test environment tear-down
[==========] 10 tests from 1 test suite ran. (0 ms total)
[  PASSED  ] 10 tests.
<end of output>
Test time =   0.01 sec
----------------------------------------------------------
Test Passed.
"benchmark_name_gtest" end time: Nov 21 15:10 +07
"benchmark_name_gtest" time elapsed: 00:00:00
----------------------------------------------------------

128/134 Testing: benchmark_random_interleaving_gtest
128/134 Test: benchmark_random_interleaving_gtest
Command: "/home/alex/labs3/build/_deps/googlebenchmark-build/test/benchmark_random_interleaving_gtest"
Directory: /home/alex/labs3/build/_deps/googlebenchmark-build/test
"benchmark_random_interleaving_gtest" start time: Nov 21 15:10 +07
Output:
----------------------------------------------------------
Running main() from gmock_main.cc
[==========] Running 3 tests from 1 test suite.
[----------] Global test environment set-up.
[----------] 3 tests from BenchmarkTest
[ RUN      ] BenchmarkTest.Match1
[       OK ] BenchmarkTest.Match1 (1 ms)
[ RUN      ] BenchmarkTest.Match1WithRepetition
[       OK ] BenchmarkTest.Match1WithRepetition (0 ms)
[ RUN      ] BenchmarkTest.Match1WithRandomInterleaving
[       OK ] BenchmarkTest.Match1WithRandomInterleaving (2 ms)
[----------] 3 tests from BenchmarkTest (3 ms total)

[----------] Global test environment tear-down
[==========] 3 tests from 1 test suite ran. (3 ms total)
[  PASSED  ] 3 tests.
<end of output>
Test time =   0.01 sec
----------------------------------------------------------
Test Passed.
"benchmark_random_interleaving_gtest" end time: Nov 21 15:10 +07
"benchmark_random_interleaving_gtest" time elapsed: 00:00:00
----------------------------------------------------------

129/134 Testing: commandlineflags_gtest
129/134 Test: commandlineflags_gtest
Command: "/home/alex/labs3/build/_deps/googlebenchmark-build/test/commandlineflags_gtest"
Directory: /home/alex/labs3/build/_deps/googlebenchmark-build/test
"commandlineflags_gtest" start time: Nov 21 15:10 +07
Output:
----------------------------------------------------------
Running main() from gmock_main.cc
[==========] Running 15 tests from 5 test suites.
[----------] Global test environment set-up.
[----------] 3 tests from BoolFromEnv
[ RUN      ] BoolFromEnv.Default
[       OK ] BoolFromEnv.Default (0 ms)
[ RUN      ] BoolFromEnv.False
[       OK ] BoolFromEnv.False (0 ms)
[ RUN      ] BoolFromEnv.True
[       OK ] BoolFromEnv.True (0 ms)
[----------] 3 tests from BoolFromEnv (0 ms total)

[----------] 3 tests from Int32FromEnv
[ RUN      ] Int32FromEnv.NotInEnv
[       OK ] Int32FromEnv.NotInEnv (0 ms)
[ RUN      ] Int32FromEnv.InvalidInteger
Environment variable IN_ENV is expected to be a 32-bit integer, but actually has value "foo".
[       OK ] Int32FromEnv.InvalidInteger (0 ms)
[ RUN      ] Int32FromEnv.ValidInteger
[       OK ] Int32FromEnv.ValidInteger (0 ms)
[----------] 3 tests from Int32FromEnv (0 ms total)

[----------] 3 tests from DoubleFromEnv
[ RUN      ] DoubleFromEnv.NotInEnv
[       OK ] DoubleFromEnv.NotInEnv (0 ms)
[ RUN      ] DoubleFromEnv.InvalidReal
Environment variable IN_ENV is expected to be a double, but actually has value "foo".
[       OK ] DoubleFromEnv.InvalidReal (0 ms)
[ RUN      ] DoubleFromEnv.ValidReal
[       OK ] DoubleFromEnv.ValidReal (0 ms)
[----------] 3 tests from DoubleFromEnv (0 ms total)

[----------] 2 tests from StringFromEnv
[ RUN      ] StringFromEnv.Default
[       OK ] StringFromEnv.Default (0 ms)
[ RUN      ] StringFromEnv.Valid
[       OK ] StringFromEnv.Valid (0 ms)
[----------] 2 tests from StringFromEnv (0 ms total)

[----------] 4 tests from KvPairsFromEnv
[ RUN      ] KvPairsFromEnv.Default
[       OK ] KvPairsFromEnv.Default (0 ms)
[ RUN      ] KvPairsFromEnv.MalformedReturnsDefault
Environment variable IN_ENV is expected to be a comma-separated list of <key>=<value> strings, but actually has value "foo".
[       OK ] KvPairsFromEnv.MalformedReturnsDefault (0 ms)
[ RUN      ] KvPairsFromEnv.Single
[       OK ] KvPairsFromEnv.Single (0 ms)
[ RUN      ] KvPairsFromEnv.Multiple
[       OK ] KvPairsFromEnv.Multiple (0 ms)
[----------] 4 tests from KvPairsFromEnv (0 ms total)

[----------] Global test environment tear-down
[==========] 15 tests from 5 test suites ran. (0 ms total)
[  PASSED  ] 15 tests.
<end of output>
Test time =   0.01 sec
----------------------------------------------------------
Test Passed.
"commandlineflags_gtest" end time: Nov 21 15:10 +07
"commandlineflags_gtest" time elapsed: 00:00:00
----------------------------------------------------------

130/134 Testing: statistics_gtest
130/134 Test: statistics_gtest
Command: "/home/alex/labs3/build/_deps/googlebenchmark-build/test/statistics_gtest"
Directory: /home/alex/labs3/build/_deps/googlebenchmark-build/test
"statistics_gtest" start time: Nov 21 15:10 +07
Output:
----------------------------------------------------------
Running main() from gmock_main.cc
[==========] Running 4 tests from 1 test suite.
[----------] Global test environment set-up.
[----------] 4 tests from StatisticsTest
[ RUN      ] StatisticsTest.Mean
[       OK ] StatisticsTest.Mean (0 ms)
[ RUN      ] StatisticsTest.Median
[       OK ] StatisticsTest.Median (0 ms)
[ RUN      ] StatisticsTest.StdDev
[       OK ] StatisticsTest.StdDev (0 ms)
[ RUN      ] StatisticsTest.CV
[       OK ] StatisticsTest.CV (0 ms)
[----------] 4 tests from StatisticsTest (0 ms total)

[----------] Global test environment tear-down
[==========] 4 tests from 1 test suite ran. (0 ms total)
[  PASSED  ] 4 tests.
<end of output>
Test time =   0.01 sec
----------------------------------------------------------
Test Passed.
"statistics_gtest" end time: Nov 21 15:10 +07
"statistics_gtest" time elapsed: 00:00:00
----------------------------------------------------------

131/134 Testing: string_util_gtest
131/134 Test: string_util_gtest
Command: "/home/alex/labs3/build/_deps/googlebenchmark-build/test/string_util_gtest"
Directory: /home/alex/labs3/build/_deps/googlebenchmark-build/test
"string_util_gtest" start time: Nov 21 15:10 +07
Output:
----------------------------------------------------------
Running main() from gmock_main.cc
[==========] Running 20 tests from 2 test suites.
[----------] Global test environment set-up.
[----------] 4 tests from StringUtilTest
[ RUN      ] StringUtilTest.stoul
[       OK ] StringUtilTest.stoul (0 ms)
[ RUN      ] StringUtilTest.stoi
[       OK ] StringUtilTest.stoi (0 ms)
[ RUN      ] StringUtilTest.stod
[       OK ] StringUtilTest.stod (0 ms)
[ RUN      ] StringUtilTest.StrSplit
[       OK ] StringUtilTest.StrSplit (0 ms)
[----------] 4 tests from StringUtilTest (0 ms total)

[----------] 16 tests from HumanReadableTests/HumanReadableFixture
[ RUN      ] HumanReadableTests/HumanReadableFixture.HumanReadableNumber/0
[       OK ] HumanReadableTests/HumanReadableFixture.HumanReadableNumber/0 (0 ms)
[ RUN      ] HumanReadableTests/HumanReadableFixture.HumanReadableNumber/1
[       OK ] HumanReadableTests/HumanReadableFixture.HumanReadableNumber/1 (0 ms)
[ RUN      ] HumanReadableTests/HumanReadableFixture.HumanReadableNumber/2
[       OK ] HumanReadableTests/HumanReadableFixture.HumanReadableNumber/2 (0 ms)
[ RUN      ] HumanReadableTests/HumanReadableFixture.HumanReadableNumber/3
[       OK ] HumanReadableTests/HumanReadableFixture.HumanReadableNumber/3 (0 ms)
[ RUN      ] HumanReadableTests/HumanReadableFixture.HumanReadableNumber/4
[       OK ] HumanReadableTests/HumanReadableFixture.HumanReadableNumber/4 (0 ms)
[ RUN      ] HumanReadableTests/HumanReadableFixture.HumanReadableNumber/5
[       OK ] HumanReadableTests/HumanReadableFixture.HumanReadableNumber/5 (0 ms)
[ RUN      ] HumanReadableTests/HumanReadableFixture.HumanReadableNumber/6
[       OK ] HumanReadableTests/HumanReadableFixture.HumanReadableNumber/6 (0 ms)
[ RUN      ] HumanReadableTests/HumanReadableFixture.HumanReadableNumber/7
[       OK ] HumanReadableTests/HumanReadableFixture.HumanReadableNumber/7 (0 ms)
[ RUN      ] HumanReadableTests/HumanReadableFixture.HumanReadableNumber/8
[       OK ] HumanReadableTests/HumanReadableFixture.HumanReadableNumber/8 (0 ms)
[ RUN      ] HumanReadableTests/HumanReadableFixture.HumanReadableNumber/9
[       OK ] HumanReadableTests/HumanReadableFixture.HumanReadableNumber/9 (0 ms)
[ RUN      ] HumanReadableTests/HumanReadableFixture.HumanReadableNumber/10
[       OK ] HumanReadableTests/HumanReadableFixture.HumanReadableNumber/10 (0 ms)
[ RUN      ] HumanReadableTests/HumanReadableFixture.HumanReadableNumber/11
[       OK ] HumanReadableTests/HumanReadableFixture.HumanReadableNumber/11 (0 ms)
[ RUN      ] HumanReadableTests/HumanReadableFixture.HumanReadableNumber/12
[       OK ] HumanReadableTests/HumanReadableFixture.HumanReadableNumber/12 (0 ms)
[ RUN      ] HumanReadableTests/HumanReadableFixture.HumanReadableNumber/13
[       OK ] HumanReadableTests/HumanReadableFixture.HumanReadableNumber/13 (0 ms)
[ RUN      ] HumanReadableTests/HumanReadableFixture.HumanReadableNumber/14
[       OK ] HumanReadableTests/HumanReadableFixture.HumanReadableNumber/14 (0 ms)
[ RUN      ] HumanReadableTests/HumanReadableFixture.HumanReadableNumber/15
[       OK ] HumanReadableTests/HumanReadableFixture.HumanReadableNumber/15 (0 ms)
[----------] 16 tests from HumanReadableTests/HumanReadableFixture (0 ms total)

[----------] Global test environment tear-down
[==========] 20 tests from 2 test suites ran. (1 ms total)
[  PASSED  ] 20 tests.
<end of output>
Test time =   0.01 sec
----------------------------------------------------------
Test Passed.
"string_util_gtest" end time: Nov 21 15:10 +07
"string_util_gtest" time elapsed: 00:00:00
----------------------------------------------------------

132/134 Testing: perf_counters_gtest
132/134 Test: perf_counters_gtest
Command: "/home/alex/labs3/build/_deps/googlebenchmark-build/test/perf_counters_gtest"
Directory: /home/alex/labs3/build/_deps/googlebenchmark-build/test
"perf_counters_gtest" start time: Nov 21 15:10 +07
Output:
----------------------------------------------------------
Running main() from gmock_main.cc
[==========] Running 9 tests from 1 test suite.
[----------] Global test environment set-up.
[----------] 9 tests from PerfCountersTest
[ RUN      ] PerfCountersTest.Init
[       OK ] PerfCountersTest.Init (0 ms)
[ RUN      ] PerfCountersTest.OneCounter
/home/alex/labs3/build/_deps/googlebenchmark-src/test/perf_counters_gtest.cc:32: Skipped
Performance counters not supported.


[  SKIPPED ] PerfCountersTest.OneCounter (0 ms)
[ RUN      ] PerfCountersTest.NegativeTest
[       OK ] PerfCountersTest.NegativeTest (0 ms)
[ RUN      ] PerfCountersTest.Read1Counter
/home/alex/labs3/build/_deps/googlebenchmark-src/test/perf_counters_gtest.cc:86: Skipped
Test skipped because libpfm is not supported.


[  SKIPPED ] PerfCountersTest.Read1Counter (0 ms)
[ RUN      ] PerfCountersTest.Read2Counters
/home/alex/labs3/build/_deps/googlebenchmark-src/test/perf_counters_gtest.cc:102: Skipped
Test skipped because libpfm is not supported.


[  SKIPPED ] PerfCountersTest.Read2Counters (0 ms)
[ RUN      ] PerfCountersTest.ReopenExistingCounters
/home/alex/labs3/build/_deps/googlebenchmark-src/test/perf_counters_gtest.cc:122: Skipped
Test skipped because libpfm is not supported.


[  SKIPPED ] PerfCountersTest.ReopenExistingCounters (0 ms)
[ RUN      ] PerfCountersTest.CreateExistingMeasurements
/home/alex/labs3/build/_deps/googlebenchmark-src/test/perf_counters_gtest.cc:141: Skipped
Test skipped because libpfm is not supported.


[  SKIPPED ] PerfCountersTest.CreateExistingMeasurements (0 ms)
[ RUN      ] PerfCountersTest.MultiThreaded
/home/alex/labs3/build/_deps/googlebenchmark-src/test/perf_counters_gtest.cc:237: Skipped
Test skipped because libpfm is not supported.

[  SKIPPED ] PerfCountersTest.MultiThreaded (0 ms)
[ RUN      ] PerfCountersTest.HardwareLimits
/home/alex/labs3/build/_deps/googlebenchmark-src/test/perf_counters_gtest.cc:275: Skipped
Test skipped because libpfm is not supported.


[  SKIPPED ] PerfCountersTest.HardwareLimits (0 ms)
[----------] 9 tests from PerfCountersTest (0 ms total)

[----------] Global test environment tear-down
[==========] 9 tests from 1 test suite ran. (0 ms total)
[  PASSED  ] 2 tests.
[  SKIPPED ] 7 tests, listed below:
[  SKIPPED ] PerfCountersTest.OneCounter
[  SKIPPED ] PerfCountersTest.Read1Counter
[  SKIPPED ] PerfCountersTest.Read2Counters
[  SKIPPED ] PerfCountersTest.ReopenExistingCounters
[  SKIPPED ] PerfCountersTest.CreateExistingMeasurements
[  SKIPPED ] PerfCountersTest.MultiThreaded
[  SKIPPED ] PerfCountersTest.HardwareLimits
<end of output>
Test time =   0.01 sec
----------------------------------------------------------
Test Passed.
"perf_counters_gtest" end time: Nov 21 15:10 +07
"perf_counters_gtest" time elapsed: 00:00:00
----------------------------------------------------------

133/134 Testing: time_unit_gtest
133/134 Test: time_unit_gtest
Command: "/home/alex/labs3/build/_deps/googlebenchmark-build/test/time_unit_gtest"
Directory: /home/alex/labs3/build/_deps/googlebenchmark-build/test
"time_unit_gtest" start time: Nov 21 15:10 +07
Output:
----------------------------------------------------------
Running main() from gmock_main.cc
[==========] Running 3 tests from 1 test suite.
[----------] Global test environment set-up.
[----------] 3 tests from DefaultTimeUnitTest
[ RUN      ] DefaultTimeUnitTest.TimeUnitIsNotSet
[       OK ] DefaultTimeUnitTest.TimeUnitIsNotSet (0 ms)
[ RUN      ] DefaultTimeUnitTest.DefaultIsSet
[       OK ] DefaultTimeUnitTest.DefaultIsSet (0 ms)
[ RUN      ] DefaultTimeUnitTest.DefaultAndExplicitUnitIsSet
[       OK ] DefaultTimeUnitTest.DefaultAndExplicitUnitIsSet (0 ms)
[----------] 3 tests from DefaultTimeUnitTest (0 ms total)

[----------] Global test environment tear-down
[==========] 3 tests from 1 test suite ran. (0 ms total)
[  PASSED  ] 3 tests.
<end of output>
Test time =   0.01 sec
----------------------------------------------------------
Test Passed.
"time_unit_gtest" end time: Nov 21 15:10 +07
"time_unit_gtest" time elapsed: 00:00:00
----------------------------------------------------------

134/134 Testing: min_time_parse_gtest
134/134 Test: min_time_parse_gtest
Command: "/home/alex/labs3/build/_deps/googlebenchmark-build/test/min_time_parse_gtest"
Directory: /home/alex/labs3/build/_deps/googlebenchmark-build/test
"min_time_parse_gtest" start time: Nov 21 15:10 +07
Output:
----------------------------------------------------------
Running main() from gmock_main.cc
[==========] Running 1 test from 1 test suite.
[----------] Global test environment set-up.
[----------] 1 test from ParseMinTimeTest
[ RUN      ] ParseMinTimeTest.InvalidInput
[       OK ] ParseMinTimeTest.InvalidInput (4634 ms)
[----------] 1 test from ParseMinTimeTest (4634 ms total)

[----------] Global test environment tear-down
[==========] 1 test from 1 test suite ran. (4634 ms total)
[  PASSED  ] 1 test.
<end of output>
Test time =   4.65 sec
----------------------------------------------------------
Test Passed.
"min_time_parse_gtest" end time: Nov 21 15:10 +07
"min_time_parse_gtest" time elapsed: 00:00:04
----------------------------------------------------------

End testing: Nov 21 15:10 +07
