mode: set
datastructures/ds/arr.go:9.24,13.2 1 1
datastructures/ds/arr.go:15.36,17.2 1 1
datastructures/ds/arr.go:19.37,21.2 1 1
datastructures/ds/arr.go:23.44,24.34 1 1
datastructures/ds/arr.go:24.34,26.3 1 1
datastructures/ds/arr.go:27.2,27.24 1 1
datastructures/ds/arr.go:27.24,30.3 2 1
datastructures/ds/arr.go:31.2,32.19 2 1
datastructures/ds/arr.go:35.27,36.22 1 1
datastructures/ds/arr.go:36.22,38.3 1 1
datastructures/ds/arr.go:39.2,39.21 1 1
datastructures/ds/arr.go:42.26,43.22 1 1
datastructures/ds/arr.go:43.22,45.3 1 1
datastructures/ds/arr.go:46.2,46.33 1 1
datastructures/ds/arr.go:49.32,50.35 1 1
datastructures/ds/arr.go:50.35,52.3 1 1
datastructures/ds/arr.go:53.2,53.50 1 1
datastructures/ds/arr.go:56.45,57.35 1 1
datastructures/ds/arr.go:57.35,59.3 1 1
datastructures/ds/arr.go:60.2,60.19 1 1
datastructures/ds/arr.go:63.39,64.35 1 1
datastructures/ds/arr.go:64.35,66.3 1 1
datastructures/ds/arr.go:67.2,67.26 1 1
datastructures/ds/arr.go:70.30,72.2 1 1
datastructures/ds/arr.go:74.29,75.22 1 1
datastructures/ds/arr.go:75.22,78.3 2 1
datastructures/ds/arr.go:79.2,80.29 2 0
datastructures/ds/arr.go:80.29,82.3 1 0
datastructures/ds/arr.go:83.2,83.15 1 0
datastructures/ds/arr_serialize.go:5.40,7.2 1 1
datastructures/ds/arr_serialize.go:9.71,11.2 1 1
datastructures/ds/arr_serialize.go:13.73,15.16 2 1
datastructures/ds/arr_serialize.go:15.16,17.3 1 0
datastructures/ds/arr_serialize.go:18.2,19.12 2 1
datastructures/ds/arr_serialize.go:22.77,24.2 1 1
datastructures/ds/arr_serialize.go:26.79,28.16 2 1
datastructures/ds/arr_serialize.go:28.16,30.3 1 0
datastructures/ds/arr_serialize.go:31.2,32.12 2 1
datastructures/ds/cbt.go:16.35,18.2 1 1
datastructures/ds/cbt.go:20.77,21.17 1 1
datastructures/ds/cbt.go:21.17,24.3 2 1
datastructures/ds/cbt.go:25.2,25.23 1 1
datastructures/ds/cbt.go:25.23,27.3 1 1
datastructures/ds/cbt.go:27.8,27.30 1 1
datastructures/ds/cbt.go:27.30,29.3 1 1
datastructures/ds/cbt.go:30.2,30.13 1 1
datastructures/ds/cbt.go:33.48,35.2 1 1
datastructures/ds/cbt.go:37.62,38.38 1 1
datastructures/ds/cbt.go:38.38,40.3 1 1
datastructures/ds/cbt.go:41.2,41.13 1 1
datastructures/ds/cbt.go:44.81,45.17 1 1
datastructures/ds/cbt.go:45.17,47.3 1 1
datastructures/ds/cbt.go:49.2,49.23 1 1
datastructures/ds/cbt.go:49.23,51.3 1 1
datastructures/ds/cbt.go:51.8,51.30 1 1
datastructures/ds/cbt.go:51.30,53.3 1 1
datastructures/ds/cbt.go:53.8,54.23 1 1
datastructures/ds/cbt.go:54.23,57.4 2 1
datastructures/ds/cbt.go:58.3,58.24 1 1
datastructures/ds/cbt.go:58.24,61.4 2 1
datastructures/ds/cbt.go:62.3,64.59 3 1
datastructures/ds/cbt.go:66.2,66.13 1 1
datastructures/ds/cbt.go:69.48,70.19 1 1
datastructures/ds/cbt.go:70.19,72.3 1 1
datastructures/ds/cbt.go:73.2,73.48 1 1
datastructures/ds/cbt.go:76.53,79.17 3 1
datastructures/ds/cbt.go:79.17,80.22 1 1
datastructures/ds/cbt.go:80.22,82.4 1 1
datastructures/ds/cbt.go:83.3,83.21 1 1
datastructures/ds/cbt.go:83.21,85.4 1 1
datastructures/ds/cbt.go:85.9,87.4 1 1
datastructures/ds/cbt.go:89.2,89.14 1 1
datastructures/ds/cbt.go:92.55,94.2 1 1
datastructures/ds/cbt.go:96.38,97.19 1 1
datastructures/ds/cbt.go:97.19,100.3 2 1
datastructures/ds/cbt.go:101.2,102.15 2 1
datastructures/ds/cbt.go:105.45,107.2 1 1
datastructures/ds/cbt.go:109.53,110.14 1 1
datastructures/ds/cbt.go:110.14,112.3 1 1
datastructures/ds/cbt.go:113.2,115.23 3 1
datastructures/ds/cbt.go:118.38,121.2 2 1
datastructures/ds/cbt.go:123.57,124.14 1 1
datastructures/ds/cbt.go:124.14,126.3 1 1
datastructures/ds/cbt.go:127.2,127.57 1 1
datastructures/ds/cbt_serialize.go:9.40,11.2 1 1
datastructures/ds/cbt_serialize.go:13.85,15.2 1 1
datastructures/ds/cbt_serialize.go:17.87,19.16 2 1
datastructures/ds/cbt_serialize.go:19.16,21.3 1 0
datastructures/ds/cbt_serialize.go:22.2,24.12 3 1
datastructures/ds/cbt_serialize.go:27.51,28.14 1 1
datastructures/ds/cbt_serialize.go:28.14,30.3 1 1
datastructures/ds/cbt_serialize.go:31.2,31.46 1 1
datastructures/ds/cbt_serialize.go:31.46,33.3 1 0
datastructures/ds/cbt_serialize.go:34.2,34.50 1 1
datastructures/ds/cbt_serialize.go:34.50,36.3 1 0
datastructures/ds/cbt_serialize.go:37.2,37.35 1 1
datastructures/ds/cbt_serialize.go:40.91,42.16 2 1
datastructures/ds/cbt_serialize.go:42.16,44.3 1 0
datastructures/ds/cbt_serialize.go:45.2,46.40 2 1
datastructures/ds/cbt_serialize.go:49.50,51.16 2 1
datastructures/ds/cbt_serialize.go:51.16,53.3 1 0
datastructures/ds/cbt_serialize.go:54.2,54.15 1 1
datastructures/ds/cbt_serialize.go:54.15,56.3 1 1
datastructures/ds/cbt_serialize.go:57.2,59.16 3 1
datastructures/ds/cbt_serialize.go:59.16,61.3 1 0
datastructures/ds/cbt_serialize.go:62.2,63.16 2 1
datastructures/ds/cbt_serialize.go:63.16,65.3 1 0
datastructures/ds/cbt_serialize.go:66.2,66.18 1 1
datastructures/ds/cbt_serialize.go:69.93,71.16 2 1
datastructures/ds/cbt_serialize.go:71.16,73.3 1 0
datastructures/ds/cbt_serialize.go:74.2,78.16 4 1
datastructures/ds/cbt_serialize.go:78.16,80.3 1 0
datastructures/ds/cbt_serialize.go:81.2,83.12 3 1
datastructures/ds/dlist.go:16.24,18.2 1 1
datastructures/ds/dlist.go:20.37,22.19 2 1
datastructures/ds/dlist.go:22.19,24.3 1 1
datastructures/ds/dlist.go:24.8,26.3 1 1
datastructures/ds/dlist.go:27.2,27.15 1 1
datastructures/ds/dlist.go:30.37,32.19 2 1
datastructures/ds/dlist.go:32.19,34.3 1 1
datastructures/ds/dlist.go:34.8,36.3 1 1
datastructures/ds/dlist.go:37.2,37.15 1 1
datastructures/ds/dlist.go:40.47,41.19 1 1
datastructures/ds/dlist.go:41.19,43.3 1 1
datastructures/ds/dlist.go:44.2,44.48 1 1
datastructures/ds/dlist.go:44.48,45.26 1 1
datastructures/ds/dlist.go:45.26,47.23 2 1
datastructures/ds/dlist.go:47.23,49.5 1 1
datastructures/ds/dlist.go:49.10,51.5 1 1
datastructures/ds/dlist.go:52.4,53.10 2 1
datastructures/ds/dlist.go:58.46,59.19 1 1
datastructures/ds/dlist.go:59.19,61.3 1 1
datastructures/ds/dlist.go:62.2,62.48 1 1
datastructures/ds/dlist.go:62.48,63.26 1 1
datastructures/ds/dlist.go:63.26,65.23 2 1
datastructures/ds/dlist.go:65.23,67.5 1 1
datastructures/ds/dlist.go:67.10,69.5 1 1
datastructures/ds/dlist.go:70.4,71.10 2 1
datastructures/ds/dlist.go:76.27,77.19 1 1
datastructures/ds/dlist.go:77.19,79.3 1 1
datastructures/ds/dlist.go:80.2,81.19 2 1
datastructures/ds/dlist.go:81.19,83.3 1 1
datastructures/ds/dlist.go:83.8,85.3 1 1
datastructures/ds/dlist.go:88.27,89.19 1 1
datastructures/ds/dlist.go:89.19,91.3 1 1
datastructures/ds/dlist.go:92.2,93.19 2 1
datastructures/ds/dlist.go:93.19,95.3 1 1
datastructures/ds/dlist.go:95.8,97.3 1 1
datastructures/ds/dlist.go:100.45,101.48 1 1
datastructures/ds/dlist.go:101.48,102.23 1 1
datastructures/ds/dlist.go:102.23,104.4 1 1
datastructures/ds/dlist.go:106.2,106.12 1 1
datastructures/ds/dlist.go:109.38,111.16 2 1
datastructures/ds/dlist.go:111.16,113.3 1 1
datastructures/ds/dlist.go:114.2,114.21 1 1
datastructures/ds/dlist.go:114.21,116.3 1 1
datastructures/ds/dlist.go:116.8,118.3 1 1
datastructures/ds/dlist.go:119.2,119.21 1 1
datastructures/ds/dlist.go:119.21,121.3 1 1
datastructures/ds/dlist.go:121.8,123.3 1 1
datastructures/ds/dlist.go:126.43,128.2 1 1
datastructures/ds/dlist.go:130.31,131.19 1 1
datastructures/ds/dlist.go:131.19,134.3 2 1
datastructures/ds/dlist.go:135.2,136.48 2 0
datastructures/ds/dlist.go:136.48,138.3 1 0
datastructures/ds/dlist.go:139.2,139.15 1 0
datastructures/ds/dlist.go:142.32,143.19 1 1
datastructures/ds/dlist.go:143.19,146.3 2 1
datastructures/ds/dlist.go:147.2,148.48 2 0
datastructures/ds/dlist.go:148.48,150.3 1 0
datastructures/ds/dlist.go:151.2,151.15 1 0
datastructures/ds/dlist.go:154.43,156.49 2 1
datastructures/ds/dlist.go:156.49,158.3 1 1
datastructures/ds/dlist.go:159.2,159.35 1 1
datastructures/ds/dlist.go:162.44,164.49 2 1
datastructures/ds/dlist.go:164.49,166.3 1 1
datastructures/ds/dlist.go:167.2,167.35 1 1
datastructures/ds/dlist_serialize.go:5.44,7.2 1 1
datastructures/ds/dlist_serialize.go:9.36,11.48 2 1
datastructures/ds/dlist_serialize.go:11.48,13.3 1 1
datastructures/ds/dlist_serialize.go:14.2,14.12 1 1
datastructures/ds/dlist_serialize.go:17.75,19.2 1 1
datastructures/ds/dlist_serialize.go:21.77,23.16 2 1
datastructures/ds/dlist_serialize.go:23.16,25.3 1 0
datastructures/ds/dlist_serialize.go:26.2,28.25 3 1
datastructures/ds/dlist_serialize.go:28.25,30.3 1 1
datastructures/ds/dlist_serialize.go:31.2,31.12 1 1
datastructures/ds/dlist_serialize.go:34.81,36.2 1 1
datastructures/ds/dlist_serialize.go:38.83,40.16 2 1
datastructures/ds/dlist_serialize.go:40.16,42.3 1 0
datastructures/ds/dlist_serialize.go:43.2,45.25 3 1
datastructures/ds/dlist_serialize.go:45.25,47.3 1 1
datastructures/ds/dlist_serialize.go:48.2,48.12 1 1
datastructures/ds/hash.go:10.39,12.25 2 1
datastructures/ds/hash.go:12.25,14.12 2 1
datastructures/ds/hash.go:14.12,16.4 1 0
datastructures/ds/hash.go:17.3,17.23 1 1
datastructures/ds/hash.go:19.2,19.10 1 1
datastructures/ds/hash.go:33.43,34.17 1 1
datastructures/ds/hash.go:34.17,36.3 1 0
datastructures/ds/hash.go:37.2,40.3 1 1
datastructures/ds/hash.go:43.41,47.17 3 1
datastructures/ds/hash.go:47.17,48.19 1 1
datastructures/ds/hash.go:48.19,51.4 2 1
datastructures/ds/hash.go:52.3,52.17 1 1
datastructures/ds/hash.go:55.2,59.3 1 1
datastructures/ds/hash.go:62.45,65.17 3 1
datastructures/ds/hash.go:65.17,66.21 1 1
datastructures/ds/hash.go:66.21,68.4 1 1
datastructures/ds/hash.go:69.3,69.17 1 1
datastructures/ds/hash.go:71.2,71.11 1 1
datastructures/ds/hash.go:74.44,79.17 4 1
datastructures/ds/hash.go:79.17,80.21 1 1
datastructures/ds/hash.go:80.21,81.19 1 1
datastructures/ds/hash.go:81.19,83.5 1 1
datastructures/ds/hash.go:83.10,85.5 1 1
datastructures/ds/hash.go:86.4,86.15 1 1
datastructures/ds/hash.go:88.3,89.17 2 1
datastructures/ds/hash.go:91.2,91.14 1 1
datastructures/ds/hash.go:94.28,96.31 2 1
datastructures/ds/hash.go:96.31,97.18 1 1
datastructures/ds/hash.go:97.18,99.48 2 1
datastructures/ds/hash.go:99.48,101.5 1 1
datastructures/ds/hash.go:102.4,102.22 1 1
datastructures/ds/hash.go:119.38,120.14 1 1
datastructures/ds/hash.go:120.14,122.3 1 1
datastructures/ds/hash.go:123.2,126.3 1 1
datastructures/ds/hash.go:129.40,133.6 3 1
datastructures/ds/hash.go:133.6,136.28 2 1
datastructures/ds/hash.go:136.28,141.4 4 1
datastructures/ds/hash.go:142.3,142.27 1 1
datastructures/ds/hash.go:142.27,145.4 2 1
datastructures/ds/hash.go:146.3,146.16 1 1
datastructures/ds/hash.go:146.16,152.4 5 1
datastructures/ds/hash.go:154.3,155.19 2 1
datastructures/ds/hash.go:155.19,158.4 2 1
datastructures/ds/hash.go:162.42,166.6 3 1
datastructures/ds/hash.go:166.6,169.27 2 1
datastructures/ds/hash.go:169.27,171.4 1 1
datastructures/ds/hash.go:172.3,172.28 1 1
datastructures/ds/hash.go:172.28,174.4 1 1
datastructures/ds/hash.go:176.3,177.19 2 1
datastructures/ds/hash.go:177.19,179.4 1 1
datastructures/ds/hash.go:183.41,187.6 3 1
datastructures/ds/hash.go:187.6,190.27 2 1
datastructures/ds/hash.go:190.27,194.4 3 1
datastructures/ds/hash.go:196.3,196.28 1 1
datastructures/ds/hash.go:196.28,198.4 1 0
datastructures/ds/hash.go:200.3,201.19 2 1
datastructures/ds/hash.go:201.19,203.4 1 1
datastructures/ds/hash.go:207.27,209.28 2 1
datastructures/ds/hash.go:209.28,211.13 2 1
datastructures/ds/hash.go:211.13,213.4 1 0
datastructures/ds/hash.go:213.9,213.23 1 1
datastructures/ds/hash.go:213.23,215.4 1 0
datastructures/ds/hash.go:216.3,216.38 1 1
datastructures/ds/hash.go:220.16,229.6 6 1
datastructures/ds/hash.go:229.6,231.22 2 1
datastructures/ds/hash.go:231.22,232.9 1 0
datastructures/ds/hash.go:234.3,236.22 3 1
datastructures/ds/hash.go:236.22,237.12 1 0
datastructures/ds/hash.go:240.3,242.14 2 1
datastructures/ds/hash.go:243.15,244.10 1 1
datastructures/ds/hash.go:245.16,247.56 2 1
datastructures/ds/hash.go:248.15,250.55 2 1
datastructures/ds/hash.go:251.15,252.30 1 1
datastructures/ds/hash.go:252.30,254.5 1 1
datastructures/ds/hash.go:254.10,256.5 1 0
datastructures/ds/hash.go:257.17,258.22 1 1
datastructures/ds/hash.go:258.22,260.13 2 0
datastructures/ds/hash.go:262.4,262.30 1 1
datastructures/ds/hash.go:262.30,264.5 1 1
datastructures/ds/hash.go:264.10,266.5 1 1
datastructures/ds/hash.go:267.17,268.22 1 1
datastructures/ds/hash.go:268.22,270.13 2 0
datastructures/ds/hash.go:272.4,273.30 2 1
datastructures/ds/hash.go:273.30,275.5 1 1
datastructures/ds/hash.go:275.10,277.5 1 1
datastructures/ds/hash.go:278.4,278.17 1 1
datastructures/ds/hash.go:278.17,280.5 1 1
datastructures/ds/hash.go:280.10,282.5 1 1
datastructures/ds/hash.go:283.17,284.22 1 1
datastructures/ds/hash.go:284.22,286.13 2 0
datastructures/ds/hash.go:288.4,289.30 2 1
datastructures/ds/hash.go:289.30,291.5 1 1
datastructures/ds/hash.go:291.10,293.5 1 1
datastructures/ds/hash.go:294.4,294.10 1 1
datastructures/ds/hash.go:294.10,296.5 1 1
datastructures/ds/hash.go:296.10,298.5 1 0
datastructures/ds/hash.go:299.11,300.56 1 1
datastructures/ds/hash_serialize.go:11.42,13.2 1 1
datastructures/ds/hash_serialize.go:15.78,16.26 1 1
datastructures/ds/hash_serialize.go:17.18,18.38 1 1
datastructures/ds/hash_serialize.go:19.17,20.37 1 1
datastructures/ds/hash_serialize.go:21.10,22.45 1 0
datastructures/ds/hash_serialize.go:26.80,27.26 1 1
datastructures/ds/hash_serialize.go:28.18,29.38 1 1
datastructures/ds/hash_serialize.go:30.17,31.37 1 1
datastructures/ds/hash_serialize.go:32.10,33.45 1 0
datastructures/ds/hash_serialize.go:37.84,38.26 1 1
datastructures/ds/hash_serialize.go:39.18,40.44 1 1
datastructures/ds/hash_serialize.go:41.17,42.43 1 1
datastructures/ds/hash_serialize.go:43.10,44.45 1 0
datastructures/ds/hash_serialize.go:48.86,49.26 1 1
datastructures/ds/hash_serialize.go:50.18,51.44 1 1
datastructures/ds/hash_serialize.go:52.17,53.43 1 1
datastructures/ds/hash_serialize.go:54.10,55.45 1 0
datastructures/ds/hash_serialize.go:59.78,61.16 2 1
datastructures/ds/hash_serialize.go:61.16,63.3 1 0
datastructures/ds/hash_serialize.go:64.2,68.29 4 1
datastructures/ds/hash_serialize.go:68.29,69.44 1 1
datastructures/ds/hash_serialize.go:69.44,71.4 1 1
datastructures/ds/hash_serialize.go:73.2,75.29 2 1
datastructures/ds/hash_serialize.go:75.29,76.44 1 1
datastructures/ds/hash_serialize.go:76.44,79.4 2 1
datastructures/ds/hash_serialize.go:81.2,81.12 1 1
datastructures/ds/hash_serialize.go:84.78,86.16 2 1
datastructures/ds/hash_serialize.go:86.16,88.3 1 0
datastructures/ds/hash_serialize.go:89.2,93.15 4 1
datastructures/ds/hash_serialize.go:93.15,95.3 1 1
datastructures/ds/hash_serialize.go:97.2,100.15 3 1
datastructures/ds/hash_serialize.go:100.15,102.3 1 1
datastructures/ds/hash_serialize.go:104.2,104.29 1 1
datastructures/ds/hash_serialize.go:104.29,108.3 3 1
datastructures/ds/hash_serialize.go:109.2,109.12 1 1
datastructures/ds/hash_serialize.go:112.84,114.16 2 1
datastructures/ds/hash_serialize.go:114.16,116.3 1 0
datastructures/ds/hash_serialize.go:117.2,121.29 4 1
datastructures/ds/hash_serialize.go:121.29,122.44 1 1
datastructures/ds/hash_serialize.go:122.44,124.4 1 1
datastructures/ds/hash_serialize.go:126.2,128.29 2 1
datastructures/ds/hash_serialize.go:128.29,129.44 1 1
datastructures/ds/hash_serialize.go:129.44,132.4 2 1
datastructures/ds/hash_serialize.go:134.2,134.12 1 1
datastructures/ds/hash_serialize.go:137.84,139.16 2 1
datastructures/ds/hash_serialize.go:139.16,141.3 1 0
datastructures/ds/hash_serialize.go:142.2,149.34 6 1
datastructures/ds/hash_serialize.go:149.34,153.3 3 1
datastructures/ds/hash_serialize.go:154.2,154.12 1 1
datastructures/ds/hash_serialize.go:157.76,159.16 2 1
datastructures/ds/hash_serialize.go:159.16,161.3 1 0
datastructures/ds/hash_serialize.go:162.2,166.29 4 1
datastructures/ds/hash_serialize.go:166.29,167.13 1 1
datastructures/ds/hash_serialize.go:167.13,169.4 1 1
datastructures/ds/hash_serialize.go:171.2,173.29 2 1
datastructures/ds/hash_serialize.go:173.29,174.13 1 1
datastructures/ds/hash_serialize.go:174.13,177.4 2 1
datastructures/ds/hash_serialize.go:179.2,179.12 1 1
datastructures/ds/hash_serialize.go:182.76,184.16 2 1
datastructures/ds/hash_serialize.go:184.16,186.3 1 0
datastructures/ds/hash_serialize.go:187.2,191.15 4 1
datastructures/ds/hash_serialize.go:191.15,193.3 1 1
datastructures/ds/hash_serialize.go:194.2,197.15 3 1
datastructures/ds/hash_serialize.go:197.15,199.3 1 1
datastructures/ds/hash_serialize.go:201.2,201.29 1 1
datastructures/ds/hash_serialize.go:201.29,205.3 3 1
datastructures/ds/hash_serialize.go:206.2,206.12 1 1
datastructures/ds/hash_serialize.go:209.82,211.16 2 1
datastructures/ds/hash_serialize.go:211.16,213.3 1 0
datastructures/ds/hash_serialize.go:214.2,218.29 4 1
datastructures/ds/hash_serialize.go:218.29,219.13 1 1
datastructures/ds/hash_serialize.go:219.13,221.4 1 1
datastructures/ds/hash_serialize.go:223.2,225.29 2 1
datastructures/ds/hash_serialize.go:225.29,226.13 1 1
datastructures/ds/hash_serialize.go:226.13,229.4 2 1
datastructures/ds/hash_serialize.go:231.2,231.12 1 1
datastructures/ds/hash_serialize.go:234.82,236.16 2 1
datastructures/ds/hash_serialize.go:236.16,238.3 1 0
datastructures/ds/hash_serialize.go:239.2,246.34 6 1
datastructures/ds/hash_serialize.go:246.34,250.3 3 1
datastructures/ds/hash_serialize.go:251.2,251.12 1 1
datastructures/ds/list.go:14.26,16.2 1 1
datastructures/ds/list.go:18.38,20.2 1 1
datastructures/ds/list.go:22.38,24.19 2 1
datastructures/ds/list.go:24.19,27.3 2 1
datastructures/ds/list.go:28.2,29.22 2 1
datastructures/ds/list.go:29.22,31.3 1 1
datastructures/ds/list.go:32.2,32.20 1 1
datastructures/ds/list.go:35.48,36.19 1 1
datastructures/ds/list.go:36.19,39.3 2 1
datastructures/ds/list.go:40.2,40.28 1 1
datastructures/ds/list.go:40.28,43.3 2 1
datastructures/ds/list.go:44.2,45.50 2 1
datastructures/ds/list.go:45.50,47.3 1 1
datastructures/ds/list.go:48.2,48.21 1 1
datastructures/ds/list.go:48.21,51.3 2 1
datastructures/ds/list.go:52.2,53.20 2 1
datastructures/ds/list.go:56.47,57.19 1 1
datastructures/ds/list.go:57.19,60.3 2 1
datastructures/ds/list.go:61.2,62.40 2 1
datastructures/ds/list.go:62.40,64.3 1 1
datastructures/ds/list.go:65.2,65.16 1 1
datastructures/ds/list.go:65.16,68.3 2 1
datastructures/ds/list.go:69.2,70.20 2 1
datastructures/ds/list.go:73.28,74.19 1 1
datastructures/ds/list.go:74.19,76.3 1 1
datastructures/ds/list.go:77.2,77.22 1 1
datastructures/ds/list.go:80.28,81.19 1 1
datastructures/ds/list.go:81.19,84.3 2 1
datastructures/ds/list.go:85.2,85.24 1 1
datastructures/ds/list.go:85.24,88.3 2 1
datastructures/ds/list.go:89.2,90.27 2 1
datastructures/ds/list.go:90.27,92.3 1 0
datastructures/ds/list.go:93.2,93.16 1 1
datastructures/ds/list.go:96.41,97.19 1 1
datastructures/ds/list.go:97.19,100.3 2 1
datastructures/ds/list.go:101.2,101.25 1 1
datastructures/ds/list.go:101.25,105.3 3 1
datastructures/ds/list.go:106.2,107.47 2 1
datastructures/ds/list.go:107.47,109.3 1 1
datastructures/ds/list.go:110.2,110.21 1 1
datastructures/ds/list.go:110.21,113.3 2 1
datastructures/ds/list.go:114.2,115.54 2 1
datastructures/ds/list.go:118.44,119.41 1 1
datastructures/ds/list.go:119.41,121.3 1 1
datastructures/ds/list.go:122.2,123.37 2 1
datastructures/ds/list.go:123.37,125.3 1 1
datastructures/ds/list.go:126.2,126.35 1 1
datastructures/ds/list.go:126.35,128.3 1 1
datastructures/ds/list.go:129.2,129.26 1 1
datastructures/ds/list.go:132.45,133.41 1 1
datastructures/ds/list.go:133.41,135.3 1 1
datastructures/ds/list.go:136.2,136.30 1 1
datastructures/ds/list.go:136.30,139.3 2 1
datastructures/ds/list.go:140.2,141.76 2 1
datastructures/ds/list.go:141.76,143.3 1 1
datastructures/ds/list.go:144.2,144.45 1 1
datastructures/ds/list.go:144.45,146.3 1 0
datastructures/ds/list.go:147.2,147.26 1 1
datastructures/ds/list.go:150.45,152.17 2 1
datastructures/ds/list.go:152.17,153.23 1 1
datastructures/ds/list.go:153.23,155.4 1 1
datastructures/ds/list.go:156.3,156.17 1 1
datastructures/ds/list.go:158.2,158.14 1 1
datastructures/ds/list.go:161.32,162.19 1 1
datastructures/ds/list.go:162.19,165.3 2 1
datastructures/ds/list.go:166.2,167.48 2 0
datastructures/ds/list.go:167.48,169.3 1 0
datastructures/ds/list.go:170.2,170.15 1 0
datastructures/ds/list.go:173.47,174.17 1 1
datastructures/ds/list.go:174.17,176.3 1 1
datastructures/ds/list.go:177.2,178.35 2 1
datastructures/ds/list.go:181.29,182.19 1 1
datastructures/ds/list.go:182.19,185.3 2 1
datastructures/ds/list.go:186.2,188.15 3 1
datastructures/ds/list_serialize.go:5.42,7.2 1 1
datastructures/ds/list_serialize.go:9.37,11.48 2 1
datastructures/ds/list_serialize.go:11.48,13.3 1 1
datastructures/ds/list_serialize.go:14.2,14.12 1 1
datastructures/ds/list_serialize.go:17.74,19.2 1 1
datastructures/ds/list_serialize.go:21.76,23.16 2 1
datastructures/ds/list_serialize.go:23.16,25.3 1 0
datastructures/ds/list_serialize.go:26.2,27.25 2 1
datastructures/ds/list_serialize.go:27.25,29.3 1 1
datastructures/ds/list_serialize.go:30.2,30.12 1 1
datastructures/ds/list_serialize.go:33.80,35.2 1 1
datastructures/ds/list_serialize.go:37.82,39.16 2 1
datastructures/ds/list_serialize.go:39.16,41.3 1 0
datastructures/ds/list_serialize.go:42.2,43.25 2 1
datastructures/ds/list_serialize.go:43.25,45.3 1 1
datastructures/ds/list_serialize.go:46.2,46.12 1 1
datastructures/ds/queue.go:15.24,17.2 1 1
datastructures/ds/queue.go:19.32,21.2 1 1
datastructures/ds/queue.go:23.34,25.17 2 1
datastructures/ds/queue.go:25.17,28.3 2 1
datastructures/ds/queue.go:28.8,31.3 2 1
datastructures/ds/queue.go:34.30,35.17 1 1
datastructures/ds/queue.go:35.17,37.3 1 1
datastructures/ds/queue.go:38.2,40.20 3 1
datastructures/ds/queue.go:40.20,42.3 1 1
datastructures/ds/queue.go:43.2,43.12 1 1
datastructures/ds/queue.go:46.31,47.17 1 1
datastructures/ds/queue.go:47.17,49.3 1 1
datastructures/ds/queue.go:50.2,50.21 1 1
datastructures/ds/queue.go:53.25,54.17 1 1
datastructures/ds/queue.go:54.17,57.3 2 1
datastructures/ds/queue.go:58.2,59.49 2 0
datastructures/ds/queue.go:59.49,61.3 1 0
datastructures/ds/queue.go:62.2,62.15 1 0
datastructures/ds/queue_serialize.go:5.44,7.2 1 1
datastructures/ds/queue_serialize.go:9.36,11.49 2 1
datastructures/ds/queue_serialize.go:11.49,13.3 1 1
datastructures/ds/queue_serialize.go:14.2,14.12 1 1
datastructures/ds/queue_serialize.go:17.75,19.2 1 1
datastructures/ds/queue_serialize.go:21.77,23.16 2 1
datastructures/ds/queue_serialize.go:23.16,25.3 1 0
datastructures/ds/queue_serialize.go:26.2,28.25 3 1
datastructures/ds/queue_serialize.go:28.25,30.3 1 1
datastructures/ds/queue_serialize.go:31.2,31.12 1 1
datastructures/ds/queue_serialize.go:34.81,36.2 1 1
datastructures/ds/queue_serialize.go:38.83,40.16 2 1
datastructures/ds/queue_serialize.go:40.16,42.3 1 0
datastructures/ds/queue_serialize.go:43.2,45.25 3 1
datastructures/ds/queue_serialize.go:45.25,47.3 1 1
datastructures/ds/queue_serialize.go:48.2,48.12 1 1
datastructures/ds/serialize.go:12.60,14.16 2 1
datastructures/ds/serialize.go:14.16,16.3 1 0
datastructures/ds/serialize.go:17.2,20.25 3 1
datastructures/ds/serialize.go:20.25,22.3 1 1
datastructures/ds/serialize.go:23.2,23.12 1 1
datastructures/ds/serialize.go:26.57,28.16 2 1
datastructures/ds/serialize.go:28.16,30.3 1 0
datastructures/ds/serialize.go:31.2,34.16 3 1
datastructures/ds/serialize.go:34.16,36.3 1 0
datastructures/ds/serialize.go:38.2,39.63 2 1
datastructures/ds/serialize.go:39.63,41.3 1 0
datastructures/ds/serialize.go:43.2,44.29 2 1
datastructures/ds/serialize.go:44.29,45.17 1 1
datastructures/ds/serialize.go:45.17,47.4 1 0
datastructures/ds/serialize.go:48.3,48.56 1 1
datastructures/ds/serialize.go:50.2,50.20 1 1
datastructures/ds/serialize.go:53.45,55.2 1 1
datastructures/ds/serialize.go:57.52,58.20 1 1
datastructures/ds/serialize.go:58.20,60.3 1 1
datastructures/ds/serialize.go:61.2,61.11 1 0
datastructures/ds/serialize.go:64.62,66.16 2 1
datastructures/ds/serialize.go:66.16,68.3 1 0
datastructures/ds/serialize.go:69.2,71.82 2 1
datastructures/ds/serialize.go:71.82,73.3 1 0
datastructures/ds/serialize.go:75.2,75.25 1 1
datastructures/ds/serialize.go:75.25,76.46 1 1
datastructures/ds/serialize.go:76.46,78.4 1 0
datastructures/ds/serialize.go:80.2,80.12 1 1
datastructures/ds/serialize.go:83.59,85.16 2 1
datastructures/ds/serialize.go:85.16,87.3 1 0
datastructures/ds/serialize.go:88.2,91.71 3 1
datastructures/ds/serialize.go:91.71,93.3 1 0
datastructures/ds/serialize.go:95.2,96.36 2 1
datastructures/ds/serialize.go:96.36,98.17 2 1
datastructures/ds/serialize.go:98.17,100.4 1 0
datastructures/ds/serialize.go:101.3,101.29 1 1
datastructures/ds/serialize.go:103.2,103.20 1 1
datastructures/ds/serialize.go:106.45,108.2 1 1
datastructures/ds/serialize.go:110.44,114.2 3 1
datastructures/ds/serialize.go:116.47,117.53 1 1
datastructures/ds/serialize.go:117.53,119.3 1 0
datastructures/ds/serialize.go:120.2,121.12 2 1
datastructures/ds/serialize.go:124.46,126.16 2 1
datastructures/ds/serialize.go:126.16,128.3 1 0
datastructures/ds/serialize.go:129.2,131.16 3 1
datastructures/ds/serialize.go:131.16,133.3 1 0
datastructures/ds/serialize.go:134.2,134.20 1 1
datastructures/ds/serialize.go:134.20,136.3 1 0
datastructures/ds/serialize.go:137.2,137.25 1 1
datastructures/ds/serialize.go:140.56,142.16 2 1
datastructures/ds/serialize.go:142.16,144.3 1 0
datastructures/ds/serialize.go:145.2,148.25 3 1
datastructures/ds/serialize.go:148.25,149.15 1 1
datastructures/ds/serialize.go:149.15,152.4 2 1
datastructures/ds/serialize.go:153.3,155.15 3 1
datastructures/ds/serialize.go:157.2,158.12 2 1
datastructures/ds/serialize.go:161.53,163.16 2 1
datastructures/ds/serialize.go:163.16,165.3 1 0
datastructures/ds/serialize.go:166.2,170.16 4 1
datastructures/ds/serialize.go:170.16,172.3 1 1
datastructures/ds/serialize.go:174.2,176.24 3 1
datastructures/ds/serialize.go:176.24,177.25 1 1
datastructures/ds/serialize.go:177.25,179.4 1 0
datastructures/ds/serialize.go:180.3,182.15 3 1
datastructures/ds/serialize.go:182.15,184.4 1 1
datastructures/ds/serialize.go:185.3,190.11 6 1
datastructures/ds/serialize.go:192.2,192.19 1 1
datastructures/ds/stack.go:14.24,16.2 1 1
datastructures/ds/stack.go:18.34,20.2 1 1
datastructures/ds/stack.go:22.30,23.18 1 1
datastructures/ds/stack.go:23.18,25.3 1 1
datastructures/ds/stack.go:26.2,28.12 3 1
datastructures/ds/stack.go:31.31,32.18 1 1
datastructures/ds/stack.go:32.18,34.3 1 1
datastructures/ds/stack.go:35.2,35.20 1 1
datastructures/ds/stack.go:38.32,40.2 1 1
datastructures/ds/stack.go:42.29,43.18 1 1
datastructures/ds/stack.go:43.18,46.3 2 1
datastructures/ds/stack.go:47.2,48.47 2 1
datastructures/ds/stack.go:48.47,50.3 1 1
datastructures/ds/stack_serialize.go:11.44,13.2 1 1
datastructures/ds/stack_serialize.go:15.36,17.47 2 1
datastructures/ds/stack_serialize.go:17.47,19.3 1 1
datastructures/ds/stack_serialize.go:20.2,20.12 1 1
datastructures/ds/stack_serialize.go:23.75,26.16 3 1
datastructures/ds/stack_serialize.go:26.16,28.3 1 0
datastructures/ds/stack_serialize.go:29.2,32.37 3 1
datastructures/ds/stack_serialize.go:32.37,34.3 1 1
datastructures/ds/stack_serialize.go:35.2,35.12 1 1
datastructures/ds/stack_serialize.go:38.77,40.16 2 1
datastructures/ds/stack_serialize.go:40.16,42.3 1 0
datastructures/ds/stack_serialize.go:43.2,49.20 5 1
datastructures/ds/stack_serialize.go:49.20,51.3 1 1
datastructures/ds/stack_serialize.go:53.2,53.29 1 1
datastructures/ds/stack_serialize.go:53.29,56.3 2 1
datastructures/ds/stack_serialize.go:57.2,57.12 1 1
datastructures/ds/stack_serialize.go:60.81,63.16 3 1
datastructures/ds/stack_serialize.go:63.16,65.3 1 0
datastructures/ds/stack_serialize.go:66.2,68.58 2 1
datastructures/ds/stack_serialize.go:68.58,70.3 1 0
datastructures/ds/stack_serialize.go:72.2,72.37 1 1
datastructures/ds/stack_serialize.go:72.37,73.51 1 1
datastructures/ds/stack_serialize.go:73.51,75.4 1 0
datastructures/ds/stack_serialize.go:77.2,77.12 1 1
datastructures/ds/stack_serialize.go:80.83,82.16 2 1
datastructures/ds/stack_serialize.go:82.16,84.3 1 0
datastructures/ds/stack_serialize.go:85.2,90.16 4 1
datastructures/ds/stack_serialize.go:90.16,92.3 1 0
datastructures/ds/stack_serialize.go:94.2,94.34 1 1
datastructures/ds/stack_serialize.go:94.34,96.17 2 1
datastructures/ds/stack_serialize.go:96.17,98.4 1 0
datastructures/ds/stack_serialize.go:99.3,99.18 1 1
datastructures/ds/stack_serialize.go:101.2,101.12 1 1
