mode: set
datastructures/ds/arr.go:15.24,19.2 1 1
datastructures/ds/arr.go:22.36,24.2 1 1
datastructures/ds/arr.go:27.37,29.2 1 1
datastructures/ds/arr.go:32.44,33.34 1 1
datastructures/ds/arr.go:33.34,35.3 1 1
datastructures/ds/arr.go:36.2,36.24 1 1
datastructures/ds/arr.go:36.24,39.3 2 1
datastructures/ds/arr.go:40.2,41.19 2 1
datastructures/ds/arr.go:45.27,46.22 1 1
datastructures/ds/arr.go:46.22,48.3 1 1
datastructures/ds/arr.go:49.2,49.21 1 1
datastructures/ds/arr.go:53.26,54.22 1 1
datastructures/ds/arr.go:54.22,56.3 1 1
datastructures/ds/arr.go:57.2,57.33 1 1
datastructures/ds/arr.go:61.32,62.35 1 1
datastructures/ds/arr.go:62.35,64.3 1 1
datastructures/ds/arr.go:65.2,65.50 1 1
datastructures/ds/arr.go:69.45,70.35 1 1
datastructures/ds/arr.go:70.35,72.3 1 1
datastructures/ds/arr.go:73.2,73.19 1 0
datastructures/ds/arr.go:77.39,78.35 1 1
datastructures/ds/arr.go:78.35,80.3 1 1
datastructures/ds/arr.go:81.2,81.26 1 1
datastructures/ds/arr.go:85.30,87.2 1 1
datastructures/ds/arr.go:90.29,91.22 1 1
datastructures/ds/arr.go:91.22,94.3 2 1
datastructures/ds/arr.go:95.2,96.29 2 0
datastructures/ds/arr.go:96.29,98.3 1 0
datastructures/ds/arr.go:99.2,99.15 1 0
datastructures/ds/arr.go:103.51,105.16 2 1
datastructures/ds/arr.go:105.16,107.3 1 1
datastructures/ds/arr.go:108.2,111.70 3 1
datastructures/ds/arr.go:111.70,113.3 1 0
datastructures/ds/arr.go:115.2,115.29 1 1
datastructures/ds/arr.go:115.29,116.48 1 1
datastructures/ds/arr.go:116.48,118.4 1 0
datastructures/ds/arr.go:120.2,120.12 1 1
datastructures/ds/arr.go:124.53,126.16 2 1
datastructures/ds/arr.go:126.16,128.3 1 1
datastructures/ds/arr.go:129.2,133.70 4 1
datastructures/ds/arr.go:133.70,135.3 1 1
datastructures/ds/arr.go:137.2,137.35 1 1
datastructures/ds/arr.go:137.35,139.17 2 1
datastructures/ds/arr.go:139.17,141.4 1 1
datastructures/ds/arr.go:142.3,142.16 1 1
datastructures/ds/arr.go:144.2,144.12 1 1
datastructures/ds/cbt.go:22.35,27.2 1 1
datastructures/ds/cbt.go:30.77,31.17 1 1
datastructures/ds/cbt.go:31.17,35.3 3 1
datastructures/ds/cbt.go:37.2,37.23 1 1
datastructures/ds/cbt.go:37.23,39.3 1 1
datastructures/ds/cbt.go:39.8,39.30 1 1
datastructures/ds/cbt.go:39.30,41.3 1 1
datastructures/ds/cbt.go:41.8,43.3 1 1
datastructures/ds/cbt.go:44.2,44.13 1 1
datastructures/ds/cbt.go:48.48,50.2 1 1
datastructures/ds/cbt.go:53.62,54.38 1 1
datastructures/ds/cbt.go:54.38,56.3 1 1
datastructures/ds/cbt.go:57.2,57.13 1 1
datastructures/ds/cbt.go:61.81,62.17 1 1
datastructures/ds/cbt.go:62.17,64.3 1 1
datastructures/ds/cbt.go:66.2,66.23 1 1
datastructures/ds/cbt.go:66.23,68.3 1 1
datastructures/ds/cbt.go:68.8,68.30 1 1
datastructures/ds/cbt.go:68.30,70.3 1 1
datastructures/ds/cbt.go:70.8,74.23 1 1
datastructures/ds/cbt.go:74.23,78.4 3 1
datastructures/ds/cbt.go:80.3,80.24 1 1
datastructures/ds/cbt.go:80.24,84.4 3 1
datastructures/ds/cbt.go:87.3,89.59 3 1
datastructures/ds/cbt.go:91.2,91.13 1 1
datastructures/ds/cbt.go:95.48,96.19 1 1
datastructures/ds/cbt.go:96.19,99.3 2 1
datastructures/ds/cbt.go:100.2,103.26 3 1
datastructures/ds/cbt.go:103.26,105.3 1 1
datastructures/ds/cbt.go:105.8,107.3 1 1
datastructures/ds/cbt.go:111.53,112.19 1 1
datastructures/ds/cbt.go:112.19,115.3 2 1
datastructures/ds/cbt.go:116.2,118.17 3 1
datastructures/ds/cbt.go:118.17,119.22 1 1
datastructures/ds/cbt.go:119.22,122.4 2 1
datastructures/ds/cbt.go:123.3,123.21 1 1
datastructures/ds/cbt.go:123.21,125.4 1 1
datastructures/ds/cbt.go:125.9,127.4 1 1
datastructures/ds/cbt.go:129.2,130.14 2 1
datastructures/ds/cbt.go:134.87,135.17 1 1
datastructures/ds/cbt.go:135.17,137.3 1 0
datastructures/ds/cbt.go:139.2,140.12 2 1
datastructures/ds/cbt.go:140.12,142.3 1 1
datastructures/ds/cbt.go:142.8,144.3 1 1
datastructures/ds/cbt.go:145.2,148.12 3 1
datastructures/ds/cbt.go:148.12,150.3 1 1
datastructures/ds/cbt.go:150.8,152.3 1 1
datastructures/ds/cbt.go:154.2,154.43 1 1
datastructures/ds/cbt.go:154.43,157.3 2 0
datastructures/ds/cbt.go:157.8,157.29 1 1
datastructures/ds/cbt.go:157.29,159.3 1 1
datastructures/ds/cbt.go:159.8,159.30 1 1
datastructures/ds/cbt.go:159.30,161.3 1 1
datastructures/ds/cbt.go:165.38,166.19 1 1
datastructures/ds/cbt.go:166.19,169.3 2 1
datastructures/ds/cbt.go:170.2,174.47 4 1
datastructures/ds/cbt.go:174.47,177.3 2 1
datastructures/ds/cbt.go:177.8,177.31 1 0
datastructures/ds/cbt.go:177.31,179.3 1 0
datastructures/ds/cbt.go:179.8,179.32 1 0
datastructures/ds/cbt.go:179.32,181.3 1 0
datastructures/ds/cbt.go:182.2,182.59 1 1
datastructures/ds/cbt.go:186.38,190.2 3 1
datastructures/ds/cbt.go:193.53,196.17 3 1
datastructures/ds/cbt.go:196.17,197.20 1 1
datastructures/ds/cbt.go:197.20,199.4 1 1
datastructures/ds/cbt.go:200.3,200.19 1 1
datastructures/ds/cbt.go:200.19,202.4 1 1
datastructures/ds/cbt.go:202.9,204.4 1 1
datastructures/ds/cbt.go:206.2,206.14 1 1
datastructures/ds/cbt.go:211.80,212.17 1 1
datastructures/ds/cbt.go:212.17,215.3 1 1
datastructures/ds/cbt.go:216.2,216.52 1 1
datastructures/ds/cbt.go:216.52,218.3 1 0
datastructures/ds/cbt.go:219.2,219.57 1 1
datastructures/ds/cbt.go:219.57,221.3 1 0
datastructures/ds/cbt.go:222.2,222.58 1 1
datastructures/ds/cbt.go:222.58,224.3 1 0
datastructures/ds/cbt.go:225.2,225.12 1 1
datastructures/ds/cbt.go:228.64,230.16 2 1
datastructures/ds/cbt.go:230.16,232.3 1 1
datastructures/ds/cbt.go:233.2,234.38 2 1
datastructures/ds/cbt.go:237.77,239.16 2 1
datastructures/ds/cbt.go:239.16,241.3 1 1
datastructures/ds/cbt.go:242.2,242.15 1 1
datastructures/ds/cbt.go:242.15,244.3 1 1
datastructures/ds/cbt.go:246.2,250.16 4 1
datastructures/ds/cbt.go:250.16,252.3 1 1
datastructures/ds/cbt.go:253.2,256.16 3 1
datastructures/ds/cbt.go:256.16,258.3 1 0
datastructures/ds/cbt.go:259.2,261.18 2 1
datastructures/ds/cbt.go:264.66,266.16 2 1
datastructures/ds/cbt.go:266.16,268.3 1 1
datastructures/ds/cbt.go:269.2,275.16 5 1
datastructures/ds/cbt.go:275.16,277.3 1 1
datastructures/ds/cbt.go:278.2,279.12 2 1
datastructures/ds/dlist.go:20.24,22.2 1 1
datastructures/ds/dlist.go:24.37,26.19 2 1
datastructures/ds/dlist.go:26.19,28.3 1 1
datastructures/ds/dlist.go:28.8,30.3 1 1
datastructures/ds/dlist.go:31.2,31.15 1 1
datastructures/ds/dlist.go:34.37,36.19 2 1
datastructures/ds/dlist.go:36.19,38.3 1 1
datastructures/ds/dlist.go:38.8,40.3 1 1
datastructures/ds/dlist.go:41.2,41.15 1 1
datastructures/ds/dlist.go:44.47,45.19 1 1
datastructures/ds/dlist.go:45.19,47.3 1 1
datastructures/ds/dlist.go:48.2,48.48 1 1
datastructures/ds/dlist.go:48.48,49.26 1 1
datastructures/ds/dlist.go:49.26,51.23 2 1
datastructures/ds/dlist.go:51.23,53.5 1 1
datastructures/ds/dlist.go:53.10,55.5 1 0
datastructures/ds/dlist.go:56.4,57.10 2 1
datastructures/ds/dlist.go:62.46,63.19 1 1
datastructures/ds/dlist.go:63.19,65.3 1 1
datastructures/ds/dlist.go:66.2,66.48 1 1
datastructures/ds/dlist.go:66.48,67.26 1 1
datastructures/ds/dlist.go:67.26,69.23 2 1
datastructures/ds/dlist.go:69.23,71.5 1 1
datastructures/ds/dlist.go:71.10,73.5 1 0
datastructures/ds/dlist.go:74.4,75.10 2 1
datastructures/ds/dlist.go:80.27,81.19 1 1
datastructures/ds/dlist.go:81.19,83.3 1 1
datastructures/ds/dlist.go:84.2,85.19 2 1
datastructures/ds/dlist.go:85.19,87.3 1 0
datastructures/ds/dlist.go:87.8,89.3 1 1
datastructures/ds/dlist.go:92.27,93.19 1 1
datastructures/ds/dlist.go:93.19,95.3 1 1
datastructures/ds/dlist.go:96.2,97.19 2 1
datastructures/ds/dlist.go:97.19,99.3 1 0
datastructures/ds/dlist.go:99.8,101.3 1 1
datastructures/ds/dlist.go:104.45,105.48 1 1
datastructures/ds/dlist.go:105.48,106.23 1 1
datastructures/ds/dlist.go:106.23,108.4 1 1
datastructures/ds/dlist.go:110.2,110.12 1 1
datastructures/ds/dlist.go:113.38,115.16 2 1
datastructures/ds/dlist.go:115.16,117.3 1 1
datastructures/ds/dlist.go:118.2,118.21 1 1
datastructures/ds/dlist.go:118.21,120.3 1 1
datastructures/ds/dlist.go:120.8,122.3 1 1
datastructures/ds/dlist.go:123.2,123.21 1 1
datastructures/ds/dlist.go:123.21,125.3 1 1
datastructures/ds/dlist.go:125.8,127.3 1 1
datastructures/ds/dlist.go:130.43,132.2 1 1
datastructures/ds/dlist.go:134.31,135.19 1 1
datastructures/ds/dlist.go:135.19,138.3 2 1
datastructures/ds/dlist.go:139.2,140.48 2 0
datastructures/ds/dlist.go:140.48,142.3 1 0
datastructures/ds/dlist.go:143.2,143.15 1 0
datastructures/ds/dlist.go:146.32,147.19 1 1
datastructures/ds/dlist.go:147.19,150.3 2 1
datastructures/ds/dlist.go:151.2,152.48 2 0
datastructures/ds/dlist.go:152.48,154.3 1 0
datastructures/ds/dlist.go:155.2,155.15 1 0
datastructures/ds/dlist.go:158.43,160.49 2 1
datastructures/ds/dlist.go:160.49,162.3 1 1
datastructures/ds/dlist.go:163.2,163.35 1 1
datastructures/ds/dlist.go:166.44,168.49 2 1
datastructures/ds/dlist.go:168.49,170.3 1 1
datastructures/ds/dlist.go:171.2,171.35 1 1
datastructures/ds/dlist.go:174.51,176.16 2 1
datastructures/ds/dlist.go:176.16,178.3 1 1
datastructures/ds/dlist.go:179.2,182.48 3 1
datastructures/ds/dlist.go:182.48,184.3 1 1
datastructures/ds/dlist.go:185.2,185.71 1 1
datastructures/ds/dlist.go:185.71,187.3 1 0
datastructures/ds/dlist.go:188.2,188.48 1 1
datastructures/ds/dlist.go:188.48,189.54 1 1
datastructures/ds/dlist.go:189.54,191.4 1 0
datastructures/ds/dlist.go:193.2,193.12 1 1
datastructures/ds/dlist.go:196.53,198.16 2 1
datastructures/ds/dlist.go:198.16,200.3 1 1
datastructures/ds/dlist.go:201.2,205.71 4 1
datastructures/ds/dlist.go:205.71,207.3 1 1
datastructures/ds/dlist.go:208.2,208.36 1 1
datastructures/ds/dlist.go:208.36,210.17 2 1
datastructures/ds/dlist.go:210.17,212.4 1 1
datastructures/ds/dlist.go:213.3,213.17 1 1
datastructures/ds/dlist.go:215.2,215.12 1 1
datastructures/ds/hash.go:8.39,10.25 2 1
datastructures/ds/hash.go:10.25,12.14 2 1
datastructures/ds/hash.go:12.14,14.4 1 0
datastructures/ds/hash.go:15.3,15.37 1 1
datastructures/ds/hash.go:17.2,17.16 1 1
datastructures/ds/hash.go:33.45,34.19 1 1
datastructures/ds/hash.go:34.19,36.3 1 1
datastructures/ds/hash.go:37.2,40.3 1 1
datastructures/ds/hash.go:43.45,46.17 3 1
datastructures/ds/hash.go:46.17,47.21 1 1
datastructures/ds/hash.go:47.21,50.4 2 1
datastructures/ds/hash.go:51.3,51.17 1 1
datastructures/ds/hash.go:54.2,55.19 2 1
datastructures/ds/hash.go:58.44,63.17 4 1
datastructures/ds/hash.go:63.17,64.21 1 1
datastructures/ds/hash.go:64.21,65.19 1 1
datastructures/ds/hash.go:65.19,67.5 1 1
datastructures/ds/hash.go:67.10,69.5 1 1
datastructures/ds/hash.go:70.4,70.15 1 1
datastructures/ds/hash.go:72.3,73.17 2 1
datastructures/ds/hash.go:75.2,75.14 1 1
datastructures/ds/hash.go:78.45,81.17 3 1
datastructures/ds/hash.go:81.17,82.21 1 1
datastructures/ds/hash.go:82.21,84.4 1 1
datastructures/ds/hash.go:85.3,85.17 1 1
datastructures/ds/hash.go:87.2,87.11 1 1
datastructures/ds/hash.go:90.28,93.30 3 1
datastructures/ds/hash.go:93.30,94.17 1 1
datastructures/ds/hash.go:94.17,97.19 3 1
datastructures/ds/hash.go:97.19,99.24 2 1
datastructures/ds/hash.go:99.24,101.6 1 0
datastructures/ds/hash.go:102.5,102.19 1 1
datastructures/ds/hash.go:104.4,104.19 1 1
datastructures/ds/hash.go:107.2,107.10 1 1
datastructures/ds/hash.go:107.10,109.3 1 1
datastructures/ds/hash.go:110.2,110.15 1 1
datastructures/ds/hash.go:113.55,115.16 2 1
datastructures/ds/hash.go:115.16,117.3 1 0
datastructures/ds/hash.go:118.2,120.55 2 1
datastructures/ds/hash.go:120.55,122.3 1 0
datastructures/ds/hash.go:124.2,125.31 2 1
datastructures/ds/hash.go:125.31,127.18 2 1
datastructures/ds/hash.go:127.18,130.4 2 1
datastructures/ds/hash.go:132.2,132.48 1 1
datastructures/ds/hash.go:132.48,134.3 1 0
datastructures/ds/hash.go:136.2,136.31 1 1
datastructures/ds/hash.go:136.31,138.18 2 1
datastructures/ds/hash.go:138.18,139.53 1 1
datastructures/ds/hash.go:139.53,141.5 1 0
datastructures/ds/hash.go:142.4,142.53 1 1
datastructures/ds/hash.go:142.53,144.5 1 0
datastructures/ds/hash.go:145.4,145.18 1 1
datastructures/ds/hash.go:148.2,148.12 1 1
datastructures/ds/hash.go:151.57,153.16 2 1
datastructures/ds/hash.go:153.16,155.3 1 0
datastructures/ds/hash.go:156.2,161.16 4 1
datastructures/ds/hash.go:161.16,163.3 1 0
datastructures/ds/hash.go:164.2,168.16 4 1
datastructures/ds/hash.go:168.16,170.3 1 0
datastructures/ds/hash.go:172.2,172.36 1 1
datastructures/ds/hash.go:172.36,174.17 2 1
datastructures/ds/hash.go:174.17,176.4 1 0
datastructures/ds/hash.go:177.3,178.17 2 1
datastructures/ds/hash.go:178.17,180.4 1 0
datastructures/ds/hash.go:181.3,181.21 1 1
datastructures/ds/hash.go:183.2,183.12 1 1
datastructures/ds/hash.go:200.38,201.14 1 1
datastructures/ds/hash.go:201.14,203.3 1 1
datastructures/ds/hash.go:204.2,207.3 1 1
datastructures/ds/hash.go:210.44,214.6 3 1
datastructures/ds/hash.go:214.6,218.36 2 1
datastructures/ds/hash.go:218.36,224.4 5 1
datastructures/ds/hash.go:226.3,226.37 1 1
datastructures/ds/hash.go:226.37,229.4 2 1
datastructures/ds/hash.go:231.3,231.20 1 1
datastructures/ds/hash.go:231.20,239.4 5 1
datastructures/ds/hash.go:241.3,242.19 2 1
datastructures/ds/hash.go:242.19,245.4 2 1
datastructures/ds/hash.go:249.43,253.6 3 1
datastructures/ds/hash.go:253.6,256.37 2 1
datastructures/ds/hash.go:256.37,260.4 3 1
datastructures/ds/hash.go:262.3,262.36 1 1
datastructures/ds/hash.go:262.36,264.4 1 0
datastructures/ds/hash.go:266.3,267.19 2 1
datastructures/ds/hash.go:267.19,269.4 1 1
datastructures/ds/hash.go:273.44,277.6 3 1
datastructures/ds/hash.go:277.6,280.37 2 1
datastructures/ds/hash.go:280.37,282.4 1 1
datastructures/ds/hash.go:283.3,283.36 1 1
datastructures/ds/hash.go:283.36,285.4 1 1
datastructures/ds/hash.go:287.3,288.19 2 1
datastructures/ds/hash.go:288.19,290.4 1 1
datastructures/ds/hash.go:294.27,297.32 3 1
datastructures/ds/hash.go:297.32,298.17 1 1
datastructures/ds/hash.go:298.17,301.4 2 1
datastructures/ds/hash.go:301.9,301.27 1 1
datastructures/ds/hash.go:301.27,304.4 2 0
datastructures/ds/hash.go:306.2,306.10 1 1
datastructures/ds/hash.go:306.10,308.3 1 1
datastructures/ds/hash.go:309.2,309.15 1 1
datastructures/ds/hash.go:312.54,314.16 2 1
datastructures/ds/hash.go:314.16,316.3 1 0
datastructures/ds/hash.go:317.2,319.55 2 1
datastructures/ds/hash.go:319.55,321.3 1 0
datastructures/ds/hash.go:323.2,324.32 2 1
datastructures/ds/hash.go:324.32,325.17 1 1
datastructures/ds/hash.go:325.17,327.4 1 1
datastructures/ds/hash.go:329.2,329.48 1 1
datastructures/ds/hash.go:329.48,331.3 1 0
datastructures/ds/hash.go:333.2,333.32 1 1
datastructures/ds/hash.go:333.32,334.17 1 1
datastructures/ds/hash.go:334.17,335.55 1 1
datastructures/ds/hash.go:335.55,337.5 1 0
datastructures/ds/hash.go:338.4,338.55 1 1
datastructures/ds/hash.go:338.55,340.5 1 0
datastructures/ds/hash.go:343.2,343.12 1 1
datastructures/ds/hash.go:346.56,348.16 2 1
datastructures/ds/hash.go:348.16,350.3 1 0
datastructures/ds/hash.go:351.2,354.16 3 1
datastructures/ds/hash.go:354.16,356.3 1 0
datastructures/ds/hash.go:357.2,361.16 4 1
datastructures/ds/hash.go:361.16,363.3 1 0
datastructures/ds/hash.go:365.2,365.36 1 1
datastructures/ds/hash.go:365.36,367.17 2 1
datastructures/ds/hash.go:367.17,369.4 1 0
datastructures/ds/hash.go:370.3,371.17 2 1
datastructures/ds/hash.go:371.17,373.4 1 0
datastructures/ds/hash.go:374.3,374.21 1 1
datastructures/ds/hash.go:376.2,376.12 1 1
datastructures/ds/hash.go:379.16,384.6 4 1
datastructures/ds/hash.go:384.6,391.20 5 1
datastructures/ds/hash.go:391.20,393.9 2 1
datastructures/ds/hash.go:395.3,395.20 1 1
datastructures/ds/hash.go:395.20,400.12 5 1
datastructures/ds/hash.go:403.3,403.60 1 1
datastructures/ds/hash.go:403.60,405.4 1 1
datastructures/ds/hash.go:406.3,406.22 1 1
datastructures/ds/hash.go:406.22,408.4 1 1
datastructures/ds/hash.go:410.3,410.22 1 1
datastructures/ds/hash.go:410.22,415.4 4 1
datastructures/ds/hash.go:415.9,415.29 1 1
datastructures/ds/hash.go:415.29,420.4 4 1
datastructures/ds/hash.go:420.9,420.29 1 1
datastructures/ds/hash.go:420.29,424.16 4 1
datastructures/ds/hash.go:424.16,426.5 1 1
datastructures/ds/hash.go:427.4,427.16 1 1
datastructures/ds/hash.go:427.16,429.5 1 1
datastructures/ds/hash.go:430.4,431.33 2 1
datastructures/ds/hash.go:432.9,434.4 1 1
datastructures/ds/hash.go:436.2,436.57 1 1
datastructures/ds/list.go:18.26,20.2 1 1
datastructures/ds/list.go:22.38,24.2 1 1
datastructures/ds/list.go:26.38,28.19 2 1
datastructures/ds/list.go:28.19,31.3 2 1
datastructures/ds/list.go:32.2,33.22 2 1
datastructures/ds/list.go:33.22,35.3 1 1
datastructures/ds/list.go:36.2,36.20 1 1
datastructures/ds/list.go:39.48,40.19 1 1
datastructures/ds/list.go:40.19,43.3 2 1
datastructures/ds/list.go:44.2,44.28 1 1
datastructures/ds/list.go:44.28,47.3 2 1
datastructures/ds/list.go:48.2,49.50 2 1
datastructures/ds/list.go:49.50,51.3 1 1
datastructures/ds/list.go:52.2,52.21 1 1
datastructures/ds/list.go:52.21,55.3 2 1
datastructures/ds/list.go:56.2,57.20 2 0
datastructures/ds/list.go:60.47,61.19 1 1
datastructures/ds/list.go:61.19,64.3 2 1
datastructures/ds/list.go:65.2,66.40 2 1
datastructures/ds/list.go:66.40,68.3 1 1
datastructures/ds/list.go:69.2,69.16 1 1
datastructures/ds/list.go:69.16,72.3 2 1
datastructures/ds/list.go:73.2,74.20 2 1
datastructures/ds/list.go:77.28,78.19 1 1
datastructures/ds/list.go:78.19,80.3 1 0
datastructures/ds/list.go:81.2,81.22 1 1
datastructures/ds/list.go:84.28,85.19 1 1
datastructures/ds/list.go:85.19,88.3 2 1
datastructures/ds/list.go:89.2,89.24 1 1
datastructures/ds/list.go:89.24,92.3 2 1
datastructures/ds/list.go:93.2,94.27 2 1
datastructures/ds/list.go:94.27,96.3 1 0
datastructures/ds/list.go:97.2,97.16 1 1
datastructures/ds/list.go:100.41,101.19 1 1
datastructures/ds/list.go:101.19,104.3 2 0
datastructures/ds/list.go:105.2,105.25 1 1
datastructures/ds/list.go:105.25,109.3 3 1
datastructures/ds/list.go:110.2,111.47 2 1
datastructures/ds/list.go:111.47,113.3 1 1
datastructures/ds/list.go:114.2,114.21 1 1
datastructures/ds/list.go:114.21,117.3 2 1
datastructures/ds/list.go:118.2,119.54 2 1
datastructures/ds/list.go:122.44,123.41 1 1
datastructures/ds/list.go:123.41,125.3 1 1
datastructures/ds/list.go:126.2,127.37 2 1
datastructures/ds/list.go:127.37,129.3 1 1
datastructures/ds/list.go:130.2,130.35 1 1
datastructures/ds/list.go:130.35,132.3 1 1
datastructures/ds/list.go:133.2,133.26 1 1
datastructures/ds/list.go:136.45,137.41 1 1
datastructures/ds/list.go:137.41,139.3 1 1
datastructures/ds/list.go:140.2,140.30 1 1
datastructures/ds/list.go:140.30,143.3 2 1
datastructures/ds/list.go:144.2,145.76 2 1
datastructures/ds/list.go:145.76,147.3 1 1
datastructures/ds/list.go:148.2,148.45 1 1
datastructures/ds/list.go:148.45,150.3 1 0
datastructures/ds/list.go:151.2,151.26 1 1
datastructures/ds/list.go:154.45,156.17 2 1
datastructures/ds/list.go:156.17,157.23 1 1
datastructures/ds/list.go:157.23,159.4 1 1
datastructures/ds/list.go:160.3,160.17 1 1
datastructures/ds/list.go:162.2,162.14 1 1
datastructures/ds/list.go:165.32,166.19 1 1
datastructures/ds/list.go:166.19,169.3 2 1
datastructures/ds/list.go:170.2,171.48 2 0
datastructures/ds/list.go:171.48,173.3 1 0
datastructures/ds/list.go:174.2,174.15 1 0
datastructures/ds/list.go:177.47,178.17 1 1
datastructures/ds/list.go:178.17,180.3 1 1
datastructures/ds/list.go:181.2,182.35 2 1
datastructures/ds/list.go:185.29,186.19 1 1
datastructures/ds/list.go:186.19,189.3 2 1
datastructures/ds/list.go:190.2,192.15 3 1
datastructures/ds/list.go:195.52,197.16 2 1
datastructures/ds/list.go:197.16,199.3 1 1
datastructures/ds/list.go:200.2,203.48 3 1
datastructures/ds/list.go:203.48,205.3 1 1
datastructures/ds/list.go:206.2,206.71 1 1
datastructures/ds/list.go:206.71,208.3 1 0
datastructures/ds/list.go:209.2,209.48 1 1
datastructures/ds/list.go:209.48,210.54 1 1
datastructures/ds/list.go:210.54,212.4 1 0
datastructures/ds/list.go:214.2,214.12 1 1
datastructures/ds/list.go:217.54,219.16 2 1
datastructures/ds/list.go:219.16,221.3 1 1
datastructures/ds/list.go:222.2,226.71 4 1
datastructures/ds/list.go:226.71,228.3 1 1
datastructures/ds/list.go:229.2,229.36 1 1
datastructures/ds/list.go:229.36,231.17 2 1
datastructures/ds/list.go:231.17,233.4 1 1
datastructures/ds/list.go:234.3,234.17 1 1
datastructures/ds/list.go:236.2,236.12 1 1
datastructures/ds/queue.go:19.24,21.2 1 1
datastructures/ds/queue.go:23.32,25.2 1 1
datastructures/ds/queue.go:27.34,29.17 2 1
datastructures/ds/queue.go:29.17,32.3 2 1
datastructures/ds/queue.go:32.8,35.3 2 1
datastructures/ds/queue.go:38.30,39.17 1 1
datastructures/ds/queue.go:39.17,41.3 1 1
datastructures/ds/queue.go:42.2,44.20 3 1
datastructures/ds/queue.go:44.20,46.3 1 1
datastructures/ds/queue.go:47.2,47.12 1 1
datastructures/ds/queue.go:50.31,51.17 1 1
datastructures/ds/queue.go:51.17,53.3 1 1
datastructures/ds/queue.go:54.2,54.21 1 1
datastructures/ds/queue.go:57.25,58.17 1 1
datastructures/ds/queue.go:58.17,61.3 2 1
datastructures/ds/queue.go:62.2,63.49 2 0
datastructures/ds/queue.go:63.49,65.3 1 0
datastructures/ds/queue.go:66.2,66.15 1 0
datastructures/ds/queue.go:69.51,71.16 2 1
datastructures/ds/queue.go:71.16,73.3 1 1
datastructures/ds/queue.go:74.2,77.49 3 1
datastructures/ds/queue.go:77.49,79.3 1 1
datastructures/ds/queue.go:80.2,80.71 1 1
datastructures/ds/queue.go:80.71,82.3 1 0
datastructures/ds/queue.go:83.2,83.49 1 1
datastructures/ds/queue.go:83.49,84.53 1 1
datastructures/ds/queue.go:84.53,86.4 1 0
datastructures/ds/queue.go:88.2,88.12 1 1
datastructures/ds/queue.go:91.53,93.16 2 1
datastructures/ds/queue.go:93.16,95.3 1 1
datastructures/ds/queue.go:96.2,100.71 4 1
datastructures/ds/queue.go:100.71,102.3 1 1
datastructures/ds/queue.go:103.2,103.36 1 1
datastructures/ds/queue.go:103.36,105.17 2 1
datastructures/ds/queue.go:105.17,107.4 1 1
datastructures/ds/queue.go:108.3,108.14 1 1
datastructures/ds/queue.go:110.2,110.12 1 1
datastructures/ds/serialize.go:9.47,11.46 2 1
datastructures/ds/serialize.go:11.46,13.3 1 1
datastructures/ds/serialize.go:14.2,14.16 1 1
datastructures/ds/serialize.go:14.16,15.47 1 1
datastructures/ds/serialize.go:15.47,17.4 1 1
datastructures/ds/serialize.go:19.2,19.12 1 1
datastructures/ds/serialize.go:23.46,25.16 2 1
datastructures/ds/serialize.go:25.16,27.3 1 1
datastructures/ds/serialize.go:28.2,28.17 1 1
datastructures/ds/serialize.go:28.17,30.3 1 1
datastructures/ds/serialize.go:31.2,32.47 2 1
datastructures/ds/serialize.go:32.47,34.3 1 0
datastructures/ds/serialize.go:35.2,35.25 1 1
datastructures/ds/serialize.go:40.47,42.2 1 1
datastructures/ds/serialize.go:46.44,50.2 3 1
datastructures/ds/stack.go:18.24,20.2 1 1
datastructures/ds/stack.go:22.34,24.2 1 1
datastructures/ds/stack.go:26.30,27.18 1 1
datastructures/ds/stack.go:27.18,29.3 1 1
datastructures/ds/stack.go:30.2,32.12 3 1
datastructures/ds/stack.go:35.31,36.18 1 1
datastructures/ds/stack.go:36.18,38.3 1 1
datastructures/ds/stack.go:39.2,39.20 1 1
datastructures/ds/stack.go:42.32,44.2 1 1
datastructures/ds/stack.go:46.29,47.18 1 1
datastructures/ds/stack.go:47.18,50.3 2 1
datastructures/ds/stack.go:51.2,52.47 2 0
datastructures/ds/stack.go:52.47,54.3 1 0
datastructures/ds/stack.go:57.51,59.16 2 1
datastructures/ds/stack.go:59.16,61.3 1 1
datastructures/ds/stack.go:62.2,67.47 4 1
datastructures/ds/stack.go:67.47,70.3 2 1
datastructures/ds/stack.go:72.2,72.71 1 1
datastructures/ds/stack.go:72.71,74.3 1 0
datastructures/ds/stack.go:77.2,77.41 1 1
datastructures/ds/stack.go:77.41,78.55 1 1
datastructures/ds/stack.go:78.55,80.4 1 0
datastructures/ds/stack.go:82.2,82.12 1 1
datastructures/ds/stack.go:85.53,87.16 2 1
datastructures/ds/stack.go:87.16,89.3 1 1
datastructures/ds/stack.go:90.2,94.71 4 1
datastructures/ds/stack.go:94.71,96.3 1 1
datastructures/ds/stack.go:97.2,97.36 1 1
datastructures/ds/stack.go:97.36,99.17 2 1
datastructures/ds/stack.go:99.17,101.4 1 1
datastructures/ds/stack.go:102.3,102.14 1 1
datastructures/ds/stack.go:104.2,104.12 1 1
