TN:
SF:/usr/include/c++/11/bits/random.h
FN:136,_ZNSt8__detail4_ModImLm624ELm1ELm0ELb1ELb1EE6__calcEm
FNDA:623,_ZNSt8__detail4_ModImLm624ELm1ELm0ELb1ELb1EE6__calcEm
FN:136,_ZNSt8__detail4_ModImLm4294967296ELm1ELm0ELb1ELb1EE6__calcEm
FNDA:624,_ZNSt8__detail4_ModImLm4294967296ELm1ELm0ELb1ELb1EE6__calcEm
FN:147,_ZNSt8__detail5__modImLm624ELm1ELm0EEET_S1_
FNDA:623,_ZNSt8__detail5__modImLm624ELm1ELm0EEET_S1_
FN:147,_ZNSt8__detail5__modImLm4294967296ELm1ELm0EEET_S1_
FNDA:624,_ZNSt8__detail5__modImLm4294967296ELm1ELm0EEET_S1_
FN:530,_ZNSt23mersenne_twister_engineImLm32ELm624ELm397ELm31ELm2567483615ELm11ELm4294967295ELm7ELm2636928640ELm15ELm4022730752ELm18ELm1812433253EEC2Em
FNDA:1,_ZNSt23mersenne_twister_engineImLm32ELm624ELm397ELm31ELm2567483615ELm11ELm4294967295ELm7ELm2636928640ELm15ELm4022730752ELm18ELm1812433253EEC2Em
FN:1618,_ZNSt13random_deviceC2Ev
FNDA:1,_ZNSt13random_deviceC2Ev
FN:1624,_ZNSt13random_deviceD2Ev
FNDA:1,_ZNSt13random_deviceD2Ev
FN:1647,_ZNSt13random_deviceclEv
FNDA:1,_ZNSt13random_deviceclEv
DA:136,623
DA:138,623
DA:140,623
DA:141,623
DA:136,624
DA:138,624
DA:140,624
DA:141,624
DA:147,623
DA:154,623
DA:155,623
DA:147,624
DA:154,624
DA:155,624
DA:530,1
DA:531,1
DA:1618,1
DA:1624,1
DA:1625,1
DA:1647,1
DA:1648,1
end_of_record
SF:/usr/include/c++/11/bits/random.tcc
FN:323,_ZNSt23mersenne_twister_engineImLm32ELm624ELm397ELm31ELm2567483615ELm11ELm4294967295ELm7ELm2636928640ELm15ELm4022730752ELm18ELm1812433253EE4seedEm
FNDA:1,_ZNSt23mersenne_twister_engineImLm32ELm624ELm397ELm31ELm2567483615ELm11ELm4294967295ELm7ELm2636928640ELm15ELm4022730752ELm18ELm1812433253EE4seedEm
FN:394,_ZNSt23mersenne_twister_engineImLm32ELm624ELm397ELm31ELm2567483615ELm11ELm4294967295ELm7ELm2636928640ELm15ELm4022730752ELm18ELm1812433253EE11_M_gen_randEv
FNDA:1,_ZNSt23mersenne_twister_engineImLm32ELm624ELm397ELm31ELm2567483615ELm11ELm4294967295ELm7ELm2636928640ELm15ELm4022730752ELm18ELm1812433253EE11_M_gen_randEv
FN:450,_ZNSt23mersenne_twister_engineImLm32ELm624ELm397ELm31ELm2567483615ELm11ELm4294967295ELm7ELm2636928640ELm15ELm4022730752ELm18ELm1812433253EEclEv
FNDA:140,_ZNSt23mersenne_twister_engineImLm32ELm624ELm397ELm31ELm2567483615ELm11ELm4294967295ELm7ELm2636928640ELm15ELm4022730752ELm18ELm1812433253EEclEv
DA:323,1
DA:327,1
DA:328,1
DA:330,624
DA:332,623
DA:333,623
DA:334,623
DA:335,623
DA:336,623
DA:337,623
DA:339,1
DA:340,1
DA:394,1
DA:398,1
DA:399,1
DA:401,228
DA:403,227
DA:404,227
DA:405,454
DA:406,227
DA:409,397
DA:411,396
DA:412,396
DA:413,792
DA:414,396
DA:417,1
DA:418,1
DA:419,2
DA:420,1
DA:421,1
DA:422,1
DA:450,140
DA:455,140
DA:456,1
DA:459,140
DA:460,140
DA:461,140
DA:462,140
DA:463,140
DA:465,140
end_of_record
SF:/usr/include/boost/function/function_base.hpp
FN:259,_ZN5boost6detail8function22functor_manager_commonIPFvvEE10manage_ptrERKNS1_15function_bufferERS6_NS1_30functor_manager_operation_typeE
FNDA:6,_ZN5boost6detail8function22functor_manager_commonIPFvvEE10manage_ptrERKNS1_15function_bufferERS6_NS1_30functor_manager_operation_typeE
FN:322,_ZN5boost6detail8function15functor_managerIPFvvEE7managerERKNS1_15function_bufferERS6_NS1_30functor_manager_operation_typeENS1_16function_ptr_tagE
FNDA:6,_ZN5boost6detail8function15functor_managerIPFvvEE7managerERKNS1_15function_bufferERS6_NS1_30functor_manager_operation_typeENS1_16function_ptr_tagE
FN:395,_ZN5boost6detail8function15functor_managerIPFvvEE6manageERKNS1_15function_bufferERS6_NS1_30functor_manager_operation_typeE
FNDA:6,_ZN5boost6detail8function15functor_managerIPFvvEE6manageERKNS1_15function_bufferERS6_NS1_30functor_manager_operation_typeE
FN:603,_ZN5boost13function_baseC2Ev
FNDA:6,_ZN5boost13function_baseC2Ev
FN:689,_ZNK5boost13function_base28has_trivial_copy_and_destroyEv
FNDA:6,_ZNK5boost13function_base28has_trivial_copy_and_destroyEv
DA:259,6
DA:262,6
DA:263,0
DA:264,6
DA:265,0
DA:266,0
DA:267,6
DA:268,6
DA:269,0
DA:270,0
DA:271,0
DA:273,0
DA:275,0
DA:276,0
DA:277,0
DA:279,6
DA:322,6
DA:325,6
DA:326,6
DA:395,6
DA:399,6
DA:400,0
DA:401,0
DA:402,0
DA:404,6
DA:406,6
DA:603,6
DA:689,6
DA:690,6
end_of_record
SF:/usr/include/c++/11/bits/char_traits.h
FN:106,_ZN9__gnu_cxx11char_traitsIcE2eqERKcS3_
FNDA:0,_ZN9__gnu_cxx11char_traitsIcE2eqERKcS3_
FN:167,_ZN9__gnu_cxx11char_traitsIcE6lengthEPKc
FNDA:0,_ZN9__gnu_cxx11char_traitsIcE6lengthEPKc
FN:393,_ZNSt11char_traitsIcE6lengthEPKc
FNDA:8,_ZNSt11char_traitsIcE6lengthEPKc
FN:429,_ZNSt11char_traitsIcE4copyEPcPKcm
FNDA:0,_ZNSt11char_traitsIcE4copyEPcPKcm
DA:106,0
DA:107,0
DA:167,0
DA:170,0
DA:171,0
DA:172,0
DA:173,0
DA:290,8
DA:393,8
DA:396,8
DA:397,0
DA:399,8
DA:429,0
DA:431,0
DA:432,0
DA:437,0
end_of_record
SF:/usr/include/boost/smart_ptr/detail/shared_count.hpp
FN:127,_ZN5boost6detail12shared_countC2Ev
FNDA:22,_ZN5boost6detail12shared_countC2Ev
FN:430,_ZN5boost6detail12shared_countD2Ev
FNDA:22,_ZN5boost6detail12shared_countD2Ev
DA:127,22
DA:132,22
DA:430,22
DA:432,22
DA:436,22
end_of_record
SF:/usr/include/boost/test/utils/class_properties.hpp
FN:54,_ZN5boost9unit_test14class_propertyIbEC2Eb
FNDA:22,_ZN5boost9unit_test14class_propertyIbEC2Eb
FN:131,_ZN5boost9unit_test17readonly_propertyIbEC2Eb
FNDA:22,_ZN5boost9unit_test17readonly_propertyIbEC2Eb
DA:54,22
DA:55,22
DA:131,22
end_of_record
SF:/usr/include/boost/type_index/type_index_facade.hpp
FN:154,_ZN5boost9typeindexeqINS0_14stl_type_indexESt9type_infoEEbRKNS0_17type_index_facadeIT_T0_EES9_
FNDA:0,_ZN5boost9typeindexeqINS0_14stl_type_indexESt9type_infoEEbRKNS0_17type_index_facadeIT_T0_EES9_
FN:187,_ZN5boost9typeindexeqINS0_14stl_type_indexESt9type_infoEEbRKT0_RKNS0_17type_index_facadeIT_S4_EE
FNDA:0,_ZN5boost9typeindexeqINS0_14stl_type_indexESt9type_infoEEbRKT0_RKNS0_17type_index_facadeIT_S4_EE
DA:154,0
DA:155,0
DA:187,0
DA:188,0
end_of_record
SF:/usr/include/c++/11/ext/type_traits.h
FN:152,_ZN9__gnu_cxx17__is_null_pointerIcEEbPT_
FNDA:0,_ZN9__gnu_cxx17__is_null_pointerIcEEbPT_
FN:152,_ZN9__gnu_cxx17__is_null_pointerIKcEEbPT_
FNDA:8,_ZN9__gnu_cxx17__is_null_pointerIKcEEbPT_
DA:152,0
DA:153,0
DA:152,8
DA:153,8
end_of_record
SF:/usr/include/c++/11/bits/stl_iterator.h
FN:1027,_ZN9__gnu_cxx17__normal_iteratorIPNSt7__cxx1112basic_stringIcSt11char_traitsIcESaIcEEESt6vectorIS6_SaIS6_EEEC2ERKS7_
FNDA:56,_ZN9__gnu_cxx17__normal_iteratorIPNSt7__cxx1112basic_stringIcSt11char_traitsIcESaIcEEESt6vectorIS6_SaIS6_EEEC2ERKS7_
FN:1105,_ZNK9__gnu_cxx17__normal_iteratorIPNSt7__cxx1112basic_stringIcSt11char_traitsIcESaIcEEESt6vectorIS6_SaIS6_EEE4baseEv
FNDA:88,_ZNK9__gnu_cxx17__normal_iteratorIPNSt7__cxx1112basic_stringIcSt11char_traitsIcESaIcEEESt6vectorIS6_SaIS6_EEE4baseEv
FN:1268,_ZN9__gnu_cxxmiIPNSt7__cxx1112basic_stringIcSt11char_traitsIcESaIcEEESt6vectorIS6_SaIS6_EEEENS_17__normal_iteratorIT_T0_E15difference_typeERKSE_SH_
FNDA:16,_ZN9__gnu_cxxmiIPNSt7__cxx1112basic_stringIcSt11char_traitsIcESaIcEEESt6vectorIS6_SaIS6_EEEENS_17__normal_iteratorIT_T0_E15difference_typeERKSE_SH_
DA:1027,56
DA:1028,56
DA:1105,88
DA:1106,88
DA:1268,16
DA:1271,16
end_of_record
SF:/usr/include/c++/11/bits/stl_algobase.h
FN:230,_ZSt3minImERKT_S2_S2_
FNDA:32,_ZSt3minImERKT_S2_S2_
FN:254,_ZSt3maxImERKT_S2_S2_
FNDA:16,_ZSt3maxImERKT_S2_S2_
FN:313,_ZSt12__niter_baseIPNSt7__cxx1112basic_stringIcSt11char_traitsIcESaIcEEEET_S7_
FNDA:96,_ZSt12__niter_baseIPNSt7__cxx1112basic_stringIcSt11char_traitsIcESaIcEEEET_S7_
DA:230,32
DA:235,32
DA:236,0
DA:237,32
DA:254,16
DA:259,16
DA:260,4
DA:261,12
DA:313,96
DA:315,96
end_of_record
SF:/usr/include/boost/function/function_template.hpp
FN:112,_ZN5boost6detail8function22void_function_invoker0IPFvvEvE6invokeERNS1_15function_bufferE
FNDA:6,_ZN5boost6detail8function22void_function_invoker0IPFvvEvE6invokeERNS1_15function_bufferE
FN:490,_ZNK5boost6detail8function13basic_vtable0IvE9assign_toIPFvvEEEbT_RNS1_15function_bufferE
FNDA:6,_ZNK5boost6detail8function13basic_vtable0IvE9assign_toIPFvvEEEbT_RNS1_15function_bufferE
FN:502,_ZNK5boost6detail8function13basic_vtable0IvE5clearERNS1_15function_bufferE
FNDA:6,_ZNK5boost6detail8function13basic_vtable0IvE5clearERNS1_15function_bufferE
FN:512,_ZNK5boost6detail8function13basic_vtable0IvE9assign_toIPFvvEEEbT_RNS1_15function_bufferENS1_16function_ptr_tagE
FNDA:6,_ZNK5boost6detail8function13basic_vtable0IvE9assign_toIPFvvEEEbT_RNS1_15function_bufferENS1_16function_ptr_tagE
FN:677,_ZNK5boost9function0IvE10get_vtableEv
FNDA:0,_ZNK5boost9function0IvE10get_vtableEv
FN:711,_ZN5boost9function0IvEC2IPFvvEEET_NS_10enable_if_IXntsrNS_11is_integralIS5_EE5valueEiE4typeE
FNDA:6,_ZN5boost9function0IvEC2IPFvvEEET_NS_10enable_if_IXntsrNS_11is_integralIS5_EE5valueEiE4typeE
FN:756,_ZN5boost9function0IvED2Ev
FNDA:6,_ZN5boost9function0IvED2Ev
FN:868,_ZN5boost9function0IvE5clearEv
FNDA:6,_ZN5boost9function0IvE5clearEv
FN:921,_ZN5boost9function0IvE9assign_toIPFvvEEEvT_
FNDA:6,_ZN5boost9function0IvE9assign_toIPFvvEEEvT_
FN:1079,_ZN5boost8functionIFvvEEC2IPS1_EET_NS_10enable_if_IXntsrNS_11is_integralIS5_EE5valueEiE4typeE
FNDA:6,_ZN5boost8functionIFvvEEC2IPS1_EET_NS_10enable_if_IXntsrNS_11is_integralIS5_EE5valueEiE4typeE
DA:112,6
DA:116,6
DA:117,6
DA:118,6
DA:490,6
DA:493,6
DA:502,6
DA:504,6
DA:505,6
DA:506,6
DA:512,6
DA:514,6
DA:515,6
DA:518,6
DA:519,6
DA:521,0
DA:677,0
DA:679,0
DA:711,6
DA:718,6
DA:720,6
DA:721,6
DA:756,6
DA:868,6
DA:870,6
DA:871,6
DA:872,0
DA:873,6
DA:875,6
DA:921,6
DA:942,6
DA:943,6
DA:948,6
DA:949,6
DA:951,0
DA:952,6
DA:1079,6
DA:1086,6
DA:1088,6
end_of_record
SF:/usr/include/boost/test/unit_test.hpp
FN:62,main
FNDA:1,main
DA:62,1
DA:64,1
end_of_record
SF:/usr/include/boost/core/ignore_unused.hpp
DA:18,3
end_of_record
SF:/usr/include/c++/11/ext/new_allocator.h
FN:79,_ZN9__gnu_cxx13new_allocatorINSt7__cxx1112basic_stringIcSt11char_traitsIcESaIcEEEEC2Ev
FNDA:4,_ZN9__gnu_cxx13new_allocatorINSt7__cxx1112basic_stringIcSt11char_traitsIcESaIcEEEEC2Ev
FN:79,_ZN9__gnu_cxx13new_allocatorIcEC2Ev
FNDA:0,_ZN9__gnu_cxx13new_allocatorIcEC2Ev
FN:82,_ZN9__gnu_cxx13new_allocatorIcEC2ERKS1_
FNDA:0,_ZN9__gnu_cxx13new_allocatorIcEC2ERKS1_
FN:89,_ZN9__gnu_cxx13new_allocatorINSt7__cxx1112basic_stringIcSt11char_traitsIcESaIcEEEED2Ev
FNDA:4,_ZN9__gnu_cxx13new_allocatorINSt7__cxx1112basic_stringIcSt11char_traitsIcESaIcEEEED2Ev
FN:89,_ZN9__gnu_cxx13new_allocatorIcED2Ev
FNDA:0,_ZN9__gnu_cxx13new_allocatorIcED2Ev
FN:103,_ZN9__gnu_cxx13new_allocatorINSt7__cxx1112basic_stringIcSt11char_traitsIcESaIcEEEE8allocateEmPKv
FNDA:16,_ZN9__gnu_cxx13new_allocatorINSt7__cxx1112basic_stringIcSt11char_traitsIcESaIcEEEE8allocateEmPKv
FN:132,_ZN9__gnu_cxx13new_allocatorINSt7__cxx1112basic_stringIcSt11char_traitsIcESaIcEEEE10deallocateEPS6_m
FNDA:16,_ZN9__gnu_cxx13new_allocatorINSt7__cxx1112basic_stringIcSt11char_traitsIcESaIcEEEE10deallocateEPS6_m
FN:154,_ZNK9__gnu_cxx13new_allocatorINSt7__cxx1112basic_stringIcSt11char_traitsIcESaIcEEEE8max_sizeEv
FNDA:32,_ZNK9__gnu_cxx13new_allocatorINSt7__cxx1112basic_stringIcSt11char_traitsIcESaIcEEEE8max_sizeEv
FN:160,_ZN9__gnu_cxx13new_allocatorINSt7__cxx1112basic_stringIcSt11char_traitsIcESaIcEEEE9constructIS6_JS6_EEEvPT_DpOT0_
FNDA:28,_ZN9__gnu_cxx13new_allocatorINSt7__cxx1112basic_stringIcSt11char_traitsIcESaIcEEEE9constructIS6_JS6_EEEvPT_DpOT0_
FN:160,_ZN9__gnu_cxx13new_allocatorINSt7__cxx1112basic_stringIcSt11char_traitsIcESaIcEEEE9constructIS6_JRKS6_EEEvPT_DpOT0_
FNDA:15,_ZN9__gnu_cxx13new_allocatorINSt7__cxx1112basic_stringIcSt11char_traitsIcESaIcEEEE9constructIS6_JRKS6_EEEvPT_DpOT0_
FN:166,_ZN9__gnu_cxx13new_allocatorINSt7__cxx1112basic_stringIcSt11char_traitsIcESaIcEEEE7destroyIS6_EEvPT_
FNDA:28,_ZN9__gnu_cxx13new_allocatorINSt7__cxx1112basic_stringIcSt11char_traitsIcESaIcEEEE7destroyIS6_EEvPT_
FN:197,_ZNK9__gnu_cxx13new_allocatorINSt7__cxx1112basic_stringIcSt11char_traitsIcESaIcEEEE11_M_max_sizeEv
FNDA:48,_ZNK9__gnu_cxx13new_allocatorINSt7__cxx1112basic_stringIcSt11char_traitsIcESaIcEEEE11_M_max_sizeEv
DA:79,4
DA:79,0
DA:82,0
DA:89,4
DA:89,0
DA:103,16
DA:111,16
DA:115,0
DA:116,0
DA:117,0
DA:127,16
DA:132,16
DA:145,16
DA:154,32
DA:155,32
DA:160,28
DA:162,28
DA:160,15
DA:162,15
DA:166,28
DA:168,28
DA:197,48
DA:200,48
end_of_record
SF:/usr/include/c++/11/bits/stl_construct.h
FN:146,_ZSt8_DestroyINSt7__cxx1112basic_stringIcSt11char_traitsIcESaIcEEEEvPT_
FNDA:20,_ZSt8_DestroyINSt7__cxx1112basic_stringIcSt11char_traitsIcESaIcEEEEvPT_
FN:160,_ZNSt12_Destroy_auxILb0EE9__destroyIPNSt7__cxx1112basic_stringIcSt11char_traitsIcESaIcEEEEEvT_S9_
FNDA:4,_ZNSt12_Destroy_auxILb0EE9__destroyIPNSt7__cxx1112basic_stringIcSt11char_traitsIcESaIcEEEEEvT_S9_
FN:182,_ZSt8_DestroyIPNSt7__cxx1112basic_stringIcSt11char_traitsIcESaIcEEEEvT_S7_
FNDA:4,_ZSt8_DestroyIPNSt7__cxx1112basic_stringIcSt11char_traitsIcESaIcEEEEvT_S7_
DA:146,20
DA:151,20
DA:153,20
DA:160,4
DA:162,24
DA:163,20
DA:164,4
DA:182,4
DA:196,4
DA:197,4
end_of_record
SF:/usr/include/c++/11/bits/stl_iterator_base_types.h
FN:238,_ZSt19__iterator_categoryIPcENSt15iterator_traitsIT_E17iterator_categoryERKS2_
FNDA:0,_ZSt19__iterator_categoryIPcENSt15iterator_traitsIT_E17iterator_categoryERKS2_
FN:238,_ZSt19__iterator_categoryIPKcENSt15iterator_traitsIT_E17iterator_categoryERKS3_
FNDA:8,_ZSt19__iterator_categoryIPKcENSt15iterator_traitsIT_E17iterator_categoryERKS3_
DA:238,0
DA:239,0
DA:238,8
DA:239,8
end_of_record
SF:/usr/include/boost/smart_ptr/detail/sp_counted_base_gcc_atomic.hpp
FN:38,_ZN5boost6detail16atomic_decrementEPj
FNDA:0,_ZN5boost6detail16atomic_decrementEPj
FN:116,_ZN5boost6detail15sp_counted_base7releaseEv
FNDA:0,_ZN5boost6detail15sp_counted_base7releaseEv
FN:130,_ZN5boost6detail15sp_counted_base12weak_releaseEv
FNDA:0,_ZN5boost6detail15sp_counted_base12weak_releaseEv
DA:38,0
DA:40,0
DA:116,0
DA:118,0
DA:120,0
DA:121,0
DA:123,0
DA:130,0
DA:132,0
DA:134,0
DA:136,0
end_of_record
SF:/usr/include/c++/11/new
FN:174,_ZnwmPv
FNDA:48,_ZnwmPv
FN:180,_ZdlPvS_
FNDA:0,_ZdlPvS_
DA:174,48
DA:175,48
DA:180,0
end_of_record
SF:/usr/include/c++/11/ext/alloc_traits.h
FN:97,_ZN9__gnu_cxx14__alloc_traitsISaIcEcE17_S_select_on_copyERKS1_
FNDA:0,_ZN9__gnu_cxx14__alloc_traitsISaIcEcE17_S_select_on_copyERKS1_
DA:97,0
DA:98,0
end_of_record
SF:/usr/include/boost/test/tree/test_unit.hpp
FN:263,_ZN5boost9unit_test14make_test_caseERKNS_8functionIFvvEEENS0_13basic_cstringIKcEES8_m
FNDA:6,_ZN5boost9unit_test14make_test_caseERKNS_8functionIFvvEEENS0_13basic_cstringIKcEES8_m
DA:263,6
DA:265,6
end_of_record
SF:/usr/include/c++/11/typeinfo
FN:120,_ZNKSt9type_infoeqERKS_
FNDA:0,_ZNKSt9type_infoeqERKS_
DA:120,0
DA:122,0
DA:123,0
DA:124,0
end_of_record
SF:/usr/include/boost/test/utils/basic_cstring/bcs_char_traits.hpp
FN:60,_ZN5boost9unit_test9ut_detail20bcs_char_traits_implIKcE2eqEcc
FNDA:230,_ZN5boost9unit_test9ut_detail20bcs_char_traits_implIKcE2eqEcc
FN:82,_ZN5boost9unit_test9ut_detail20bcs_char_traits_implIKcE6lengthEPS3_
FNDA:15,_ZN5boost9unit_test9ut_detail20bcs_char_traits_implIKcE6lengthEPS3_
FN:93,_ZN5boost9unit_test9ut_detail20bcs_char_traits_implIKcE4findEPS3_mc
FNDA:2,_ZN5boost9unit_test9ut_detail20bcs_char_traits_implIKcE4findEPS3_mc
DA:60,230
DA:62,230
DA:82,15
DA:84,15
DA:86,15
DA:87,228
DA:88,213
DA:90,15
DA:93,2
DA:95,4
DA:96,2
DA:97,0
DA:99,2
DA:100,2
DA:102,2
end_of_record
SF:/usr/include/c++/11/bits/stl_iterator_base_funcs.h
FN:98,_ZSt10__distanceIPcENSt15iterator_traitsIT_E15difference_typeES2_S2_St26random_access_iterator_tag
FNDA:0,_ZSt10__distanceIPcENSt15iterator_traitsIT_E15difference_typeES2_S2_St26random_access_iterator_tag
FN:98,_ZSt10__distanceIPKcENSt15iterator_traitsIT_E15difference_typeES3_S3_St26random_access_iterator_tag
FNDA:8,_ZSt10__distanceIPKcENSt15iterator_traitsIT_E15difference_typeES3_S3_St26random_access_iterator_tag
FN:138,_ZSt8distanceIPcENSt15iterator_traitsIT_E15difference_typeES2_S2_
FNDA:0,_ZSt8distanceIPcENSt15iterator_traitsIT_E15difference_typeES2_S2_
FN:138,_ZSt8distanceIPKcENSt15iterator_traitsIT_E15difference_typeES3_S3_
FNDA:8,_ZSt8distanceIPKcENSt15iterator_traitsIT_E15difference_typeES3_S3_
DA:98,0
DA:104,0
DA:98,8
DA:104,8
DA:138,0
DA:141,0
DA:142,0
DA:138,8
DA:141,8
DA:142,16
end_of_record
SF:/usr/include/boost/test/tools/assertion_result.hpp
FN:52,_ZN5boost10test_tools16assertion_resultC2Eb
FNDA:22,_ZN5boost10test_tools16assertion_resultC2Eb
FN:65,_ZN5boost10test_tools16assertion_result19readonly_property65C2Eb
FNDA:22,_ZN5boost10test_tools16assertion_result19readonly_property65C2Eb
DA:52,22
DA:53,22
DA:54,22
DA:65,22
end_of_record
SF:/usr/include/c++/11/bits/move.h
FN:49,_ZSt11__addressofINSt7__cxx1112basic_stringIcSt11char_traitsIcESaIcEEEEPT_RS6_
FNDA:104,_ZSt11__addressofINSt7__cxx1112basic_stringIcSt11char_traitsIcESaIcEEEEPT_RS6_
FN:77,_ZSt7forwardINSt7__cxx1112basic_stringIcSt11char_traitsIcESaIcEEEEOT_RNSt16remove_referenceIS6_E4typeE
FNDA:56,_ZSt7forwardINSt7__cxx1112basic_stringIcSt11char_traitsIcESaIcEEEEOT_RNSt16remove_referenceIS6_E4typeE
FN:77,_ZSt7forwardIRKNSt7__cxx1112basic_stringIcSt11char_traitsIcESaIcEEEEOT_RNSt16remove_referenceIS8_E4typeE
FNDA:42,_ZSt7forwardIRKNSt7__cxx1112basic_stringIcSt11char_traitsIcESaIcEEEEOT_RNSt16remove_referenceIS8_E4typeE
FN:104,_ZSt4moveIRNSt7__cxx1112basic_stringIcSt11char_traitsIcESaIcEEEEONSt16remove_referenceIT_E4typeEOS8_
FNDA:52,_ZSt4moveIRNSt7__cxx1112basic_stringIcSt11char_traitsIcESaIcEEEEONSt16remove_referenceIT_E4typeEOS8_
FN:104,_ZSt4moveIRSaIcEEONSt16remove_referenceIT_E4typeEOS3_
FNDA:0,_ZSt4moveIRSaIcEEONSt16remove_referenceIT_E4typeEOS3_
DA:49,104
DA:50,104
DA:77,56
DA:78,56
DA:77,42
DA:78,42
DA:104,52
DA:105,52
DA:104,0
DA:105,0
end_of_record
SF:/usr/include/c++/11/iostream
end_of_record
SF:/usr/include/boost/test/utils/basic_cstring/basic_cstring.hpp
FN:83,_ZN5boost9unit_test13basic_cstringIKcEC2IiEEPS2_T_
FNDA:0,_ZN5boost9unit_test13basic_cstringIKcEC2IiEEPS2_T_
FN:83,_ZN5boost9unit_test13basic_cstringIKcEC2ImEEPS2_T_
FNDA:82,_ZN5boost9unit_test13basic_cstringIKcEC2ImEEPS2_T_
FN:206,_ZN5boost9unit_test13basic_cstringIKcE8null_strEv
FNDA:25,_ZN5boost9unit_test13basic_cstringIKcE8null_strEv
FN:215,_ZN5boost9unit_test13basic_cstringIKcEC2Ev
FNDA:25,_ZN5boost9unit_test13basic_cstringIKcEC2Ev
FN:225,_ZN5boost9unit_test13basic_cstringIKcEC2ERKS3_
FNDA:15,_ZN5boost9unit_test13basic_cstringIKcEC2ERKS3_
FN:235,_ZN5boost9unit_test13basic_cstringIKcEC2ERKNSt7__cxx1112basic_stringIcSt11char_traitsIcESaIcEEE
FNDA:36,_ZN5boost9unit_test13basic_cstringIKcEC2ERKNSt7__cxx1112basic_stringIcSt11char_traitsIcESaIcEEE
FN:245,_ZN5boost9unit_test13basic_cstringIKcEC2EPS2_
FNDA:15,_ZN5boost9unit_test13basic_cstringIKcEC2EPS2_
FN:286,_ZNK5boost9unit_test13basic_cstringIKcE4sizeEv
FNDA:2,_ZNK5boost9unit_test13basic_cstringIKcE4sizeEv
FN:295,_ZNK5boost9unit_test13basic_cstringIKcE8is_emptyEv
FNDA:2,_ZNK5boost9unit_test13basic_cstringIKcE8is_emptyEv
FN:313,_ZN5boost9unit_test13basic_cstringIKcE5clearEv
FNDA:0,_ZN5boost9unit_test13basic_cstringIKcE5clearEv
FN:345,_ZN5boost9unit_test13basic_cstringIKcE9trim_leftEPS2_
FNDA:1,_ZN5boost9unit_test13basic_cstringIKcE9trim_leftEPS2_
FN:358,_ZN5boost9unit_test13basic_cstringIKcE9trim_leftES3_
FNDA:1,_ZN5boost9unit_test13basic_cstringIKcE9trim_leftES3_
FN:389,_ZN5boost9unit_test13basic_cstringIKcE10trim_rightEPS2_
FNDA:1,_ZN5boost9unit_test13basic_cstringIKcE10trim_rightEPS2_
FN:402,_ZN5boost9unit_test13basic_cstringIKcE10trim_rightES3_
FNDA:1,_ZN5boost9unit_test13basic_cstringIKcE10trim_rightES3_
FN:421,_ZN5boost9unit_test13basic_cstringIKcE4trimES3_
FNDA:1,_ZN5boost9unit_test13basic_cstringIKcE4trimES3_
FN:433,_ZN5boost9unit_test13basic_cstringIKcEaSERKS3_
FNDA:0,_ZN5boost9unit_test13basic_cstringIKcEaSERKS3_
FN:507,_ZN5boost9unit_test13basic_cstringIKcE5beginEv
FNDA:4,_ZN5boost9unit_test13basic_cstringIKcE5beginEv
FN:516,_ZNK5boost9unit_test13basic_cstringIKcE5beginEv
FNDA:0,_ZNK5boost9unit_test13basic_cstringIKcE5beginEv
FN:525,_ZN5boost9unit_test13basic_cstringIKcE3endEv
FNDA:2,_ZN5boost9unit_test13basic_cstringIKcE3endEv
FN:534,_ZNK5boost9unit_test13basic_cstringIKcE3endEv
FNDA:0,_ZNK5boost9unit_test13basic_cstringIKcE3endEv
FN:600,_ZN5boost9unit_test13basic_cstringIKcE15default_trim_exEv
FNDA:0,_ZN5boost9unit_test13basic_cstringIKcE15default_trim_exEv
DA:83,0
DA:83,82
DA:206,25
DA:208,25
DA:215,25
DA:216,25
DA:217,25
DA:219,25
DA:225,15
DA:226,15
DA:227,15
DA:229,15
DA:235,36
DA:236,36
DA:237,36
DA:239,36
DA:245,15
DA:246,15
DA:247,15
DA:249,15
DA:286,2
DA:288,2
DA:295,2
DA:297,2
DA:313,0
DA:315,0
DA:316,0
DA:345,1
DA:347,1
DA:348,1
DA:349,0
DA:351,1
DA:358,1
DA:360,1
DA:361,0
DA:364,1
DA:365,1
DA:366,1
DA:369,1
DA:389,1
DA:391,1
DA:392,1
DA:393,0
DA:395,1
DA:402,1
DA:404,1
DA:405,0
DA:409,1
DA:410,1
DA:411,1
DA:414,1
DA:421,1
DA:423,1
DA:424,1
DA:426,1
DA:433,0
DA:435,0
DA:436,0
DA:438,0
DA:507,4
DA:509,4
DA:516,0
DA:518,0
DA:525,2
DA:527,2
DA:534,0
DA:536,0
DA:600,0
DA:604,0
end_of_record
SF:/usr/include/boost/type_index.hpp
FN:211,_ZN5boost9typeindex7type_idIPFvvEEENS0_14stl_type_indexEv
FNDA:0,_ZN5boost9typeindex7type_idIPFvvEEENS0_14stl_type_indexEv
DA:211,0
DA:212,0
end_of_record
SF:/home/danilglock-18/laba3/zad2/cpp/stack/stacktest.cpp
FN:10,_Z20generateRandomStringB5cxx11m
FNDA:14,_Z20generateRandomStringB5cxx11m
FN:29,_ZN10StackTests25TestConstructorDestructor11test_methodEv
FNDA:1,_ZN10StackTests25TestConstructorDestructor11test_methodEv
FN:29,_ZN10StackTestsL33TestConstructorDestructor_invokerEv
FNDA:1,_ZN10StackTestsL33TestConstructorDestructor_invokerEv
FN:37,_ZN10StackTests11TestPushPop11test_methodEv
FNDA:1,_ZN10StackTests11TestPushPop11test_methodEv
FN:37,_ZN10StackTestsL19TestPushPop_invokerEv
FNDA:1,_ZN10StackTestsL19TestPushPop_invokerEv
FN:56,_ZN10StackTests14TestPrintEmpty11test_methodEv
FNDA:1,_ZN10StackTests14TestPrintEmpty11test_methodEv
FN:56,_ZN10StackTestsL22TestPrintEmpty_invokerEv
FNDA:1,_ZN10StackTestsL22TestPrintEmpty_invokerEv
FN:61,_ZN10StackTests18TestFileOperations11test_methodEv
FNDA:1,_ZN10StackTests18TestFileOperations11test_methodEv
FN:61,_ZN10StackTestsL26TestFileOperations_invokerEv
FNDA:1,_ZN10StackTestsL26TestFileOperations_invokerEv
FN:88,_ZN10StackTests24TestBinaryFileOperations11test_methodEv
FNDA:1,_ZN10StackTests24TestBinaryFileOperations11test_methodEv
FN:88,_ZN10StackTestsL32TestBinaryFileOperations_invokerEv
FNDA:1,_ZN10StackTestsL32TestBinaryFileOperations_invokerEv
FN:115,_ZN10StackTests19TestExceptionSafety11test_methodEv
FNDA:1,_ZN10StackTests19TestExceptionSafety11test_methodEv
FN:115,_ZN10StackTestsL27TestExceptionSafety_invokerEv
FNDA:1,_ZN10StackTestsL27TestExceptionSafety_invokerEv
DA:10,14
DA:16,14
DA:17,14
DA:19,14
DA:20,14
DA:21,154
DA:22,140
DA:24,28
DA:25,0
DA:29,1
DA:30,1
DA:31,1
DA:33,1
DA:34,2
DA:35,1
DA:29,1
DA:37,1
DA:38,1
DA:39,1
DA:40,1
DA:41,1
DA:43,1
DA:44,1
DA:45,1
DA:47,1
DA:49,1
DA:50,1
DA:51,1
DA:53,2
DA:54,1
DA:37,1
DA:56,1
DA:57,1
DA:58,1
DA:59,1
DA:56,1
DA:61,1
DA:62,1
DA:63,1
DA:65,1
DA:66,6
DA:67,5
DA:68,5
DA:69,5
DA:70,5
DA:72,1
DA:73,1
DA:74,1
DA:75,1
DA:77,1
DA:78,1
DA:79,1
DA:80,1
DA:82,1
DA:83,1
DA:85,1
DA:86,1
DA:61,1
DA:88,1
DA:89,1
DA:90,1
DA:92,1
DA:93,6
DA:94,5
DA:95,5
DA:96,5
DA:97,5
DA:99,1
DA:100,1
DA:101,1
DA:102,1
DA:104,1
DA:105,1
DA:106,1
DA:107,1
DA:109,1
DA:110,1
DA:112,1
DA:113,1
DA:88,1
DA:115,1
DA:116,1
DA:118,2
DA:120,1
DA:121,1
DA:122,1
DA:123,2
DA:124,1
DA:115,1
end_of_record
SF:/usr/include/boost/test/tree/fixture.hpp
FN:98,_ZN5boost9unit_test12impl_fixture10call_setupILb0EEclIN10StackTests19TestExceptionSafetyEEEvRT_
FNDA:1,_ZN5boost9unit_test12impl_fixture10call_setupILb0EEclIN10StackTests19TestExceptionSafetyEEEvRT_
FN:98,_ZN5boost9unit_test12impl_fixture10call_setupILb0EEclIN10StackTests24TestBinaryFileOperationsEEEvRT_
FNDA:1,_ZN5boost9unit_test12impl_fixture10call_setupILb0EEclIN10StackTests24TestBinaryFileOperationsEEEvRT_
FN:98,_ZN5boost9unit_test12impl_fixture10call_setupILb0EEclIN10StackTests18TestFileOperationsEEEvRT_
FNDA:1,_ZN5boost9unit_test12impl_fixture10call_setupILb0EEclIN10StackTests18TestFileOperationsEEEvRT_
FN:98,_ZN5boost9unit_test12impl_fixture10call_setupILb0EEclIN10StackTests14TestPrintEmptyEEEvRT_
FNDA:1,_ZN5boost9unit_test12impl_fixture10call_setupILb0EEclIN10StackTests14TestPrintEmptyEEEvRT_
FN:98,_ZN5boost9unit_test12impl_fixture10call_setupILb0EEclIN10StackTests11TestPushPopEEEvRT_
FNDA:1,_ZN5boost9unit_test12impl_fixture10call_setupILb0EEclIN10StackTests11TestPushPopEEEvRT_
FN:98,_ZN5boost9unit_test12impl_fixture10call_setupILb0EEclIN10StackTests25TestConstructorDestructorEEEvRT_
FNDA:1,_ZN5boost9unit_test12impl_fixture10call_setupILb0EEclIN10StackTests25TestConstructorDestructorEEEvRT_
FN:104,_ZN5boost9unit_test12impl_fixture13call_teardownILb0EEclIN10StackTests24TestBinaryFileOperationsEEEvRT_
FNDA:1,_ZN5boost9unit_test12impl_fixture13call_teardownILb0EEclIN10StackTests24TestBinaryFileOperationsEEEvRT_
FN:104,_ZN5boost9unit_test12impl_fixture13call_teardownILb0EEclIN10StackTests18TestFileOperationsEEEvRT_
FNDA:1,_ZN5boost9unit_test12impl_fixture13call_teardownILb0EEclIN10StackTests18TestFileOperationsEEEvRT_
FN:104,_ZN5boost9unit_test12impl_fixture13call_teardownILb0EEclIN10StackTests14TestPrintEmptyEEEvRT_
FNDA:1,_ZN5boost9unit_test12impl_fixture13call_teardownILb0EEclIN10StackTests14TestPrintEmptyEEEvRT_
FN:104,_ZN5boost9unit_test12impl_fixture13call_teardownILb0EEclIN10StackTests11TestPushPopEEEvRT_
FNDA:1,_ZN5boost9unit_test12impl_fixture13call_teardownILb0EEclIN10StackTests11TestPushPopEEEvRT_
FN:104,_ZN5boost9unit_test12impl_fixture13call_teardownILb0EEclIN10StackTests25TestConstructorDestructorEEEvRT_
FNDA:1,_ZN5boost9unit_test12impl_fixture13call_teardownILb0EEclIN10StackTests25TestConstructorDestructorEEEvRT_
FN:104,_ZN5boost9unit_test12impl_fixture13call_teardownILb0EEclIN10StackTests19TestExceptionSafetyEEEvRT_
FNDA:1,_ZN5boost9unit_test12impl_fixture13call_teardownILb0EEclIN10StackTests19TestExceptionSafetyEEEvRT_
FN:112,_ZN5boost9unit_test17setup_conditionalIN10StackTests25TestConstructorDestructorEEEvRT_
FNDA:1,_ZN5boost9unit_test17setup_conditionalIN10StackTests25TestConstructorDestructorEEEvRT_
FN:112,_ZN5boost9unit_test17setup_conditionalIN10StackTests11TestPushPopEEEvRT_
FNDA:1,_ZN5boost9unit_test17setup_conditionalIN10StackTests11TestPushPopEEEvRT_
FN:112,_ZN5boost9unit_test17setup_conditionalIN10StackTests14TestPrintEmptyEEEvRT_
FNDA:1,_ZN5boost9unit_test17setup_conditionalIN10StackTests14TestPrintEmptyEEEvRT_
FN:112,_ZN5boost9unit_test17setup_conditionalIN10StackTests18TestFileOperationsEEEvRT_
FNDA:1,_ZN5boost9unit_test17setup_conditionalIN10StackTests18TestFileOperationsEEEvRT_
FN:112,_ZN5boost9unit_test17setup_conditionalIN10StackTests24TestBinaryFileOperationsEEEvRT_
FNDA:1,_ZN5boost9unit_test17setup_conditionalIN10StackTests24TestBinaryFileOperationsEEEvRT_
FN:112,_ZN5boost9unit_test17setup_conditionalIN10StackTests19TestExceptionSafetyEEEvRT_
FNDA:1,_ZN5boost9unit_test17setup_conditionalIN10StackTests19TestExceptionSafetyEEEvRT_
FN:118,_ZN5boost9unit_test20teardown_conditionalIN10StackTests18TestFileOperationsEEEvRT_
FNDA:1,_ZN5boost9unit_test20teardown_conditionalIN10StackTests18TestFileOperationsEEEvRT_
FN:118,_ZN5boost9unit_test20teardown_conditionalIN10StackTests14TestPrintEmptyEEEvRT_
FNDA:1,_ZN5boost9unit_test20teardown_conditionalIN10StackTests14TestPrintEmptyEEEvRT_
FN:118,_ZN5boost9unit_test20teardown_conditionalIN10StackTests24TestBinaryFileOperationsEEEvRT_
FNDA:1,_ZN5boost9unit_test20teardown_conditionalIN10StackTests24TestBinaryFileOperationsEEEvRT_
FN:118,_ZN5boost9unit_test20teardown_conditionalIN10StackTests11TestPushPopEEEvRT_
FNDA:1,_ZN5boost9unit_test20teardown_conditionalIN10StackTests11TestPushPopEEEvRT_
FN:118,_ZN5boost9unit_test20teardown_conditionalIN10StackTests25TestConstructorDestructorEEEvRT_
FNDA:1,_ZN5boost9unit_test20teardown_conditionalIN10StackTests25TestConstructorDestructorEEEvRT_
FN:118,_ZN5boost9unit_test20teardown_conditionalIN10StackTests19TestExceptionSafetyEEEvRT_
FNDA:1,_ZN5boost9unit_test20teardown_conditionalIN10StackTests19TestExceptionSafetyEEEvRT_
DA:98,1
DA:98,1
DA:98,1
DA:98,1
DA:98,1
DA:98,1
DA:104,1
DA:104,1
DA:104,1
DA:104,1
DA:104,1
DA:104,1
DA:112,1
DA:113,1
DA:112,1
DA:113,1
DA:112,1
DA:113,1
DA:112,1
DA:113,1
DA:112,1
DA:113,1
DA:112,1
DA:113,1
DA:118,1
DA:119,1
DA:118,1
DA:119,1
DA:118,1
DA:119,1
DA:118,1
DA:119,1
DA:118,1
DA:119,1
DA:118,1
DA:119,1
end_of_record
SF:/usr/include/boost/test/utils/basic_cstring/io.hpp
FN:51,_ZN5boost9unit_testlsIcSt11char_traitsIcEKcEERSt13basic_ostreamIT_T0_ES9_RKNS0_13basic_cstringIT1_EE
FNDA:0,_ZN5boost9unit_testlsIcSt11char_traitsIcEKcEERSt13basic_ostreamIT_T0_ES9_RKNS0_13basic_cstringIT1_EE
DA:51,0
DA:53,0
DA:54,0
DA:55,0
DA:57,0
end_of_record
SF:/usr/include/c++/11/bits/alloc_traits.h
FN:463,_ZNSt16allocator_traitsISaINSt7__cxx1112basic_stringIcSt11char_traitsIcESaIcEEEEE8allocateERS6_m
FNDA:16,_ZNSt16allocator_traitsISaINSt7__cxx1112basic_stringIcSt11char_traitsIcESaIcEEEEE8allocateERS6_m
FN:495,_ZNSt16allocator_traitsISaINSt7__cxx1112basic_stringIcSt11char_traitsIcESaIcEEEEE10deallocateERS6_PS5_m
FNDA:16,_ZNSt16allocator_traitsISaINSt7__cxx1112basic_stringIcSt11char_traitsIcESaIcEEEEE10deallocateERS6_PS5_m
FN:511,_ZNSt16allocator_traitsISaINSt7__cxx1112basic_stringIcSt11char_traitsIcESaIcEEEEE9constructIS5_JS5_EEEvRS6_PT_DpOT0_
FNDA:28,_ZNSt16allocator_traitsISaINSt7__cxx1112basic_stringIcSt11char_traitsIcESaIcEEEEE9constructIS5_JS5_EEEvRS6_PT_DpOT0_
FN:511,_ZNSt16allocator_traitsISaINSt7__cxx1112basic_stringIcSt11char_traitsIcESaIcEEEEE9constructIS5_JRKS5_EEEvRS6_PT_DpOT0_
FNDA:15,_ZNSt16allocator_traitsISaINSt7__cxx1112basic_stringIcSt11char_traitsIcESaIcEEEEE9constructIS5_JRKS5_EEEvRS6_PT_DpOT0_
FN:531,_ZNSt16allocator_traitsISaINSt7__cxx1112basic_stringIcSt11char_traitsIcESaIcEEEEE7destroyIS5_EEvRS6_PT_
FNDA:28,_ZNSt16allocator_traitsISaINSt7__cxx1112basic_stringIcSt11char_traitsIcESaIcEEEEE7destroyIS5_EEvRS6_PT_
FN:547,_ZNSt16allocator_traitsISaINSt7__cxx1112basic_stringIcSt11char_traitsIcESaIcEEEEE8max_sizeERKS6_
FNDA:32,_ZNSt16allocator_traitsISaINSt7__cxx1112basic_stringIcSt11char_traitsIcESaIcEEEEE8max_sizeERKS6_
FN:562,_ZNSt16allocator_traitsISaIcEE37select_on_container_copy_constructionERKS0_
FNDA:0,_ZNSt16allocator_traitsISaIcEE37select_on_container_copy_constructionERKS0_
FN:845,_ZSt8_DestroyIPNSt7__cxx1112basic_stringIcSt11char_traitsIcESaIcEEES5_EvT_S7_RSaIT0_E
FNDA:4,_ZSt8_DestroyIPNSt7__cxx1112basic_stringIcSt11char_traitsIcESaIcEEES5_EvT_S7_RSaIT0_E
DA:463,16
DA:464,16
DA:495,16
DA:496,16
DA:511,28
DA:516,28
DA:520,28
DA:511,15
DA:516,15
DA:520,15
DA:531,28
DA:535,28
DA:539,28
DA:547,32
DA:550,32
DA:562,0
DA:563,0
DA:845,4
DA:848,4
DA:849,4
end_of_record
SF:/usr/include/c++/11/bits/uniform_int_dist.h
FN:93,_ZNSt24uniform_int_distributionImE10param_typeC2Emm
FNDA:14,_ZNSt24uniform_int_distributionImE10param_typeC2Emm
FN:101,_ZNKSt24uniform_int_distributionImE10param_type1aEv
FNDA:280,_ZNKSt24uniform_int_distributionImE10param_type1aEv
FN:105,_ZNKSt24uniform_int_distributionImE10param_type1bEv
FNDA:140,_ZNKSt24uniform_int_distributionImE10param_type1bEv
FN:131,_ZNSt24uniform_int_distributionImEC2Emm
FNDA:14,_ZNSt24uniform_int_distributionImEC2Emm
FN:192,_ZNSt24uniform_int_distributionImEclISt23mersenne_twister_engineImLm32ELm624ELm397ELm31ELm2567483615ELm11ELm4294967295ELm7ELm2636928640ELm15ELm4022730752ELm18ELm1812433253EEEEmRT_
FNDA:140,_ZNSt24uniform_int_distributionImEclISt23mersenne_twister_engineImLm32ELm624ELm397ELm31ELm2567483615ELm11ELm4294967295ELm7ELm2636928640ELm15ELm4022730752ELm18ELm1812433253EEEEmRT_
FN:246,_ZNSt24uniform_int_distributionImE5_S_ndImSt23mersenne_twister_engineImLm32ELm624ELm397ELm31ELm2567483615ELm11ELm4294967295ELm7ELm2636928640ELm15ELm4022730752ELm18ELm1812433253EEjEET1_RT0_S4_
FNDA:140,_ZNSt24uniform_int_distributionImE5_S_ndImSt23mersenne_twister_engineImLm32ELm624ELm397ELm31ELm2567483615ELm11ELm4294967295ELm7ELm2636928640ELm15ELm4022730752ELm18ELm1812433253EEjEET1_RT0_S4_
FN:276,_ZNSt24uniform_int_distributionImEclISt23mersenne_twister_engineImLm32ELm624ELm397ELm31ELm2567483615ELm11ELm4294967295ELm7ELm2636928640ELm15ELm4022730752ELm18ELm1812433253EEEEmRT_RKNS0_10param_typeE
FNDA:140,_ZNSt24uniform_int_distributionImEclISt23mersenne_twister_engineImLm32ELm624ELm397ELm31ELm2567483615ELm11ELm4294967295ELm7ELm2636928640ELm15ELm4022730752ELm18ELm1812433253EEEEmRT_RKNS0_10param_typeE
DA:93,14
DA:95,14
DA:98,14
DA:101,280
DA:102,280
DA:105,140
DA:106,140
DA:131,14
DA:134,14
DA:135,14
DA:192,140
DA:193,140
DA:246,140
DA:258,140
DA:259,140
DA:260,140
DA:262,0
DA:263,0
DA:265,0
DA:266,0
DA:269,140
DA:276,140
DA:284,140
DA:285,140
DA:288,140
DA:290,140
DA:291,140
DA:294,140
DA:298,140
DA:315,140
DA:316,140
DA:330,0
DA:350,0
DA:351,0
DA:352,0
DA:353,0
DA:355,0
DA:358,0
DA:360,140
end_of_record
SF:/usr/include/c++/11/bits/stl_vector.h
FN:97,_ZNSt12_Vector_baseINSt7__cxx1112basic_stringIcSt11char_traitsIcESaIcEEESaIS5_EE17_Vector_impl_dataC2Ev
FNDA:4,_ZNSt12_Vector_baseINSt7__cxx1112basic_stringIcSt11char_traitsIcESaIcEEESaIS5_EE17_Vector_impl_dataC2Ev
FN:131,_ZNSt12_Vector_baseINSt7__cxx1112basic_stringIcSt11char_traitsIcESaIcEEESaIS5_EE12_Vector_implC2Ev
FNDA:4,_ZNSt12_Vector_baseINSt7__cxx1112basic_stringIcSt11char_traitsIcESaIcEEESaIS5_EE12_Vector_implC2Ev
FN:276,_ZNSt12_Vector_baseINSt7__cxx1112basic_stringIcSt11char_traitsIcESaIcEEESaIS5_EE19_M_get_Tp_allocatorEv
FNDA:36,_ZNSt12_Vector_baseINSt7__cxx1112basic_stringIcSt11char_traitsIcESaIcEEESaIS5_EE19_M_get_Tp_allocatorEv
FN:280,_ZNKSt12_Vector_baseINSt7__cxx1112basic_stringIcSt11char_traitsIcESaIcEEESaIS5_EE19_M_get_Tp_allocatorEv
FNDA:32,_ZNKSt12_Vector_baseINSt7__cxx1112basic_stringIcSt11char_traitsIcESaIcEEESaIS5_EE19_M_get_Tp_allocatorEv
FN:288,_ZNSt12_Vector_baseINSt7__cxx1112basic_stringIcSt11char_traitsIcESaIcEEESaIS5_EEC2Ev
FNDA:4,_ZNSt12_Vector_baseINSt7__cxx1112basic_stringIcSt11char_traitsIcESaIcEEESaIS5_EEC2Ev
FN:333,_ZNSt12_Vector_baseINSt7__cxx1112basic_stringIcSt11char_traitsIcESaIcEEESaIS5_EED2Ev
FNDA:4,_ZNSt12_Vector_baseINSt7__cxx1112basic_stringIcSt11char_traitsIcESaIcEEESaIS5_EED2Ev
FN:343,_ZNSt12_Vector_baseINSt7__cxx1112basic_stringIcSt11char_traitsIcESaIcEEESaIS5_EE11_M_allocateEm
FNDA:16,_ZNSt12_Vector_baseINSt7__cxx1112basic_stringIcSt11char_traitsIcESaIcEEESaIS5_EE11_M_allocateEm
FN:350,_ZNSt12_Vector_baseINSt7__cxx1112basic_stringIcSt11char_traitsIcESaIcEEESaIS5_EE13_M_deallocateEPS5_m
FNDA:20,_ZNSt12_Vector_baseINSt7__cxx1112basic_stringIcSt11char_traitsIcESaIcEEESaIS5_EE13_M_deallocateEPS5_m
FN:453,_ZNSt6vectorINSt7__cxx1112basic_stringIcSt11char_traitsIcESaIcEEESaIS5_EE14_S_do_relocateEPS5_S8_S8_RS6_St17integral_constantIbLb1EE
FNDA:32,_ZNSt6vectorINSt7__cxx1112basic_stringIcSt11char_traitsIcESaIcEEESaIS5_EE14_S_do_relocateEPS5_S8_S8_RS6_St17integral_constantIbLb1EE
FN:465,_ZNSt6vectorINSt7__cxx1112basic_stringIcSt11char_traitsIcESaIcEEESaIS5_EE11_S_relocateEPS5_S8_S8_RS6_
FNDA:32,_ZNSt6vectorINSt7__cxx1112basic_stringIcSt11char_traitsIcESaIcEEESaIS5_EE11_S_relocateEPS5_S8_S8_RS6_
FN:487,_ZNSt6vectorINSt7__cxx1112basic_stringIcSt11char_traitsIcESaIcEEESaIS5_EEC2Ev
FNDA:4,_ZNSt6vectorINSt7__cxx1112basic_stringIcSt11char_traitsIcESaIcEEESaIS5_EEC2Ev
FN:678,_ZNSt6vectorINSt7__cxx1112basic_stringIcSt11char_traitsIcESaIcEEESaIS5_EED2Ev
FNDA:4,_ZNSt6vectorINSt7__cxx1112basic_stringIcSt11char_traitsIcESaIcEEESaIS5_EED2Ev
FN:811,_ZNSt6vectorINSt7__cxx1112basic_stringIcSt11char_traitsIcESaIcEEESaIS5_EE5beginEv
FNDA:28,_ZNSt6vectorINSt7__cxx1112basic_stringIcSt11char_traitsIcESaIcEEESaIS5_EE5beginEv
FN:829,_ZNSt6vectorINSt7__cxx1112basic_stringIcSt11char_traitsIcESaIcEEESaIS5_EE3endEv
FNDA:23,_ZNSt6vectorINSt7__cxx1112basic_stringIcSt11char_traitsIcESaIcEEESaIS5_EE3endEv
FN:918,_ZNKSt6vectorINSt7__cxx1112basic_stringIcSt11char_traitsIcESaIcEEESaIS5_EE4sizeEv
FNDA:64,_ZNKSt6vectorINSt7__cxx1112basic_stringIcSt11char_traitsIcESaIcEEESaIS5_EE4sizeEv
FN:923,_ZNKSt6vectorINSt7__cxx1112basic_stringIcSt11char_traitsIcESaIcEEESaIS5_EE8max_sizeEv
FNDA:32,_ZNKSt6vectorINSt7__cxx1112basic_stringIcSt11char_traitsIcESaIcEEESaIS5_EE8max_sizeEv
FN:1187,_ZNSt6vectorINSt7__cxx1112basic_stringIcSt11char_traitsIcESaIcEEESaIS5_EE9push_backERKS5_
FNDA:15,_ZNSt6vectorINSt7__cxx1112basic_stringIcSt11char_traitsIcESaIcEEESaIS5_EE9push_backERKS5_
FN:1756,_ZNKSt6vectorINSt7__cxx1112basic_stringIcSt11char_traitsIcESaIcEEESaIS5_EE12_M_check_lenEmPKc
FNDA:16,_ZNKSt6vectorINSt7__cxx1112basic_stringIcSt11char_traitsIcESaIcEEESaIS5_EE12_M_check_lenEmPKc
FN:1776,_ZNSt6vectorINSt7__cxx1112basic_stringIcSt11char_traitsIcESaIcEEESaIS5_EE11_S_max_sizeERKS6_
FNDA:32,_ZNSt6vectorINSt7__cxx1112basic_stringIcSt11char_traitsIcESaIcEEESaIS5_EE11_S_max_sizeERKS6_
DA:97,4
DA:98,4
DA:99,4
DA:131,4
DA:133,4
DA:134,4
DA:276,36
DA:277,36
DA:280,32
DA:281,32
DA:288,4
DA:333,4
DA:335,4
DA:336,4
DA:337,4
DA:343,16
DA:346,16
DA:350,20
DA:353,20
DA:354,16
DA:355,20
DA:453,32
DA:456,32
DA:465,32
DA:469,32
DA:487,4
DA:678,4
DA:680,4
DA:681,4
DA:683,4
DA:811,28
DA:812,28
DA:829,23
DA:830,23
DA:918,64
DA:919,64
DA:923,32
DA:924,32
DA:1187,15
DA:1189,15
DA:1192,3
DA:1194,3
DA:1198,12
DA:1199,15
DA:1756,16
DA:1758,16
DA:1759,0
DA:1761,16
DA:1762,16
DA:1776,32
DA:1781,32
DA:1783,32
DA:1784,32
end_of_record
SF:/usr/include/c++/11/bits/basic_string.tcc
FN:206,_ZNSt7__cxx1112basic_stringIcSt11char_traitsIcESaIcEE12_M_constructIPcEEvT_S7_St20forward_iterator_tag
FNDA:0,_ZNSt7__cxx1112basic_stringIcSt11char_traitsIcESaIcEE12_M_constructIPcEEvT_S7_St20forward_iterator_tag
FN:206,_ZNSt7__cxx1112basic_stringIcSt11char_traitsIcESaIcEE12_M_constructIPKcEEvT_S8_St20forward_iterator_tag
FNDA:8,_ZNSt7__cxx1112basic_stringIcSt11char_traitsIcESaIcEE12_M_constructIPKcEEvT_S8_St20forward_iterator_tag
DA:206,0
DA:211,0
DA:212,0
DA:215,0
DA:217,0
DA:219,0
DA:220,0
DA:225,0
DA:226,0
DA:228,0
DA:229,0
DA:232,0
DA:233,0
DA:206,8
DA:211,8
DA:212,0
DA:215,8
DA:217,8
DA:219,1
DA:220,1
DA:225,8
DA:226,0
DA:228,0
DA:229,0
DA:232,8
DA:233,8
end_of_record
SF:/usr/include/c++/11/bits/allocator.h
FN:156,_ZNSaINSt7__cxx1112basic_stringIcSt11char_traitsIcESaIcEEEEC2Ev
FNDA:4,_ZNSaINSt7__cxx1112basic_stringIcSt11char_traitsIcESaIcEEEEC2Ev
FN:174,_ZNSaINSt7__cxx1112basic_stringIcSt11char_traitsIcESaIcEEEED2Ev
FNDA:4,_ZNSaINSt7__cxx1112basic_stringIcSt11char_traitsIcESaIcEEEED2Ev
DA:156,4
DA:174,4
end_of_record
SF:/usr/include/c++/11/bits/basic_string.h
FN:251,_ZNSt7__cxx1112basic_stringIcSt11char_traitsIcESaIcEE16_M_construct_auxIPcEEvT_S7_St12__false_type
FNDA:0,_ZNSt7__cxx1112basic_stringIcSt11char_traitsIcESaIcEE16_M_construct_auxIPcEEvT_S7_St12__false_type
FN:251,_ZNSt7__cxx1112basic_stringIcSt11char_traitsIcESaIcEE16_M_construct_auxIPKcEEvT_S8_St12__false_type
FNDA:0,_ZNSt7__cxx1112basic_stringIcSt11char_traitsIcESaIcEE16_M_construct_auxIPKcEEvT_S8_St12__false_type
FN:271,_ZNSt7__cxx1112basic_stringIcSt11char_traitsIcESaIcEE12_M_constructIPcEEvT_S7_
FNDA:0,_ZNSt7__cxx1112basic_stringIcSt11char_traitsIcESaIcEE12_M_constructIPcEEvT_S7_
FN:271,_ZNSt7__cxx1112basic_stringIcSt11char_traitsIcESaIcEE12_M_constructIPKcEEvT_S8_
FNDA:0,_ZNSt7__cxx1112basic_stringIcSt11char_traitsIcESaIcEE12_M_constructIPKcEEvT_S8_
FN:533,_ZNSt7__cxx1112basic_stringIcSt11char_traitsIcESaIcEEC2IS3_EEPKcRKS3_
FNDA:8,_ZNSt7__cxx1112basic_stringIcSt11char_traitsIcESaIcEEC2IS3_EEPKcRKS3_
DA:251,0
DA:255,0
DA:256,0
DA:251,0
DA:255,0
DA:256,0
DA:271,0
DA:274,0
DA:275,0
DA:271,0
DA:274,0
DA:275,0
DA:533,8
DA:534,8
DA:536,8
DA:539,8
DA:540,8
end_of_record
SF:/usr/include/boost/test/utils/lazy_ostream.hpp
FN:33,_ZN5boost9unit_test12lazy_ostreamD2Ev
FNDA:22,_ZN5boost9unit_test12lazy_ostreamD2Ev
FN:33,_ZN5boost9unit_test12lazy_ostreamD0Ev
FNDA:0,_ZN5boost9unit_test12lazy_ostreamD0Ev
FN:35,_ZN5boost9unit_test12lazy_ostream8instanceEv
FNDA:22,_ZN5boost9unit_test12lazy_ostream8instanceEv
FN:51,_ZNK5boost9unit_test12lazy_ostreamclERSo
FNDA:0,_ZNK5boost9unit_test12lazy_ostreamclERSo
FN:53,_ZN5boost9unit_test12lazy_ostreamC2Eb
FNDA:22,_ZN5boost9unit_test12lazy_ostreamC2Eb
FN:72,_ZN5boost9unit_test17lazy_ostream_implINS0_12lazy_ostreamEA46_cRA46_KcEC2ERKS2_S6_
FNDA:0,_ZN5boost9unit_test17lazy_ostream_implINS0_12lazy_ostreamEA46_cRA46_KcEC2ERKS2_S6_
FN:72,_ZN5boost9unit_test17lazy_ostream_implINS0_12lazy_ostreamEA39_cRA39_KcEC2ERKS2_S6_
FNDA:5,_ZN5boost9unit_test17lazy_ostream_implINS0_12lazy_ostreamEA39_cRA39_KcEC2ERKS2_S6_
FN:72,_ZN5boost9unit_test17lazy_ostream_implINS0_12lazy_ostreamEA38_cRA38_KcEC2ERKS2_S6_
FNDA:3,_ZN5boost9unit_test17lazy_ostream_implINS0_12lazy_ostreamEA38_cRA38_KcEC2ERKS2_S6_
FN:72,_ZN5boost9unit_test17lazy_ostream_implINS0_12lazy_ostreamEA45_cRA45_KcEC2ERKS2_S6_
FNDA:3,_ZN5boost9unit_test17lazy_ostream_implINS0_12lazy_ostreamEA45_cRA45_KcEC2ERKS2_S6_
FN:72,_ZN5boost9unit_test17lazy_ostream_implINS0_12lazy_ostreamEA41_cRA41_KcEC2ERKS2_S6_
FNDA:3,_ZN5boost9unit_test17lazy_ostream_implINS0_12lazy_ostreamEA41_cRA41_KcEC2ERKS2_S6_
FN:72,_ZN5boost9unit_test17lazy_ostream_implINS0_12lazy_ostreamEA48_cRA48_KcEC2ERKS2_S6_
FNDA:0,_ZN5boost9unit_test17lazy_ostream_implINS0_12lazy_ostreamEA48_cRA48_KcEC2ERKS2_S6_
FN:72,_ZN5boost9unit_test17lazy_ostream_implINS0_12lazy_ostreamEA43_cRA43_KcEC2ERKS2_S6_
FNDA:0,_ZN5boost9unit_test17lazy_ostream_implINS0_12lazy_ostreamEA43_cRA43_KcEC2ERKS2_S6_
FN:72,_ZN5boost9unit_test17lazy_ostream_implINS0_12lazy_ostreamENS0_13basic_cstringIKcEERKS5_EC2ERKS2_S7_
FNDA:4,_ZN5boost9unit_test17lazy_ostream_implINS0_12lazy_ostreamENS0_13basic_cstringIKcEERKS5_EC2ERKS2_S7_
FN:72,_ZN5boost9unit_test17lazy_ostream_implINS0_12lazy_ostreamEA36_cRA36_KcEC2ERKS2_S6_
FNDA:4,_ZN5boost9unit_test17lazy_ostream_implINS0_12lazy_ostreamEA36_cRA36_KcEC2ERKS2_S6_
FN:79,_ZNK5boost9unit_test17lazy_ostream_implINS0_12lazy_ostreamEA46_cRA46_KcEclERSo
FNDA:0,_ZNK5boost9unit_test17lazy_ostream_implINS0_12lazy_ostreamEA46_cRA46_KcEclERSo
FN:79,_ZNK5boost9unit_test17lazy_ostream_implINS0_12lazy_ostreamEA38_cRA38_KcEclERSo
FNDA:0,_ZNK5boost9unit_test17lazy_ostream_implINS0_12lazy_ostreamEA38_cRA38_KcEclERSo
FN:79,_ZNK5boost9unit_test17lazy_ostream_implINS0_12lazy_ostreamEA45_cRA45_KcEclERSo
FNDA:0,_ZNK5boost9unit_test17lazy_ostream_implINS0_12lazy_ostreamEA45_cRA45_KcEclERSo
FN:79,_ZNK5boost9unit_test17lazy_ostream_implINS0_12lazy_ostreamEA41_cRA41_KcEclERSo
FNDA:0,_ZNK5boost9unit_test17lazy_ostream_implINS0_12lazy_ostreamEA41_cRA41_KcEclERSo
FN:79,_ZNK5boost9unit_test17lazy_ostream_implINS0_12lazy_ostreamEA48_cRA48_KcEclERSo
FNDA:0,_ZNK5boost9unit_test17lazy_ostream_implINS0_12lazy_ostreamEA48_cRA48_KcEclERSo
FN:79,_ZNK5boost9unit_test17lazy_ostream_implINS0_12lazy_ostreamEA36_cRA36_KcEclERSo
FNDA:0,_ZNK5boost9unit_test17lazy_ostream_implINS0_12lazy_ostreamEA36_cRA36_KcEclERSo
FN:79,_ZNK5boost9unit_test17lazy_ostream_implINS0_12lazy_ostreamEA39_cRA39_KcEclERSo
FNDA:0,_ZNK5boost9unit_test17lazy_ostream_implINS0_12lazy_ostreamEA39_cRA39_KcEclERSo
FN:79,_ZNK5boost9unit_test17lazy_ostream_implINS0_12lazy_ostreamEA43_cRA43_KcEclERSo
FNDA:0,_ZNK5boost9unit_test17lazy_ostream_implINS0_12lazy_ostreamEA43_cRA43_KcEclERSo
FN:79,_ZNK5boost9unit_test17lazy_ostream_implINS0_12lazy_ostreamENS0_13basic_cstringIKcEERKS5_EclERSo
FNDA:0,_ZNK5boost9unit_test17lazy_ostream_implINS0_12lazy_ostreamENS0_13basic_cstringIKcEERKS5_EclERSo
FN:93,_ZN5boost9unit_testlsIA43_cEENS0_17lazy_ostream_implINS0_12lazy_ostreamET_RKS5_EERKS4_S7_
FNDA:0,_ZN5boost9unit_testlsIA43_cEENS0_17lazy_ostream_implINS0_12lazy_ostreamET_RKS5_EERKS4_S7_
FN:93,_ZN5boost9unit_testlsIA36_cEENS0_17lazy_ostream_implINS0_12lazy_ostreamET_RKS5_EERKS4_S7_
FNDA:4,_ZN5boost9unit_testlsIA36_cEENS0_17lazy_ostream_implINS0_12lazy_ostreamET_RKS5_EERKS4_S7_
FN:93,_ZN5boost9unit_testlsIA48_cEENS0_17lazy_ostream_implINS0_12lazy_ostreamET_RKS5_EERKS4_S7_
FNDA:0,_ZN5boost9unit_testlsIA48_cEENS0_17lazy_ostream_implINS0_12lazy_ostreamET_RKS5_EERKS4_S7_
FN:93,_ZN5boost9unit_testlsIA41_cEENS0_17lazy_ostream_implINS0_12lazy_ostreamET_RKS5_EERKS4_S7_
FNDA:3,_ZN5boost9unit_testlsIA41_cEENS0_17lazy_ostream_implINS0_12lazy_ostreamET_RKS5_EERKS4_S7_
FN:93,_ZN5boost9unit_testlsIA45_cEENS0_17lazy_ostream_implINS0_12lazy_ostreamET_RKS5_EERKS4_S7_
FNDA:3,_ZN5boost9unit_testlsIA45_cEENS0_17lazy_ostream_implINS0_12lazy_ostreamET_RKS5_EERKS4_S7_
FN:93,_ZN5boost9unit_testlsIA38_cEENS0_17lazy_ostream_implINS0_12lazy_ostreamET_RKS5_EERKS4_S7_
FNDA:3,_ZN5boost9unit_testlsIA38_cEENS0_17lazy_ostream_implINS0_12lazy_ostreamET_RKS5_EERKS4_S7_
FN:93,_ZN5boost9unit_testlsIA46_cEENS0_17lazy_ostream_implINS0_12lazy_ostreamET_RKS5_EERKS4_S7_
FNDA:0,_ZN5boost9unit_testlsIA46_cEENS0_17lazy_ostream_implINS0_12lazy_ostreamET_RKS5_EERKS4_S7_
FN:93,_ZN5boost9unit_testlsIA39_cEENS0_17lazy_ostream_implINS0_12lazy_ostreamET_RKS5_EERKS4_S7_
FNDA:5,_ZN5boost9unit_testlsIA39_cEENS0_17lazy_ostream_implINS0_12lazy_ostreamET_RKS5_EERKS4_S7_
FN:93,_ZN5boost9unit_testlsINS0_13basic_cstringIKcEEEENS0_17lazy_ostream_implINS0_12lazy_ostreamET_RKS7_EERKS6_S9_
FNDA:4,_ZN5boost9unit_testlsINS0_13basic_cstringIKcEEEENS0_17lazy_ostream_implINS0_12lazy_ostreamET_RKS7_EERKS6_S9_
DA:33,0
DA:33,22
DA:35,22
DA:51,0
DA:53,22
DA:72,4
DA:74,4
DA:75,4
DA:77,4
DA:72,0
DA:74,0
DA:75,0
DA:77,0
DA:72,4
DA:74,4
DA:75,4
DA:77,4
DA:72,0
DA:74,0
DA:75,0
DA:77,0
DA:72,3
DA:74,3
DA:75,3
DA:77,3
DA:72,3
DA:74,3
DA:75,3
DA:77,3
DA:72,3
DA:74,3
DA:75,3
DA:77,3
DA:72,0
DA:74,0
DA:75,0
DA:77,0
DA:72,5
DA:74,5
DA:75,5
DA:77,5
DA:79,0
DA:81,0
DA:79,0
DA:81,0
DA:79,0
DA:81,0
DA:79,0
DA:81,0
DA:79,0
DA:81,0
DA:79,0
DA:81,0
DA:79,0
DA:81,0
DA:79,0
DA:81,0
DA:79,0
DA:81,0
DA:93,4
DA:95,4
DA:93,0
DA:95,0
DA:93,4
DA:95,4
DA:93,0
DA:95,0
DA:93,3
DA:95,3
DA:93,3
DA:95,3
DA:93,3
DA:95,3
DA:93,0
DA:95,0
DA:93,5
DA:95,5
end_of_record
SF:/usr/include/c++/11/bits/vector.tcc
FN:426,_ZNSt6vectorINSt7__cxx1112basic_stringIcSt11char_traitsIcESaIcEEESaIS5_EE17_M_realloc_insertIJRKS5_EEEvN9__gnu_cxx17__normal_iteratorIPS5_S7_EEDpOT_
FNDA:12,_ZNSt6vectorINSt7__cxx1112basic_stringIcSt11char_traitsIcESaIcEEESaIS5_EE17_M_realloc_insertIJRKS5_EEEvN9__gnu_cxx17__normal_iteratorIPS5_S7_EEDpOT_
DA:426,12
DA:436,12
DA:437,12
DA:438,12
DA:439,12
DA:440,12
DA:441,12
DA:449,12
DA:450,12
DA:456,12
DA:461,12
DA:462,12
DA:464,12
DA:466,12
DA:467,12
DA:485,0
DA:487,0
DA:488,0
DA:489,0
DA:491,0
DA:492,0
DA:493,0
DA:500,12
DA:501,12
DA:502,12
DA:503,12
DA:504,12
DA:505,12
end_of_record
SF:/usr/include/boost/test/tools/detail/fwd.hpp
FN:45,_ZN5boost10test_tools9tt_detail10dummy_condEv
FNDA:40,_ZN5boost10test_tools9tt_detail10dummy_condEv
DA:45,40
end_of_record
SF:/usr/include/c++/11/bits/stl_uninitialized.h
FN:986,_ZSt19__relocate_object_aINSt7__cxx1112basic_stringIcSt11char_traitsIcESaIcEEES5_SaIS5_EEvPT_PT0_RT1_
FNDA:28,_ZSt19__relocate_object_aINSt7__cxx1112basic_stringIcSt11char_traitsIcESaIcEEES5_SaIS5_EEvPT_PT0_RT1_
FN:1018,_ZSt14__relocate_a_1IPNSt7__cxx1112basic_stringIcSt11char_traitsIcESaIcEEES6_SaIS5_EET0_T_S9_S8_RT1_
FNDA:32,_ZSt14__relocate_a_1IPNSt7__cxx1112basic_stringIcSt11char_traitsIcESaIcEEES6_SaIS5_EET0_T_S9_S8_RT1_
FN:1040,_ZSt12__relocate_aIPNSt7__cxx1112basic_stringIcSt11char_traitsIcESaIcEEES6_SaIS5_EET0_T_S9_S8_RT1_
FNDA:32,_ZSt12__relocate_aIPNSt7__cxx1112basic_stringIcSt11char_traitsIcESaIcEEES6_SaIS5_EET0_T_S9_S8_RT1_
DA:986,28
DA:994,28
DA:995,28
DA:996,28
DA:1018,32
DA:1030,32
DA:1031,60
DA:1032,28
DA:1034,32
DA:1040,32
DA:1046,32
DA:1048,32
end_of_record
SF:/usr/include/boost/test/unit_test_log.hpp
end_of_record
SF:/usr/include/boost/type_index/stl_type_index.hpp
FN:93,_ZN5boost9typeindex14stl_type_indexC2ERKSt9type_info
FNDA:0,_ZN5boost9typeindex14stl_type_indexC2ERKSt9type_info
FN:117,_ZNK5boost9typeindex14stl_type_index9type_infoEv
FNDA:0,_ZNK5boost9typeindex14stl_type_index9type_infoEv
FN:206,_ZNK5boost9typeindex14stl_type_index5equalERKS1_
FNDA:0,_ZNK5boost9typeindex14stl_type_index5equalERKS1_
FN:226,_ZN5boost9typeindex14stl_type_index7type_idIPFvvEEES1_v
FNDA:0,_ZN5boost9typeindex14stl_type_index7type_idIPFvvEEES1_v
DA:93,0
DA:94,0
DA:95,0
DA:117,0
DA:118,0
DA:206,0
DA:210,0
DA:226,0
DA:246,0
end_of_record
SF:/usr/include/boost/test/unit_test_suite.hpp
FN:387,_Z14init_unit_testv
FNDA:1,_Z14init_unit_testv
DA:387,1
DA:394,1
end_of_record
SF:/usr/include/boost/test/utils/wrap_stringstream.hpp
FN:64,_ZN5boostlsIcA20_cEERNS_23basic_wrap_stringstreamIT_EES5_RKT0_
FNDA:5,_ZN5boostlsIcA20_cEERNS_23basic_wrap_stringstreamIT_EES5_RKT0_
FN:64,_ZN5boostlsIcA25_cEERNS_23basic_wrap_stringstreamIT_EES5_RKT0_
FNDA:5,_ZN5boostlsIcA25_cEERNS_23basic_wrap_stringstreamIT_EES5_RKT0_
FN:64,_ZN5boostlsIcA12_cEERNS_23basic_wrap_stringstreamIT_EES5_RKT0_
FNDA:5,_ZN5boostlsIcA12_cEERNS_23basic_wrap_stringstreamIT_EES5_RKT0_
FN:64,_ZN5boostlsIcA19_cEERNS_23basic_wrap_stringstreamIT_EES5_RKT0_
FNDA:11,_ZN5boostlsIcA19_cEERNS_23basic_wrap_stringstreamIT_EES5_RKT0_
FN:64,_ZN5boostlsIcA13_cEERNS_23basic_wrap_stringstreamIT_EES5_RKT0_
FNDA:6,_ZN5boostlsIcA13_cEERNS_23basic_wrap_stringstreamIT_EES5_RKT0_
FN:64,_ZN5boostlsIcA16_cEERNS_23basic_wrap_stringstreamIT_EES5_RKT0_
FNDA:6,_ZN5boostlsIcA16_cEERNS_23basic_wrap_stringstreamIT_EES5_RKT0_
FN:64,_ZN5boostlsIcA15_cEERNS_23basic_wrap_stringstreamIT_EES5_RKT0_
FNDA:17,_ZN5boostlsIcA15_cEERNS_23basic_wrap_stringstreamIT_EES5_RKT0_
FN:64,_ZN5boostlsIcA26_cEERNS_23basic_wrap_stringstreamIT_EES5_RKT0_
FNDA:5,_ZN5boostlsIcA26_cEERNS_23basic_wrap_stringstreamIT_EES5_RKT0_
FN:64,_ZN5boostlsIccEERNS_23basic_wrap_stringstreamIT_EES4_RKT0_
FNDA:30,_ZN5boostlsIccEERNS_23basic_wrap_stringstreamIT_EES4_RKT0_
FN:74,_ZN5boost23basic_wrap_stringstreamIcE6streamB5cxx11Ev
FNDA:90,_ZN5boost23basic_wrap_stringstreamIcE6streamB5cxx11Ev
FN:83,_ZN5boost23basic_wrap_stringstreamIcE3refEv
FNDA:30,_ZN5boost23basic_wrap_stringstreamIcE3refEv
FN:92,_ZN5boost23basic_wrap_stringstreamIcE3strB5cxx11Ev
FNDA:30,_ZN5boost23basic_wrap_stringstreamIcE3strB5cxx11Ev
DA:64,5
DA:66,5
DA:67,5
DA:64,5
DA:66,5
DA:67,5
DA:64,5
DA:66,5
DA:67,5
DA:64,11
DA:66,11
DA:67,11
DA:64,6
DA:66,6
DA:67,6
DA:64,6
DA:66,6
DA:67,6
DA:64,17
DA:66,17
DA:67,17
DA:64,5
DA:66,5
DA:67,5
DA:64,30
DA:66,30
DA:67,30
DA:74,90
DA:76,90
DA:83,30
DA:85,30
DA:92,30
DA:99,30
DA:102,30
end_of_record
SF:/usr/include/boost/smart_ptr/shared_ptr.hpp
FN:346,_ZN5boost10shared_ptrINS_23basic_wrap_stringstreamIcEEEC2Ev
FNDA:22,_ZN5boost10shared_ptrINS_23basic_wrap_stringstreamIcEEEC2Ev
DA:346,22
DA:348,22
end_of_record
TN:
SF:/usr/include/c++/11/ext/new_allocator.h
FN:79,_ZN9__gnu_cxx13new_allocatorINSt7__cxx1112basic_stringIcSt11char_traitsIcESaIcEEEEC2Ev
FNDA:0,_ZN9__gnu_cxx13new_allocatorINSt7__cxx1112basic_stringIcSt11char_traitsIcESaIcEEEEC2Ev
FN:79,_ZN9__gnu_cxx13new_allocatorIcEC2Ev
FNDA:0,_ZN9__gnu_cxx13new_allocatorIcEC2Ev
FN:82,_ZN9__gnu_cxx13new_allocatorIcEC2ERKS1_
FNDA:0,_ZN9__gnu_cxx13new_allocatorIcEC2ERKS1_
FN:89,_ZN9__gnu_cxx13new_allocatorINSt7__cxx1112basic_stringIcSt11char_traitsIcESaIcEEEED2Ev
FNDA:0,_ZN9__gnu_cxx13new_allocatorINSt7__cxx1112basic_stringIcSt11char_traitsIcESaIcEEEED2Ev
FN:89,_ZN9__gnu_cxx13new_allocatorIcED2Ev
FNDA:0,_ZN9__gnu_cxx13new_allocatorIcED2Ev
FN:103,_ZN9__gnu_cxx13new_allocatorINSt7__cxx1112basic_stringIcSt11char_traitsIcESaIcEEEE8allocateEmPKv
FNDA:0,_ZN9__gnu_cxx13new_allocatorINSt7__cxx1112basic_stringIcSt11char_traitsIcESaIcEEEE8allocateEmPKv
FN:132,_ZN9__gnu_cxx13new_allocatorINSt7__cxx1112basic_stringIcSt11char_traitsIcESaIcEEEE10deallocateEPS6_m
FNDA:0,_ZN9__gnu_cxx13new_allocatorINSt7__cxx1112basic_stringIcSt11char_traitsIcESaIcEEEE10deallocateEPS6_m
FN:154,_ZNK9__gnu_cxx13new_allocatorINSt7__cxx1112basic_stringIcSt11char_traitsIcESaIcEEEE8max_sizeEv
FNDA:0,_ZNK9__gnu_cxx13new_allocatorINSt7__cxx1112basic_stringIcSt11char_traitsIcESaIcEEEE8max_sizeEv
FN:160,_ZN9__gnu_cxx13new_allocatorINSt7__cxx1112basic_stringIcSt11char_traitsIcESaIcEEEE9constructIS6_JS6_EEEvPT_DpOT0_
FNDA:0,_ZN9__gnu_cxx13new_allocatorINSt7__cxx1112basic_stringIcSt11char_traitsIcESaIcEEEE9constructIS6_JS6_EEEvPT_DpOT0_
FN:160,_ZN9__gnu_cxx13new_allocatorINSt7__cxx1112basic_stringIcSt11char_traitsIcESaIcEEEE9constructIS6_JRPcEEEvPT_DpOT0_
FNDA:5,_ZN9__gnu_cxx13new_allocatorINSt7__cxx1112basic_stringIcSt11char_traitsIcESaIcEEEE9constructIS6_JRPcEEEvPT_DpOT0_
FN:160,_ZN9__gnu_cxx13new_allocatorINSt7__cxx1112basic_stringIcSt11char_traitsIcESaIcEEEE9constructIS6_JRKS6_EEEvPT_DpOT0_
FNDA:0,_ZN9__gnu_cxx13new_allocatorINSt7__cxx1112basic_stringIcSt11char_traitsIcESaIcEEEE9constructIS6_JRKS6_EEEvPT_DpOT0_
FN:166,_ZN9__gnu_cxx13new_allocatorINSt7__cxx1112basic_stringIcSt11char_traitsIcESaIcEEEE7destroyIS6_EEvPT_
FNDA:0,_ZN9__gnu_cxx13new_allocatorINSt7__cxx1112basic_stringIcSt11char_traitsIcESaIcEEEE7destroyIS6_EEvPT_
FN:197,_ZNK9__gnu_cxx13new_allocatorINSt7__cxx1112basic_stringIcSt11char_traitsIcESaIcEEEE11_M_max_sizeEv
FNDA:0,_ZNK9__gnu_cxx13new_allocatorINSt7__cxx1112basic_stringIcSt11char_traitsIcESaIcEEEE11_M_max_sizeEv
DA:79,0
DA:79,0
DA:82,0
DA:89,0
DA:89,0
DA:103,0
DA:111,0
DA:115,0
DA:116,0
DA:117,0
DA:127,0
DA:132,0
DA:145,0
DA:154,0
DA:155,0
DA:160,0
DA:162,0
DA:160,5
DA:162,5
DA:160,0
DA:162,0
DA:166,0
DA:168,0
DA:197,0
DA:200,0
end_of_record
SF:/usr/include/c++/11/bits/stl_algobase.h
FN:230,_ZSt3minImERKT_S2_S2_
FNDA:0,_ZSt3minImERKT_S2_S2_
FN:254,_ZSt3maxImERKT_S2_S2_
FNDA:0,_ZSt3maxImERKT_S2_S2_
FN:313,_ZSt12__niter_baseIPNSt7__cxx1112basic_stringIcSt11char_traitsIcESaIcEEEET_S7_
FNDA:0,_ZSt12__niter_baseIPNSt7__cxx1112basic_stringIcSt11char_traitsIcESaIcEEEET_S7_
DA:230,0
DA:235,0
DA:236,0
DA:237,0
DA:254,0
DA:259,0
DA:260,0
DA:261,0
DA:313,0
DA:315,0
end_of_record
SF:/usr/include/c++/11/ext/alloc_traits.h
FN:97,_ZN9__gnu_cxx14__alloc_traitsISaIcEcE17_S_select_on_copyERKS1_
FNDA:0,_ZN9__gnu_cxx14__alloc_traitsISaIcEcE17_S_select_on_copyERKS1_
DA:97,0
DA:98,0
end_of_record
SF:/usr/include/c++/11/new
FN:174,_ZnwmPv
FNDA:0,_ZnwmPv
FN:180,_ZdlPvS_
FNDA:0,_ZdlPvS_
DA:174,0
DA:175,0
DA:180,0
end_of_record
SF:/usr/include/c++/11/bits/stl_iterator_base_types.h
FN:238,_ZSt19__iterator_categoryIPcENSt15iterator_traitsIT_E17iterator_categoryERKS2_
FNDA:0,_ZSt19__iterator_categoryIPcENSt15iterator_traitsIT_E17iterator_categoryERKS2_
FN:238,_ZSt19__iterator_categoryIPKcENSt15iterator_traitsIT_E17iterator_categoryERKS3_
FNDA:0,_ZSt19__iterator_categoryIPKcENSt15iterator_traitsIT_E17iterator_categoryERKS3_
DA:238,0
DA:239,0
DA:238,0
DA:239,0
end_of_record
SF:/usr/include/c++/11/bits/stl_construct.h
FN:146,_ZSt8_DestroyINSt7__cxx1112basic_stringIcSt11char_traitsIcESaIcEEEEvPT_
FNDA:0,_ZSt8_DestroyINSt7__cxx1112basic_stringIcSt11char_traitsIcESaIcEEEEvPT_
FN:160,_ZNSt12_Destroy_auxILb0EE9__destroyIPNSt7__cxx1112basic_stringIcSt11char_traitsIcESaIcEEEEEvT_S9_
FNDA:0,_ZNSt12_Destroy_auxILb0EE9__destroyIPNSt7__cxx1112basic_stringIcSt11char_traitsIcESaIcEEEEEvT_S9_
FN:182,_ZSt8_DestroyIPNSt7__cxx1112basic_stringIcSt11char_traitsIcESaIcEEEEvT_S7_
FNDA:0,_ZSt8_DestroyIPNSt7__cxx1112basic_stringIcSt11char_traitsIcESaIcEEEEvT_S7_
DA:146,0
DA:151,0
DA:153,0
DA:160,0
DA:162,0
DA:163,0
DA:164,0
DA:182,0
DA:196,0
DA:197,0
end_of_record
SF:/usr/include/c++/11/bits/char_traits.h
FN:106,_ZN9__gnu_cxx11char_traitsIcE2eqERKcS3_
FNDA:0,_ZN9__gnu_cxx11char_traitsIcE2eqERKcS3_
FN:167,_ZN9__gnu_cxx11char_traitsIcE6lengthEPKc
FNDA:0,_ZN9__gnu_cxx11char_traitsIcE6lengthEPKc
FN:393,_ZNSt11char_traitsIcE6lengthEPKc
FNDA:0,_ZNSt11char_traitsIcE6lengthEPKc
FN:429,_ZNSt11char_traitsIcE4copyEPcPKcm
FNDA:0,_ZNSt11char_traitsIcE4copyEPcPKcm
DA:106,0
DA:107,0
DA:167,0
DA:170,0
DA:171,0
DA:172,0
DA:173,0
DA:290,0
DA:393,0
DA:396,0
DA:397,0
DA:399,0
DA:429,0
DA:431,0
DA:432,0
DA:437,0
end_of_record
SF:/usr/include/c++/11/bits/stl_iterator.h
FN:184,_ZNSt16reverse_iteratorIN9__gnu_cxx17__normal_iteratorIPNSt7__cxx1112basic_stringIcSt11char_traitsIcESaIcEEESt6vectorIS7_SaIS7_EEEEEC2ESC_
FNDA:14,_ZNSt16reverse_iteratorIN9__gnu_cxx17__normal_iteratorIPNSt7__cxx1112basic_stringIcSt11char_traitsIcESaIcEEESt6vectorIS7_SaIS7_EEEEEC2ESC_
FN:228,_ZNKSt16reverse_iteratorIN9__gnu_cxx17__normal_iteratorIPNSt7__cxx1112basic_stringIcSt11char_traitsIcESaIcEEESt6vectorIS7_SaIS7_EEEEE4baseEv
FNDA:24,_ZNKSt16reverse_iteratorIN9__gnu_cxx17__normal_iteratorIPNSt7__cxx1112basic_stringIcSt11char_traitsIcESaIcEEESt6vectorIS7_SaIS7_EEEEE4baseEv
FN:242,_ZNKSt16reverse_iteratorIN9__gnu_cxx17__normal_iteratorIPNSt7__cxx1112basic_stringIcSt11char_traitsIcESaIcEEESt6vectorIS7_SaIS7_EEEEEdeEv
FNDA:10,_ZNKSt16reverse_iteratorIN9__gnu_cxx17__normal_iteratorIPNSt7__cxx1112basic_stringIcSt11char_traitsIcESaIcEEESt6vectorIS7_SaIS7_EEEEEdeEv
FN:273,_ZNSt16reverse_iteratorIN9__gnu_cxx17__normal_iteratorIPNSt7__cxx1112basic_stringIcSt11char_traitsIcESaIcEEESt6vectorIS7_SaIS7_EEEEEppEv
FNDA:10,_ZNSt16reverse_iteratorIN9__gnu_cxx17__normal_iteratorIPNSt7__cxx1112basic_stringIcSt11char_traitsIcESaIcEEESt6vectorIS7_SaIS7_EEEEEppEv
FN:420,_ZSteqIN9__gnu_cxx17__normal_iteratorIPNSt7__cxx1112basic_stringIcSt11char_traitsIcESaIcEEESt6vectorIS7_SaIS7_EEEEEbRKSt16reverse_iteratorIT_ESH_
FNDA:12,_ZSteqIN9__gnu_cxx17__normal_iteratorIPNSt7__cxx1112basic_stringIcSt11char_traitsIcESaIcEEESt6vectorIS7_SaIS7_EEEEEbRKSt16reverse_iteratorIT_ESH_
FN:432,_ZStneIN9__gnu_cxx17__normal_iteratorIPNSt7__cxx1112basic_stringIcSt11char_traitsIcESaIcEEESt6vectorIS7_SaIS7_EEEEEbRKSt16reverse_iteratorIT_ESH_
FNDA:12,_ZStneIN9__gnu_cxx17__normal_iteratorIPNSt7__cxx1112basic_stringIcSt11char_traitsIcESaIcEEESt6vectorIS7_SaIS7_EEEEEbRKSt16reverse_iteratorIT_ESH_
FN:1027,_ZN9__gnu_cxx17__normal_iteratorIPNSt7__cxx1112basic_stringIcSt11char_traitsIcESaIcEEESt6vectorIS6_SaIS6_EEEC2ERKS7_
FNDA:0,_ZN9__gnu_cxx17__normal_iteratorIPNSt7__cxx1112basic_stringIcSt11char_traitsIcESaIcEEESt6vectorIS6_SaIS6_EEEC2ERKS7_
FN:1042,_ZNK9__gnu_cxx17__normal_iteratorIPNSt7__cxx1112basic_stringIcSt11char_traitsIcESaIcEEESt6vectorIS6_SaIS6_EEEdeEv
FNDA:15,_ZNK9__gnu_cxx17__normal_iteratorIPNSt7__cxx1112basic_stringIcSt11char_traitsIcESaIcEEESt6vectorIS6_SaIS6_EEEdeEv
FN:1066,_ZN9__gnu_cxx17__normal_iteratorIPNSt7__cxx1112basic_stringIcSt11char_traitsIcESaIcEEESt6vectorIS6_SaIS6_EEEmmEv
FNDA:20,_ZN9__gnu_cxx17__normal_iteratorIPNSt7__cxx1112basic_stringIcSt11char_traitsIcESaIcEEESt6vectorIS6_SaIS6_EEEmmEv
FN:1100,_ZNK9__gnu_cxx17__normal_iteratorIPNSt7__cxx1112basic_stringIcSt11char_traitsIcESaIcEEESt6vectorIS6_SaIS6_EEEmiEl
FNDA:5,_ZNK9__gnu_cxx17__normal_iteratorIPNSt7__cxx1112basic_stringIcSt11char_traitsIcESaIcEEESt6vectorIS6_SaIS6_EEEmiEl
FN:1105,_ZNK9__gnu_cxx17__normal_iteratorIPNSt7__cxx1112basic_stringIcSt11char_traitsIcESaIcEEESt6vectorIS6_SaIS6_EEE4baseEv
FNDA:0,_ZNK9__gnu_cxx17__normal_iteratorIPNSt7__cxx1112basic_stringIcSt11char_traitsIcESaIcEEESt6vectorIS6_SaIS6_EEE4baseEv
FN:1163,_ZN9__gnu_cxxeqIPNSt7__cxx1112basic_stringIcSt11char_traitsIcESaIcEEESt6vectorIS6_SaIS6_EEEEbRKNS_17__normal_iteratorIT_T0_EESG_
FNDA:12,_ZN9__gnu_cxxeqIPNSt7__cxx1112basic_stringIcSt11char_traitsIcESaIcEEESt6vectorIS6_SaIS6_EEEEbRKNS_17__normal_iteratorIT_T0_EESG_
FN:1268,_ZN9__gnu_cxxmiIPNSt7__cxx1112basic_stringIcSt11char_traitsIcESaIcEEESt6vectorIS6_SaIS6_EEEENS_17__normal_iteratorIT_T0_E15difference_typeERKSE_SH_
FNDA:0,_ZN9__gnu_cxxmiIPNSt7__cxx1112basic_stringIcSt11char_traitsIcESaIcEEESt6vectorIS6_SaIS6_EEEENS_17__normal_iteratorIT_T0_E15difference_typeERKSE_SH_
DA:184,14
DA:228,24
DA:229,24
DA:242,10
DA:244,10
DA:245,10
DA:273,10
DA:275,10
DA:276,10
DA:420,12
DA:422,12
DA:432,12
DA:434,12
DA:1027,0
DA:1028,0
DA:1042,15
DA:1043,15
DA:1066,20
DA:1068,20
DA:1069,20
DA:1100,5
DA:1101,5
DA:1105,0
DA:1106,0
DA:1163,12
DA:1166,12
DA:1268,0
DA:1271,0
end_of_record
SF:/usr/include/c++/11/ext/type_traits.h
FN:152,_ZN9__gnu_cxx17__is_null_pointerIcEEbPT_
FNDA:0,_ZN9__gnu_cxx17__is_null_pointerIcEEbPT_
FN:152,_ZN9__gnu_cxx17__is_null_pointerIKcEEbPT_
FNDA:0,_ZN9__gnu_cxx17__is_null_pointerIKcEEbPT_
DA:152,0
DA:153,0
DA:152,0
DA:153,0
end_of_record
SF:/usr/include/c++/11/bits/vector.tcc
FN:109,_ZNSt6vectorINSt7__cxx1112basic_stringIcSt11char_traitsIcESaIcEEESaIS5_EE12emplace_backIJRPcEEERS5_DpOT_
FNDA:5,_ZNSt6vectorINSt7__cxx1112basic_stringIcSt11char_traitsIcESaIcEEESaIS5_EE12emplace_backIJRPcEEERS5_DpOT_
FN:426,_ZNSt6vectorINSt7__cxx1112basic_stringIcSt11char_traitsIcESaIcEEESaIS5_EE17_M_realloc_insertIJRPcEEEvN9__gnu_cxx17__normal_iteratorIPS5_S7_EEDpOT_
FNDA:4,_ZNSt6vectorINSt7__cxx1112basic_stringIcSt11char_traitsIcESaIcEEESaIS5_EE17_M_realloc_insertIJRPcEEEvN9__gnu_cxx17__normal_iteratorIPS5_S7_EEDpOT_
FN:426,_ZNSt6vectorINSt7__cxx1112basic_stringIcSt11char_traitsIcESaIcEEESaIS5_EE17_M_realloc_insertIJRKS5_EEEvN9__gnu_cxx17__normal_iteratorIPS5_S7_EEDpOT_
FNDA:0,_ZNSt6vectorINSt7__cxx1112basic_stringIcSt11char_traitsIcESaIcEEESaIS5_EE17_M_realloc_insertIJRKS5_EEEvN9__gnu_cxx17__normal_iteratorIPS5_S7_EEDpOT_
DA:109,5
DA:112,5
DA:115,1
DA:117,1
DA:121,4
DA:123,5
DA:426,4
DA:436,4
DA:437,4
DA:438,4
DA:439,4
DA:440,4
DA:441,4
DA:449,4
DA:450,4
DA:456,4
DA:461,4
DA:462,4
DA:464,4
DA:466,4
DA:467,4
DA:485,0
DA:487,0
DA:488,0
DA:489,0
DA:491,0
DA:492,0
DA:493,0
DA:500,4
DA:501,4
DA:502,4
DA:503,4
DA:504,4
DA:505,4
DA:426,0
DA:436,0
DA:437,0
DA:438,0
DA:439,0
DA:440,0
DA:441,0
DA:449,0
DA:450,0
DA:456,0
DA:461,0
DA:462,0
DA:464,0
DA:466,0
DA:467,0
DA:485,0
DA:487,0
DA:488,0
DA:489,0
DA:491,0
DA:492,0
DA:493,0
DA:500,0
DA:501,0
DA:502,0
DA:503,0
DA:504,0
DA:505,0
end_of_record
SF:/usr/include/c++/11/bits/allocator.h
FN:156,_ZNSaINSt7__cxx1112basic_stringIcSt11char_traitsIcESaIcEEEEC2Ev
FNDA:0,_ZNSaINSt7__cxx1112basic_stringIcSt11char_traitsIcESaIcEEEEC2Ev
FN:174,_ZNSaINSt7__cxx1112basic_stringIcSt11char_traitsIcESaIcEEEED2Ev
FNDA:0,_ZNSaINSt7__cxx1112basic_stringIcSt11char_traitsIcESaIcEEEED2Ev
DA:156,0
DA:174,0
end_of_record
SF:/usr/include/c++/11/bits/basic_string.h
FN:251,_ZNSt7__cxx1112basic_stringIcSt11char_traitsIcESaIcEE16_M_construct_auxIPcEEvT_S7_St12__false_type
FNDA:0,_ZNSt7__cxx1112basic_stringIcSt11char_traitsIcESaIcEE16_M_construct_auxIPcEEvT_S7_St12__false_type
FN:271,_ZNSt7__cxx1112basic_stringIcSt11char_traitsIcESaIcEE12_M_constructIPcEEvT_S7_
FNDA:0,_ZNSt7__cxx1112basic_stringIcSt11char_traitsIcESaIcEE12_M_constructIPcEEvT_S7_
FN:533,_ZNSt7__cxx1112basic_stringIcSt11char_traitsIcESaIcEEC2IS3_EEPKcRKS3_
FNDA:0,_ZNSt7__cxx1112basic_stringIcSt11char_traitsIcESaIcEEC2IS3_EEPKcRKS3_
DA:251,0
DA:255,0
DA:256,0
DA:271,0
DA:274,0
DA:275,0
DA:533,0
DA:534,0
DA:536,0
DA:539,0
DA:540,0
end_of_record
SF:/home/danilglock-18/laba3/zad1/cpp/node.h
FN:29,_ZN9StackNodeC2ENSt7__cxx1112basic_stringIcSt11char_traitsIcESaIcEEE
FNDA:24,_ZN9StackNodeC2ENSt7__cxx1112basic_stringIcSt11char_traitsIcESaIcEEE
DA:29,24
end_of_record
SF:/usr/include/c++/11/bits/stl_uninitialized.h
FN:986,_ZSt19__relocate_object_aINSt7__cxx1112basic_stringIcSt11char_traitsIcESaIcEEES5_SaIS5_EEvPT_PT0_RT1_
FNDA:0,_ZSt19__relocate_object_aINSt7__cxx1112basic_stringIcSt11char_traitsIcESaIcEEES5_SaIS5_EEvPT_PT0_RT1_
FN:1018,_ZSt14__relocate_a_1IPNSt7__cxx1112basic_stringIcSt11char_traitsIcESaIcEEES6_SaIS5_EET0_T_S9_S8_RT1_
FNDA:0,_ZSt14__relocate_a_1IPNSt7__cxx1112basic_stringIcSt11char_traitsIcESaIcEEES6_SaIS5_EET0_T_S9_S8_RT1_
FN:1040,_ZSt12__relocate_aIPNSt7__cxx1112basic_stringIcSt11char_traitsIcESaIcEEES6_SaIS5_EET0_T_S9_S8_RT1_
FNDA:0,_ZSt12__relocate_aIPNSt7__cxx1112basic_stringIcSt11char_traitsIcESaIcEEES6_SaIS5_EET0_T_S9_S8_RT1_
DA:986,0
DA:994,0
DA:995,0
DA:996,0
DA:1018,0
DA:1030,0
DA:1031,0
DA:1032,0
DA:1034,0
DA:1040,0
DA:1046,0
DA:1048,0
end_of_record
SF:/home/danilglock-18/laba3/zad1/cpp/stack.cpp
FN:9,_ZN5StackC2Ev
FNDA:9,_ZN5StackC2Ev
FN:13,_ZN5StackD2Ev
FNDA:9,_ZN5StackD2Ev
FN:21,_ZN5Stack4pushERKNSt7__cxx1112basic_stringIcSt11char_traitsIcESaIcEEE
FNDA:24,_ZN5Stack4pushERKNSt7__cxx1112basic_stringIcSt11char_traitsIcESaIcEEE
FN:27,_ZN5Stack3popEv
FNDA:7,_ZN5Stack3popEv
FN:36,_ZNK5Stack5printEv
FNDA:7,_ZNK5Stack5printEv
FN:54,_ZNK5Stack10saveToFileERSt14basic_ofstreamIcSt11char_traitsIcEE
FNDA:1,_ZNK5Stack10saveToFileERSt14basic_ofstreamIcSt11char_traitsIcEE
FN:65,_ZN5Stack12loadFromFileERSt14basic_ifstreamIcSt11char_traitsIcEE
FNDA:1,_ZN5Stack12loadFromFileERSt14basic_ifstreamIcSt11char_traitsIcEE
FN:80,_ZNK5Stack16saveToBinaryFileERSt14basic_ofstreamIcSt11char_traitsIcEE
FNDA:1,_ZNK5Stack16saveToBinaryFileERSt14basic_ofstreamIcSt11char_traitsIcEE
FN:94,_ZN5Stack18loadFromBinaryFileERSt14basic_ifstreamIcSt11char_traitsIcEE
FNDA:1,_ZN5Stack18loadFromBinaryFileERSt14basic_ifstreamIcSt11char_traitsIcEE
DA:9,9
DA:10,9
DA:11,9
DA:13,9
DA:14,29
DA:15,20
DA:16,20
DA:17,20
DA:19,9
DA:21,24
DA:22,24
DA:23,24
DA:24,24
DA:25,24
DA:27,7
DA:28,7
DA:29,3
DA:31,4
DA:32,4
DA:33,4
DA:34,4
DA:36,7
DA:37,7
DA:38,2
DA:39,2
DA:42,5
DA:43,5
DA:44,28
DA:45,23
DA:46,23
DA:47,18
DA:49,23
DA:51,5
DA:54,1
DA:55,1
DA:56,0
DA:58,1
DA:59,6
DA:60,5
DA:61,5
DA:65,1
DA:66,1
DA:67,0
DA:69,1
DA:70,1
DA:71,6
DA:72,5
DA:75,6
DA:76,5
DA:78,1
DA:80,1
DA:81,1
DA:82,0
DA:84,1
DA:85,6
DA:86,5
DA:87,5
DA:88,5
DA:89,5
DA:90,5
DA:94,1
DA:95,1
DA:96,0
DA:98,1
DA:100,6
DA:102,5
DA:103,5
DA:104,0
DA:106,5
DA:107,5
DA:108,5
DA:109,5
DA:111,5
DA:112,5
DA:115,6
DA:116,5
DA:118,1
end_of_record
SF:/usr/include/c++/11/bits/stl_vector.h
FN:97,_ZNSt12_Vector_baseINSt7__cxx1112basic_stringIcSt11char_traitsIcESaIcEEESaIS5_EE17_Vector_impl_dataC2Ev
FNDA:0,_ZNSt12_Vector_baseINSt7__cxx1112basic_stringIcSt11char_traitsIcESaIcEEESaIS5_EE17_Vector_impl_dataC2Ev
FN:131,_ZNSt12_Vector_baseINSt7__cxx1112basic_stringIcSt11char_traitsIcESaIcEEESaIS5_EE12_Vector_implC2Ev
FNDA:0,_ZNSt12_Vector_baseINSt7__cxx1112basic_stringIcSt11char_traitsIcESaIcEEESaIS5_EE12_Vector_implC2Ev
FN:276,_ZNSt12_Vector_baseINSt7__cxx1112basic_stringIcSt11char_traitsIcESaIcEEESaIS5_EE19_M_get_Tp_allocatorEv
FNDA:0,_ZNSt12_Vector_baseINSt7__cxx1112basic_stringIcSt11char_traitsIcESaIcEEESaIS5_EE19_M_get_Tp_allocatorEv
FN:280,_ZNKSt12_Vector_baseINSt7__cxx1112basic_stringIcSt11char_traitsIcESaIcEEESaIS5_EE19_M_get_Tp_allocatorEv
FNDA:0,_ZNKSt12_Vector_baseINSt7__cxx1112basic_stringIcSt11char_traitsIcESaIcEEESaIS5_EE19_M_get_Tp_allocatorEv
FN:288,_ZNSt12_Vector_baseINSt7__cxx1112basic_stringIcSt11char_traitsIcESaIcEEESaIS5_EEC2Ev
FNDA:0,_ZNSt12_Vector_baseINSt7__cxx1112basic_stringIcSt11char_traitsIcESaIcEEESaIS5_EEC2Ev
FN:333,_ZNSt12_Vector_baseINSt7__cxx1112basic_stringIcSt11char_traitsIcESaIcEEESaIS5_EED2Ev
FNDA:0,_ZNSt12_Vector_baseINSt7__cxx1112basic_stringIcSt11char_traitsIcESaIcEEESaIS5_EED2Ev
FN:343,_ZNSt12_Vector_baseINSt7__cxx1112basic_stringIcSt11char_traitsIcESaIcEEESaIS5_EE11_M_allocateEm
FNDA:0,_ZNSt12_Vector_baseINSt7__cxx1112basic_stringIcSt11char_traitsIcESaIcEEESaIS5_EE11_M_allocateEm
FN:350,_ZNSt12_Vector_baseINSt7__cxx1112basic_stringIcSt11char_traitsIcESaIcEEESaIS5_EE13_M_deallocateEPS5_m
FNDA:0,_ZNSt12_Vector_baseINSt7__cxx1112basic_stringIcSt11char_traitsIcESaIcEEESaIS5_EE13_M_deallocateEPS5_m
FN:453,_ZNSt6vectorINSt7__cxx1112basic_stringIcSt11char_traitsIcESaIcEEESaIS5_EE14_S_do_relocateEPS5_S8_S8_RS6_St17integral_constantIbLb1EE
FNDA:0,_ZNSt6vectorINSt7__cxx1112basic_stringIcSt11char_traitsIcESaIcEEESaIS5_EE14_S_do_relocateEPS5_S8_S8_RS6_St17integral_constantIbLb1EE
FN:465,_ZNSt6vectorINSt7__cxx1112basic_stringIcSt11char_traitsIcESaIcEEESaIS5_EE11_S_relocateEPS5_S8_S8_RS6_
FNDA:0,_ZNSt6vectorINSt7__cxx1112basic_stringIcSt11char_traitsIcESaIcEEESaIS5_EE11_S_relocateEPS5_S8_S8_RS6_
FN:487,_ZNSt6vectorINSt7__cxx1112basic_stringIcSt11char_traitsIcESaIcEEESaIS5_EEC2Ev
FNDA:0,_ZNSt6vectorINSt7__cxx1112basic_stringIcSt11char_traitsIcESaIcEEESaIS5_EEC2Ev
FN:678,_ZNSt6vectorINSt7__cxx1112basic_stringIcSt11char_traitsIcESaIcEEESaIS5_EED2Ev
FNDA:0,_ZNSt6vectorINSt7__cxx1112basic_stringIcSt11char_traitsIcESaIcEEESaIS5_EED2Ev
FN:811,_ZNSt6vectorINSt7__cxx1112basic_stringIcSt11char_traitsIcESaIcEEESaIS5_EE5beginEv
FNDA:0,_ZNSt6vectorINSt7__cxx1112basic_stringIcSt11char_traitsIcESaIcEEESaIS5_EE5beginEv
FN:829,_ZNSt6vectorINSt7__cxx1112basic_stringIcSt11char_traitsIcESaIcEEESaIS5_EE3endEv
FNDA:0,_ZNSt6vectorINSt7__cxx1112basic_stringIcSt11char_traitsIcESaIcEEESaIS5_EE3endEv
FN:847,_ZNSt6vectorINSt7__cxx1112basic_stringIcSt11char_traitsIcESaIcEEESaIS5_EE6rbeginEv
FNDA:2,_ZNSt6vectorINSt7__cxx1112basic_stringIcSt11char_traitsIcESaIcEEESaIS5_EE6rbeginEv
FN:865,_ZNSt6vectorINSt7__cxx1112basic_stringIcSt11char_traitsIcESaIcEEESaIS5_EE4rendEv
FNDA:12,_ZNSt6vectorINSt7__cxx1112basic_stringIcSt11char_traitsIcESaIcEEESaIS5_EE4rendEv
FN:918,_ZNKSt6vectorINSt7__cxx1112basic_stringIcSt11char_traitsIcESaIcEEESaIS5_EE4sizeEv
FNDA:0,_ZNKSt6vectorINSt7__cxx1112basic_stringIcSt11char_traitsIcESaIcEEESaIS5_EE4sizeEv
FN:923,_ZNKSt6vectorINSt7__cxx1112basic_stringIcSt11char_traitsIcESaIcEEESaIS5_EE8max_sizeEv
FNDA:0,_ZNKSt6vectorINSt7__cxx1112basic_stringIcSt11char_traitsIcESaIcEEESaIS5_EE8max_sizeEv
FN:1143,_ZNSt6vectorINSt7__cxx1112basic_stringIcSt11char_traitsIcESaIcEEESaIS5_EE4backEv
FNDA:5,_ZNSt6vectorINSt7__cxx1112basic_stringIcSt11char_traitsIcESaIcEEESaIS5_EE4backEv
FN:1187,_ZNSt6vectorINSt7__cxx1112basic_stringIcSt11char_traitsIcESaIcEEESaIS5_EE9push_backERKS5_
FNDA:0,_ZNSt6vectorINSt7__cxx1112basic_stringIcSt11char_traitsIcESaIcEEESaIS5_EE9push_backERKS5_
FN:1756,_ZNKSt6vectorINSt7__cxx1112basic_stringIcSt11char_traitsIcESaIcEEESaIS5_EE12_M_check_lenEmPKc
FNDA:0,_ZNKSt6vectorINSt7__cxx1112basic_stringIcSt11char_traitsIcESaIcEEESaIS5_EE12_M_check_lenEmPKc
FN:1776,_ZNSt6vectorINSt7__cxx1112basic_stringIcSt11char_traitsIcESaIcEEESaIS5_EE11_S_max_sizeERKS6_
FNDA:0,_ZNSt6vectorINSt7__cxx1112basic_stringIcSt11char_traitsIcESaIcEEESaIS5_EE11_S_max_sizeERKS6_
DA:97,0
DA:98,0
DA:99,0
DA:131,0
DA:133,0
DA:134,0
DA:276,0
DA:277,0
DA:280,0
DA:281,0
DA:288,0
DA:333,0
DA:335,0
DA:336,0
DA:337,0
DA:343,0
DA:346,0
DA:350,0
DA:353,0
DA:354,0
DA:355,0
DA:453,0
DA:456,0
DA:465,0
DA:469,0
DA:487,0
DA:678,0
DA:680,0
DA:681,0
DA:683,0
DA:811,0
DA:812,0
DA:829,0
DA:830,0
DA:847,2
DA:848,2
DA:865,12
DA:866,12
DA:918,0
DA:919,0
DA:923,0
DA:924,0
DA:1143,5
DA:1146,5
DA:1187,0
DA:1189,0
DA:1192,0
DA:1194,0
DA:1198,0
DA:1199,0
DA:1756,0
DA:1758,0
DA:1759,0
DA:1761,0
DA:1762,0
DA:1776,0
DA:1781,0
DA:1783,0
DA:1784,0
end_of_record
SF:/usr/include/c++/11/bits/alloc_traits.h
FN:463,_ZNSt16allocator_traitsISaINSt7__cxx1112basic_stringIcSt11char_traitsIcESaIcEEEEE8allocateERS6_m
FNDA:0,_ZNSt16allocator_traitsISaINSt7__cxx1112basic_stringIcSt11char_traitsIcESaIcEEEEE8allocateERS6_m
FN:495,_ZNSt16allocator_traitsISaINSt7__cxx1112basic_stringIcSt11char_traitsIcESaIcEEEEE10deallocateERS6_PS5_m
FNDA:0,_ZNSt16allocator_traitsISaINSt7__cxx1112basic_stringIcSt11char_traitsIcESaIcEEEEE10deallocateERS6_PS5_m
FN:511,_ZNSt16allocator_traitsISaINSt7__cxx1112basic_stringIcSt11char_traitsIcESaIcEEEEE9constructIS5_JS5_EEEvRS6_PT_DpOT0_
FNDA:0,_ZNSt16allocator_traitsISaINSt7__cxx1112basic_stringIcSt11char_traitsIcESaIcEEEEE9constructIS5_JS5_EEEvRS6_PT_DpOT0_
FN:511,_ZNSt16allocator_traitsISaINSt7__cxx1112basic_stringIcSt11char_traitsIcESaIcEEEEE9constructIS5_JRPcEEEvRS6_PT_DpOT0_
FNDA:5,_ZNSt16allocator_traitsISaINSt7__cxx1112basic_stringIcSt11char_traitsIcESaIcEEEEE9constructIS5_JRPcEEEvRS6_PT_DpOT0_
FN:511,_ZNSt16allocator_traitsISaINSt7__cxx1112basic_stringIcSt11char_traitsIcESaIcEEEEE9constructIS5_JRKS5_EEEvRS6_PT_DpOT0_
FNDA:0,_ZNSt16allocator_traitsISaINSt7__cxx1112basic_stringIcSt11char_traitsIcESaIcEEEEE9constructIS5_JRKS5_EEEvRS6_PT_DpOT0_
FN:531,_ZNSt16allocator_traitsISaINSt7__cxx1112basic_stringIcSt11char_traitsIcESaIcEEEEE7destroyIS5_EEvRS6_PT_
FNDA:0,_ZNSt16allocator_traitsISaINSt7__cxx1112basic_stringIcSt11char_traitsIcESaIcEEEEE7destroyIS5_EEvRS6_PT_
FN:547,_ZNSt16allocator_traitsISaINSt7__cxx1112basic_stringIcSt11char_traitsIcESaIcEEEEE8max_sizeERKS6_
FNDA:0,_ZNSt16allocator_traitsISaINSt7__cxx1112basic_stringIcSt11char_traitsIcESaIcEEEEE8max_sizeERKS6_
FN:562,_ZNSt16allocator_traitsISaIcEE37select_on_container_copy_constructionERKS0_
FNDA:0,_ZNSt16allocator_traitsISaIcEE37select_on_container_copy_constructionERKS0_
FN:845,_ZSt8_DestroyIPNSt7__cxx1112basic_stringIcSt11char_traitsIcESaIcEEES5_EvT_S7_RSaIT0_E
FNDA:0,_ZSt8_DestroyIPNSt7__cxx1112basic_stringIcSt11char_traitsIcESaIcEEES5_EvT_S7_RSaIT0_E
DA:463,0
DA:464,0
DA:495,0
DA:496,0
DA:511,0
DA:516,0
DA:520,0
DA:511,5
DA:516,5
DA:520,5
DA:511,0
DA:516,0
DA:520,0
DA:531,0
DA:535,0
DA:539,0
DA:547,0
DA:550,0
DA:562,0
DA:563,0
DA:845,0
DA:848,0
DA:849,0
end_of_record
SF:/usr/include/c++/11/bits/basic_string.tcc
FN:206,_ZNSt7__cxx1112basic_stringIcSt11char_traitsIcESaIcEE12_M_constructIPcEEvT_S7_St20forward_iterator_tag
FNDA:0,_ZNSt7__cxx1112basic_stringIcSt11char_traitsIcESaIcEE12_M_constructIPcEEvT_S7_St20forward_iterator_tag
FN:206,_ZNSt7__cxx1112basic_stringIcSt11char_traitsIcESaIcEE12_M_constructIPKcEEvT_S8_St20forward_iterator_tag
FNDA:0,_ZNSt7__cxx1112basic_stringIcSt11char_traitsIcESaIcEE12_M_constructIPKcEEvT_S8_St20forward_iterator_tag
DA:206,0
DA:211,0
DA:212,0
DA:215,0
DA:217,0
DA:219,0
DA:220,0
DA:225,0
DA:226,0
DA:228,0
DA:229,0
DA:232,0
DA:233,0
DA:206,0
DA:211,0
DA:212,0
DA:215,0
DA:217,0
DA:219,0
DA:220,0
DA:225,0
DA:226,0
DA:228,0
DA:229,0
DA:232,0
DA:233,0
end_of_record
SF:/usr/include/c++/11/iostream
end_of_record
SF:/usr/include/c++/11/bits/stl_iterator_base_funcs.h
FN:98,_ZSt10__distanceIPcENSt15iterator_traitsIT_E15difference_typeES2_S2_St26random_access_iterator_tag
FNDA:0,_ZSt10__distanceIPcENSt15iterator_traitsIT_E15difference_typeES2_S2_St26random_access_iterator_tag
FN:98,_ZSt10__distanceIPKcENSt15iterator_traitsIT_E15difference_typeES3_S3_St26random_access_iterator_tag
FNDA:0,_ZSt10__distanceIPKcENSt15iterator_traitsIT_E15difference_typeES3_S3_St26random_access_iterator_tag
FN:138,_ZSt8distanceIPcENSt15iterator_traitsIT_E15difference_typeES2_S2_
FNDA:0,_ZSt8distanceIPcENSt15iterator_traitsIT_E15difference_typeES2_S2_
FN:138,_ZSt8distanceIPKcENSt15iterator_traitsIT_E15difference_typeES3_S3_
FNDA:0,_ZSt8distanceIPKcENSt15iterator_traitsIT_E15difference_typeES3_S3_
DA:98,0
DA:104,0
DA:98,0
DA:104,0
DA:138,0
DA:141,0
DA:142,0
DA:138,0
DA:141,0
DA:142,0
end_of_record
SF:/usr/include/c++/11/bits/move.h
FN:49,_ZSt11__addressofINSt7__cxx1112basic_stringIcSt11char_traitsIcESaIcEEEEPT_RS6_
FNDA:0,_ZSt11__addressofINSt7__cxx1112basic_stringIcSt11char_traitsIcESaIcEEEEPT_RS6_
FN:77,_ZSt7forwardINSt7__cxx1112basic_stringIcSt11char_traitsIcESaIcEEEEOT_RNSt16remove_referenceIS6_E4typeE
FNDA:0,_ZSt7forwardINSt7__cxx1112basic_stringIcSt11char_traitsIcESaIcEEEEOT_RNSt16remove_referenceIS6_E4typeE
FN:77,_ZSt7forwardIRKNSt7__cxx1112basic_stringIcSt11char_traitsIcESaIcEEEEOT_RNSt16remove_referenceIS8_E4typeE
FNDA:0,_ZSt7forwardIRKNSt7__cxx1112basic_stringIcSt11char_traitsIcESaIcEEEEOT_RNSt16remove_referenceIS8_E4typeE
FN:77,_ZSt7forwardIRPcEOT_RNSt16remove_referenceIS2_E4typeE
FNDA:19,_ZSt7forwardIRPcEOT_RNSt16remove_referenceIS2_E4typeE
FN:104,_ZSt4moveIRSaIcEEONSt16remove_referenceIT_E4typeEOS3_
FNDA:0,_ZSt4moveIRSaIcEEONSt16remove_referenceIT_E4typeEOS3_
FN:104,_ZSt4moveIRNSt7__cxx1112basic_stringIcSt11char_traitsIcESaIcEEEEONSt16remove_referenceIT_E4typeEOS8_
FNDA:0,_ZSt4moveIRNSt7__cxx1112basic_stringIcSt11char_traitsIcESaIcEEEEONSt16remove_referenceIT_E4typeEOS8_
DA:49,0
DA:50,0
DA:77,0
DA:78,0
DA:77,0
DA:78,0
DA:77,19
DA:78,19
DA:104,0
DA:105,0
DA:104,0
DA:105,0
end_of_record
