TN:
SF:/home/chesnokova/LABA3/arr.cpp
FN:24,24,_ZN5MyArrC2Ev
FN:26,28,_ZN5MyArrD2Ev
FN:30,37,_ZN5MyArr7addHeadERKNSt7__cxx1112basic_stringIcSt11char_traitsIcESaIcEEE
FN:39,45,_ZN5MyArr7delHeadEv
FN:47,50,_ZN5MyArr6delEndEv
FN:52,56,_ZN5MyArr6addEndERKNSt7__cxx1112basic_stringIcSt11char_traitsIcESaIcEEE
FN:58,61,_ZNK5MyArr5getAtB5cxx11Ei
FN:63,69,_ZN5MyArr5delAtEi
FN:71,82,_ZNK5MyArr9readArrayEv
FN:8,22,_ZN5MyArr14ensureCapacityEi
FN:84,92,_ZN5MyArr5addAtEiRKNSt7__cxx1112basic_stringIcSt11char_traitsIcESaIcEEE
FN:94,97,_ZN5MyArr6repArrEiRKNSt7__cxx1112basic_stringIcSt11char_traitsIcESaIcEEE
FN:99,101,_ZNK5MyArr6lenArrEv
FNDA:138,_ZN5MyArrC2Ev
FNDA:138,_ZN5MyArrD2Ev
FNDA:1,_ZN5MyArr7addHeadERKNSt7__cxx1112basic_stringIcSt11char_traitsIcESaIcEEE
FNDA:21,_ZN5MyArr7delHeadEv
FNDA:66,_ZN5MyArr6delEndEv
FNDA:284,_ZN5MyArr6addEndERKNSt7__cxx1112basic_stringIcSt11char_traitsIcESaIcEEE
FNDA:533,_ZNK5MyArr5getAtB5cxx11Ei
FNDA:23,_ZN5MyArr5delAtEi
FNDA:1,_ZNK5MyArr9readArrayEv
FNDA:377,_ZN5MyArr14ensureCapacityEi
FNDA:3,_ZN5MyArr5addAtEiRKNSt7__cxx1112basic_stringIcSt11char_traitsIcESaIcEEE
FNDA:3,_ZN5MyArr6repArrEiRKNSt7__cxx1112basic_stringIcSt11char_traitsIcESaIcEEE
FNDA:95,_ZNK5MyArr6lenArrEv
FNF:13
FNH:13
DA:8,377
DA:9,377
DA:11,143
DA:12,148
DA:14,1067
DA:15,267
DA:16,124
DA:19,267
DA:20,143
DA:21,143
DA:24,138
DA:26,138
DA:27,938
DA:28,138
DA:30,1
DA:31,1
DA:32,2
DA:33,1
DA:35,1
DA:36,1
DA:37,1
DA:39,21
DA:40,21
DA:41,210
DA:42,190
DA:44,20
DA:47,66
DA:48,66
DA:49,65
DA:52,284
DA:53,284
DA:54,284
DA:55,284
DA:56,284
DA:58,533
DA:59,537
DA:60,531
DA:63,23
DA:64,23
DA:65,210
DA:66,190
DA:68,20
DA:71,1
DA:72,1
DA:73,1
DA:74,1
DA:76,0
DA:77,0
DA:78,0
DA:79,0
DA:81,0
DA:84,3
DA:85,3
DA:86,1
DA:87,2
DA:88,1
DA:90,1
DA:91,1
DA:94,3
DA:95,3
DA:96,0
DA:99,95
DA:100,95
LF:63
LH:57
end_of_record
TN:
SF:/home/chesnokova/LABA3/arr.h
FN:42,42,_ZNK5MyArr12getData_testB5cxx11Ev
FNDA:1,_ZNK5MyArr12getData_testB5cxx11Ev
FNF:1
FNH:1
DA:42,1
LF:1
LH:1
end_of_record
TN:
SF:/home/chesnokova/LABA3/arr_serialize.cpp
FN:17,38,_ZN13ArrSerializer12loadFromFileER5MyArrRKNSt7__cxx1112basic_stringIcSt11char_traitsIcESaIcEEE
FN:40,48,_ZN13ArrSerializer16saveToBinaryFileERK5MyArrRKNSt7__cxx1112basic_stringIcSt11char_traitsIcESaIcEEE
FN:50,73,_ZN13ArrSerializer18loadFromBinaryFileER5MyArrRKNSt7__cxx1112basic_stringIcSt11char_traitsIcESaIcEEE
FN:7,15,_ZN13ArrSerializer10saveToFileERK5MyArrRKNSt7__cxx1112basic_stringIcSt11char_traitsIcESaIcEEE
FNDA:47,_ZN13ArrSerializer12loadFromFileER5MyArrRKNSt7__cxx1112basic_stringIcSt11char_traitsIcESaIcEEE
FNDA:46,_ZN13ArrSerializer16saveToBinaryFileERK5MyArrRKNSt7__cxx1112basic_stringIcSt11char_traitsIcESaIcEEE
FNDA:47,_ZN13ArrSerializer18loadFromBinaryFileER5MyArrRKNSt7__cxx1112basic_stringIcSt11char_traitsIcESaIcEEE
FNDA:46,_ZN13ArrSerializer10saveToFileERK5MyArrRKNSt7__cxx1112basic_stringIcSt11char_traitsIcESaIcEEE
FNF:4
FNH:4
DA:7,46
DA:8,46
DA:9,46
DA:11,45
DA:12,223
DA:13,178
DA:15,46
DA:17,47
DA:18,47
DA:19,47
DA:21,46
DA:22,46
DA:23,46
DA:24,46
DA:27,46
DA:28,46
DA:30,46
DA:32,45
DA:33,45
DA:35,223
DA:36,178
DA:38,48
DA:40,46
DA:41,46
DA:42,46
DA:44,45
DA:45,223
DA:46,178
DA:48,46
DA:50,47
DA:51,47
DA:52,47
DA:54,46
DA:55,46
DA:56,46
DA:57,46
DA:60,46
DA:61,46
DA:63,46
DA:64,46
DA:66,224
DA:67,179
DA:68,179
DA:69,1
DA:70,1
DA:73,47
LF:46
LH:46
end_of_record
TN:
SF:/home/chesnokova/LABA3/cbt_serialize.cpp
FN:10,19,_ZN13CbtSerializer13serializeTreeERSoPN18CompleteBinaryTree8TreeNodeE
FN:22,37,_ZN13CbtSerializer15deserializeTreeERSi
FN:40,49,_ZN13CbtSerializer19serializeTreeBinaryERSoPN18CompleteBinaryTree8TreeNodeE
FN:52,61,_ZN13CbtSerializer21deserializeTreeBinaryERSi
FN:63,67,_ZN13CbtSerializer10saveToFileERK18CompleteBinaryTreeRKNSt7__cxx1112basic_stringIcSt11char_traitsIcESaIcEEE
FN:69,81,_ZN13CbtSerializer12loadFromFileER18CompleteBinaryTreeRKNSt7__cxx1112basic_stringIcSt11char_traitsIcESaIcEEE
FN:83,87,_ZN13CbtSerializer16saveToBinaryFileERK18CompleteBinaryTreeRKNSt7__cxx1112basic_stringIcSt11char_traitsIcESaIcEEE
FN:89,101,_ZN13CbtSerializer18loadFromBinaryFileER18CompleteBinaryTreeRKNSt7__cxx1112basic_stringIcSt11char_traitsIcESaIcEEE
FNDA:315,_ZN13CbtSerializer13serializeTreeERSoPN18CompleteBinaryTree8TreeNodeE
FNDA:316,_ZN13CbtSerializer15deserializeTreeERSi
FNDA:315,_ZN13CbtSerializer19serializeTreeBinaryERSoPN18CompleteBinaryTree8TreeNodeE
FNDA:317,_ZN13CbtSerializer21deserializeTreeBinaryERSi
FNDA:46,_ZN13CbtSerializer10saveToFileERK18CompleteBinaryTreeRKNSt7__cxx1112basic_stringIcSt11char_traitsIcESaIcEEE
FNDA:47,_ZN13CbtSerializer12loadFromFileER18CompleteBinaryTreeRKNSt7__cxx1112basic_stringIcSt11char_traitsIcESaIcEEE
FNDA:46,_ZN13CbtSerializer16saveToBinaryFileERK18CompleteBinaryTreeRKNSt7__cxx1112basic_stringIcSt11char_traitsIcESaIcEEE
FNDA:48,_ZN13CbtSerializer18loadFromBinaryFileER18CompleteBinaryTreeRKNSt7__cxx1112basic_stringIcSt11char_traitsIcESaIcEEE
FNF:8
FNH:8
DA:10,315
DA:11,315
DA:13,180
DA:14,180
DA:16,135
DA:17,135
DA:18,135
DA:22,316
DA:23,316
DA:24,316
DA:26,315
DA:29,135
DA:30,135
DA:31,135
DA:32,135
DA:33,135
DA:34,0
DA:35,0
DA:36,0
DA:37,316
DA:40,315
DA:41,315
DA:42,180
DA:43,180
DA:44,180
DA:46,135
DA:47,135
DA:48,135
DA:52,317
DA:54,317
DA:55,317
DA:57,135
DA:58,135
DA:59,135
DA:60,135
DA:63,46
DA:64,46
DA:65,46
DA:66,45
DA:67,46
DA:69,47
DA:70,47
DA:71,47
DA:74,46
DA:77,46
DA:80,46
DA:81,47
DA:83,46
DA:84,46
DA:85,46
DA:86,45
DA:87,46
DA:89,48
DA:90,48
DA:91,48
DA:94,47
DA:97,47
DA:100,47
DA:101,48
LF:59
LH:56
end_of_record
TN:
SF:/home/chesnokova/LABA3/compl.cpp
FN:11,13,_ZN18CompleteBinaryTreeD2Ev
FN:121,129,_ZNK18CompleteBinaryTree5printEv
FN:131,142,_ZNK18CompleteBinaryTree14printRecursiveEPNS_8TreeNodeEii
FN:144,148,_ZN18CompleteBinaryTree5clearEv
FN:15,45,_ZN18CompleteBinaryTree6insertEi
FN:150,155,_ZN18CompleteBinaryTree14clearRecursiveEPNS_8TreeNodeE
FN:157,159,_ZNK18CompleteBinaryTree7isEmptyEv
FN:161,163,_ZNK18CompleteBinaryTree7getSizeEv
FN:165,168,_ZNK18CompleteBinaryTree13countTreeSizeEPNS_8TreeNodeE
FN:170,174,_ZN18CompleteBinaryTree7setRootEPNS_8TreeNodeE
FN:47,49,_ZNK18CompleteBinaryTree6searchEi
FN:51,55,_ZNK18CompleteBinaryTree15searchRecursiveEPNS_8TreeNodeEi
FN:57,119,_ZN18CompleteBinaryTree6removeEi
FN:9,9,_ZN18CompleteBinaryTreeC2Ev
FNDA:152,_ZN18CompleteBinaryTreeD2Ev
FNDA:2,_ZNK18CompleteBinaryTree5printEv
FNDA:5,_ZNK18CompleteBinaryTree14printRecursiveEPNS_8TreeNodeEii
FNDA:339,_ZN18CompleteBinaryTree5clearEv
FNDA:171,_ZN18CompleteBinaryTree6insertEi
FNDA:1209,_ZN18CompleteBinaryTree14clearRecursiveEPNS_8TreeNodeE
FNDA:2,_ZNK18CompleteBinaryTree7isEmptyEv
FNDA:17,_ZNK18CompleteBinaryTree7getSizeEv
FNDA:633,_ZNK18CompleteBinaryTree13countTreeSizeEPNS_8TreeNodeE
FNDA:93,_ZN18CompleteBinaryTree7setRootEPNS_8TreeNodeE
FNDA:288,_ZNK18CompleteBinaryTree6searchEi
FNDA:780,_ZNK18CompleteBinaryTree15searchRecursiveEPNS_8TreeNodeEi
FNDA:10,_ZN18CompleteBinaryTree6removeEi
FNDA:152,_ZN18CompleteBinaryTreeC2Ev
FNF:14
FNH:14
DA:9,152
DA:11,152
DA:12,152
DA:13,152
DA:15,171
DA:16,171
DA:17,171
DA:18,59
DA:19,59
DA:20,59
DA:23,112
DA:24,112
DA:26,114
DA:27,114
DA:28,114
DA:30,114
DA:31,59
DA:32,59
DA:34,55
DA:37,55
DA:38,53
DA:39,53
DA:41,2
DA:44,112
DA:45,112
DA:47,288
DA:48,288
DA:51,780
DA:52,780
DA:53,574
DA:54,294
DA:57,10
DA:58,10
DA:59,2
DA:60,4
DA:63,8
DA:64,8
DA:65,8
DA:66,8
DA:68,30
DA:69,22
DA:70,22
DA:72,22
DA:73,6
DA:76,22
DA:77,22
DA:79,22
DA:82,8
DA:83,2
DA:84,2
DA:87,6
DA:88,0
DA:89,0
DA:90,0
DA:91,0
DA:94,6
DA:96,6
DA:97,6
DA:98,13
DA:99,7
DA:100,7
DA:102,7
DA:103,1
DA:104,1
DA:105,1
DA:106,6
DA:107,6
DA:110,6
DA:111,5
DA:112,5
DA:113,5
DA:114,1
DA:115,1
DA:118,6
DA:119,8
DA:121,2
DA:122,2
DA:123,1
DA:124,1
DA:127,1
DA:128,1
DA:131,5
DA:132,5
DA:134,2
DA:136,3
DA:137,1
DA:139,2
DA:141,2
DA:144,339
DA:145,339
DA:146,339
DA:147,339
DA:148,339
DA:150,1209
DA:151,1209
DA:152,435
DA:153,435
DA:154,435
DA:157,2
DA:158,2
DA:161,17
DA:162,17
DA:165,633
DA:166,633
DA:167,270
DA:170,93
DA:171,93
DA:172,93
DA:173,93
DA:174,93
LF:110
LH:106
end_of_record
TN:
SF:/home/chesnokova/LABA3/compl.h
FN:18,18,_ZN18CompleteBinaryTree8TreeNodeC2Ei
FN:47,47,_ZNK18CompleteBinaryTree12getRoot_testEv
FNDA:441,_ZN18CompleteBinaryTree8TreeNodeC2Ei
FNDA:90,_ZNK18CompleteBinaryTree12getRoot_testEv
FNF:2
FNH:2
DA:18,441
DA:47,90
LF:2
LH:2
end_of_record
TN:
SF:/home/chesnokova/LABA3/dlist.cpp
FN:101,114,_ZNK5DList11readForwardEv
FN:116,129,_ZNK5DList12readBackwardEv
FN:13,18,_ZN5DList7addHeadERKNSt7__cxx1112basic_stringIcSt11char_traitsIcESaIcEEE
FN:131,142,_ZN5DList13delAfterValueERKNSt7__cxx1112basic_stringIcSt11char_traitsIcESaIcEEE
FN:144,155,_ZN5DList14delBeforeValueERKNSt7__cxx1112basic_stringIcSt11char_traitsIcESaIcEEE
FN:20,25,_ZN5DList7addTailERKNSt7__cxx1112basic_stringIcSt11char_traitsIcESaIcEEE
FN:27,34,_ZNK5DList9findValueERKNSt7__cxx1112basic_stringIcSt11char_traitsIcESaIcEEE
FN:36,46,_ZN5DList9addBeforeERKNSt7__cxx1112basic_stringIcSt11char_traitsIcESaIcEEES7_
FN:48,58,_ZN5DList8addAfterERKNSt7__cxx1112basic_stringIcSt11char_traitsIcESaIcEEES7_
FN:60,70,_ZN5DList7delHeadEv
FN:7,7,_ZN5DListC2Ev
FN:72,82,_ZN5DList7delTailEv
FN:84,95,_ZN5DList8delByValERKNSt7__cxx1112basic_stringIcSt11char_traitsIcESaIcEEE
FN:9,11,_ZN5DListD2Ev
FN:97,99,_ZNK5DList8containsERKNSt7__cxx1112basic_stringIcSt11char_traitsIcESaIcEEE
FNDA:1,_ZNK5DList11readForwardEv
FNDA:0,_ZNK5DList12readBackwardEv
FNDA:4,_ZN5DList7addHeadERKNSt7__cxx1112basic_stringIcSt11char_traitsIcESaIcEEE
FNDA:3,_ZN5DList13delAfterValueERKNSt7__cxx1112basic_stringIcSt11char_traitsIcESaIcEEE
FNDA:3,_ZN5DList14delBeforeValueERKNSt7__cxx1112basic_stringIcSt11char_traitsIcESaIcEEE
FNDA:407,_ZN5DList7addTailERKNSt7__cxx1112basic_stringIcSt11char_traitsIcESaIcEEE
FNDA:288,_ZNK5DList9findValueERKNSt7__cxx1112basic_stringIcSt11char_traitsIcESaIcEEE
FNDA:3,_ZN5DList9addBeforeERKNSt7__cxx1112basic_stringIcSt11char_traitsIcESaIcEEES7_
FNDA:3,_ZN5DList8addAfterERKNSt7__cxx1112basic_stringIcSt11char_traitsIcESaIcEEES7_
FNDA:409,_ZN5DList7delHeadEv
FNDA:139,_ZN5DListC2Ev
FNDA:3,_ZN5DList7delTailEv
FNDA:5,_ZN5DList8delByValERKNSt7__cxx1112basic_stringIcSt11char_traitsIcESaIcEEE
FNDA:139,_ZN5DListD2Ev
FNDA:271,_ZNK5DList8containsERKNSt7__cxx1112basic_stringIcSt11char_traitsIcESaIcEEE
FNF:15
FNH:14
DA:7,139
DA:9,139
DA:10,545
DA:11,139
DA:13,4
DA:14,4
DA:15,4
DA:16,4
DA:17,4
DA:18,4
DA:20,407
DA:21,407
DA:22,407
DA:23,407
DA:24,407
DA:25,407
DA:27,288
DA:28,288
DA:29,564
DA:30,554
DA:31,276
DA:33,10
DA:36,3
DA:37,3
DA:38,3
DA:39,1
DA:40,1
DA:42,2
DA:43,2
DA:44,1
DA:45,2
DA:48,3
DA:49,3
DA:50,3
DA:51,1
DA:52,1
DA:54,2
DA:55,2
DA:56,1
DA:57,2
DA:60,409
DA:61,409
DA:62,1
DA:63,1
DA:65,408
DA:66,408
DA:67,408
DA:68,137
DA:69,408
DA:72,3
DA:73,3
DA:74,1
DA:75,1
DA:77,2
DA:78,2
DA:79,2
DA:80,1
DA:81,2
DA:84,5
DA:85,5
DA:86,5
DA:87,2
DA:88,2
DA:90,3
DA:91,2
DA:92,3
DA:93,1
DA:94,3
DA:97,271
DA:98,271
DA:101,1
DA:102,1
DA:103,0
DA:104,0
DA:106,1
DA:107,1
DA:108,4
DA:109,3
DA:110,3
DA:111,3
DA:113,1
DA:116,0
DA:117,0
DA:118,0
DA:119,0
DA:121,0
DA:122,0
DA:123,0
DA:124,0
DA:125,0
DA:126,0
DA:128,0
DA:131,3
DA:132,3
DA:133,3
DA:134,2
DA:135,2
DA:137,1
DA:138,1
DA:139,1
DA:140,1
DA:141,1
DA:144,3
DA:145,3
DA:146,3
DA:147,2
DA:148,2
DA:150,1
DA:151,1
DA:152,1
DA:153,1
DA:154,1
LF:112
LH:99
end_of_record
TN:
SF:/home/chesnokova/LABA3/dlist.h
FN:19,19,_ZN5DList5DNodeC2ERKNSt7__cxx1112basic_stringIcSt11char_traitsIcESaIcEEEPS0_S9_
FN:49,49,_ZNK5DList12getHead_TestEv
FN:50,50,_ZNK5DList12getTail_TestEv
FNDA:415,_ZN5DList5DNodeC2ERKNSt7__cxx1112basic_stringIcSt11char_traitsIcESaIcEEEPS0_S9_
FNDA:8,_ZNK5DList12getHead_TestEv
FNDA:4,_ZNK5DList12getTail_TestEv
FNF:3
FNH:3
DA:19,415
DA:49,8
DA:50,4
LF:3
LH:3
end_of_record
TN:
SF:/home/chesnokova/LABA3/dlist_serialize.cpp
FN:22,40,_ZN15DListSerializer12loadFromFileER5DListRKNSt7__cxx1112basic_stringIcSt11char_traitsIcESaIcEEE
FN:42,55,_ZN15DListSerializer16saveToBinaryFileERK5DListRKNSt7__cxx1112basic_stringIcSt11char_traitsIcESaIcEEE
FN:57,74,_ZN15DListSerializer18loadFromBinaryFileER5DListRKNSt7__cxx1112basic_stringIcSt11char_traitsIcESaIcEEE
FN:7,20,_ZN15DListSerializer10saveToFileERK5DListRKNSt7__cxx1112basic_stringIcSt11char_traitsIcESaIcEEE
FNDA:45,_ZN15DListSerializer12loadFromFileER5DListRKNSt7__cxx1112basic_stringIcSt11char_traitsIcESaIcEEE
FNDA:45,_ZN15DListSerializer16saveToBinaryFileERK5DListRKNSt7__cxx1112basic_stringIcSt11char_traitsIcESaIcEEE
FNDA:46,_ZN15DListSerializer18loadFromBinaryFileER5DListRKNSt7__cxx1112basic_stringIcSt11char_traitsIcESaIcEEE
FNDA:45,_ZN15DListSerializer10saveToFileERK5DListRKNSt7__cxx1112basic_stringIcSt11char_traitsIcESaIcEEE
FNF:4
FNH:4
DA:7,45
DA:8,45
DA:9,45
DA:11,44
DA:12,176
DA:13,132
DA:15,44
DA:17,176
DA:18,132
DA:20,45
DA:22,45
DA:23,45
DA:24,45
DA:26,44
DA:27,0
DA:31,44
DA:32,44
DA:34,44
DA:36,176
DA:37,132
DA:38,132
DA:39,132
DA:40,45
DA:42,45
DA:43,45
DA:44,45
DA:46,44
DA:47,176
DA:48,132
DA:50,44
DA:52,176
DA:53,132
DA:55,45
DA:57,46
DA:58,46
DA:59,46
DA:61,45
DA:62,0
DA:66,45
DA:67,45
DA:69,177
DA:70,133
DA:71,133
DA:72,132
DA:73,133
DA:74,46
LF:46
LH:44
end_of_record
TN:
SF:/home/chesnokova/LABA3/hash.cpp
FN:119,132,_ZN9ChainHash14clearAndResizeEi
FN:134,142,_ZN8OpenHashC2Ei
FN:144,149,_ZN8OpenHashD2Ev
FN:151,186,_ZN8OpenHash6insertERKNSt7__cxx1112basic_stringIcSt11char_traitsIcESaIcEEES7_
FN:18,23,_ZN9ChainHashC2Ei
FN:188,209,_ZN8OpenHash5eraseERKNSt7__cxx1112basic_stringIcSt11char_traitsIcESaIcEEE
FN:211,227,_ZNK8OpenHash4findERKNSt7__cxx1112basic_stringIcSt11char_traitsIcESaIcEEE
FN:229,243,_ZN8OpenHash4showEv
FN:245,253,_ZN8OpenHash14clearAndResizeEi
FN:25,40,_ZN9ChainHashD2Ev
FN:255,257,_Z13is_space_charc
FN:259,274,_Z9parse_cmdRKNSt7__cxx1112basic_stringIcSt11char_traitsIcESaIcEEERS4_S7_S7_
FN:276,318,_Z8hash_manv
FN:42,58,_ZN9ChainHash6insertERKNSt7__cxx1112basic_stringIcSt11char_traitsIcESaIcEEES7_
FN:60,83,_ZN9ChainHash5eraseERKNSt7__cxx1112basic_stringIcSt11char_traitsIcESaIcEEE
FN:8,16,_Z8hash_strRKNSt7__cxx1112basic_stringIcSt11char_traitsIcESaIcEEEi
FN:85,97,_ZN9ChainHash4findERKNSt7__cxx1112basic_stringIcSt11char_traitsIcESaIcEEE
FN:99,117,_ZN9ChainHash4showEv
FNDA:89,_ZN9ChainHash14clearAndResizeEi
FNDA:143,_ZN8OpenHashC2Ei
FNDA:143,_ZN8OpenHashD2Ev
FNDA:285,_ZN8OpenHash6insertERKNSt7__cxx1112basic_stringIcSt11char_traitsIcESaIcEEES7_
FNDA:143,_ZN9ChainHashC2Ei
FNDA:5,_ZN8OpenHash5eraseERKNSt7__cxx1112basic_stringIcSt11char_traitsIcESaIcEEE
FNDA:366,_ZNK8OpenHash4findERKNSt7__cxx1112basic_stringIcSt11char_traitsIcESaIcEEE
FNDA:1,_ZN8OpenHash4showEv
FNDA:89,_ZN8OpenHash14clearAndResizeEi
FNDA:143,_ZN9ChainHashD2Ev
FNDA:104,_Z13is_space_charc
FNDA:8,_Z9parse_cmdRKNSt7__cxx1112basic_stringIcSt11char_traitsIcESaIcEEERS4_S7_S7_
FNDA:1,_Z8hash_manv
FNDA:279,_ZN9ChainHash6insertERKNSt7__cxx1112basic_stringIcSt11char_traitsIcESaIcEEES7_
FNDA:8,_ZN9ChainHash5eraseERKNSt7__cxx1112basic_stringIcSt11char_traitsIcESaIcEEE
FNDA:1313,_Z8hash_strRKNSt7__cxx1112basic_stringIcSt11char_traitsIcESaIcEEEi
FNDA:370,_ZN9ChainHash4findERKNSt7__cxx1112basic_stringIcSt11char_traitsIcESaIcEEE
FNDA:3,_ZN9ChainHash4showEv
FNF:18
FNH:18
DA:8,1313
DA:10,1313
DA:11,5160
DA:13,3847
DA:15,1313
DA:18,143
DA:20,143
DA:21,143
DA:22,1515
DA:23,143
DA:25,143
DA:27,1515
DA:29,1372
DA:30,1643
DA:32,271
DA:33,271
DA:34,271
DA:37,143
DA:38,143
DA:39,143
DA:40,143
DA:42,279
DA:43,279
DA:45,279
DA:46,279
DA:47,285
DA:48,8
DA:49,2
DA:50,2
DA:52,6
DA:55,277
DA:56,277
DA:57,277
DA:60,8
DA:62,8
DA:64,8
DA:65,8
DA:67,10
DA:69,8
DA:71,6
DA:72,2
DA:74,4
DA:76,6
DA:77,6
DA:79,2
DA:80,2
DA:82,2
DA:85,370
DA:87,370
DA:88,370
DA:90,381
DA:91,374
DA:92,363
DA:94,11
DA:96,14
DA:99,3
DA:100,3
DA:101,3
DA:102,23
DA:103,20
DA:104,0
DA:105,0
DA:106,0
DA:107,0
DA:108,0
DA:109,0
DA:110,0
DA:112,0
DA:115,3
DA:116,3
DA:117,3
DA:119,89
DA:120,974
DA:121,885
DA:122,885
DA:123,0
DA:124,0
DA:125,0
DA:128,89
DA:129,89
DA:130,89
DA:131,974
DA:132,89
DA:134,143
DA:136,143
DA:137,1509
DA:138,1509
DA:139,1366
DA:140,1366
DA:142,143
DA:144,143
DA:146,1509
DA:147,143
DA:148,143
DA:149,143
DA:151,285
DA:153,285
DA:154,285
DA:158,289
DA:160,281
DA:161,281
DA:162,281
DA:163,281
DA:164,281
DA:166,8
DA:167,1
DA:168,1
DA:170,7
DA:171,1
DA:172,1
DA:173,1
DA:174,1
DA:175,1
DA:178,6
DA:180,6
DA:182,2
DA:183,2
DA:188,5
DA:190,5
DA:191,5
DA:195,5
DA:196,3
DA:197,3
DA:198,3
DA:200,2
DA:201,2
DA:203,0
DA:205,0
DA:206,0
DA:211,366
DA:212,366
DA:213,366
DA:216,373
DA:217,361
DA:219,12
DA:220,6
DA:222,9
DA:223,9
DA:224,4
DA:229,1
DA:230,1
DA:231,1
DA:232,11
DA:233,10
DA:234,0
DA:235,0
DA:236,10
DA:237,1
DA:238,1
DA:241,1
DA:242,1
DA:243,1
DA:245,89
DA:246,974
DA:247,89
DA:248,974
DA:249,974
DA:250,885
DA:251,885
DA:253,89
DA:255,104
DA:256,104
DA:259,8
DA:260,8
DA:261,8
DA:262,8
DA:263,13
DA:265,52
DA:266,44
DA:268,20
DA:269,18
DA:270,10
DA:272,15
DA:273,8
DA:274,8
DA:276,1
DA:277,1
DA:278,1
DA:279,1
DA:282,5
DA:283,5
DA:284,5
DA:285,5
DA:286,5
DA:287,5
DA:288,5
DA:290,5
DA:291,5
DA:292,1
DA:293,1
DA:295,4
DA:296,1
DA:297,1
DA:298,1
DA:300,3
DA:301,1
DA:302,1
DA:303,1
DA:305,2
DA:306,1
DA:307,1
DA:308,1
DA:310,1
DA:311,1
DA:312,1
DA:313,1
DA:314,1
DA:315,1
DA:316,1
DA:317,24
DA:318,1
LF:211
LH:195
end_of_record
TN:
SF:/home/chesnokova/LABA3/hash.h
FN:22,23,_ZN9ChainHash4NodeC2ERKNSt7__cxx1112basic_stringIcSt11char_traitsIcESaIcEEES8_
FN:55,55,_ZN8OpenHash5EntryC2Ev
FNDA:277,_ZN9ChainHash4NodeC2ERKNSt7__cxx1112basic_stringIcSt11char_traitsIcESaIcEEES8_
FNDA:2251,_ZN8OpenHash5EntryC2Ev
FNF:2
FNH:2
DA:22,277
DA:23,277
DA:55,2251
LF:3
LH:3
end_of_record
TN:
SF:/home/chesnokova/LABA3/hash_serialize.cpp
FN:106,123,_ZN14HashSerializer10saveToFileERK8OpenHashRKNSt7__cxx1112basic_stringIcSt11char_traitsIcESaIcEEE
FN:126,147,_ZN14HashSerializer12loadFromFileER8OpenHashRKNSt7__cxx1112basic_stringIcSt11char_traitsIcESaIcEEE
FN:150,168,_ZN14HashSerializer16saveToBinaryFileERK8OpenHashRKNSt7__cxx1112basic_stringIcSt11char_traitsIcESaIcEEE
FN:171,188,_ZN14HashSerializer18loadFromBinaryFileER8OpenHashRKNSt7__cxx1112basic_stringIcSt11char_traitsIcESaIcEEE
FN:35,55,_ZN14HashSerializer12loadFromFileER9ChainHashRKNSt7__cxx1112basic_stringIcSt11char_traitsIcESaIcEEE
FN:58,82,_ZN14HashSerializer16saveToBinaryFileERK9ChainHashRKNSt7__cxx1112basic_stringIcSt11char_traitsIcESaIcEEE
FN:8,32,_ZN14HashSerializer10saveToFileERK9ChainHashRKNSt7__cxx1112basic_stringIcSt11char_traitsIcESaIcEEE
FN:85,103,_ZN14HashSerializer18loadFromBinaryFileER9ChainHashRKNSt7__cxx1112basic_stringIcSt11char_traitsIcESaIcEEE
FNDA:45,_ZN14HashSerializer10saveToFileERK8OpenHashRKNSt7__cxx1112basic_stringIcSt11char_traitsIcESaIcEEE
FNDA:46,_ZN14HashSerializer12loadFromFileER8OpenHashRKNSt7__cxx1112basic_stringIcSt11char_traitsIcESaIcEEE
FNDA:45,_ZN14HashSerializer16saveToBinaryFileERK8OpenHashRKNSt7__cxx1112basic_stringIcSt11char_traitsIcESaIcEEE
FNDA:45,_ZN14HashSerializer18loadFromBinaryFileER8OpenHashRKNSt7__cxx1112basic_stringIcSt11char_traitsIcESaIcEEE
FNDA:47,_ZN14HashSerializer12loadFromFileER9ChainHashRKNSt7__cxx1112basic_stringIcSt11char_traitsIcESaIcEEE
FNDA:44,_ZN14HashSerializer16saveToBinaryFileERK9ChainHashRKNSt7__cxx1112basic_stringIcSt11char_traitsIcESaIcEEE
FNDA:46,_ZN14HashSerializer10saveToFileERK9ChainHashRKNSt7__cxx1112basic_stringIcSt11char_traitsIcESaIcEEE
FNDA:44,_ZN14HashSerializer18loadFromBinaryFileER9ChainHashRKNSt7__cxx1112basic_stringIcSt11char_traitsIcESaIcEEE
FNF:8
FNH:8
DA:8,46
DA:9,46
DA:10,46
DA:12,45
DA:14,45
DA:15,490
DA:16,445
DA:17,535
DA:18,90
DA:19,90
DA:22,45
DA:24,490
DA:25,445
DA:26,535
DA:27,90
DA:28,90
DA:29,90
DA:32,46
DA:35,47
DA:36,47
DA:37,47
DA:40,45
DA:41,45
DA:43,45
DA:46,45
DA:47,45
DA:49,135
DA:50,90
DA:51,90
DA:52,90
DA:53,90
DA:54,90
DA:55,47
DA:58,44
DA:59,44
DA:60,44
DA:62,44
DA:64,44
DA:65,484
DA:66,440
DA:67,528
DA:68,88
DA:69,88
DA:72,44
DA:74,484
DA:75,440
DA:76,528
DA:77,88
DA:78,88
DA:79,88
DA:82,44
DA:85,44
DA:86,44
DA:87,44
DA:90,44
DA:91,44
DA:94,44
DA:96,44
DA:97,132
DA:98,88
DA:99,88
DA:100,88
DA:101,88
DA:102,88
DA:103,44
DA:106,45
DA:107,45
DA:108,45
DA:109,45
DA:111,45
DA:112,490
DA:113,445
DA:115,45
DA:117,490
DA:118,445
DA:119,90
DA:120,90
DA:123,45
DA:126,46
DA:127,46
DA:128,46
DA:131,45
DA:132,45
DA:134,45
DA:137,45
DA:138,45
DA:140,45
DA:141,135
DA:142,90
DA:143,90
DA:144,90
DA:145,90
DA:146,90
DA:147,46
DA:150,45
DA:151,45
DA:152,45
DA:154,44
DA:156,44
DA:157,484
DA:158,440
DA:160,44
DA:162,484
DA:163,440
DA:164,88
DA:165,88
DA:168,45
DA:171,45
DA:172,45
DA:173,45
DA:176,44
DA:177,44
DA:180,44
DA:182,132
DA:183,88
DA:184,88
DA:185,88
DA:186,88
DA:187,88
DA:188,45
LF:120
LH:120
end_of_record
TN:
SF:/home/chesnokova/LABA3/list.cpp
FN:101,108,_ZNK6MyList9findValueERKNSt7__cxx1112basic_stringIcSt11char_traitsIcESaIcEEE
FN:110,123,_ZNK6MyList11readForwardEv
FN:125,130,_ZNK6MyList9printBackEPNS_4NodeE
FN:13,15,_ZN6MyList7addHeadERKNSt7__cxx1112basic_stringIcSt11char_traitsIcESaIcEEE
FN:132,140,_ZNK6MyList8readBackEv
FN:142,152,_ZN6MyList13delAfterValueERKNSt7__cxx1112basic_stringIcSt11char_traitsIcESaIcEEE
FN:154,172,_ZN6MyList14delBeforeValueERKNSt7__cxx1112basic_stringIcSt11char_traitsIcESaIcEEE
FN:17,25,_ZN6MyList7addTailERKNSt7__cxx1112basic_stringIcSt11char_traitsIcESaIcEEE
FN:27,35,_ZN6MyList7delHeadEv
FN:37,45,_ZN6MyList8addAfterERKNSt7__cxx1112basic_stringIcSt11char_traitsIcESaIcEEES7_
FN:47,63,_ZN6MyList9addBeforeERKNSt7__cxx1112basic_stringIcSt11char_traitsIcESaIcEEES7_
FN:65,79,_ZN6MyList7delTailEv
FN:7,7,_ZN6MyListC2Ev
FN:81,99,_ZN6MyList10delByValueERKNSt7__cxx1112basic_stringIcSt11char_traitsIcESaIcEEE
FN:9,11,_ZN6MyListD2Ev
FNDA:275,_ZNK6MyList9findValueERKNSt7__cxx1112basic_stringIcSt11char_traitsIcESaIcEEE
FNDA:1,_ZNK6MyList11readForwardEv
FNDA:4,_ZNK6MyList9printBackEPNS_4NodeE
FNDA:9,_ZN6MyList7addHeadERKNSt7__cxx1112basic_stringIcSt11char_traitsIcESaIcEEE
FNDA:2,_ZNK6MyList8readBackEv
FNDA:11,_ZN6MyList13delAfterValueERKNSt7__cxx1112basic_stringIcSt11char_traitsIcESaIcEEE
FNDA:13,_ZN6MyList14delBeforeValueERKNSt7__cxx1112basic_stringIcSt11char_traitsIcESaIcEEE
FNDA:434,_ZN6MyList7addTailERKNSt7__cxx1112basic_stringIcSt11char_traitsIcESaIcEEE
FNDA:435,_ZN6MyList7delHeadEv
FNDA:3,_ZN6MyList8addAfterERKNSt7__cxx1112basic_stringIcSt11char_traitsIcESaIcEEES7_
FNDA:5,_ZN6MyList9addBeforeERKNSt7__cxx1112basic_stringIcSt11char_traitsIcESaIcEEES7_
FNDA:6,_ZN6MyList7delTailEv
FNDA:156,_ZN6MyListC2Ev
FNDA:8,_ZN6MyList10delByValueERKNSt7__cxx1112basic_stringIcSt11char_traitsIcESaIcEEE
FNDA:156,_ZN6MyListD2Ev
FNF:15
FNH:15
DA:7,156
DA:9,156
DA:10,580
DA:11,156
DA:13,9
DA:14,9
DA:15,9
DA:17,434
DA:18,434
DA:19,148
DA:20,148
DA:22,286
DA:23,426
DA:24,286
DA:27,435
DA:28,435
DA:29,2
DA:30,2
DA:32,433
DA:33,433
DA:34,433
DA:37,3
DA:38,3
DA:39,6
DA:40,3
DA:41,3
DA:42,3
DA:44,0
DA:47,5
DA:48,5
DA:49,2
DA:50,2
DA:52,3
DA:53,2
DA:54,2
DA:56,1
DA:57,2
DA:58,1
DA:59,1
DA:60,1
DA:62,0
DA:65,6
DA:66,6
DA:67,2
DA:68,2
DA:70,4
DA:71,2
DA:72,2
DA:73,2
DA:75,2
DA:76,3
DA:77,2
DA:78,2
DA:81,8
DA:82,8
DA:83,2
DA:84,2
DA:86,6
DA:87,2
DA:88,2
DA:90,4
DA:91,5
DA:92,4
DA:93,2
DA:94,2
DA:96,2
DA:97,2
DA:98,2
DA:101,275
DA:102,275
DA:103,554
DA:104,545
DA:105,279
DA:107,9
DA:110,1
DA:111,1
DA:112,1
DA:113,1
DA:115,0
DA:116,0
DA:117,0
DA:118,0
DA:119,0
DA:120,0
DA:122,0
DA:125,4
DA:126,4
DA:127,3
DA:128,3
DA:129,3
DA:132,2
DA:133,2
DA:134,1
DA:135,1
DA:137,1
DA:138,1
DA:139,1
DA:142,11
DA:143,11
DA:144,16
DA:145,11
DA:146,9
DA:147,9
DA:149,2
DA:150,2
DA:151,2
DA:154,13
DA:155,13
DA:156,6
DA:157,6
DA:159,7
DA:160,3
DA:161,3
DA:163,4
DA:164,6
DA:165,4
DA:166,2
DA:167,2
DA:169,2
DA:170,2
DA:171,2
LF:121
LH:112
end_of_record
TN:
SF:/home/chesnokova/LABA3/list.h
FN:19,19,_ZN6MyList4NodeC2ERKNSt7__cxx1112basic_stringIcSt11char_traitsIcESaIcEEEPS0_
FN:48,48,_ZNK6MyList12getHead_testEv
FNDA:443,_ZN6MyList4NodeC2ERKNSt7__cxx1112basic_stringIcSt11char_traitsIcESaIcEEEPS0_
FNDA:16,_ZNK6MyList12getHead_testEv
FNF:2
FNH:2
DA:19,443
DA:48,16
LF:2
LH:2
end_of_record
TN:
SF:/home/chesnokova/LABA3/list_serialize.cpp
FN:22,38,_ZN14ListSerializer12loadFromFileER6MyListRKNSt7__cxx1112basic_stringIcSt11char_traitsIcESaIcEEE
FN:40,53,_ZN14ListSerializer16saveToBinaryFileERK6MyListRKNSt7__cxx1112basic_stringIcSt11char_traitsIcESaIcEEE
FN:55,70,_ZN14ListSerializer18loadFromBinaryFileER6MyListRKNSt7__cxx1112basic_stringIcSt11char_traitsIcESaIcEEE
FN:7,20,_ZN14ListSerializer10saveToFileERK6MyListRKNSt7__cxx1112basic_stringIcSt11char_traitsIcESaIcEEE
FNDA:49,_ZN14ListSerializer12loadFromFileER6MyListRKNSt7__cxx1112basic_stringIcSt11char_traitsIcESaIcEEE
FNDA:44,_ZN14ListSerializer16saveToBinaryFileERK6MyListRKNSt7__cxx1112basic_stringIcSt11char_traitsIcESaIcEEE
FNDA:44,_ZN14ListSerializer18loadFromBinaryFileER6MyListRKNSt7__cxx1112basic_stringIcSt11char_traitsIcESaIcEEE
FNDA:46,_ZN14ListSerializer10saveToFileERK6MyListRKNSt7__cxx1112basic_stringIcSt11char_traitsIcESaIcEEE
FNF:4
FNH:4
DA:7,46
DA:8,46
DA:9,46
DA:11,44
DA:12,176
DA:13,132
DA:15,44
DA:17,176
DA:18,132
DA:20,46
DA:22,49
DA:23,49
DA:24,49
DA:26,49
DA:29,47
DA:30,47
DA:32,47
DA:34,178
DA:35,133
DA:36,133
DA:37,133
DA:38,51
DA:40,44
DA:41,44
DA:42,44
DA:44,44
DA:45,176
DA:46,132
DA:48,44
DA:50,176
DA:51,132
DA:53,44
DA:55,44
DA:56,44
DA:57,44
DA:59,44
DA:62,44
DA:63,44
DA:65,176
DA:66,132
DA:67,132
DA:68,132
DA:69,132
DA:70,44
LF:44
LH:44
end_of_record
TN:
SF:/home/chesnokova/LABA3/queue.cpp
FN:17,25,_ZN5Queue4pushENSt7__cxx1112basic_stringIcSt11char_traitsIcESaIcEEE
FN:27,35,_ZN5Queue3popB5cxx11Ev
FN:37,40,_ZNK5Queue4peekB5cxx11Ev
FN:42,55,_ZNK5Queue5printEv
FN:57,59,_ZNK5Queue7isEmptyEv
FN:7,7,_ZN5QueueC2Ev
FN:9,15,_ZN5QueueD2Ev
FNDA:409,_ZN5Queue4pushENSt7__cxx1112basic_stringIcSt11char_traitsIcESaIcEEE
FNDA:275,_ZN5Queue3popB5cxx11Ev
FNDA:5,_ZNK5Queue4peekB5cxx11Ev
FNDA:2,_ZNK5Queue5printEv
FNDA:95,_ZNK5Queue7isEmptyEv
FNDA:142,_ZN5QueueC2Ev
FNDA:142,_ZN5QueueD2Ev
FNF:7
FNH:7
DA:7,142
DA:9,142
DA:10,420
DA:11,136
DA:12,136
DA:13,136
DA:15,142
DA:17,409
DA:18,409
DA:19,409
DA:20,139
DA:22,270
DA:23,270
DA:25,409
DA:27,275
DA:28,279
DA:29,273
DA:30,273
DA:31,273
DA:32,273
DA:33,273
DA:34,273
DA:35,273
DA:37,5
DA:38,9
DA:39,3
DA:42,2
DA:43,2
DA:44,2
DA:45,2
DA:47,0
DA:48,0
DA:49,0
DA:50,0
DA:51,0
DA:52,0
DA:54,0
DA:57,95
DA:58,95
LF:39
LH:32
end_of_record
TN:
SF:/home/chesnokova/LABA3/queue.h
FN:37,37,_ZNK5Queue12getHead_testEv
FNDA:178,_ZNK5Queue12getHead_testEv
FNF:1
FNH:1
DA:37,178
LF:1
LH:1
end_of_record
TN:
SF:/home/chesnokova/LABA3/queue_serialize.cpp
FN:22,38,_ZN15QueueSerializer12loadFromFileER5QueueRKNSt7__cxx1112basic_stringIcSt11char_traitsIcESaIcEEE
FN:40,53,_ZN15QueueSerializer16saveToBinaryFileERK5QueueRKNSt7__cxx1112basic_stringIcSt11char_traitsIcESaIcEEE
FN:55,70,_ZN15QueueSerializer18loadFromBinaryFileER5QueueRKNSt7__cxx1112basic_stringIcSt11char_traitsIcESaIcEEE
FN:7,20,_ZN15QueueSerializer10saveToFileERK5QueueRKNSt7__cxx1112basic_stringIcSt11char_traitsIcESaIcEEE
FNDA:48,_ZN15QueueSerializer12loadFromFileER5QueueRKNSt7__cxx1112basic_stringIcSt11char_traitsIcESaIcEEE
FNDA:44,_ZN15QueueSerializer16saveToBinaryFileERK5QueueRKNSt7__cxx1112basic_stringIcSt11char_traitsIcESaIcEEE
FNDA:45,_ZN15QueueSerializer18loadFromBinaryFileER5QueueRKNSt7__cxx1112basic_stringIcSt11char_traitsIcESaIcEEE
FNDA:46,_ZN15QueueSerializer10saveToFileERK5QueueRKNSt7__cxx1112basic_stringIcSt11char_traitsIcESaIcEEE
FNF:4
FNH:4
DA:7,46
DA:8,46
DA:9,46
DA:11,45
DA:12,179
DA:13,134
DA:15,45
DA:17,179
DA:18,134
DA:20,46
DA:22,48
DA:23,48
DA:24,48
DA:26,46
DA:29,46
DA:30,46
DA:32,46
DA:34,179
DA:35,134
DA:36,134
DA:37,134
DA:38,49
DA:40,44
DA:41,44
DA:42,44
DA:44,44
DA:45,176
DA:46,132
DA:48,44
DA:50,176
DA:51,132
DA:53,44
DA:55,45
DA:56,45
DA:57,45
DA:59,45
DA:62,45
DA:63,45
DA:65,177
DA:66,133
DA:67,133
DA:68,132
DA:69,133
DA:70,45
LF:44
LH:44
end_of_record
TN:
SF:/home/chesnokova/LABA3/serialize.cpp
FN:12,21,_Z10readStringB5cxx11RSi
FN:23,25,_Z15writeStringTextRSt14basic_ofstreamIcSt11char_traitsIcEERKNSt7__cxx1112basic_stringIcS1_SaIcEEE
FN:27,31,_Z14readStringTextB5cxx11RSt14basic_ifstreamIcSt11char_traitsIcEE
FN:6,10,_Z11writeStringRSoRKNSt7__cxx1112basic_stringIcSt11char_traitsIcESaIcEEE
FNDA:1062,_Z10readStringB5cxx11RSi
FNDA:1070,_Z15writeStringTextRSt14basic_ofstreamIcSt11char_traitsIcEERKNSt7__cxx1112basic_stringIcS1_SaIcEEE
FNDA:1071,_Z14readStringTextB5cxx11RSt14basic_ifstreamIcSt11char_traitsIcEE
FNDA:1059,_Z11writeStringRSoRKNSt7__cxx1112basic_stringIcSt11char_traitsIcESaIcEEE
FNF:4
FNH:4
DA:6,1059
DA:7,1059
DA:8,1059
DA:9,1059
DA:10,1059
DA:12,1062
DA:14,1062
DA:15,1070
DA:17,1058
DA:18,1058
DA:19,1058
DA:20,1058
DA:21,1058
DA:23,1070
DA:24,1070
DA:25,1070
DA:27,1071
DA:28,1071
DA:29,1071
DA:30,1071
DA:31,0
LF:21
LH:20
end_of_record
TN:
SF:/home/chesnokova/LABA3/stack.cpp
FN:17,20,_ZN5Stack4pushENSt7__cxx1112basic_stringIcSt11char_traitsIcESaIcEEE
FN:22,25,_ZNK5Stack4peekB5cxx11Ev
FN:27,34,_ZN5Stack3popB5cxx11Ev
FN:36,49,_ZNK5Stack9readStackEv
FN:51,53,_ZNK5Stack7isEmptyEv
FN:7,7,_ZN5StackC2Ev
FN:9,15,_ZN5StackD2Ev
FNDA:406,_ZN5Stack4pushENSt7__cxx1112basic_stringIcSt11char_traitsIcESaIcEEE
FNDA:4,_ZNK5Stack4peekB5cxx11Ev
FNDA:274,_ZN5Stack3popB5cxx11Ev
FNDA:3,_ZNK5Stack9readStackEv
FNDA:93,_ZNK5Stack7isEmptyEv
FNDA:140,_ZN5StackC2Ev
FNDA:140,_ZN5StackD2Ev
FNF:7
FNH:7
DA:7,140
DA:9,140
DA:10,416
DA:11,136
DA:12,136
DA:13,136
DA:15,140
DA:17,406
DA:18,406
DA:19,406
DA:20,406
DA:22,4
DA:23,10
DA:24,1
DA:27,274
DA:28,282
DA:29,270
DA:30,270
DA:31,270
DA:32,270
DA:33,270
DA:34,270
DA:36,3
DA:37,3
DA:38,3
DA:39,3
DA:41,0
DA:42,0
DA:43,0
DA:44,0
DA:45,0
DA:46,0
DA:48,0
DA:51,93
DA:52,93
LF:35
LH:28
end_of_record
TN:
SF:/home/chesnokova/LABA3/stack_serialize.cpp
FN:30,43,_ZN15StackSerializer12loadFromFileER5StackRKNSt7__cxx1112basic_stringIcSt11char_traitsIcESaIcEEE
FN:45,66,_ZN15StackSerializer16saveToBinaryFileERK5StackRKNSt7__cxx1112basic_stringIcSt11char_traitsIcESaIcEEE
FN:68,83,_ZN15StackSerializer18loadFromBinaryFileER5StackRKNSt7__cxx1112basic_stringIcSt11char_traitsIcESaIcEEE
FN:7,28,_ZN15StackSerializer10saveToFileERK5StackRKNSt7__cxx1112basic_stringIcSt11char_traitsIcESaIcEEE
FNDA:48,_ZN15StackSerializer12loadFromFileER5StackRKNSt7__cxx1112basic_stringIcSt11char_traitsIcESaIcEEE
FNDA:44,_ZN15StackSerializer16saveToBinaryFileERK5StackRKNSt7__cxx1112basic_stringIcSt11char_traitsIcESaIcEEE
FNDA:45,_ZN15StackSerializer18loadFromBinaryFileER5StackRKNSt7__cxx1112basic_stringIcSt11char_traitsIcESaIcEEE
FNDA:46,_ZN15StackSerializer10saveToFileERK5StackRKNSt7__cxx1112basic_stringIcSt11char_traitsIcESaIcEEE
FNF:4
FNH:4
DA:7,46
DA:8,46
DA:9,46
DA:11,45
DA:12,179
DA:13,134
DA:15,45
DA:17,45
DA:18,179
DA:19,179
DA:20,134
DA:21,134
DA:24,179
DA:25,134
DA:27,224
DA:28,46
DA:30,48
DA:31,48
DA:32,48
DA:34,46
DA:37,46
DA:38,46
DA:40,180
DA:41,134
DA:43,48
DA:45,44
DA:46,44
DA:47,44
DA:49,44
DA:50,176
DA:51,132
DA:53,44
DA:55,44
DA:56,176
DA:57,176
DA:58,132
DA:59,132
DA:62,176
DA:63,132
DA:65,220
DA:66,44
DA:68,45
DA:69,45
DA:70,45
DA:72,45
DA:75,45
DA:76,45
DA:78,177
DA:79,133
DA:80,133
DA:81,132
DA:82,133
DA:83,45
LF:53
LH:53
end_of_record
