TN:
SF:/home/alex/labs3/arr.cpp
FN:11,13,_ZN5MyArrD2Ev
FN:115,138,_ZN5MyArr5delAtEi
FN:141,146,_ZN5MyArr6repArrEiRKNSt7__cxx1112basic_stringIcSt11char_traitsIcESaIcEEE
FN:149,160,_ZNK5MyArr9readArrayEv
FN:16,35,_ZN5MyArr14ensureCapacityEi
FN:163,168,_ZNK5MyArr5getAtB5cxx11Ei
FN:171,173,_ZNK5MyArr6lenArrEv
FN:176,184,_ZNK5MyArr10saveToFileERKNSt7__cxx1112basic_stringIcSt11char_traitsIcESaIcEEE
FN:186,207,_ZN5MyArr12loadFromFileERKNSt7__cxx1112basic_stringIcSt11char_traitsIcESaIcEEE
FN:209,219,_ZNK5MyArr16saveToBinaryFileERKNSt7__cxx1112basic_stringIcSt11char_traitsIcESaIcEEE
FN:221,248,_ZN5MyArr18loadFromBinaryFileERKNSt7__cxx1112basic_stringIcSt11char_traitsIcESaIcEEE
FN:38,41,_ZN5MyArr6addEndERKNSt7__cxx1112basic_stringIcSt11char_traitsIcESaIcEEE
FN:44,58,_ZN5MyArr5addAtEiRKNSt7__cxx1112basic_stringIcSt11char_traitsIcESaIcEEE
FN:60,67,_ZN5MyArr7addHeadERKNSt7__cxx1112basic_stringIcSt11char_traitsIcESaIcEEE
FN:7,8,_ZN5MyArrC2Ev
FN:70,91,_ZN5MyArr7delHeadEv
FN:94,112,_ZN5MyArr6delEndEv
FNDA:7,_ZN5MyArrD2Ev
FNDA:63,_ZN5MyArr5delAtEi
FNDA:3,_ZN5MyArr6repArrEiRKNSt7__cxx1112basic_stringIcSt11char_traitsIcESaIcEEE
FNDA:1,_ZNK5MyArr9readArrayEv
FNDA:151,_ZN5MyArr14ensureCapacityEi
FNDA:7,_ZNK5MyArr5getAtB5cxx11Ei
FNDA:6,_ZNK5MyArr6lenArrEv
FNDA:1,_ZNK5MyArr10saveToFileERKNSt7__cxx1112basic_stringIcSt11char_traitsIcESaIcEEE
FNDA:3,_ZN5MyArr12loadFromFileERKNSt7__cxx1112basic_stringIcSt11char_traitsIcESaIcEEE
FNDA:0,_ZNK5MyArr16saveToBinaryFileERKNSt7__cxx1112basic_stringIcSt11char_traitsIcESaIcEEE
FNDA:0,_ZN5MyArr18loadFromBinaryFileERKNSt7__cxx1112basic_stringIcSt11char_traitsIcESaIcEEE
FNDA:148,_ZN5MyArr6addEndERKNSt7__cxx1112basic_stringIcSt11char_traitsIcESaIcEEE
FNDA:3,_ZN5MyArr5addAtEiRKNSt7__cxx1112basic_stringIcSt11char_traitsIcESaIcEEE
FNDA:1,_ZN5MyArr7addHeadERKNSt7__cxx1112basic_stringIcSt11char_traitsIcESaIcEEE
FNDA:7,_ZN5MyArrC2Ev
FNDA:21,_ZN5MyArr7delHeadEv
FNDA:66,_ZN5MyArr6delEndEv
FNF:17
FNH:15
DA:7,7
DA:8,7
DA:11,7
DA:12,19
DA:13,7
DA:16,151
DA:17,151
DA:18,122
DA:21,29
DA:22,54
DA:23,25
DA:27,543
DA:28,283
DA:29,254
DA:32,283
DA:33,29
DA:34,29
DA:38,148
DA:39,148
DA:40,148
DA:41,148
DA:44,3
DA:45,3
DA:46,2
DA:49,1
DA:52,2
DA:53,1
DA:56,1
DA:57,1
DA:60,1
DA:61,1
DA:62,2
DA:63,1
DA:65,1
DA:66,1
DA:67,1
DA:70,21
DA:71,21
DA:72,1
DA:74,210
DA:75,190
DA:77,20
DA:80,20
DA:81,4
DA:83,34
DA:84,19
DA:85,15
DA:87,64
DA:88,4
DA:89,4
DA:94,66
DA:95,66
DA:96,1
DA:98,65
DA:101,65
DA:102,6
DA:104,132
DA:105,69
DA:106,63
DA:108,258
DA:109,6
DA:110,6
DA:115,63
DA:116,63
DA:117,3
DA:120,1030
DA:121,970
DA:124,60
DA:127,60
DA:128,9
DA:130,101
DA:131,55
DA:132,46
DA:134,193
DA:135,9
DA:136,9
DA:141,3
DA:142,3
DA:143,3
DA:145,0
DA:149,1
DA:150,1
DA:152,1
DA:153,1
DA:155,0
DA:156,0
DA:157,0
DA:159,0
DA:163,7
DA:164,7
DA:165,5
DA:167,4
DA:171,6
DA:172,6
DA:176,1
DA:177,1
DA:178,1
DA:180,1
DA:181,3
DA:182,2
DA:184,1
DA:186,3
DA:187,3
DA:188,3
DA:190,2
DA:191,2
DA:192,2
DA:193,2
DA:196,2
DA:197,2
DA:199,2
DA:201,1
DA:202,1
DA:204,3
DA:205,2
DA:207,4
DA:209,0
DA:210,0
DA:211,0
DA:212,0
DA:215,0
DA:216,0
DA:217,0
DA:219,0
DA:221,0
DA:222,0
DA:223,0
DA:224,0
DA:227,0
DA:228,0
DA:229,0
DA:230,0
DA:233,0
DA:234,0
DA:235,0
DA:238,0
DA:239,0
DA:241,0
DA:242,0
DA:243,0
DA:244,0
DA:245,0
DA:248,0
LF:143
LH:111
end_of_record
TN:
SF:/home/alex/labs3/arr.h
FN:49,51,_ZNK5MyArr12getData_testB5cxx11Ev
FNDA:1,_ZNK5MyArr12getData_testB5cxx11Ev
FNF:1
FNH:1
DA:49,1
DA:50,1
LF:2
LH:2
end_of_record
TN:
SF:/home/alex/labs3/compl.cpp
FN:11,11,_ZN18CompleteBinaryTreeC2Ev
FN:133,147,_ZN18CompleteBinaryTree6removeEi
FN:14,16,_ZN18CompleteBinaryTreeD2Ev
FN:150,166,_ZNK18CompleteBinaryTree6searchEi
FN:169,197,_ZNK18CompleteBinaryTree13printTreeUtilEP8TreeNodeRKNSt7__cxx1112basic_stringIcSt11char_traitsIcESaIcEEEb
FN:19,26,_ZN18CompleteBinaryTree19deleteTreeRecursiveEP8TreeNode
FN:200,220,_ZNK18CompleteBinaryTree5printEv
FN:223,225,_ZNK18CompleteBinaryTree7getSizeEv
FN:229,240,_ZNK18CompleteBinaryTree10saveToFileERSt14basic_ofstreamIcSt11char_traitsIcEE
FN:230,238,_ZZNK18CompleteBinaryTree10saveToFileERSt14basic_ofstreamIcSt11char_traitsIcEEENKUlP8TreeNodeE_clES6_
FN:242,256,_ZN18CompleteBinaryTree12loadFromFileERSt14basic_ifstreamIcSt11char_traitsIcEE
FN:244,254,_ZZN18CompleteBinaryTree12loadFromFileERSt14basic_ifstreamIcSt11char_traitsIcEEENKUlvE_clEv
FN:258,270,_ZNK18CompleteBinaryTree16saveToBinaryFileERSt14basic_ofstreamIcSt11char_traitsIcEE
FN:259,268,_ZZNK18CompleteBinaryTree16saveToBinaryFileERSt14basic_ofstreamIcSt11char_traitsIcEEENKUlP8TreeNodeE_clES6_
FN:272,287,_ZN18CompleteBinaryTree18loadFromBinaryFileERSt14basic_ifstreamIcSt11char_traitsIcEE
FN:274,285,_ZZN18CompleteBinaryTree18loadFromBinaryFileERSt14basic_ifstreamIcSt11char_traitsIcEEENKUlvE_clEv
FN:29,34,_ZN18CompleteBinaryTree7findMinEP8TreeNode
FN:290,294,_ZNK18CompleteBinaryTree10saveToFileERKNSt7__cxx1112basic_stringIcSt11char_traitsIcESaIcEEE
FN:296,300,_ZN18CompleteBinaryTree12loadFromFileERKNSt7__cxx1112basic_stringIcSt11char_traitsIcESaIcEEE
FN:302,306,_ZNK18CompleteBinaryTree16saveToBinaryFileERKNSt7__cxx1112basic_stringIcSt11char_traitsIcESaIcEEE
FN:308,312,_ZN18CompleteBinaryTree18loadFromBinaryFileERKNSt7__cxx1112basic_stringIcSt11char_traitsIcESaIcEEE
FN:37,78,_ZN18CompleteBinaryTree19deleteNodeRecursiveEP8TreeNodei
FN:81,83,_ZNK18CompleteBinaryTree7isEmptyEv
FN:86,93,_ZN18CompleteBinaryTree5clearEv
FN:96,130,_ZN18CompleteBinaryTree6insertEi
FNDA:15,_ZN18CompleteBinaryTreeC2Ev
FNDA:6,_ZN18CompleteBinaryTree6removeEi
FNDA:15,_ZN18CompleteBinaryTreeD2Ev
FNDA:19,_ZNK18CompleteBinaryTree6searchEi
FNDA:1,_ZNK18CompleteBinaryTree13printTreeUtilEP8TreeNodeRKNSt7__cxx1112basic_stringIcSt11char_traitsIcESaIcEEEb
FNDA:77,_ZN18CompleteBinaryTree19deleteTreeRecursiveEP8TreeNode
FNDA:2,_ZNK18CompleteBinaryTree5printEv
FNDA:14,_ZNK18CompleteBinaryTree7getSizeEv
FNDA:1,_ZNK18CompleteBinaryTree10saveToFileERSt14basic_ofstreamIcSt11char_traitsIcEE
FNDA:7,_ZZNK18CompleteBinaryTree10saveToFileERSt14basic_ofstreamIcSt11char_traitsIcEEENKUlP8TreeNodeE_clES6_
FNDA:2,_ZN18CompleteBinaryTree12loadFromFileERSt14basic_ifstreamIcSt11char_traitsIcEE
FNDA:8,_ZZN18CompleteBinaryTree12loadFromFileERSt14basic_ifstreamIcSt11char_traitsIcEEENKUlvE_clEv
FNDA:1,_ZNK18CompleteBinaryTree16saveToBinaryFileERSt14basic_ofstreamIcSt11char_traitsIcEE
FNDA:7,_ZZNK18CompleteBinaryTree16saveToBinaryFileERSt14basic_ofstreamIcSt11char_traitsIcEEENKUlP8TreeNodeE_clES6_
FNDA:2,_ZN18CompleteBinaryTree18loadFromBinaryFileERSt14basic_ifstreamIcSt11char_traitsIcEE
FNDA:8,_ZZN18CompleteBinaryTree18loadFromBinaryFileERSt14basic_ifstreamIcSt11char_traitsIcEEENKUlvE_clEv
FNDA:1,_ZN18CompleteBinaryTree7findMinEP8TreeNode
FNDA:0,_ZNK18CompleteBinaryTree10saveToFileERKNSt7__cxx1112basic_stringIcSt11char_traitsIcESaIcEEE
FNDA:0,_ZN18CompleteBinaryTree12loadFromFileERKNSt7__cxx1112basic_stringIcSt11char_traitsIcESaIcEEE
FNDA:0,_ZNK18CompleteBinaryTree16saveToBinaryFileERKNSt7__cxx1112basic_stringIcSt11char_traitsIcESaIcEEE
FNDA:0,_ZN18CompleteBinaryTree18loadFromBinaryFileERKNSt7__cxx1112basic_stringIcSt11char_traitsIcESaIcEEE
FNDA:11,_ZN18CompleteBinaryTree19deleteNodeRecursiveEP8TreeNodei
FNDA:29,_ZNK18CompleteBinaryTree7isEmptyEv
FNDA:20,_ZN18CompleteBinaryTree5clearEv
FNDA:31,_ZN18CompleteBinaryTree6insertEi
FNF:25
FNH:21
DA:11,15
DA:14,15
DA:15,15
DA:16,15
DA:19,77
DA:20,77
DA:21,45
DA:23,32
DA:24,32
DA:25,32
DA:29,1
DA:30,2
DA:31,1
DA:33,1
DA:37,11
DA:38,11
DA:39,1
DA:42,10
DA:44,4
DA:45,6
DA:47,1
DA:52,5
DA:53,3
DA:54,3
DA:55,3
DA:56,3
DA:59,2
DA:60,1
DA:61,1
DA:62,1
DA:63,1
DA:68,1
DA:71,1
DA:75,1
DA:77,6
DA:81,29
DA:82,29
DA:86,20
DA:87,20
DA:88,13
DA:89,13
DA:90,13
DA:93,20
DA:96,31
DA:97,31
DA:99,31
DA:100,11
DA:101,11
DA:103,11
DA:106,20
DA:108,24
DA:109,14
DA:110,12
DA:111,12
DA:113,12
DA:115,2
DA:116,10
DA:117,9
DA:118,7
DA:119,7
DA:121,7
DA:123,2
DA:126,1
DA:127,1
DA:133,6
DA:134,6
DA:135,1
DA:136,1
DA:139,5
DA:140,5
DA:142,5
DA:143,4
DA:145,1
DA:150,19
DA:151,19
DA:152,1
DA:154,18
DA:155,35
DA:156,30
DA:157,13
DA:159,17
DA:160,10
DA:162,7
DA:165,5
DA:169,1
DA:170,1
DA:171,0
DA:174,1
DA:175,1
DA:176,1
DA:178,0
DA:180,1
DA:182,1
DA:183,1
DA:184,1
DA:186,0
DA:189,1
DA:190,0
DA:191,0
DA:192,1
DA:193,0
DA:194,1
DA:195,0
DA:197,1
DA:200,2
DA:201,2
DA:202,1
DA:203,1
DA:205,1
DA:206,1
DA:208,1
DA:210,1
DA:211,0
DA:212,0
DA:213,1
DA:214,2
DA:215,0
DA:216,0
DA:219,1
DA:223,14
DA:224,14
DA:229,1
DA:230,9
DA:231,7
DA:232,4
DA:233,4
DA:235,3
DA:236,3
DA:237,3
DA:238,1
DA:239,1
DA:240,1
DA:242,2
DA:243,2
DA:244,0
DA:245,8
DA:246,8
DA:247,7
DA:248,3
DA:249,3
DA:250,3
DA:251,3
DA:252,3
DA:253,3
DA:254,10
DA:255,2
DA:256,2
DA:258,1
DA:259,9
DA:260,7
DA:261,4
DA:262,4
DA:263,4
DA:265,3
DA:266,3
DA:267,3
DA:268,1
DA:269,1
DA:270,1
DA:272,2
DA:273,2
DA:274,0
DA:276,8
DA:277,7
DA:279,3
DA:280,3
DA:282,3
DA:283,3
DA:284,3
DA:285,2
DA:286,2
DA:287,2
DA:290,0
DA:291,0
DA:292,0
DA:293,0
DA:294,0
DA:296,0
DA:297,0
DA:298,0
DA:299,0
DA:300,0
DA:302,0
DA:303,0
DA:304,0
DA:305,0
DA:306,0
DA:308,0
DA:309,0
DA:310,0
DA:311,0
DA:312,0
LF:192
LH:159
end_of_record
TN:
SF:/home/alex/labs3/compl.h
FN:16,16,_ZN8TreeNodeC2Ei
FNDA:37,_ZN8TreeNodeC2Ei
FNF:1
FNH:1
DA:16,37
LF:1
LH:1
end_of_record
TN:
SF:/home/alex/labs3/dlist.cpp
FN:10,17,_ZN5DListD2Ev
FN:100,112,_ZN5DList7delTailEv
FN:114,133,_ZN5DList8delByValERKNSt7__cxx1112basic_stringIcSt11char_traitsIcESaIcEEE
FN:136,143,_ZNK5DList9findValueERKNSt7__cxx1112basic_stringIcSt11char_traitsIcESaIcEEE
FN:145,147,_ZNK5DList8containsERKNSt7__cxx1112basic_stringIcSt11char_traitsIcESaIcEEE
FN:149,159,_ZNK5DList11readForwardEv
FN:161,172,_ZNK5DList12readBackwardEv
FN:174,180,_ZN5DList13delAfterValueERKNSt7__cxx1112basic_stringIcSt11char_traitsIcESaIcEEE
FN:182,188,_ZN5DList14delBeforeValueERKNSt7__cxx1112basic_stringIcSt11char_traitsIcESaIcEEE
FN:190,203,_ZNK5DList10saveToFileERKNSt7__cxx1112basic_stringIcSt11char_traitsIcESaIcEEE
FN:20,33,_ZN5DList7addHeadERKNSt7__cxx1112basic_stringIcSt11char_traitsIcESaIcEEE
FN:205,223,_ZN5DList12loadFromFileERKNSt7__cxx1112basic_stringIcSt11char_traitsIcESaIcEEE
FN:226,241,_ZNK5DList16saveToBinaryFileERKNSt7__cxx1112basic_stringIcSt11char_traitsIcESaIcEEE
FN:243,266,_ZN5DList18loadFromBinaryFileERKNSt7__cxx1112basic_stringIcSt11char_traitsIcESaIcEEE
FN:36,46,_ZN5DList7addTailERKNSt7__cxx1112basic_stringIcSt11char_traitsIcESaIcEEE
FN:49,65,_ZN5DList9addBeforeERKNSt7__cxx1112basic_stringIcSt11char_traitsIcESaIcEEES7_
FN:6,7,_ZN5DListC2Ev
FN:67,83,_ZN5DList8addAfterERKNSt7__cxx1112basic_stringIcSt11char_traitsIcESaIcEEES7_
FN:85,97,_ZN5DList7delHeadEv
FNDA:10,_ZN5DListD2Ev
FNDA:4,_ZN5DList7delTailEv
FNDA:5,_ZN5DList8delByValERKNSt7__cxx1112basic_stringIcSt11char_traitsIcESaIcEEE
FNDA:22,_ZNK5DList9findValueERKNSt7__cxx1112basic_stringIcSt11char_traitsIcESaIcEEE
FNDA:5,_ZNK5DList8containsERKNSt7__cxx1112basic_stringIcSt11char_traitsIcESaIcEEE
FNDA:2,_ZNK5DList11readForwardEv
FNDA:2,_ZNK5DList12readBackwardEv
FNDA:6,_ZN5DList13delAfterValueERKNSt7__cxx1112basic_stringIcSt11char_traitsIcESaIcEEE
FNDA:6,_ZN5DList14delBeforeValueERKNSt7__cxx1112basic_stringIcSt11char_traitsIcESaIcEEE
FNDA:1,_ZNK5DList10saveToFileERKNSt7__cxx1112basic_stringIcSt11char_traitsIcESaIcEEE
FNDA:5,_ZN5DList7addHeadERKNSt7__cxx1112basic_stringIcSt11char_traitsIcESaIcEEE
FNDA:1,_ZN5DList12loadFromFileERKNSt7__cxx1112basic_stringIcSt11char_traitsIcESaIcEEE
FNDA:0,_ZNK5DList16saveToBinaryFileERKNSt7__cxx1112basic_stringIcSt11char_traitsIcESaIcEEE
FNDA:0,_ZN5DList18loadFromBinaryFileERKNSt7__cxx1112basic_stringIcSt11char_traitsIcESaIcEEE
FNDA:16,_ZN5DList7addTailERKNSt7__cxx1112basic_stringIcSt11char_traitsIcESaIcEEE
FNDA:5,_ZN5DList9addBeforeERKNSt7__cxx1112basic_stringIcSt11char_traitsIcESaIcEEES7_
FNDA:10,_ZN5DListC2Ev
FNDA:5,_ZN5DList8addAfterERKNSt7__cxx1112basic_stringIcSt11char_traitsIcESaIcEEES7_
FNDA:5,_ZN5DList7delHeadEv
FNF:19
FNH:17
DA:6,10
DA:7,10
DA:10,10
DA:11,37
DA:12,17
DA:13,17
DA:14,17
DA:16,10
DA:17,10
DA:20,5
DA:22,5
DA:24,5
DA:27,2
DA:29,3
DA:32,5
DA:33,5
DA:36,16
DA:37,16
DA:38,16
DA:40,8
DA:42,8
DA:45,16
DA:46,16
DA:49,5
DA:50,5
DA:51,2
DA:53,7
DA:54,7
DA:55,3
DA:56,3
DA:57,2
DA:59,1
DA:61,3
DA:62,3
DA:67,5
DA:68,5
DA:69,2
DA:71,7
DA:72,7
DA:73,3
DA:74,3
DA:75,2
DA:77,1
DA:79,3
DA:80,3
DA:85,5
DA:86,5
DA:87,2
DA:89,3
DA:90,3
DA:91,3
DA:92,1
DA:94,2
DA:96,3
DA:100,4
DA:101,4
DA:102,2
DA:104,2
DA:105,2
DA:106,2
DA:107,0
DA:109,2
DA:111,2
DA:114,5
DA:115,5
DA:116,5
DA:117,0
DA:120,5
DA:121,4
DA:123,1
DA:126,5
DA:127,3
DA:129,2
DA:132,5
DA:136,22
DA:137,46
DA:138,40
DA:139,16
DA:142,6
DA:145,5
DA:146,5
DA:149,2
DA:150,2
DA:151,2
DA:152,2
DA:154,0
DA:155,0
DA:156,0
DA:158,0
DA:161,2
DA:162,2
DA:163,2
DA:164,2
DA:167,0
DA:168,0
DA:169,0
DA:171,0
DA:174,6
DA:175,6
DA:176,6
DA:177,5
DA:179,1
DA:182,6
DA:183,6
DA:184,6
DA:185,5
DA:187,1
DA:190,1
DA:191,1
DA:192,1
DA:194,1
DA:195,3
DA:196,2
DA:198,1
DA:200,3
DA:201,2
DA:203,1
DA:205,1
DA:206,1
DA:207,1
DA:209,1
DA:210,0
DA:214,1
DA:215,1
DA:217,1
DA:219,3
DA:220,2
DA:221,2
DA:222,2
DA:223,1
DA:226,0
DA:227,0
DA:228,0
DA:229,0
DA:232,0
DA:233,0
DA:234,0
DA:236,0
DA:238,0
DA:239,0
DA:241,0
DA:243,0
DA:244,0
DA:245,0
DA:246,0
DA:249,0
DA:250,0
DA:254,0
DA:255,0
DA:256,0
DA:259,0
DA:260,0
DA:261,0
DA:262,0
DA:264,0
DA:265,0
DA:266,0
LF:157
LH:119
end_of_record
TN:
SF:/home/alex/labs3/dlist.h
FN:19,19,_ZN5DList5DNodeC2ERKNSt7__cxx1112basic_stringIcSt11char_traitsIcESaIcEEEPS0_S9_
FN:79,82,_ZNK5DList12getHead_TestEv
FN:83,86,_ZNK5DList12getTail_TestEv
FNDA:27,_ZN5DList5DNodeC2ERKNSt7__cxx1112basic_stringIcSt11char_traitsIcESaIcEEEPS0_S9_
FNDA:2,_ZNK5DList12getHead_TestEv
FNDA:2,_ZNK5DList12getTail_TestEv
FNF:3
FNH:3
DA:19,27
DA:79,2
DA:81,2
DA:83,2
DA:85,2
LF:5
LH:5
end_of_record
TN:
SF:/home/alex/labs3/hash.cpp
FN:101,119,_ZN9ChainHash4showEv
FN:121,147,_ZNK9ChainHash10saveToFileERKNSt7__cxx1112basic_stringIcSt11char_traitsIcESaIcEEE
FN:149,184,_ZN9ChainHash12loadFromFileERKNSt7__cxx1112basic_stringIcSt11char_traitsIcESaIcEEE
FN:187,211,_ZNK9ChainHash16saveToBinaryFileERKNSt7__cxx1112basic_stringIcSt11char_traitsIcESaIcEEE
FN:19,24,_ZN9ChainHashC2Ei
FN:213,242,_ZN9ChainHash18loadFromBinaryFileERKNSt7__cxx1112basic_stringIcSt11char_traitsIcESaIcEEE
FN:246,254,_ZN8OpenHashC2Ei
FN:256,261,_ZN8OpenHashD2Ev
FN:26,41,_ZN9ChainHashD2Ev
FN:263,301,_ZN8OpenHash6insertERKNSt7__cxx1112basic_stringIcSt11char_traitsIcESaIcEEES7_
FN:303,324,_ZN8OpenHash5eraseERKNSt7__cxx1112basic_stringIcSt11char_traitsIcESaIcEEE
FN:326,342,_ZNK8OpenHash4findERKNSt7__cxx1112basic_stringIcSt11char_traitsIcESaIcEEE
FN:344,358,_ZN8OpenHash4showEv
FN:360,378,_ZNK8OpenHash10saveToFileERKNSt7__cxx1112basic_stringIcSt11char_traitsIcESaIcEEE
FN:380,404,_ZN8OpenHash12loadFromFileERKNSt7__cxx1112basic_stringIcSt11char_traitsIcESaIcEEE
FN:407,422,_ZNK8OpenHash16saveToBinaryFileERKNSt7__cxx1112basic_stringIcSt11char_traitsIcESaIcEEE
FN:424,439,_ZN8OpenHash18loadFromBinaryFileERKNSt7__cxx1112basic_stringIcSt11char_traitsIcESaIcEEE
FN:43,60,_ZN9ChainHash6insertERKNSt7__cxx1112basic_stringIcSt11char_traitsIcESaIcEEES7_
FN:441,443,_Z13is_space_charc
FN:445,458,_Z9parse_cmdRKNSt7__cxx1112basic_stringIcSt11char_traitsIcESaIcEEERS4_S7_S7_
FN:460,502,_Z8hash_manv
FN:62,85,_ZN9ChainHash5eraseERKNSt7__cxx1112basic_stringIcSt11char_traitsIcESaIcEEE
FN:8,16,_Z8hash_strRKNSt7__cxx1112basic_stringIcSt11char_traitsIcESaIcEEEi
FN:87,99,_ZN9ChainHash4findERKNSt7__cxx1112basic_stringIcSt11char_traitsIcESaIcEEE
FNDA:2,_ZN9ChainHash4showEv
FNDA:1,_ZNK9ChainHash10saveToFileERKNSt7__cxx1112basic_stringIcSt11char_traitsIcESaIcEEE
FNDA:2,_ZN9ChainHash12loadFromFileERKNSt7__cxx1112basic_stringIcSt11char_traitsIcESaIcEEE
FNDA:0,_ZNK9ChainHash16saveToBinaryFileERKNSt7__cxx1112basic_stringIcSt11char_traitsIcESaIcEEE
FNDA:7,_ZN9ChainHashC2Ei
FNDA:0,_ZN9ChainHash18loadFromBinaryFileERKNSt7__cxx1112basic_stringIcSt11char_traitsIcESaIcEEE
FNDA:7,_ZN8OpenHashC2Ei
FNDA:7,_ZN8OpenHashD2Ev
FNDA:7,_ZN9ChainHashD2Ev
FNDA:14,_ZN8OpenHash6insertERKNSt7__cxx1112basic_stringIcSt11char_traitsIcESaIcEEES7_
FNDA:3,_ZN8OpenHash5eraseERKNSt7__cxx1112basic_stringIcSt11char_traitsIcESaIcEEE
FNDA:10,_ZNK8OpenHash4findERKNSt7__cxx1112basic_stringIcSt11char_traitsIcESaIcEEE
FNDA:1,_ZN8OpenHash4showEv
FNDA:1,_ZNK8OpenHash10saveToFileERKNSt7__cxx1112basic_stringIcSt11char_traitsIcESaIcEEE
FNDA:2,_ZN8OpenHash12loadFromFileERKNSt7__cxx1112basic_stringIcSt11char_traitsIcESaIcEEE
FNDA:0,_ZNK8OpenHash16saveToBinaryFileERKNSt7__cxx1112basic_stringIcSt11char_traitsIcESaIcEEE
FNDA:0,_ZN8OpenHash18loadFromBinaryFileERKNSt7__cxx1112basic_stringIcSt11char_traitsIcESaIcEEE
FNDA:10,_ZN9ChainHash6insertERKNSt7__cxx1112basic_stringIcSt11char_traitsIcESaIcEEES7_
FNDA:76,_Z13is_space_charc
FNDA:7,_Z9parse_cmdRKNSt7__cxx1112basic_stringIcSt11char_traitsIcESaIcEEERS4_S7_S7_
FNDA:1,_Z8hash_manv
FNDA:5,_ZN9ChainHash5eraseERKNSt7__cxx1112basic_stringIcSt11char_traitsIcESaIcEEE
FNDA:53,_Z8hash_strRKNSt7__cxx1112basic_stringIcSt11char_traitsIcESaIcEEEi
FNDA:11,_ZN9ChainHash4findERKNSt7__cxx1112basic_stringIcSt11char_traitsIcESaIcEEE
FNF:24
FNH:20
DA:8,53
DA:10,53
DA:11,158
DA:13,105
DA:15,53
DA:19,7
DA:21,7
DA:22,7
DA:23,43
DA:24,7
DA:26,7
DA:28,43
DA:30,36
DA:31,41
DA:33,5
DA:34,5
DA:35,5
DA:38,7
DA:39,7
DA:40,7
DA:41,7
DA:43,10
DA:44,10
DA:47,10
DA:48,10
DA:49,13
DA:50,4
DA:51,1
DA:52,1
DA:54,3
DA:57,9
DA:58,9
DA:59,9
DA:62,5
DA:64,5
DA:66,5
DA:67,5
DA:69,6
DA:71,5
DA:73,4
DA:74,1
DA:76,3
DA:78,4
DA:79,4
DA:81,1
DA:82,1
DA:84,1
DA:87,11
DA:89,11
DA:90,11
DA:92,18
DA:93,14
DA:94,7
DA:96,7
DA:98,8
DA:101,2
DA:102,2
DA:103,2
DA:104,17
DA:105,15
DA:106,0
DA:107,0
DA:108,0
DA:109,0
DA:110,0
DA:111,0
DA:112,0
DA:114,0
DA:117,2
DA:118,2
DA:119,2
DA:121,1
DA:122,1
DA:123,1
DA:125,1
DA:128,1
DA:129,6
DA:130,5
DA:131,7
DA:132,2
DA:133,2
DA:136,1
DA:139,6
DA:140,5
DA:141,7
DA:142,2
DA:143,2
DA:144,2
DA:147,1
DA:149,2
DA:150,2
DA:151,2
DA:154,6
DA:155,5
DA:156,5
DA:157,0
DA:158,0
DA:159,0
DA:162,1
DA:166,1
DA:167,1
DA:169,1
DA:170,1
DA:171,6
DA:174,1
DA:175,1
DA:177,1
DA:178,3
DA:179,2
DA:180,2
DA:181,2
DA:182,2
DA:183,2
DA:184,2
DA:187,0
DA:188,0
DA:189,0
DA:191,0
DA:193,0
DA:194,0
DA:195,0
DA:196,0
DA:197,0
DA:198,0
DA:201,0
DA:203,0
DA:204,0
DA:205,0
DA:206,0
DA:207,0
DA:208,0
DA:211,0
DA:213,0
DA:214,0
DA:215,0
DA:218,0
DA:219,0
DA:220,0
DA:221,0
DA:222,0
DA:223,0
DA:226,0
DA:228,0
DA:229,0
DA:230,0
DA:233,0
DA:235,0
DA:236,0
DA:237,0
DA:238,0
DA:239,0
DA:240,0
DA:241,0
DA:242,0
DA:246,7
DA:248,7
DA:249,40
DA:250,40
DA:251,33
DA:252,33
DA:254,7
DA:256,7
DA:258,40
DA:259,7
DA:260,7
DA:261,7
DA:263,14
DA:265,14
DA:266,14
DA:270,17
DA:272,11
DA:273,11
DA:274,11
DA:275,11
DA:277,11
DA:279,6
DA:280,1
DA:282,1
DA:284,5
DA:285,1
DA:286,1
DA:287,1
DA:288,1
DA:290,1
DA:293,4
DA:295,4
DA:297,1
DA:298,1
DA:303,3
DA:305,3
DA:306,3
DA:310,3
DA:311,2
DA:312,2
DA:313,2
DA:315,1
DA:316,1
DA:318,0
DA:320,0
DA:321,0
DA:326,10
DA:327,10
DA:328,10
DA:331,15
DA:332,7
DA:334,8
DA:335,2
DA:337,7
DA:338,7
DA:339,4
DA:344,1
DA:345,1
DA:346,1
DA:347,11
DA:348,10
DA:349,0
DA:350,0
DA:351,10
DA:352,1
DA:353,1
DA:356,1
DA:357,1
DA:358,1
DA:360,1
DA:361,1
DA:362,1
DA:364,1
DA:366,1
DA:367,6
DA:368,5
DA:370,1
DA:372,6
DA:373,5
DA:374,2
DA:375,2
DA:378,1
DA:380,2
DA:381,2
DA:382,2
DA:384,6
DA:387,1
DA:388,1
DA:390,1
DA:391,6
DA:394,1
DA:395,1
DA:397,1
DA:398,3
DA:399,2
DA:400,2
DA:401,2
DA:402,2
DA:403,2
DA:404,2
DA:407,0
DA:408,0
DA:409,0
DA:410,0
DA:411,0
DA:412,0
DA:413,0
DA:415,0
DA:416,0
DA:417,0
DA:418,0
DA:419,0
DA:422,0
DA:424,0
DA:425,0
DA:426,0
DA:427,0
DA:428,0
DA:429,0
DA:431,0
DA:432,0
DA:433,0
DA:434,0
DA:435,0
DA:436,0
DA:437,0
DA:438,0
DA:439,0
DA:441,76
DA:442,76
DA:445,7
DA:446,7
DA:447,7
DA:448,7
DA:449,39
DA:450,32
DA:452,16
DA:453,19
DA:454,12
DA:456,14
DA:457,7
DA:458,7
DA:460,1
DA:461,1
DA:462,1
DA:463,1
DA:466,5
DA:467,5
DA:468,5
DA:469,5
DA:470,5
DA:471,5
DA:472,5
DA:474,5
DA:475,5
DA:476,1
DA:477,1
DA:479,4
DA:480,1
DA:481,1
DA:482,1
DA:484,3
DA:485,1
DA:486,1
DA:487,1
DA:489,2
DA:490,1
DA:491,1
DA:492,1
DA:494,1
DA:495,1
DA:496,1
DA:497,1
DA:498,1
DA:499,1
DA:500,1
DA:501,24
DA:502,1
LF:332
LH:248
end_of_record
TN:
SF:/home/alex/labs3/hash.h
FN:21,22,_ZN9ChainHash4NodeC2ERKNSt7__cxx1112basic_stringIcSt11char_traitsIcESaIcEEES8_
FN:63,63,_ZN8OpenHash5EntryC2Ev
FNDA:9,_ZN9ChainHash4NodeC2ERKNSt7__cxx1112basic_stringIcSt11char_traitsIcESaIcEEES8_
FNDA:38,_ZN8OpenHash5EntryC2Ev
FNF:2
FNH:2
DA:21,9
DA:22,9
DA:63,38
LF:3
LH:3
end_of_record
TN:
SF:/home/alex/labs3/list.cpp
FN:108,130,_ZN6MyList10delByValueERKNSt7__cxx1112basic_stringIcSt11char_traitsIcESaIcEEE
FN:11,19,_ZN6MyListD2Ev
FN:133,142,_ZNK6MyList9findValueERKNSt7__cxx1112basic_stringIcSt11char_traitsIcESaIcEEE
FN:145,155,_ZNK6MyList11readForwardEv
FN:157,162,_ZNK6MyList9printBackEPNS_4NodeE
FN:164,172,_ZNK6MyList8readBackEv
FN:174,179,_ZN6MyList7delHeadEv
FN:181,191,_ZN6MyList13delAfterValueERKNSt7__cxx1112basic_stringIcSt11char_traitsIcESaIcEEE
FN:193,209,_ZN6MyList14delBeforeValueERKNSt7__cxx1112basic_stringIcSt11char_traitsIcESaIcEEE
FN:21,24,_ZN6MyList7addHeadERKNSt7__cxx1112basic_stringIcSt11char_traitsIcESaIcEEE
FN:212,225,_ZNK6MyList10saveToFileERKNSt7__cxx1112basic_stringIcSt11char_traitsIcESaIcEEE
FN:227,243,_ZN6MyList12loadFromFileERKNSt7__cxx1112basic_stringIcSt11char_traitsIcESaIcEEE
FN:246,259,_ZNK6MyList16saveToBinaryFileERKNSt7__cxx1112basic_stringIcSt11char_traitsIcESaIcEEE
FN:261,276,_ZN6MyList18loadFromBinaryFileERKNSt7__cxx1112basic_stringIcSt11char_traitsIcESaIcEEE
FN:27,39,_ZN6MyList7addTailERKNSt7__cxx1112basic_stringIcSt11char_traitsIcESaIcEEE
FN:42,65,_ZN6MyList9addBeforeERKNSt7__cxx1112basic_stringIcSt11char_traitsIcESaIcEEES7_
FN:68,85,_ZN6MyList8addAfterERKNSt7__cxx1112basic_stringIcSt11char_traitsIcESaIcEEES7_
FN:7,8,_ZN6MyListC2Ev
FN:88,105,_ZN6MyList7delTailEv
FNDA:4,_ZN6MyList10delByValueERKNSt7__cxx1112basic_stringIcSt11char_traitsIcESaIcEEE
FNDA:18,_ZN6MyListD2Ev
FNDA:5,_ZNK6MyList9findValueERKNSt7__cxx1112basic_stringIcSt11char_traitsIcESaIcEEE
FNDA:1,_ZNK6MyList11readForwardEv
FNDA:4,_ZNK6MyList9printBackEPNS_4NodeE
FNDA:2,_ZNK6MyList8readBackEv
FNDA:7,_ZN6MyList7delHeadEv
FNDA:8,_ZN6MyList13delAfterValueERKNSt7__cxx1112basic_stringIcSt11char_traitsIcESaIcEEE
FNDA:9,_ZN6MyList14delBeforeValueERKNSt7__cxx1112basic_stringIcSt11char_traitsIcESaIcEEE
FNDA:6,_ZN6MyList7addHeadERKNSt7__cxx1112basic_stringIcSt11char_traitsIcESaIcEEE
FNDA:1,_ZNK6MyList10saveToFileERKNSt7__cxx1112basic_stringIcSt11char_traitsIcESaIcEEE
FNDA:3,_ZN6MyList12loadFromFileERKNSt7__cxx1112basic_stringIcSt11char_traitsIcESaIcEEE
FNDA:0,_ZNK6MyList16saveToBinaryFileERKNSt7__cxx1112basic_stringIcSt11char_traitsIcESaIcEEE
FNDA:0,_ZN6MyList18loadFromBinaryFileERKNSt7__cxx1112basic_stringIcSt11char_traitsIcESaIcEEE
FNDA:29,_ZN6MyList7addTailERKNSt7__cxx1112basic_stringIcSt11char_traitsIcESaIcEEE
FNDA:2,_ZN6MyList9addBeforeERKNSt7__cxx1112basic_stringIcSt11char_traitsIcESaIcEEES7_
FNDA:1,_ZN6MyList8addAfterERKNSt7__cxx1112basic_stringIcSt11char_traitsIcESaIcEEES7_
FNDA:18,_ZN6MyListC2Ev
FNDA:4,_ZN6MyList7delTailEv
FNF:19
FNH:17
DA:7,18
DA:8,18
DA:11,18
DA:12,18
DA:13,41
DA:14,23
DA:15,23
DA:16,23
DA:18,18
DA:19,18
DA:21,6
DA:22,6
DA:23,6
DA:24,6
DA:27,29
DA:28,29
DA:29,29
DA:30,12
DA:31,12
DA:34,17
DA:36,23
DA:37,6
DA:38,17
DA:42,2
DA:43,2
DA:44,1
DA:47,1
DA:48,1
DA:49,1
DA:52,0
DA:54,0
DA:55,0
DA:58,0
DA:59,0
DA:60,0
DA:63,0
DA:64,0
DA:68,1
DA:69,1
DA:70,0
DA:71,0
DA:74,1
DA:75,2
DA:76,1
DA:78,1
DA:79,1
DA:80,1
DA:83,0
DA:84,0
DA:88,4
DA:89,4
DA:90,1
DA:91,1
DA:93,3
DA:94,1
DA:95,1
DA:96,1
DA:99,2
DA:100,3
DA:101,1
DA:103,2
DA:104,2
DA:108,4
DA:109,4
DA:110,1
DA:111,1
DA:113,3
DA:114,1
DA:115,1
DA:116,1
DA:118,2
DA:119,2
DA:120,0
DA:122,2
DA:123,1
DA:124,1
DA:126,1
DA:127,1
DA:128,1
DA:129,1
DA:133,5
DA:134,5
DA:135,13
DA:136,9
DA:137,1
DA:139,8
DA:141,4
DA:145,1
DA:146,1
DA:147,1
DA:148,1
DA:150,0
DA:151,0
DA:152,0
DA:154,0
DA:157,4
DA:158,4
DA:159,1
DA:160,3
DA:161,3
DA:164,2
DA:165,2
DA:166,1
DA:167,1
DA:169,1
DA:170,1
DA:171,1
DA:174,7
DA:175,7
DA:176,6
DA:177,6
DA:178,6
DA:181,8
DA:182,8
DA:183,4
DA:184,9
DA:185,5
DA:187,4
DA:188,1
DA:189,1
DA:190,1
DA:193,9
DA:194,9
DA:195,3
DA:196,6
DA:197,3
DA:198,3
DA:200,3
DA:201,5
DA:202,2
DA:204,3
DA:205,2
DA:206,1
DA:207,1
DA:208,1
DA:212,1
DA:213,1
DA:214,1
DA:216,0
DA:217,0
DA:218,0
DA:220,0
DA:222,0
DA:223,0
DA:225,1
DA:227,3
DA:228,3
DA:229,3
DA:231,4
DA:234,2
DA:235,2
DA:237,2
DA:239,2
DA:240,1
DA:241,1
DA:242,1
DA:243,4
DA:246,0
DA:247,0
DA:248,0
DA:250,0
DA:251,0
DA:252,0
DA:254,0
DA:256,0
DA:257,0
DA:259,0
DA:261,0
DA:262,0
DA:263,0
DA:265,0
DA:268,0
DA:269,0
DA:271,0
DA:272,0
DA:273,0
DA:274,0
DA:275,0
DA:276,0
LF:179
LH:134
end_of_record
TN:
SF:/home/alex/labs3/list.h
FN:17,17,_ZN6MyList4NodeC2ERKNSt7__cxx1112basic_stringIcSt11char_traitsIcESaIcEEEPS0_
FN:51,53,_ZNK6MyList12getHead_testEv
FNDA:35,_ZN6MyList4NodeC2ERKNSt7__cxx1112basic_stringIcSt11char_traitsIcESaIcEEEPS0_
FNDA:10,_ZNK6MyList12getHead_testEv
FNF:2
FNH:2
DA:17,35
DA:51,10
DA:52,10
LF:3
LH:3
end_of_record
TN:
SF:/home/alex/labs3/queue.cpp
FN:104,117,_ZNK5Queue16saveToBinaryFileERKNSt7__cxx1112basic_stringIcSt11char_traitsIcESaIcEEE
FN:11,15,_ZN5QueueD2Ev
FN:119,134,_ZN5Queue18loadFromBinaryFileERKNSt7__cxx1112basic_stringIcSt11char_traitsIcESaIcEEE
FN:17,19,_ZNK5Queue7isEmptyEv
FN:21,33,_ZN5Queue4pushENSt7__cxx1112basic_stringIcSt11char_traitsIcESaIcEEE
FN:36,50,_ZN5Queue3popB5cxx11Ev
FN:52,57,_ZNK5Queue4peekB5cxx11Ev
FN:59,69,_ZNK5Queue5printEv
FN:7,8,_ZN5QueueC2Ev
FN:73,86,_ZNK5Queue10saveToFileERKNSt7__cxx1112basic_stringIcSt11char_traitsIcESaIcEEE
FN:88,101,_ZN5Queue12loadFromFileERKNSt7__cxx1112basic_stringIcSt11char_traitsIcESaIcEEE
FNDA:0,_ZNK5Queue16saveToBinaryFileERKNSt7__cxx1112basic_stringIcSt11char_traitsIcESaIcEEE
FNDA:7,_ZN5QueueD2Ev
FNDA:0,_ZN5Queue18loadFromBinaryFileERKNSt7__cxx1112basic_stringIcSt11char_traitsIcESaIcEEE
FNDA:42,_ZNK5Queue7isEmptyEv
FNDA:11,_ZN5Queue4pushENSt7__cxx1112basic_stringIcSt11char_traitsIcESaIcEEE
FNDA:12,_ZN5Queue3popB5cxx11Ev
FNDA:2,_ZNK5Queue4peekB5cxx11Ev
FNDA:1,_ZNK5Queue5printEv
FNDA:7,_ZN5QueueC2Ev
FNDA:1,_ZNK5Queue10saveToFileERKNSt7__cxx1112basic_stringIcSt11char_traitsIcESaIcEEE
FNDA:3,_ZN5Queue12loadFromFileERKNSt7__cxx1112basic_stringIcSt11char_traitsIcESaIcEEE
FNF:11
FNH:9
DA:7,7
DA:8,7
DA:11,7
DA:12,11
DA:13,4
DA:15,7
DA:17,42
DA:18,42
DA:21,11
DA:22,11
DA:23,11
DA:24,11
DA:26,11
DA:27,6
DA:28,6
DA:30,5
DA:31,5
DA:33,11
DA:36,12
DA:37,12
DA:38,2
DA:40,11
DA:41,11
DA:43,11
DA:44,11
DA:46,11
DA:47,6
DA:49,11
DA:50,11
DA:52,2
DA:53,2
DA:54,2
DA:56,1
DA:59,1
DA:60,1
DA:61,1
DA:62,1
DA:64,0
DA:65,0
DA:66,0
DA:68,0
DA:73,1
DA:74,1
DA:75,1
DA:77,1
DA:78,3
DA:79,2
DA:81,1
DA:83,3
DA:84,2
DA:86,1
DA:88,3
DA:89,3
DA:90,3
DA:92,2
DA:95,2
DA:96,2
DA:98,4
DA:99,2
DA:101,3
DA:104,0
DA:105,0
DA:106,0
DA:108,0
DA:109,0
DA:110,0
DA:112,0
DA:114,0
DA:115,0
DA:117,0
DA:119,0
DA:120,0
DA:121,0
DA:123,0
DA:126,0
DA:127,0
DA:129,0
DA:130,0
DA:131,0
DA:132,0
DA:133,0
DA:134,0
LF:82
LH:56
end_of_record
TN:
SF:/home/alex/labs3/serialize.h
FN:11,15,_Z11writeStringRSt14basic_ofstreamIcSt11char_traitsIcEERKNSt7__cxx1112basic_stringIcS1_SaIcEEE
FN:17,26,_Z10readStringB5cxx11RSt14basic_ifstreamIcSt11char_traitsIcEE
FN:29,32,_Z15writeStringTextRSt14basic_ofstreamIcSt11char_traitsIcEERKNSt7__cxx1112basic_stringIcS1_SaIcEEE
FN:34,41,_Z14readStringTextB5cxx11RSt14basic_ifstreamIcSt11char_traitsIcEE
FNDA:1,_Z11writeStringRSt14basic_ofstreamIcSt11char_traitsIcEERKNSt7__cxx1112basic_stringIcS1_SaIcEEE
FNDA:1,_Z10readStringB5cxx11RSt14basic_ifstreamIcSt11char_traitsIcEE
FNDA:16,_Z15writeStringTextRSt14basic_ofstreamIcSt11char_traitsIcEERKNSt7__cxx1112basic_stringIcS1_SaIcEEE
FNDA:17,_Z14readStringTextB5cxx11RSt14basic_ifstreamIcSt11char_traitsIcEE
FNF:4
FNH:4
DA:11,1
DA:12,1
DA:13,1
DA:14,1
DA:15,1
DA:17,1
DA:19,1
DA:20,1
DA:22,1
DA:23,1
DA:24,3
DA:25,0
DA:26,1
DA:29,16
DA:31,16
DA:32,16
DA:34,17
DA:35,17
DA:36,17
DA:37,17
DA:38,17
DA:40,0
DA:41,17
LF:23
LH:21
end_of_record
TN:
SF:/home/alex/labs3/stack.cpp
FN:10,17,_ZN5StackD2Ev
FN:104,125,_ZNK5Stack16saveToBinaryFileERKNSt7__cxx1112basic_stringIcSt11char_traitsIcESaIcEEE
FN:127,142,_ZN5Stack18loadFromBinaryFileERKNSt7__cxx1112basic_stringIcSt11char_traitsIcESaIcEEE
FN:19,24,_ZN5Stack4pushENSt7__cxx1112basic_stringIcSt11char_traitsIcESaIcEEE
FN:27,36,_ZN5Stack3popB5cxx11Ev
FN:39,44,_ZNK5Stack4peekB5cxx11Ev
FN:46,48,_ZNK5Stack7isEmptyEv
FN:50,59,_ZNK5Stack9readStackEv
FN:6,7,_ZN5StackC2Ev
FN:64,86,_ZNK5Stack10saveToFileERKNSt7__cxx1112basic_stringIcSt11char_traitsIcESaIcEEE
FN:88,101,_ZN5Stack12loadFromFileERKNSt7__cxx1112basic_stringIcSt11char_traitsIcESaIcEEE
FNDA:6,_ZN5StackD2Ev
FNDA:0,_ZNK5Stack16saveToBinaryFileERKNSt7__cxx1112basic_stringIcSt11char_traitsIcESaIcEEE
FNDA:0,_ZN5Stack18loadFromBinaryFileERKNSt7__cxx1112basic_stringIcSt11char_traitsIcESaIcEEE
FNDA:10,_ZN5Stack4pushENSt7__cxx1112basic_stringIcSt11char_traitsIcESaIcEEE
FNDA:9,_ZN5Stack3popB5cxx11Ev
FNDA:3,_ZNK5Stack4peekB5cxx11Ev
FNDA:4,_ZNK5Stack7isEmptyEv
FNDA:2,_ZNK5Stack9readStackEv
FNDA:6,_ZN5StackC2Ev
FNDA:1,_ZNK5Stack10saveToFileERKNSt7__cxx1112basic_stringIcSt11char_traitsIcESaIcEEE
FNDA:3,_ZN5Stack12loadFromFileERKNSt7__cxx1112basic_stringIcSt11char_traitsIcESaIcEEE
FNF:11
FNH:9
DA:6,6
DA:7,6
DA:10,6
DA:11,16
DA:12,4
DA:13,4
DA:14,4
DA:16,6
DA:17,6
DA:19,10
DA:20,10
DA:21,10
DA:22,10
DA:23,10
DA:24,10
DA:27,9
DA:28,9
DA:29,6
DA:31,6
DA:32,6
DA:33,6
DA:34,6
DA:35,6
DA:36,6
DA:39,3
DA:40,3
DA:41,4
DA:43,1
DA:46,4
DA:47,4
DA:50,2
DA:51,2
DA:52,2
DA:53,2
DA:55,0
DA:56,0
DA:57,0
DA:64,1
DA:65,1
DA:66,1
DA:68,1
DA:69,3
DA:70,2
DA:72,1
DA:75,1
DA:76,3
DA:77,3
DA:78,2
DA:79,2
DA:82,3
DA:83,2
DA:85,4
DA:86,1
DA:88,3
DA:89,3
DA:90,3
DA:92,2
DA:95,2
DA:96,2
DA:98,4
DA:99,2
DA:101,3
DA:104,0
DA:105,0
DA:106,0
DA:108,0
DA:109,0
DA:110,0
DA:112,0
DA:114,0
DA:115,0
DA:116,0
DA:117,0
DA:118,0
DA:121,0
DA:122,0
DA:124,0
DA:125,0
DA:127,0
DA:128,0
DA:129,0
DA:131,0
DA:134,0
DA:135,0
DA:137,0
DA:138,0
DA:139,0
DA:140,0
DA:141,0
DA:142,0
LF:90
LH:59
end_of_record
