TN:
SF:/home/chesnokova/LABA3/arr.cpp
FN:101,122,_ZN5MyArr5delAtEi
FN:124,129,_ZN5MyArr6repArrEiRKNSt7__cxx1112basic_stringIcSt11char_traitsIcESaIcEEE
FN:13,31,_ZN5MyArr14ensureCapacityEi
FN:131,141,_ZNK5MyArr9readArrayEv
FN:143,148,_ZNK5MyArr5getAtB5cxx11Ei
FN:150,152,_ZNK5MyArr6lenArrEv
FN:155,163,_ZNK5MyArr10saveToFileERKNSt7__cxx1112basic_stringIcSt11char_traitsIcESaIcEEE
FN:165,186,_ZN5MyArr12loadFromFileERKNSt7__cxx1112basic_stringIcSt11char_traitsIcESaIcEEE
FN:188,198,_ZNK5MyArr16saveToBinaryFileERKNSt7__cxx1112basic_stringIcSt11char_traitsIcESaIcEEE
FN:200,227,_ZN5MyArr18loadFromBinaryFileERKNSt7__cxx1112basic_stringIcSt11char_traitsIcESaIcEEE
FN:33,36,_ZN5MyArr6addEndERKNSt7__cxx1112basic_stringIcSt11char_traitsIcESaIcEEE
FN:38,51,_ZN5MyArr5addAtEiRKNSt7__cxx1112basic_stringIcSt11char_traitsIcESaIcEEE
FN:53,60,_ZN5MyArr7addHeadERKNSt7__cxx1112basic_stringIcSt11char_traitsIcESaIcEEE
FN:6,7,_ZN5MyArrC2Ev
FN:62,81,_ZN5MyArr7delHeadEv
FN:83,99,_ZN5MyArr6delEndEv
FN:9,11,_ZN5MyArrD2Ev
FNDA:23,_ZN5MyArr5delAtEi
FNDA:3,_ZN5MyArr6repArrEiRKNSt7__cxx1112basic_stringIcSt11char_traitsIcESaIcEEE
FNDA:377,_ZN5MyArr14ensureCapacityEi
FNDA:1,_ZNK5MyArr9readArrayEv
FNDA:533,_ZNK5MyArr5getAtB5cxx11Ei
FNDA:95,_ZNK5MyArr6lenArrEv
FNDA:46,_ZNK5MyArr10saveToFileERKNSt7__cxx1112basic_stringIcSt11char_traitsIcESaIcEEE
FNDA:47,_ZN5MyArr12loadFromFileERKNSt7__cxx1112basic_stringIcSt11char_traitsIcESaIcEEE
FNDA:46,_ZNK5MyArr16saveToBinaryFileERKNSt7__cxx1112basic_stringIcSt11char_traitsIcESaIcEEE
FNDA:47,_ZN5MyArr18loadFromBinaryFileERKNSt7__cxx1112basic_stringIcSt11char_traitsIcESaIcEEE
FNDA:284,_ZN5MyArr6addEndERKNSt7__cxx1112basic_stringIcSt11char_traitsIcESaIcEEE
FNDA:3,_ZN5MyArr5addAtEiRKNSt7__cxx1112basic_stringIcSt11char_traitsIcESaIcEEE
FNDA:1,_ZN5MyArr7addHeadERKNSt7__cxx1112basic_stringIcSt11char_traitsIcESaIcEEE
FNDA:138,_ZN5MyArrC2Ev
FNDA:21,_ZN5MyArr7delHeadEv
FNDA:66,_ZN5MyArr6delEndEv
FNDA:138,_ZN5MyArrD2Ev
FNF:17
FNH:17
DA:6,138
DA:7,138
DA:9,138
DA:10,806
DA:11,138
DA:13,377
DA:14,377
DA:15,133
DA:18,244
DA:19,535
DA:20,291
DA:23,1421
DA:24,567
DA:25,323
DA:28,567
DA:29,244
DA:30,244
DA:33,284
DA:34,284
DA:35,284
DA:36,284
DA:38,3
DA:39,3
DA:40,2
DA:43,1
DA:45,2
DA:46,1
DA:49,1
DA:50,1
DA:53,1
DA:54,1
DA:55,2
DA:56,1
DA:58,1
DA:59,1
DA:60,1
DA:62,21
DA:63,21
DA:64,1
DA:66,210
DA:67,190
DA:69,20
DA:71,20
DA:72,4
DA:73,34
DA:74,19
DA:75,15
DA:77,64
DA:78,4
DA:79,4
DA:83,66
DA:84,66
DA:85,1
DA:87,65
DA:89,65
DA:90,6
DA:91,132
DA:92,69
DA:93,63
DA:95,258
DA:96,6
DA:97,6
DA:101,23
DA:102,23
DA:103,3
DA:106,210
DA:107,190
DA:110,20
DA:112,20
DA:113,4
DA:114,34
DA:115,19
DA:116,15
DA:118,64
DA:119,4
DA:120,4
DA:124,3
DA:125,3
DA:126,3
DA:128,0
DA:131,1
DA:132,1
DA:133,1
DA:134,1
DA:136,0
DA:137,0
DA:138,0
DA:140,0
DA:143,533
DA:144,533
DA:145,531
DA:147,4
DA:150,95
DA:151,95
DA:155,46
DA:156,46
DA:157,46
DA:159,45
DA:160,223
DA:161,178
DA:163,46
DA:165,47
DA:166,47
DA:167,47
DA:169,46
DA:170,46
DA:171,46
DA:172,46
DA:175,46
DA:176,46
DA:178,46
DA:180,45
DA:181,45
DA:183,223
DA:184,178
DA:186,48
DA:188,46
DA:189,46
DA:190,46
DA:191,1
DA:194,45
DA:195,223
DA:196,178
DA:198,46
DA:200,47
DA:201,47
DA:202,47
DA:203,1
DA:206,46
DA:207,46
DA:208,46
DA:209,46
DA:212,46
DA:213,46
DA:214,0
DA:217,46
DA:218,46
DA:220,224
DA:221,179
DA:222,179
DA:223,1
DA:224,1
DA:227,47
LF:143
LH:137
end_of_record
TN:
SF:/home/chesnokova/LABA3/arr.h
FN:46,48,_ZNK5MyArr12getData_testB5cxx11Ev
FNDA:1,_ZNK5MyArr12getData_testB5cxx11Ev
FNF:1
FNH:1
DA:46,1
DA:47,1
LF:2
LH:2
end_of_record
TN:
SF:/home/chesnokova/LABA3/compl.cpp
FN:10,12,_ZN18CompleteBinaryTreeD2Ev
FN:107,121,_ZN18CompleteBinaryTree6removeEi
FN:123,139,_ZNK18CompleteBinaryTree6searchEi
FN:14,21,_ZN18CompleteBinaryTree19deleteTreeRecursiveEP8TreeNode
FN:141,169,_ZNK18CompleteBinaryTree13printTreeUtilEP8TreeNodeRKNSt7__cxx1112basic_stringIcSt11char_traitsIcESaIcEEEb
FN:171,191,_ZNK18CompleteBinaryTree5printEv
FN:193,195,_ZNK18CompleteBinaryTree7getSizeEv
FN:197,208,_ZNK18CompleteBinaryTree10saveToFileERSt14basic_ofstreamIcSt11char_traitsIcEE
FN:198,206,_ZZNK18CompleteBinaryTree10saveToFileERSt14basic_ofstreamIcSt11char_traitsIcEEENKUlP8TreeNodeE_clES6_
FN:210,224,_ZN18CompleteBinaryTree12loadFromFileERSt14basic_ifstreamIcSt11char_traitsIcEE
FN:212,222,_ZZN18CompleteBinaryTree12loadFromFileERSt14basic_ifstreamIcSt11char_traitsIcEEENKUlvE_clEv
FN:226,238,_ZNK18CompleteBinaryTree16saveToBinaryFileERSt14basic_ofstreamIcSt11char_traitsIcEE
FN:227,236,_ZZNK18CompleteBinaryTree16saveToBinaryFileERSt14basic_ofstreamIcSt11char_traitsIcEEENKUlP8TreeNodeE_clES6_
FN:23,28,_ZN18CompleteBinaryTree7findMinEP8TreeNode
FN:240,255,_ZN18CompleteBinaryTree18loadFromBinaryFileERSt14basic_ifstreamIcSt11char_traitsIcEE
FN:242,253,_ZZN18CompleteBinaryTree18loadFromBinaryFileERSt14basic_ifstreamIcSt11char_traitsIcEEENKUlvE_clEv
FN:258,262,_ZNK18CompleteBinaryTree10saveToFileERKNSt7__cxx1112basic_stringIcSt11char_traitsIcESaIcEEE
FN:264,268,_ZN18CompleteBinaryTree12loadFromFileERKNSt7__cxx1112basic_stringIcSt11char_traitsIcESaIcEEE
FN:270,274,_ZNK18CompleteBinaryTree16saveToBinaryFileERKNSt7__cxx1112basic_stringIcSt11char_traitsIcESaIcEEE
FN:276,280,_ZN18CompleteBinaryTree18loadFromBinaryFileERKNSt7__cxx1112basic_stringIcSt11char_traitsIcESaIcEEE
FN:30,61,_ZN18CompleteBinaryTree19deleteNodeRecursiveEP8TreeNodei
FN:63,65,_ZNK18CompleteBinaryTree7isEmptyEv
FN:67,73,_ZN18CompleteBinaryTree5clearEv
FN:75,105,_ZN18CompleteBinaryTree6insertEi
FN:8,8,_ZN18CompleteBinaryTreeC2Ev
FNDA:152,_ZN18CompleteBinaryTreeD2Ev
FNDA:10,_ZN18CompleteBinaryTree6removeEi
FNDA:288,_ZNK18CompleteBinaryTree6searchEi
FNDA:1015,_ZN18CompleteBinaryTree19deleteTreeRecursiveEP8TreeNode
FNDA:1,_ZNK18CompleteBinaryTree13printTreeUtilEP8TreeNodeRKNSt7__cxx1112basic_stringIcSt11char_traitsIcESaIcEEEb
FNDA:2,_ZNK18CompleteBinaryTree5printEv
FNDA:17,_ZNK18CompleteBinaryTree7getSizeEv
FNDA:45,_ZNK18CompleteBinaryTree10saveToFileERSt14basic_ofstreamIcSt11char_traitsIcEE
FNDA:315,_ZZNK18CompleteBinaryTree10saveToFileERSt14basic_ofstreamIcSt11char_traitsIcEEENKUlP8TreeNodeE_clES6_
FNDA:46,_ZN18CompleteBinaryTree12loadFromFileERSt14basic_ifstreamIcSt11char_traitsIcEE
FNDA:316,_ZZN18CompleteBinaryTree12loadFromFileERSt14basic_ifstreamIcSt11char_traitsIcEEENKUlvE_clEv
FNDA:45,_ZNK18CompleteBinaryTree16saveToBinaryFileERSt14basic_ofstreamIcSt11char_traitsIcEE
FNDA:315,_ZZNK18CompleteBinaryTree16saveToBinaryFileERSt14basic_ofstreamIcSt11char_traitsIcEEENKUlP8TreeNodeE_clES6_
FNDA:2,_ZN18CompleteBinaryTree7findMinEP8TreeNode
FNDA:47,_ZN18CompleteBinaryTree18loadFromBinaryFileERSt14basic_ifstreamIcSt11char_traitsIcEE
FNDA:317,_ZZN18CompleteBinaryTree18loadFromBinaryFileERSt14basic_ifstreamIcSt11char_traitsIcEEENKUlvE_clEv
FNDA:45,_ZNK18CompleteBinaryTree10saveToFileERKNSt7__cxx1112basic_stringIcSt11char_traitsIcESaIcEEE
FNDA:45,_ZN18CompleteBinaryTree12loadFromFileERKNSt7__cxx1112basic_stringIcSt11char_traitsIcESaIcEEE
FNDA:45,_ZNK18CompleteBinaryTree16saveToBinaryFileERKNSt7__cxx1112basic_stringIcSt11char_traitsIcESaIcEEE
FNDA:46,_ZN18CompleteBinaryTree18loadFromBinaryFileERKNSt7__cxx1112basic_stringIcSt11char_traitsIcESaIcEEE
FNDA:16,_ZN18CompleteBinaryTree19deleteNodeRecursiveEP8TreeNodei
FNDA:302,_ZNK18CompleteBinaryTree7isEmptyEv
FNDA:246,_ZN18CompleteBinaryTree5clearEv
FNDA:171,_ZN18CompleteBinaryTree6insertEi
FNDA:152,_ZN18CompleteBinaryTreeC2Ev
FNF:25
FNH:25
DA:8,152
DA:10,152
DA:11,152
DA:12,152
DA:14,1015
DA:15,1015
DA:16,582
DA:18,433
DA:19,433
DA:20,433
DA:23,2
DA:24,3
DA:25,1
DA:27,2
DA:30,16
DA:31,16
DA:32,2
DA:35,14
DA:36,4
DA:37,10
DA:38,2
DA:40,8
DA:41,4
DA:42,4
DA:43,4
DA:44,4
DA:46,4
DA:47,2
DA:48,2
DA:49,2
DA:50,2
DA:54,2
DA:56,2
DA:58,2
DA:60,8
DA:63,302
DA:64,302
DA:67,246
DA:68,246
DA:69,149
DA:70,149
DA:71,149
DA:73,246
DA:75,171
DA:76,171
DA:78,171
DA:79,59
DA:80,59
DA:81,59
DA:84,112
DA:86,116
DA:87,60
DA:88,58
DA:89,58
DA:90,58
DA:92,2
DA:93,56
DA:94,54
DA:95,52
DA:96,52
DA:97,52
DA:99,2
DA:101,2
DA:102,2
DA:107,10
DA:108,10
DA:109,2
DA:110,2
DA:113,8
DA:114,8
DA:116,8
DA:117,6
DA:119,2
DA:123,288
DA:124,288
DA:125,1
DA:127,287
DA:128,484
DA:129,477
DA:130,280
DA:132,197
DA:133,100
DA:135,97
DA:138,7
DA:141,1
DA:142,1
DA:143,0
DA:146,1
DA:147,1
DA:148,1
DA:150,0
DA:152,1
DA:154,1
DA:155,1
DA:156,1
DA:158,0
DA:161,1
DA:162,0
DA:163,0
DA:164,1
DA:165,0
DA:166,1
DA:167,0
DA:169,1
DA:171,2
DA:172,2
DA:173,1
DA:174,1
DA:176,1
DA:177,1
DA:179,1
DA:181,1
DA:182,0
DA:183,0
DA:184,1
DA:185,2
DA:186,0
DA:187,0
DA:190,1
DA:193,17
DA:194,17
DA:197,45
DA:198,405
DA:199,315
DA:200,180
DA:201,180
DA:203,135
DA:204,135
DA:205,135
DA:206,45
DA:207,45
DA:208,45
DA:210,46
DA:211,46
DA:212,0
DA:213,316
DA:214,316
DA:215,315
DA:216,135
DA:217,135
DA:218,135
DA:219,135
DA:220,135
DA:221,135
DA:222,362
DA:223,46
DA:224,46
DA:226,45
DA:227,405
DA:228,315
DA:229,180
DA:230,180
DA:231,180
DA:233,135
DA:234,135
DA:235,135
DA:236,45
DA:237,45
DA:238,45
DA:240,47
DA:241,47
DA:242,0
DA:244,317
DA:245,316
DA:247,135
DA:248,135
DA:250,135
DA:251,135
DA:252,135
DA:253,47
DA:254,47
DA:255,47
DA:258,45
DA:259,45
DA:260,45
DA:261,44
DA:262,45
DA:264,45
DA:265,45
DA:266,45
DA:267,44
DA:268,45
DA:270,45
DA:271,45
DA:272,45
DA:273,44
DA:274,45
DA:276,46
DA:277,46
DA:278,46
DA:279,45
DA:280,46
LF:192
LH:179
end_of_record
TN:
SF:/home/chesnokova/LABA3/compl.h
FN:14,14,_ZN8TreeNodeC2Ei
FNDA:441,_ZN8TreeNodeC2Ei
FNF:1
FNH:1
DA:14,441
LF:1
LH:1
end_of_record
TN:
SF:/home/chesnokova/LABA3/dlist.cpp
FN:105,124,_ZN5DList8delByValERKNSt7__cxx1112basic_stringIcSt11char_traitsIcESaIcEEE
FN:126,133,_ZNK5DList9findValueERKNSt7__cxx1112basic_stringIcSt11char_traitsIcESaIcEEE
FN:135,137,_ZNK5DList8containsERKNSt7__cxx1112basic_stringIcSt11char_traitsIcESaIcEEE
FN:139,149,_ZNK5DList11readForwardEv
FN:151,162,_ZNK5DList12readBackwardEv
FN:164,170,_ZN5DList13delAfterValueERKNSt7__cxx1112basic_stringIcSt11char_traitsIcESaIcEEE
FN:17,28,_ZN5DList7addHeadERKNSt7__cxx1112basic_stringIcSt11char_traitsIcESaIcEEE
FN:172,178,_ZN5DList14delBeforeValueERKNSt7__cxx1112basic_stringIcSt11char_traitsIcESaIcEEE
FN:180,193,_ZNK5DList10saveToFileERKNSt7__cxx1112basic_stringIcSt11char_traitsIcESaIcEEE
FN:195,213,_ZN5DList12loadFromFileERKNSt7__cxx1112basic_stringIcSt11char_traitsIcESaIcEEE
FN:215,230,_ZNK5DList16saveToBinaryFileERKNSt7__cxx1112basic_stringIcSt11char_traitsIcESaIcEEE
FN:232,255,_ZN5DList18loadFromBinaryFileERKNSt7__cxx1112basic_stringIcSt11char_traitsIcESaIcEEE
FN:30,38,_ZN5DList7addTailERKNSt7__cxx1112basic_stringIcSt11char_traitsIcESaIcEEE
FN:40,56,_ZN5DList9addBeforeERKNSt7__cxx1112basic_stringIcSt11char_traitsIcESaIcEEES7_
FN:5,6,_ZN5DListC2Ev
FN:58,74,_ZN5DList8addAfterERKNSt7__cxx1112basic_stringIcSt11char_traitsIcESaIcEEES7_
FN:76,88,_ZN5DList7delHeadEv
FN:8,15,_ZN5DListD2Ev
FN:91,103,_ZN5DList7delTailEv
FNDA:7,_ZN5DList8delByValERKNSt7__cxx1112basic_stringIcSt11char_traitsIcESaIcEEE
FNDA:284,_ZNK5DList9findValueERKNSt7__cxx1112basic_stringIcSt11char_traitsIcESaIcEEE
FNDA:271,_ZNK5DList8containsERKNSt7__cxx1112basic_stringIcSt11char_traitsIcESaIcEEE
FNDA:1,_ZNK5DList11readForwardEv
FNDA:0,_ZNK5DList12readBackwardEv
FNDA:3,_ZN5DList13delAfterValueERKNSt7__cxx1112basic_stringIcSt11char_traitsIcESaIcEEE
FNDA:4,_ZN5DList7addHeadERKNSt7__cxx1112basic_stringIcSt11char_traitsIcESaIcEEE
FNDA:3,_ZN5DList14delBeforeValueERKNSt7__cxx1112basic_stringIcSt11char_traitsIcESaIcEEE
FNDA:45,_ZNK5DList10saveToFileERKNSt7__cxx1112basic_stringIcSt11char_traitsIcESaIcEEE
FNDA:45,_ZN5DList12loadFromFileERKNSt7__cxx1112basic_stringIcSt11char_traitsIcESaIcEEE
FNDA:45,_ZNK5DList16saveToBinaryFileERKNSt7__cxx1112basic_stringIcSt11char_traitsIcESaIcEEE
FNDA:46,_ZN5DList18loadFromBinaryFileERKNSt7__cxx1112basic_stringIcSt11char_traitsIcESaIcEEE
FNDA:407,_ZN5DList7addTailERKNSt7__cxx1112basic_stringIcSt11char_traitsIcESaIcEEE
FNDA:3,_ZN5DList9addBeforeERKNSt7__cxx1112basic_stringIcSt11char_traitsIcESaIcEEES7_
FNDA:139,_ZN5DListC2Ev
FNDA:3,_ZN5DList8addAfterERKNSt7__cxx1112basic_stringIcSt11char_traitsIcESaIcEEES7_
FNDA:3,_ZN5DList7delHeadEv
FNDA:139,_ZN5DListD2Ev
FNDA:3,_ZN5DList7delTailEv
FNF:19
FNH:18
DA:5,139
DA:6,139
DA:8,139
DA:9,684
DA:10,406
DA:11,406
DA:12,406
DA:14,139
DA:15,139
DA:17,4
DA:18,4
DA:20,4
DA:22,1
DA:24,3
DA:27,4
DA:28,4
DA:30,407
DA:31,407
DA:32,407
DA:33,271
DA:35,136
DA:37,407
DA:38,407
DA:40,3
DA:41,3
DA:42,1
DA:44,3
DA:45,3
DA:46,2
DA:47,2
DA:48,1
DA:50,1
DA:52,2
DA:53,2
DA:58,3
DA:59,3
DA:60,1
DA:62,5
DA:63,5
DA:64,2
DA:65,2
DA:66,1
DA:68,1
DA:70,2
DA:71,2
DA:76,3
DA:77,3
DA:78,1
DA:80,2
DA:81,2
DA:82,2
DA:83,1
DA:85,1
DA:87,2
DA:91,3
DA:92,3
DA:93,1
DA:95,2
DA:96,2
DA:97,2
DA:98,1
DA:100,1
DA:102,2
DA:105,7
DA:106,7
DA:107,7
DA:108,2
DA:111,5
DA:112,2
DA:114,3
DA:117,5
DA:118,3
DA:120,2
DA:123,5
DA:126,284
DA:127,557
DA:128,549
DA:129,276
DA:132,8
DA:135,271
DA:136,271
DA:139,1
DA:140,1
DA:141,0
DA:142,0
DA:144,1
DA:145,4
DA:146,3
DA:148,1
DA:151,0
DA:152,0
DA:153,0
DA:154,0
DA:157,0
DA:158,0
DA:159,0
DA:161,0
DA:164,3
DA:165,3
DA:166,3
DA:167,2
DA:169,1
DA:172,3
DA:173,3
DA:174,3
DA:175,2
DA:177,1
DA:180,45
DA:181,45
DA:182,45
DA:184,44
DA:185,176
DA:186,132
DA:188,44
DA:190,176
DA:191,132
DA:193,45
DA:195,45
DA:196,45
DA:197,45
DA:199,44
DA:200,0
DA:204,44
DA:205,44
DA:207,44
DA:209,176
DA:210,132
DA:211,132
DA:212,132
DA:213,45
DA:215,45
DA:216,45
DA:217,45
DA:218,1
DA:221,44
DA:222,176
DA:223,132
DA:225,44
DA:227,176
DA:228,132
DA:230,45
DA:232,46
DA:233,46
DA:234,46
DA:235,1
DA:238,45
DA:239,0
DA:243,45
DA:244,45
DA:245,0
DA:248,177
DA:249,133
DA:250,133
DA:251,1
DA:253,132
DA:254,133
DA:255,46
LF:157
LH:144
end_of_record
TN:
SF:/home/chesnokova/LABA3/dlist.h
FN:17,17,_ZN5DList5DNodeC2ERKNSt7__cxx1112basic_stringIcSt11char_traitsIcESaIcEEEPS0_S9_
FN:63,66,_ZNK5DList12getHead_TestEv
FN:67,70,_ZNK5DList12getTail_TestEv
FNDA:415,_ZN5DList5DNodeC2ERKNSt7__cxx1112basic_stringIcSt11char_traitsIcESaIcEEEPS0_S9_
FNDA:8,_ZNK5DList12getHead_TestEv
FNDA:4,_ZNK5DList12getTail_TestEv
FNF:3
FNH:3
DA:17,415
DA:63,8
DA:65,8
DA:67,4
DA:69,4
LF:5
LH:5
end_of_record
TN:
SF:/home/chesnokova/LABA3/hash.cpp
FN:100,118,_ZN9ChainHash4showEv
FN:120,144,_ZNK9ChainHash10saveToFileERKNSt7__cxx1112basic_stringIcSt11char_traitsIcESaIcEEE
FN:146,178,_ZN9ChainHash12loadFromFileERKNSt7__cxx1112basic_stringIcSt11char_traitsIcESaIcEEE
FN:180,204,_ZNK9ChainHash16saveToBinaryFileERKNSt7__cxx1112basic_stringIcSt11char_traitsIcESaIcEEE
FN:19,24,_ZN9ChainHashC2Ei
FN:206,234,_ZN9ChainHash18loadFromBinaryFileERKNSt7__cxx1112basic_stringIcSt11char_traitsIcESaIcEEE
FN:237,245,_ZN8OpenHashC2Ei
FN:247,252,_ZN8OpenHashD2Ev
FN:254,289,_ZN8OpenHash6insertERKNSt7__cxx1112basic_stringIcSt11char_traitsIcESaIcEEES7_
FN:26,41,_ZN9ChainHashD2Ev
FN:291,312,_ZN8OpenHash5eraseERKNSt7__cxx1112basic_stringIcSt11char_traitsIcESaIcEEE
FN:314,330,_ZNK8OpenHash4findERKNSt7__cxx1112basic_stringIcSt11char_traitsIcESaIcEEE
FN:332,346,_ZN8OpenHash4showEv
FN:348,366,_ZNK8OpenHash10saveToFileERKNSt7__cxx1112basic_stringIcSt11char_traitsIcESaIcEEE
FN:368,392,_ZN8OpenHash12loadFromFileERKNSt7__cxx1112basic_stringIcSt11char_traitsIcESaIcEEE
FN:394,409,_ZNK8OpenHash16saveToBinaryFileERKNSt7__cxx1112basic_stringIcSt11char_traitsIcESaIcEEE
FN:411,426,_ZN8OpenHash18loadFromBinaryFileERKNSt7__cxx1112basic_stringIcSt11char_traitsIcESaIcEEE
FN:428,430,_Z13is_space_charc
FN:43,59,_ZN9ChainHash6insertERKNSt7__cxx1112basic_stringIcSt11char_traitsIcESaIcEEES7_
FN:432,447,_Z9parse_cmdRKNSt7__cxx1112basic_stringIcSt11char_traitsIcESaIcEEERS4_S7_S7_
FN:449,491,_Z8hash_manv
FN:61,84,_ZN9ChainHash5eraseERKNSt7__cxx1112basic_stringIcSt11char_traitsIcESaIcEEE
FN:8,16,_Z8hash_strRKNSt7__cxx1112basic_stringIcSt11char_traitsIcESaIcEEEi
FN:86,98,_ZN9ChainHash4findERKNSt7__cxx1112basic_stringIcSt11char_traitsIcESaIcEEE
FNDA:3,_ZN9ChainHash4showEv
FNDA:46,_ZNK9ChainHash10saveToFileERKNSt7__cxx1112basic_stringIcSt11char_traitsIcESaIcEEE
FNDA:47,_ZN9ChainHash12loadFromFileERKNSt7__cxx1112basic_stringIcSt11char_traitsIcESaIcEEE
FNDA:44,_ZNK9ChainHash16saveToBinaryFileERKNSt7__cxx1112basic_stringIcSt11char_traitsIcESaIcEEE
FNDA:143,_ZN9ChainHashC2Ei
FNDA:44,_ZN9ChainHash18loadFromBinaryFileERKNSt7__cxx1112basic_stringIcSt11char_traitsIcESaIcEEE
FNDA:143,_ZN8OpenHashC2Ei
FNDA:143,_ZN8OpenHashD2Ev
FNDA:285,_ZN8OpenHash6insertERKNSt7__cxx1112basic_stringIcSt11char_traitsIcESaIcEEES7_
FNDA:143,_ZN9ChainHashD2Ev
FNDA:5,_ZN8OpenHash5eraseERKNSt7__cxx1112basic_stringIcSt11char_traitsIcESaIcEEE
FNDA:366,_ZNK8OpenHash4findERKNSt7__cxx1112basic_stringIcSt11char_traitsIcESaIcEEE
FNDA:1,_ZN8OpenHash4showEv
FNDA:45,_ZNK8OpenHash10saveToFileERKNSt7__cxx1112basic_stringIcSt11char_traitsIcESaIcEEE
FNDA:46,_ZN8OpenHash12loadFromFileERKNSt7__cxx1112basic_stringIcSt11char_traitsIcESaIcEEE
FNDA:45,_ZNK8OpenHash16saveToBinaryFileERKNSt7__cxx1112basic_stringIcSt11char_traitsIcESaIcEEE
FNDA:45,_ZN8OpenHash18loadFromBinaryFileERKNSt7__cxx1112basic_stringIcSt11char_traitsIcESaIcEEE
FNDA:104,_Z13is_space_charc
FNDA:279,_ZN9ChainHash6insertERKNSt7__cxx1112basic_stringIcSt11char_traitsIcESaIcEEES7_
FNDA:8,_Z9parse_cmdRKNSt7__cxx1112basic_stringIcSt11char_traitsIcESaIcEEERS4_S7_S7_
FNDA:1,_Z8hash_manv
FNDA:8,_ZN9ChainHash5eraseERKNSt7__cxx1112basic_stringIcSt11char_traitsIcESaIcEEE
FNDA:1313,_Z8hash_strRKNSt7__cxx1112basic_stringIcSt11char_traitsIcESaIcEEEi
FNDA:370,_ZN9ChainHash4findERKNSt7__cxx1112basic_stringIcSt11char_traitsIcESaIcEEE
FNF:24
FNH:24
DA:8,1313
DA:10,1313
DA:11,5160
DA:13,3847
DA:15,1313
DA:19,143
DA:21,143
DA:22,143
DA:23,1515
DA:24,143
DA:26,143
DA:28,1515
DA:30,1372
DA:31,1643
DA:33,271
DA:34,271
DA:35,271
DA:38,143
DA:39,143
DA:40,143
DA:41,143
DA:43,279
DA:44,279
DA:46,279
DA:47,279
DA:48,285
DA:49,8
DA:50,2
DA:51,2
DA:53,6
DA:56,277
DA:57,277
DA:58,277
DA:61,8
DA:63,8
DA:65,8
DA:66,8
DA:68,10
DA:70,8
DA:72,6
DA:73,2
DA:75,4
DA:77,6
DA:78,6
DA:80,2
DA:81,2
DA:83,2
DA:86,370
DA:88,370
DA:89,370
DA:91,381
DA:92,374
DA:93,363
DA:95,11
DA:97,14
DA:100,3
DA:101,3
DA:102,3
DA:103,23
DA:104,20
DA:105,0
DA:106,0
DA:107,0
DA:108,0
DA:109,0
DA:110,0
DA:111,0
DA:113,0
DA:116,3
DA:117,3
DA:118,3
DA:120,46
DA:121,46
DA:122,46
DA:124,45
DA:126,45
DA:127,490
DA:128,445
DA:129,535
DA:130,90
DA:131,90
DA:134,45
DA:136,490
DA:137,445
DA:138,535
DA:139,90
DA:140,90
DA:141,90
DA:144,46
DA:146,47
DA:147,47
DA:148,47
DA:150,490
DA:151,445
DA:152,445
DA:153,0
DA:154,0
DA:155,0
DA:158,45
DA:161,45
DA:162,45
DA:163,45
DA:164,45
DA:165,490
DA:168,45
DA:169,45
DA:171,45
DA:172,135
DA:173,90
DA:174,90
DA:175,90
DA:176,90
DA:177,90
DA:178,47
DA:180,44
DA:181,44
DA:182,44
DA:184,44
DA:186,44
DA:187,484
DA:188,440
DA:189,528
DA:190,88
DA:191,88
DA:194,44
DA:196,484
DA:197,440
DA:198,528
DA:199,88
DA:200,88
DA:201,88
DA:204,44
DA:206,44
DA:207,44
DA:208,44
DA:210,484
DA:211,440
DA:212,440
DA:213,0
DA:214,0
DA:215,0
DA:218,44
DA:220,44
DA:221,44
DA:222,484
DA:225,44
DA:227,44
DA:228,132
DA:229,88
DA:230,88
DA:231,88
DA:232,88
DA:233,88
DA:234,44
DA:237,143
DA:239,143
DA:240,1509
DA:241,1509
DA:242,1366
DA:243,1366
DA:245,143
DA:247,143
DA:249,1509
DA:250,143
DA:251,143
DA:252,143
DA:254,285
DA:256,285
DA:257,285
DA:261,289
DA:263,281
DA:264,281
DA:265,281
DA:266,281
DA:267,281
DA:269,8
DA:270,1
DA:271,1
DA:273,7
DA:274,1
DA:275,1
DA:276,1
DA:277,1
DA:278,1
DA:281,6
DA:283,6
DA:285,2
DA:286,2
DA:291,5
DA:293,5
DA:294,5
DA:298,5
DA:299,3
DA:300,3
DA:301,3
DA:303,2
DA:304,2
DA:306,0
DA:308,0
DA:309,0
DA:314,366
DA:315,366
DA:316,366
DA:319,373
DA:320,361
DA:322,12
DA:323,6
DA:325,9
DA:326,9
DA:327,4
DA:332,1
DA:333,1
DA:334,1
DA:335,11
DA:336,10
DA:337,0
DA:338,0
DA:339,10
DA:340,1
DA:341,1
DA:344,1
DA:345,1
DA:346,1
DA:348,45
DA:349,45
DA:350,45
DA:352,45
DA:354,45
DA:355,490
DA:356,445
DA:358,45
DA:360,490
DA:361,445
DA:362,90
DA:363,90
DA:366,45
DA:368,46
DA:369,46
DA:370,46
DA:372,490
DA:375,45
DA:376,45
DA:378,45
DA:379,490
DA:382,45
DA:383,45
DA:385,45
DA:386,135
DA:387,90
DA:388,90
DA:389,90
DA:390,90
DA:391,90
DA:392,46
DA:394,45
DA:395,45
DA:396,45
DA:397,44
DA:398,44
DA:399,484
DA:400,440
DA:402,44
DA:403,484
DA:404,440
DA:405,88
DA:406,88
DA:409,45
DA:411,45
DA:412,45
DA:413,45
DA:414,484
DA:415,44
DA:416,484
DA:418,44
DA:419,44
DA:420,132
DA:421,88
DA:422,88
DA:423,88
DA:424,88
DA:425,88
DA:426,45
DA:428,104
DA:429,104
DA:432,8
DA:433,8
DA:434,8
DA:435,8
DA:436,13
DA:438,52
DA:439,44
DA:441,20
DA:442,18
DA:443,10
DA:445,15
DA:446,8
DA:447,8
DA:449,1
DA:450,1
DA:451,1
DA:452,1
DA:455,5
DA:456,5
DA:457,5
DA:458,5
DA:459,5
DA:460,5
DA:461,5
DA:463,5
DA:464,5
DA:465,1
DA:466,1
DA:468,4
DA:469,1
DA:470,1
DA:471,1
DA:473,3
DA:474,1
DA:475,1
DA:476,1
DA:478,2
DA:479,1
DA:480,1
DA:481,1
DA:483,1
DA:484,1
DA:485,1
DA:486,1
DA:487,1
DA:488,1
DA:489,1
DA:490,24
DA:491,1
LF:333
LH:314
end_of_record
TN:
SF:/home/chesnokova/LABA3/hash.h
FN:21,22,_ZN9ChainHash4NodeC2ERKNSt7__cxx1112basic_stringIcSt11char_traitsIcESaIcEEES8_
FN:60,60,_ZN8OpenHash5EntryC2Ev
FNDA:277,_ZN9ChainHash4NodeC2ERKNSt7__cxx1112basic_stringIcSt11char_traitsIcESaIcEEES8_
FNDA:2251,_ZN8OpenHash5EntryC2Ev
FNF:2
FNH:2
DA:21,277
DA:22,277
DA:60,2251
LF:3
LH:3
end_of_record
TN:
SF:/home/chesnokova/LABA3/list.cpp
FN:122,131,_ZNK6MyList9findValueERKNSt7__cxx1112basic_stringIcSt11char_traitsIcESaIcEEE
FN:133,143,_ZNK6MyList11readForwardEv
FN:145,150,_ZNK6MyList9printBackEPNS_4NodeE
FN:152,160,_ZNK6MyList8readBackEv
FN:162,167,_ZN6MyList7delHeadEv
FN:169,179,_ZN6MyList13delAfterValueERKNSt7__cxx1112basic_stringIcSt11char_traitsIcESaIcEEE
FN:181,197,_ZN6MyList14delBeforeValueERKNSt7__cxx1112basic_stringIcSt11char_traitsIcESaIcEEE
FN:19,22,_ZN6MyList7addHeadERKNSt7__cxx1112basic_stringIcSt11char_traitsIcESaIcEEE
FN:199,212,_ZNK6MyList10saveToFileERKNSt7__cxx1112basic_stringIcSt11char_traitsIcESaIcEEE
FN:214,230,_ZN6MyList12loadFromFileERKNSt7__cxx1112basic_stringIcSt11char_traitsIcESaIcEEE
FN:232,245,_ZNK6MyList16saveToBinaryFileERKNSt7__cxx1112basic_stringIcSt11char_traitsIcESaIcEEE
FN:24,35,_ZN6MyList7addTailERKNSt7__cxx1112basic_stringIcSt11char_traitsIcESaIcEEE
FN:247,262,_ZN6MyList18loadFromBinaryFileERKNSt7__cxx1112basic_stringIcSt11char_traitsIcESaIcEEE
FN:37,58,_ZN6MyList9addBeforeERKNSt7__cxx1112basic_stringIcSt11char_traitsIcESaIcEEES7_
FN:6,7,_ZN6MyListC2Ev
FN:60,77,_ZN6MyList8addAfterERKNSt7__cxx1112basic_stringIcSt11char_traitsIcESaIcEEES7_
FN:79,96,_ZN6MyList7delTailEv
FN:9,17,_ZN6MyListD2Ev
FN:98,120,_ZN6MyList10delByValueERKNSt7__cxx1112basic_stringIcSt11char_traitsIcESaIcEEE
FNDA:275,_ZNK6MyList9findValueERKNSt7__cxx1112basic_stringIcSt11char_traitsIcESaIcEEE
FNDA:1,_ZNK6MyList11readForwardEv
FNDA:4,_ZNK6MyList9printBackEPNS_4NodeE
FNDA:2,_ZNK6MyList8readBackEv
FNDA:12,_ZN6MyList7delHeadEv
FNDA:11,_ZN6MyList13delAfterValueERKNSt7__cxx1112basic_stringIcSt11char_traitsIcESaIcEEE
FNDA:13,_ZN6MyList14delBeforeValueERKNSt7__cxx1112basic_stringIcSt11char_traitsIcESaIcEEE
FNDA:9,_ZN6MyList7addHeadERKNSt7__cxx1112basic_stringIcSt11char_traitsIcESaIcEEE
FNDA:46,_ZNK6MyList10saveToFileERKNSt7__cxx1112basic_stringIcSt11char_traitsIcESaIcEEE
FNDA:49,_ZN6MyList12loadFromFileERKNSt7__cxx1112basic_stringIcSt11char_traitsIcESaIcEEE
FNDA:44,_ZNK6MyList16saveToBinaryFileERKNSt7__cxx1112basic_stringIcSt11char_traitsIcESaIcEEE
FNDA:434,_ZN6MyList7addTailERKNSt7__cxx1112basic_stringIcSt11char_traitsIcESaIcEEE
FNDA:44,_ZN6MyList18loadFromBinaryFileERKNSt7__cxx1112basic_stringIcSt11char_traitsIcESaIcEEE
FNDA:5,_ZN6MyList9addBeforeERKNSt7__cxx1112basic_stringIcSt11char_traitsIcESaIcEEES7_
FNDA:156,_ZN6MyListC2Ev
FNDA:3,_ZN6MyList8addAfterERKNSt7__cxx1112basic_stringIcSt11char_traitsIcESaIcEEES7_
FNDA:6,_ZN6MyList7delTailEv
FNDA:156,_ZN6MyListD2Ev
FNDA:8,_ZN6MyList10delByValueERKNSt7__cxx1112basic_stringIcSt11char_traitsIcESaIcEEE
FNF:19
FNH:19
DA:6,156
DA:7,156
DA:9,156
DA:10,156
DA:11,579
DA:12,423
DA:13,423
DA:14,423
DA:16,156
DA:17,156
DA:19,9
DA:20,9
DA:21,9
DA:22,9
DA:24,434
DA:25,434
DA:26,434
DA:27,148
DA:28,148
DA:31,286
DA:32,426
DA:33,140
DA:34,286
DA:37,5
DA:38,5
DA:39,2
DA:42,3
DA:43,2
DA:44,2
DA:47,1
DA:48,2
DA:49,1
DA:52,1
DA:53,1
DA:54,1
DA:56,0
DA:57,0
DA:60,3
DA:61,3
DA:62,1
DA:63,1
DA:66,2
DA:67,5
DA:68,3
DA:70,2
DA:71,2
DA:72,2
DA:75,0
DA:76,0
DA:79,6
DA:80,6
DA:81,2
DA:82,2
DA:84,4
DA:85,2
DA:86,2
DA:87,2
DA:90,2
DA:91,3
DA:92,1
DA:94,2
DA:95,2
DA:98,8
DA:99,8
DA:100,2
DA:101,2
DA:103,6
DA:104,2
DA:105,2
DA:106,2
DA:108,4
DA:109,5
DA:110,1
DA:112,4
DA:113,2
DA:114,2
DA:116,2
DA:117,2
DA:118,2
DA:119,2
DA:122,275
DA:123,275
DA:124,554
DA:125,545
DA:126,266
DA:128,279
DA:130,9
DA:133,1
DA:134,1
DA:135,1
DA:136,1
DA:138,0
DA:139,0
DA:140,0
DA:142,0
DA:145,4
DA:146,4
DA:147,1
DA:148,3
DA:149,3
DA:152,2
DA:153,2
DA:154,1
DA:155,1
DA:157,1
DA:158,1
DA:159,1
DA:162,12
DA:163,12
DA:164,10
DA:165,10
DA:166,10
DA:169,11
DA:170,11
DA:171,5
DA:172,10
DA:173,5
DA:175,5
DA:176,2
DA:177,2
DA:178,2
DA:181,13
DA:182,13
DA:183,4
DA:184,9
DA:185,4
DA:186,4
DA:188,5
DA:189,7
DA:190,2
DA:192,5
DA:193,3
DA:194,2
DA:195,2
DA:196,2
DA:199,46
DA:200,46
DA:201,46
DA:203,44
DA:204,176
DA:205,132
DA:207,44
DA:209,176
DA:210,132
DA:212,46
DA:214,49
DA:215,49
DA:216,49
DA:218,49
DA:221,47
DA:222,47
DA:224,47
DA:226,178
DA:227,133
DA:228,133
DA:229,133
DA:230,51
DA:232,44
DA:233,44
DA:234,44
DA:236,44
DA:237,176
DA:238,132
DA:240,44
DA:242,176
DA:243,132
DA:245,44
DA:247,44
DA:248,44
DA:249,44
DA:251,44
DA:254,44
DA:255,44
DA:257,176
DA:258,132
DA:259,132
DA:260,132
DA:261,132
DA:262,44
LF:179
LH:171
end_of_record
TN:
SF:/home/chesnokova/LABA3/list.h
FN:17,17,_ZN6MyList4NodeC2ERKNSt7__cxx1112basic_stringIcSt11char_traitsIcESaIcEEEPS0_
FN:50,52,_ZNK6MyList12getHead_testEv
FNDA:443,_ZN6MyList4NodeC2ERKNSt7__cxx1112basic_stringIcSt11char_traitsIcESaIcEEEPS0_
FNDA:16,_ZNK6MyList12getHead_testEv
FNF:2
FNH:2
DA:17,443
DA:50,16
DA:51,16
LF:3
LH:3
end_of_record
TN:
SF:/home/chesnokova/LABA3/queue.cpp
FN:100,113,_ZNK5Queue16saveToBinaryFileERKNSt7__cxx1112basic_stringIcSt11char_traitsIcESaIcEEE
FN:115,130,_ZN5Queue18loadFromBinaryFileERKNSt7__cxx1112basic_stringIcSt11char_traitsIcESaIcEEE
FN:15,17,_ZNK5Queue7isEmptyEv
FN:19,31,_ZN5Queue4pushENSt7__cxx1112basic_stringIcSt11char_traitsIcESaIcEEE
FN:33,47,_ZN5Queue3popB5cxx11Ev
FN:49,54,_ZNK5Queue4peekB5cxx11Ev
FN:56,66,_ZNK5Queue5printEv
FN:6,7,_ZN5QueueC2Ev
FN:70,83,_ZNK5Queue10saveToFileERKNSt7__cxx1112basic_stringIcSt11char_traitsIcESaIcEEE
FN:85,98,_ZN5Queue12loadFromFileERKNSt7__cxx1112basic_stringIcSt11char_traitsIcESaIcEEE
FN:9,13,_ZN5QueueD2Ev
FNDA:44,_ZNK5Queue16saveToBinaryFileERKNSt7__cxx1112basic_stringIcSt11char_traitsIcESaIcEEE
FNDA:45,_ZN5Queue18loadFromBinaryFileERKNSt7__cxx1112basic_stringIcSt11char_traitsIcESaIcEEE
FNDA:1200,_ZNK5Queue7isEmptyEv
FNDA:409,_ZN5Queue4pushENSt7__cxx1112basic_stringIcSt11char_traitsIcESaIcEEE
FNDA:411,_ZN5Queue3popB5cxx11Ev
FNDA:5,_ZNK5Queue4peekB5cxx11Ev
FNDA:2,_ZNK5Queue5printEv
FNDA:142,_ZN5QueueC2Ev
FNDA:46,_ZNK5Queue10saveToFileERKNSt7__cxx1112basic_stringIcSt11char_traitsIcESaIcEEE
FNDA:48,_ZN5Queue12loadFromFileERKNSt7__cxx1112basic_stringIcSt11char_traitsIcESaIcEEE
FNDA:142,_ZN5QueueD2Ev
FNF:11
FNH:11
DA:6,142
DA:7,142
DA:9,142
DA:10,278
DA:11,136
DA:13,142
DA:15,1200
DA:16,1200
DA:19,409
DA:20,409
DA:21,409
DA:22,409
DA:24,409
DA:25,139
DA:26,139
DA:28,270
DA:29,270
DA:31,409
DA:33,411
DA:34,411
DA:35,4
DA:37,409
DA:38,409
DA:40,409
DA:41,409
DA:43,409
DA:44,139
DA:46,409
DA:47,409
DA:49,5
DA:50,5
DA:51,4
DA:53,3
DA:56,2
DA:57,2
DA:58,2
DA:59,2
DA:61,0
DA:62,0
DA:63,0
DA:65,0
DA:70,46
DA:71,46
DA:72,46
DA:74,45
DA:75,179
DA:76,134
DA:78,45
DA:80,179
DA:81,134
DA:83,46
DA:85,48
DA:86,48
DA:87,48
DA:89,46
DA:92,46
DA:93,46
DA:95,180
DA:96,134
DA:98,48
DA:100,44
DA:101,44
DA:102,44
DA:104,44
DA:105,176
DA:106,132
DA:108,44
DA:110,176
DA:111,132
DA:113,44
DA:115,45
DA:116,45
DA:117,45
DA:119,45
DA:122,45
DA:123,45
DA:125,177
DA:126,133
DA:127,133
DA:128,132
DA:129,133
DA:130,45
LF:82
LH:78
end_of_record
TN:
SF:/home/chesnokova/LABA3/serialize.h
FN:11,15,_Z11writeStringRSt14basic_ofstreamIcSt11char_traitsIcEERKNSt7__cxx1112basic_stringIcS1_SaIcEEE
FN:17,26,_Z10readStringB5cxx11RSt14basic_ifstreamIcSt11char_traitsIcEE
FN:29,32,_Z15writeStringTextRSt14basic_ofstreamIcSt11char_traitsIcEERKNSt7__cxx1112basic_stringIcS1_SaIcEEE
FN:34,41,_Z14readStringTextB5cxx11RSt14basic_ifstreamIcSt11char_traitsIcEE
FNDA:1059,_Z11writeStringRSt14basic_ofstreamIcSt11char_traitsIcEERKNSt7__cxx1112basic_stringIcS1_SaIcEEE
FNDA:1062,_Z10readStringB5cxx11RSt14basic_ifstreamIcSt11char_traitsIcEE
FNDA:1070,_Z15writeStringTextRSt14basic_ofstreamIcSt11char_traitsIcEERKNSt7__cxx1112basic_stringIcS1_SaIcEEE
FNDA:1071,_Z14readStringTextB5cxx11RSt14basic_ifstreamIcSt11char_traitsIcEE
FNF:4
FNH:4
DA:11,1059
DA:12,1059
DA:13,1059
DA:14,1059
DA:15,1059
DA:17,1062
DA:19,1062
DA:20,1070
DA:22,1058
DA:23,1058
DA:24,1058
DA:25,1058
DA:26,1058
DA:29,1070
DA:31,1070
DA:32,1070
DA:34,1071
DA:35,1071
DA:36,1071
DA:37,1071
DA:38,1071
DA:40,0
DA:41,1071
LF:23
LH:22
end_of_record
TN:
SF:/home/chesnokova/LABA3/stack.cpp
FN:120,135,_ZN5Stack18loadFromBinaryFileERKNSt7__cxx1112basic_stringIcSt11char_traitsIcESaIcEEE
FN:16,21,_ZN5Stack4pushENSt7__cxx1112basic_stringIcSt11char_traitsIcESaIcEEE
FN:23,32,_ZN5Stack3popB5cxx11Ev
FN:34,39,_ZNK5Stack4peekB5cxx11Ev
FN:41,43,_ZNK5Stack7isEmptyEv
FN:45,54,_ZNK5Stack9readStackEv
FN:5,6,_ZN5StackC2Ev
FN:59,80,_ZNK5Stack10saveToFileERKNSt7__cxx1112basic_stringIcSt11char_traitsIcESaIcEEE
FN:8,14,_ZN5StackD2Ev
FN:82,95,_ZN5Stack12loadFromFileERKNSt7__cxx1112basic_stringIcSt11char_traitsIcESaIcEEE
FN:97,118,_ZNK5Stack16saveToBinaryFileERKNSt7__cxx1112basic_stringIcSt11char_traitsIcESaIcEEE
FNDA:45,_ZN5Stack18loadFromBinaryFileERKNSt7__cxx1112basic_stringIcSt11char_traitsIcESaIcEEE
FNDA:406,_ZN5Stack4pushENSt7__cxx1112basic_stringIcSt11char_traitsIcESaIcEEE
FNDA:274,_ZN5Stack3popB5cxx11Ev
FNDA:4,_ZNK5Stack4peekB5cxx11Ev
FNDA:93,_ZNK5Stack7isEmptyEv
FNDA:3,_ZNK5Stack9readStackEv
FNDA:140,_ZN5StackC2Ev
FNDA:46,_ZNK5Stack10saveToFileERKNSt7__cxx1112basic_stringIcSt11char_traitsIcESaIcEEE
FNDA:140,_ZN5StackD2Ev
FNDA:48,_ZN5Stack12loadFromFileERKNSt7__cxx1112basic_stringIcSt11char_traitsIcESaIcEEE
FNDA:44,_ZNK5Stack16saveToBinaryFileERKNSt7__cxx1112basic_stringIcSt11char_traitsIcESaIcEEE
FNF:11
FNH:11
DA:5,140
DA:6,140
DA:8,140
DA:9,416
DA:10,136
DA:11,136
DA:12,136
DA:14,140
DA:16,406
DA:17,406
DA:18,406
DA:19,406
DA:20,406
DA:21,406
DA:23,274
DA:24,274
DA:25,8
DA:27,270
DA:28,270
DA:29,270
DA:30,270
DA:31,270
DA:32,270
DA:34,4
DA:35,4
DA:36,6
DA:38,1
DA:41,93
DA:42,93
DA:45,3
DA:46,3
DA:47,3
DA:48,3
DA:50,0
DA:51,0
DA:52,0
DA:59,46
DA:60,46
DA:61,46
DA:63,45
DA:64,179
DA:65,134
DA:67,45
DA:69,45
DA:70,179
DA:71,179
DA:72,134
DA:73,134
DA:76,179
DA:77,134
DA:79,224
DA:80,46
DA:82,48
DA:83,48
DA:84,48
DA:86,46
DA:89,46
DA:90,46
DA:92,180
DA:93,134
DA:95,48
DA:97,44
DA:98,44
DA:99,44
DA:101,44
DA:102,176
DA:103,132
DA:105,44
DA:107,44
DA:108,176
DA:109,176
DA:110,132
DA:111,132
DA:114,176
DA:115,132
DA:117,220
DA:118,44
DA:120,45
DA:121,45
DA:122,45
DA:124,45
DA:127,45
DA:128,45
DA:130,177
DA:131,133
DA:132,133
DA:133,132
DA:134,133
DA:135,45
LF:89
LH:86
end_of_record
