mode: set
queue/queue.go:17.24,19.2 1 1
queue/queue.go:21.37,24.20 2 1
queue/queue.go:24.20,27.3 2 1
queue/queue.go:27.8,30.3 2 1
queue/queue.go:33.33,34.20 1 1
queue/queue.go:34.20,36.3 1 1
queue/queue.go:38.2,39.20 2 1
queue/queue.go:39.20,41.3 1 1
queue/queue.go:42.2,42.12 1 1
queue/queue.go:45.25,46.20 1 1
queue/queue.go:46.20,49.3 2 1
queue/queue.go:51.2,53.18 3 1
queue/queue.go:53.18,55.23 2 1
queue/queue.go:55.23,57.4 1 1
queue/queue.go:58.3,58.19 1 1
queue/queue.go:60.2,60.15 1 1
queue/queue.go:63.49,64.17 1 1
queue/queue.go:64.17,66.3 1 1
queue/queue.go:68.2,69.18 2 1
queue/queue.go:69.18,71.17 2 1
queue/queue.go:71.17,73.4 1 0
queue/queue.go:74.3,74.19 1 1
queue/queue.go:76.2,76.12 1 1
queue/queue.go:79.51,80.17 1 1
queue/queue.go:80.17,82.3 1 1
queue/queue.go:84.2,85.16 2 1
queue/queue.go:85.16,87.3 1 0
queue/queue.go:89.2,90.29 2 1
queue/queue.go:90.29,92.3 1 1
queue/queue.go:93.2,93.12 1 1
queue/queue.go:96.55,97.17 1 1
queue/queue.go:97.17,99.3 1 1
queue/queue.go:101.2,102.18 2 1
queue/queue.go:102.18,105.17 3 1
queue/queue.go:105.17,107.4 1 0
queue/queue.go:108.3,109.17 2 1
queue/queue.go:109.17,111.4 1 0
queue/queue.go:112.3,112.19 1 1
queue/queue.go:114.2,114.12 1 1
queue/queue.go:117.57,118.17 1 1
queue/queue.go:118.17,120.3 1 1
queue/queue.go:122.2,122.6 1 1
queue/queue.go:122.6,125.17 3 1
queue/queue.go:125.17,126.21 1 1
queue/queue.go:126.21,127.10 1 1
queue/queue.go:129.4,129.14 1 0
queue/queue.go:132.3,134.17 3 1
queue/queue.go:134.17,136.4 1 1
queue/queue.go:137.3,137.28 1 1
queue/queue.go:139.2,139.12 1 1
