mode: set
hashtable/hashtable.go:20.56,21.19 1 1
hashtable/hashtable.go:21.19,23.3 1 1
hashtable/hashtable.go:25.2,33.32 2 1
hashtable/hashtable.go:33.32,38.3 4 1
hashtable/hashtable.go:40.2,40.14 1 1
hashtable/hashtable.go:43.49,45.25 2 1
hashtable/hashtable.go:45.25,47.3 1 1
hashtable/hashtable.go:48.2,48.13 1 1
hashtable/hashtable.go:51.49,53.25 2 1
hashtable/hashtable.go:53.25,55.3 1 1
hashtable/hashtable.go:56.2,56.13 1 1
hashtable/hashtable.go:59.56,67.35 7 1
hashtable/hashtable.go:67.35,72.3 4 1
hashtable/hashtable.go:74.2,75.32 2 1
hashtable/hashtable.go:75.32,78.28 3 1
hashtable/hashtable.go:78.28,80.9 2 0
hashtable/hashtable.go:84.2,84.16 1 1
hashtable/hashtable.go:87.64,88.15 1 1
hashtable/hashtable.go:88.15,90.3 1 1
hashtable/hashtable.go:92.2,95.87 3 1
hashtable/hashtable.go:95.87,98.3 2 1
hashtable/hashtable.go:99.2,99.87 1 1
hashtable/hashtable.go:99.87,102.3 2 0
hashtable/hashtable.go:104.2,105.32 2 1
hashtable/hashtable.go:105.32,106.32 1 1
hashtable/hashtable.go:106.32,108.4 1 0
hashtable/hashtable.go:111.2,115.35 4 1
hashtable/hashtable.go:115.35,117.57 2 1
hashtable/hashtable.go:117.57,124.4 6 1
hashtable/hashtable.go:126.3,130.57 4 1
hashtable/hashtable.go:130.57,137.4 6 1
hashtable/hashtable.go:139.3,142.15 3 1
hashtable/hashtable.go:145.2,145.35 1 1
hashtable/hashtable.go:145.35,146.31 1 1
hashtable/hashtable.go:146.31,148.4 1 1
hashtable/hashtable.go:151.2,151.14 1 0
hashtable/hashtable.go:154.53,155.15 1 1
hashtable/hashtable.go:155.15,157.3 1 1
hashtable/hashtable.go:159.2,162.87 3 1
hashtable/hashtable.go:162.87,164.3 1 1
hashtable/hashtable.go:165.2,165.87 1 1
hashtable/hashtable.go:165.87,167.3 1 1
hashtable/hashtable.go:168.2,168.11 1 1
hashtable/hashtable.go:171.51,172.15 1 1
hashtable/hashtable.go:172.15,174.3 1 1
hashtable/hashtable.go:176.2,179.87 3 1
hashtable/hashtable.go:179.87,183.3 3 1
hashtable/hashtable.go:184.2,184.87 1 1
hashtable/hashtable.go:184.87,188.3 3 1
hashtable/hashtable.go:189.2,189.14 1 0
hashtable/hashtable.go:192.35,197.34 4 1
hashtable/hashtable.go:197.34,198.53 1 1
hashtable/hashtable.go:198.53,200.4 1 1
hashtable/hashtable.go:202.2,205.34 3 1
hashtable/hashtable.go:205.34,206.53 1 1
hashtable/hashtable.go:206.53,208.4 1 1
hashtable/hashtable.go:210.2,210.15 1 1
hashtable/hashtable.go:218.59,220.34 2 1
hashtable/hashtable.go:220.34,221.53 1 1
hashtable/hashtable.go:221.53,223.4 1 1
hashtable/hashtable.go:224.3,224.53 1 1
hashtable/hashtable.go:224.53,226.4 1 1
hashtable/hashtable.go:228.2,228.17 1 1
hashtable/hashtable.go:231.59,232.17 1 1
hashtable/hashtable.go:232.17,234.3 1 1
hashtable/hashtable.go:236.2,236.34 1 1
hashtable/hashtable.go:236.34,237.53 1 1
hashtable/hashtable.go:237.53,239.18 2 1
hashtable/hashtable.go:239.18,241.5 1 0
hashtable/hashtable.go:243.3,243.53 1 1
hashtable/hashtable.go:243.53,245.18 2 1
hashtable/hashtable.go:245.18,247.5 1 0
hashtable/hashtable.go:250.2,250.12 1 1
hashtable/hashtable.go:253.61,254.17 1 1
hashtable/hashtable.go:254.17,256.3 1 1
hashtable/hashtable.go:258.2,259.16 2 1
hashtable/hashtable.go:259.16,261.3 1 0
hashtable/hashtable.go:263.2,264.31 2 1
hashtable/hashtable.go:264.31,266.21 2 1
hashtable/hashtable.go:266.21,270.4 3 1
hashtable/hashtable.go:272.2,272.12 1 1
hashtable/hashtable.go:275.65,276.17 1 1
hashtable/hashtable.go:276.17,278.3 1 1
hashtable/hashtable.go:280.2,280.34 1 1
hashtable/hashtable.go:280.34,281.53 1 1
hashtable/hashtable.go:281.53,284.18 3 1
hashtable/hashtable.go:284.18,286.5 1 1
hashtable/hashtable.go:287.4,288.18 2 1
hashtable/hashtable.go:288.18,290.5 1 0
hashtable/hashtable.go:292.4,294.18 3 1
hashtable/hashtable.go:294.18,296.5 1 0
hashtable/hashtable.go:297.4,298.18 2 1
hashtable/hashtable.go:298.18,300.5 1 0
hashtable/hashtable.go:302.3,302.53 1 1
hashtable/hashtable.go:302.53,305.18 3 1
hashtable/hashtable.go:305.18,307.5 1 0
hashtable/hashtable.go:308.4,309.18 2 1
hashtable/hashtable.go:309.18,311.5 1 0
hashtable/hashtable.go:313.4,315.18 3 1
hashtable/hashtable.go:315.18,317.5 1 0
hashtable/hashtable.go:318.4,319.18 2 1
hashtable/hashtable.go:319.18,321.5 1 0
hashtable/hashtable.go:324.2,324.12 1 1
hashtable/hashtable.go:327.67,328.17 1 1
hashtable/hashtable.go:328.17,330.3 1 1
hashtable/hashtable.go:332.2,332.6 1 1
hashtable/hashtable.go:332.6,335.17 3 1
hashtable/hashtable.go:335.17,336.21 1 1
hashtable/hashtable.go:336.21,337.10 1 1
hashtable/hashtable.go:339.4,339.14 1 0
hashtable/hashtable.go:342.3,344.17 3 1
hashtable/hashtable.go:344.17,346.4 1 1
hashtable/hashtable.go:347.3,351.17 4 1
hashtable/hashtable.go:351.17,353.4 1 0
hashtable/hashtable.go:355.3,357.17 3 1
hashtable/hashtable.go:357.17,359.4 1 0
hashtable/hashtable.go:360.3,362.23 2 1
hashtable/hashtable.go:364.2,364.12 1 1
hashtable/hashtable.go:373.56,374.19 1 1
hashtable/hashtable.go:374.19,376.3 1 1
hashtable/hashtable.go:378.2,384.32 2 1
hashtable/hashtable.go:384.32,387.3 2 1
hashtable/hashtable.go:389.2,389.14 1 1
hashtable/hashtable.go:392.49,394.25 2 1
hashtable/hashtable.go:394.25,396.3 1 1
hashtable/hashtable.go:397.2,397.13 1 1
hashtable/hashtable.go:400.49,402.25 2 1
hashtable/hashtable.go:402.25,404.3 1 1
hashtable/hashtable.go:405.2,405.13 1 1
hashtable/hashtable.go:408.56,415.35 5 1
hashtable/hashtable.go:415.35,418.3 2 1
hashtable/hashtable.go:420.2,421.32 2 1
hashtable/hashtable.go:421.32,424.28 3 1
hashtable/hashtable.go:424.28,426.9 2 0
hashtable/hashtable.go:430.2,430.16 1 1
hashtable/hashtable.go:433.64,434.15 1 1
hashtable/hashtable.go:434.15,436.3 1 1
hashtable/hashtable.go:438.2,439.35 2 1
hashtable/hashtable.go:439.35,440.32 1 1
hashtable/hashtable.go:440.32,442.4 1 0
hashtable/hashtable.go:445.2,449.34 4 1
hashtable/hashtable.go:449.34,450.57 1 1
hashtable/hashtable.go:450.57,457.4 6 1
hashtable/hashtable.go:458.3,458.88 1 1
hashtable/hashtable.go:458.88,461.4 2 1
hashtable/hashtable.go:463.3,463.41 1 1
hashtable/hashtable.go:466.2,466.30 1 1
hashtable/hashtable.go:466.30,468.3 1 1
hashtable/hashtable.go:470.2,470.14 1 0
hashtable/hashtable.go:473.53,474.15 1 1
hashtable/hashtable.go:474.15,476.3 1 1
hashtable/hashtable.go:478.2,482.34 4 1
hashtable/hashtable.go:482.34,483.58 1 1
hashtable/hashtable.go:483.58,484.9 1 1
hashtable/hashtable.go:486.3,486.88 1 1
hashtable/hashtable.go:486.88,488.4 1 1
hashtable/hashtable.go:489.3,489.41 1 1
hashtable/hashtable.go:491.2,491.11 1 1
hashtable/hashtable.go:494.51,495.15 1 1
hashtable/hashtable.go:495.15,497.3 1 1
hashtable/hashtable.go:499.2,503.34 4 1
hashtable/hashtable.go:503.34,504.58 1 1
hashtable/hashtable.go:504.58,505.9 1 0
hashtable/hashtable.go:508.3,508.88 1 1
hashtable/hashtable.go:508.88,512.4 3 1
hashtable/hashtable.go:514.3,514.41 1 1
hashtable/hashtable.go:516.2,516.14 1 0
hashtable/hashtable.go:519.35,523.34 3 1
hashtable/hashtable.go:523.34,524.51 1 1
hashtable/hashtable.go:524.51,526.4 1 1
hashtable/hashtable.go:528.2,528.15 1 1
hashtable/hashtable.go:531.59,533.34 2 1
hashtable/hashtable.go:533.34,534.51 1 1
hashtable/hashtable.go:534.51,536.4 1 1
hashtable/hashtable.go:538.2,538.17 1 1
hashtable/hashtable.go:541.59,542.17 1 1
hashtable/hashtable.go:542.17,544.3 1 1
hashtable/hashtable.go:546.2,546.34 1 1
hashtable/hashtable.go:546.34,547.51 1 1
hashtable/hashtable.go:547.51,549.18 2 1
hashtable/hashtable.go:549.18,551.5 1 0
hashtable/hashtable.go:554.2,554.12 1 1
hashtable/hashtable.go:557.61,558.17 1 1
hashtable/hashtable.go:558.17,560.3 1 1
hashtable/hashtable.go:562.2,563.16 2 1
hashtable/hashtable.go:563.16,565.3 1 0
hashtable/hashtable.go:567.2,568.31 2 1
hashtable/hashtable.go:568.31,570.21 2 1
hashtable/hashtable.go:570.21,574.4 3 1
hashtable/hashtable.go:576.2,576.12 1 1
hashtable/hashtable.go:579.65,580.17 1 1
hashtable/hashtable.go:580.17,582.3 1 1
hashtable/hashtable.go:584.2,584.34 1 1
hashtable/hashtable.go:584.34,585.51 1 1
hashtable/hashtable.go:585.51,588.18 3 1
hashtable/hashtable.go:588.18,590.5 1 0
hashtable/hashtable.go:591.4,592.18 2 1
hashtable/hashtable.go:592.18,594.5 1 0
hashtable/hashtable.go:596.4,598.18 3 1
hashtable/hashtable.go:598.18,600.5 1 0
hashtable/hashtable.go:601.4,602.18 2 1
hashtable/hashtable.go:602.18,604.5 1 0
hashtable/hashtable.go:607.2,607.12 1 1
hashtable/hashtable.go:610.67,611.17 1 1
hashtable/hashtable.go:611.17,613.3 1 1
hashtable/hashtable.go:615.2,615.6 1 1
hashtable/hashtable.go:615.6,618.17 3 1
hashtable/hashtable.go:618.17,619.21 1 1
hashtable/hashtable.go:619.21,620.10 1 1
hashtable/hashtable.go:622.4,622.14 1 0
hashtable/hashtable.go:625.3,627.17 3 1
hashtable/hashtable.go:627.17,629.4 1 0
hashtable/hashtable.go:630.3,634.17 4 1
hashtable/hashtable.go:634.17,636.4 1 0
hashtable/hashtable.go:638.3,640.17 3 1
hashtable/hashtable.go:640.17,642.4 1 0
hashtable/hashtable.go:643.3,645.23 2 1
hashtable/hashtable.go:647.2,647.12 1 1
