mode: set
dynarr/dynarr.go:18.40,19.21 1 1
dynarr/dynarr.go:19.21,21.3 1 1
dynarr/dynarr.go:22.2,26.3 1 1
dynarr/dynarr.go:29.39,30.20 1 1
dynarr/dynarr.go:30.20,36.3 5 1
dynarr/dynarr.go:37.2,38.9 2 1
dynarr/dynarr.go:41.58,42.32 1 1
dynarr/dynarr.go:42.32,44.3 1 1
dynarr/dynarr.go:46.2,46.20 1 1
dynarr/dynarr.go:46.20,52.3 5 1
dynarr/dynarr.go:54.2,54.33 1 1
dynarr/dynarr.go:54.33,56.3 1 1
dynarr/dynarr.go:57.2,59.12 3 1
dynarr/dynarr.go:62.56,63.33 1 1
dynarr/dynarr.go:63.33,65.3 1 1
dynarr/dynarr.go:66.2,66.27 1 1
dynarr/dynarr.go:69.64,70.33 1 1
dynarr/dynarr.go:70.33,72.3 1 1
dynarr/dynarr.go:73.2,74.12 2 1
dynarr/dynarr.go:77.49,78.33 1 1
dynarr/dynarr.go:78.33,80.3 1 1
dynarr/dynarr.go:82.2,82.35 1 1
dynarr/dynarr.go:82.35,84.3 1 1
dynarr/dynarr.go:85.2,86.12 2 1
dynarr/dynarr.go:89.29,90.16 1 1
dynarr/dynarr.go:90.16,93.3 2 1
dynarr/dynarr.go:95.2,96.29 2 1
dynarr/dynarr.go:96.29,98.18 2 1
dynarr/dynarr.go:98.18,100.4 1 1
dynarr/dynarr.go:102.2,102.18 1 1
dynarr/dynarr.go:105.50,106.17 1 1
dynarr/dynarr.go:106.17,108.3 1 1
dynarr/dynarr.go:110.2,110.29 1 1
dynarr/dynarr.go:110.29,112.17 2 1
dynarr/dynarr.go:112.17,114.4 1 0
dynarr/dynarr.go:116.2,116.12 1 1
dynarr/dynarr.go:119.52,120.17 1 1
dynarr/dynarr.go:120.17,122.3 1 1
dynarr/dynarr.go:124.2,125.16 2 1
dynarr/dynarr.go:125.16,127.3 1 0
dynarr/dynarr.go:129.2,130.29 2 1
dynarr/dynarr.go:130.29,132.3 1 1
dynarr/dynarr.go:133.2,133.12 1 1
dynarr/dynarr.go:136.56,137.17 1 1
dynarr/dynarr.go:137.17,139.3 1 1
dynarr/dynarr.go:141.2,141.29 1 1
dynarr/dynarr.go:141.29,144.17 3 1
dynarr/dynarr.go:144.17,146.4 1 0
dynarr/dynarr.go:147.3,148.17 2 1
dynarr/dynarr.go:148.17,150.4 1 0
dynarr/dynarr.go:152.2,152.12 1 1
dynarr/dynarr.go:155.58,156.17 1 1
dynarr/dynarr.go:156.17,158.3 1 1
dynarr/dynarr.go:160.2,160.6 1 1
dynarr/dynarr.go:160.6,163.17 3 1
dynarr/dynarr.go:163.17,164.21 1 1
dynarr/dynarr.go:164.21,165.10 1 1
dynarr/dynarr.go:167.4,167.14 1 0
dynarr/dynarr.go:170.3,172.17 3 1
dynarr/dynarr.go:172.17,174.4 1 0
dynarr/dynarr.go:175.3,175.29 1 1
dynarr/dynarr.go:177.2,177.12 1 1
dynarr/dynarr.go:180.34,182.2 1 1
