mode: set
twolist/twolist.go:17.28,19.2 1 1
twolist/twolist.go:21.42,23.20 2 1
twolist/twolist.go:23.20,26.3 2 1
twolist/twolist.go:26.8,30.3 3 1
twolist/twolist.go:33.42,35.20 2 1
twolist/twolist.go:35.20,38.3 2 1
twolist/twolist.go:38.8,42.3 3 1
twolist/twolist.go:45.66,47.23 2 1
twolist/twolist.go:47.23,49.3 1 0
twolist/twolist.go:51.2,55.28 4 1
twolist/twolist.go:55.28,57.3 1 1
twolist/twolist.go:58.2,60.27 2 1
twolist/twolist.go:60.27,62.3 1 1
twolist/twolist.go:63.2,63.12 1 1
twolist/twolist.go:66.67,68.23 2 1
twolist/twolist.go:68.23,70.3 1 0
twolist/twolist.go:72.2,72.27 1 1
twolist/twolist.go:72.27,75.3 2 1
twolist/twolist.go:77.2,81.28 4 1
twolist/twolist.go:81.28,83.3 1 1
twolist/twolist.go:84.2,85.12 2 1
twolist/twolist.go:88.43,89.20 1 1
twolist/twolist.go:89.20,91.3 1 1
twolist/twolist.go:92.2,92.24 1 1
twolist/twolist.go:92.24,95.3 2 1
twolist/twolist.go:95.8,98.3 2 1
twolist/twolist.go:99.2,99.12 1 1
twolist/twolist.go:102.43,103.20 1 1
twolist/twolist.go:103.20,105.3 1 1
twolist/twolist.go:107.2,107.24 1 1
twolist/twolist.go:107.24,110.3 2 1
twolist/twolist.go:110.8,113.3 2 1
twolist/twolist.go:114.2,114.12 1 1
twolist/twolist.go:117.61,119.49 2 1
twolist/twolist.go:119.49,121.3 1 1
twolist/twolist.go:123.2,126.22 3 1
twolist/twolist.go:126.22,128.3 1 1
twolist/twolist.go:130.2,130.21 1 1
twolist/twolist.go:130.21,132.3 1 0
twolist/twolist.go:133.2,133.12 1 1
twolist/twolist.go:136.62,138.49 2 1
twolist/twolist.go:138.49,140.3 1 1
twolist/twolist.go:142.2,142.32 1 1
twolist/twolist.go:142.32,144.3 1 1
twolist/twolist.go:146.2,149.22 3 1
twolist/twolist.go:149.22,151.3 1 1
twolist/twolist.go:152.2,152.12 1 1
twolist/twolist.go:155.58,157.23 2 1
twolist/twolist.go:157.23,159.3 1 0
twolist/twolist.go:161.2,161.27 1 1
twolist/twolist.go:161.27,163.3 1 1
twolist/twolist.go:165.2,165.27 1 1
twolist/twolist.go:165.27,167.3 1 0
twolist/twolist.go:169.2,169.28 1 1
twolist/twolist.go:169.28,171.3 1 1
twolist/twolist.go:173.2,173.28 1 1
twolist/twolist.go:173.28,175.3 1 1
twolist/twolist.go:176.2,176.12 1 1
twolist/twolist.go:179.72,181.23 2 1
twolist/twolist.go:181.23,183.3 1 0
twolist/twolist.go:184.2,184.29 1 1
twolist/twolist.go:187.55,189.18 2 1
twolist/twolist.go:189.18,190.23 1 1
twolist/twolist.go:190.23,192.4 1 1
twolist/twolist.go:193.3,193.19 1 1
twolist/twolist.go:195.2,195.12 1 1
twolist/twolist.go:198.28,199.20 1 1
twolist/twolist.go:199.20,202.3 2 1
twolist/twolist.go:204.2,206.18 3 1
twolist/twolist.go:206.18,208.23 2 1
twolist/twolist.go:208.23,210.4 1 1
twolist/twolist.go:211.3,211.19 1 1
twolist/twolist.go:213.2,213.15 1 1
twolist/twolist.go:216.52,217.17 1 1
twolist/twolist.go:217.17,219.3 1 1
twolist/twolist.go:221.2,222.18 2 1
twolist/twolist.go:222.18,224.17 2 1
twolist/twolist.go:224.17,226.4 1 0
twolist/twolist.go:227.3,227.19 1 1
twolist/twolist.go:229.2,229.12 1 1
twolist/twolist.go:232.54,233.17 1 1
twolist/twolist.go:233.17,235.3 1 1
twolist/twolist.go:237.2,238.16 2 1
twolist/twolist.go:238.16,240.3 1 0
twolist/twolist.go:242.2,243.29 2 1
twolist/twolist.go:243.29,245.3 1 1
twolist/twolist.go:246.2,246.12 1 1
twolist/twolist.go:249.58,250.17 1 1
twolist/twolist.go:250.17,252.3 1 1
twolist/twolist.go:254.2,255.18 2 1
twolist/twolist.go:255.18,258.17 3 1
twolist/twolist.go:258.17,260.4 1 0
twolist/twolist.go:261.3,262.17 2 1
twolist/twolist.go:262.17,264.4 1 0
twolist/twolist.go:265.3,265.19 1 1
twolist/twolist.go:267.2,267.12 1 1
twolist/twolist.go:270.60,271.17 1 1
twolist/twolist.go:271.17,273.3 1 1
twolist/twolist.go:275.2,275.6 1 1
twolist/twolist.go:275.6,278.17 3 1
twolist/twolist.go:278.17,279.21 1 1
twolist/twolist.go:279.21,280.10 1 1
twolist/twolist.go:282.4,282.14 1 0
twolist/twolist.go:285.3,287.17 3 1
twolist/twolist.go:287.17,289.4 1 1
twolist/twolist.go:290.3,290.31 1 1
twolist/twolist.go:292.2,292.12 1 1
